Buffer_Pool+Pread	file_size = 32GB	io_size = 4096Bits	#worker = 150	#pool_size = 26215	#pool_size = 4
IO_Throughput       SSD_Throughput      TLB_shootdown       Memory_usage        Eviction_count      
2.280487            2.198883            802080              8.043488            
2.327332            2.088085            139856241628050     10.167534           
2.410259            2.008949            1238424             12.228558           
2.824558            2.166790            1256064             14.422951           
2.844948            1.996902            1238163             16.450581           
3.129822            2.005760            1253019             18.487190           
3.841427            2.207966            1288671             20.762173           
4.375736            2.240223            815232              22.076305           
4.774773            2.387787            3450                22.077038           
4.746136            2.376862            4050                22.077274           
4.790558            2.392403            74571               22.084499           
4.781975            2.389927            291237              22.094955           
4.769421            2.384781            410886              22.094971           
4.775261            2.388195            420303              22.094982           
4.769196            2.384815            479472              22.094982           
4.766041            2.380981            393360              22.094982           
4.771297            2.384007            479004              22.094982           
4.777954            2.388790            3582462             22.094982           
4.740116            2.369747            8364555             22.094982           
4.730896            2.365593            13950657            22.094982           
4.727657            2.362934            19729278            22.094982           
4.681889            2.344280            24855747            22.094982           
4.722740            2.361115            20283219            22.094982           
4.724056            2.362041            14909004            22.094982           
4.739418            2.368519            11272260            22.094982           
4.728706            2.362141            15077430            22.094982           
4.705357            2.353729            20650698            22.094982           
4.697605            2.346581            23087106            22.094982           
4.730282            2.363785            15029946            22.095154           
4.752007            2.375710            10887900            22.095154           
4.749908            2.373009            7885833             22.095154           
4.746971            2.372505            5351190             22.095154           
4.751640            2.375462            2714256             22.095154           
4.752132            2.372700            836610              22.095154           
4.768063            2.383549            14121               22.095154           
4.770573            2.385147            9141                22.095154           
4.768379            2.382229            13962               22.095154           
4.780773            2.388218            16620               22.095154           
4.767021            2.387653            18465               22.095154           
4.755043            2.374798            22914               22.095154           
4.770744            2.381790            19866               22.095154           
4.765560            2.377708            16287               22.095154           
4.749985            2.377766            19386               22.095154           
4.757366            2.379379            20940               22.095154           
4.734806            2.371536            42939               22.095154           
4.763191            2.379093            74667               22.095154           
4.761337            2.383827            46671               22.095154           
4.768314            2.384007            36021               22.095154           
4.766998            2.385742            24831               22.095154           
4.771877            2.384315            20763               22.095154           
4.763035            2.379017            21141               22.095154           
4.770954            2.382603            113319              22.095154           
4.758152            2.379566            129699              22.095154           
4.770966            2.383965            199917              22.095154           
4.770554            2.384968            223014              22.095154           
4.773571            2.382076            238797              22.095154           
4.753693            2.377811            255843              22.095154           
4.764786            2.382156            246615              22.095154           
4.772972            2.386967            215427              22.095154           
4.762787            2.382469            218997              22.095154           
4.758465            2.384254            220947              22.095154           
4.760578            2.382671            200163              22.095154           
4.751923            2.374992            187602              22.095154           
4.769550            2.384621            200895              22.095154           
4.765110            2.381084            214053              22.095154           
4.771549            2.384270            230772              22.095154           
4.766109            2.382816            225828              22.095154           
4.763161            2.384319            258639              22.095154           
4.751106            2.373322            313587              22.095154           
4.750210            2.377972            312375              22.095154           
4.757938            2.381351            316872              22.095154           
4.766190            2.381886            302451              22.095154           
4.771797            2.384384            266772              22.095154           
4.761677            2.385429            234726              22.095154           
4.760048            2.376637            216045              22.095154           
4.764782            2.382721            221964              22.095154           
4.764015            2.380581            173445              22.095154           
4.759884            2.383915            122565              22.095154           
4.754459            2.380920            85602               22.095154           
4.769745            2.385902            60222               22.095154           
4.756241            2.380459            35328               22.095154           
4.768559            2.386864            15426               22.095154           
4.771976            2.383808            1080                22.095154           
4.776356            2.387703            192                 22.095154           
4.774700            2.388294            42                  22.095154           
4.772209            2.387302            0                   22.095154           
4.765366            2.380798            9                   22.095154           
4.772095            2.385910            0                   22.095154           
4.761810            2.380013            72                  22.095154           
4.776394            2.386684            0                   22.095154           
4.764507            2.384132            0                   22.095154           
4.752144            2.379642            519                 22.095154           
4.765602            2.384029            333                 22.095154           
4.767307            2.386623            8877                22.095154           
4.762321            2.383339            10020               22.095154           
4.777000            2.386196            20451               22.095154           
4.770939            2.386261            13608               22.095154           
4.753391            2.376663            14043               22.095154           
4.777836            2.389248            10419      