Buffer_Pool+Pread	file_size = 32GB	io_size = 4096Bits	#worker = 150	#pool_size = 26215	#pool_size = 4
IO_Throughput       SSD_Throughput      TLB_shootdown       Memory_usage        Eviction_count      
2.399757            2.339794            48345               1.376289            
2.453754            2.376972            139919799415988     1.380440            
2.454475            2.377449            46971               1.383278            
2.454620            2.378712            75861               1.387035            
2.445660            2.369965            71937               1.388626            
2.435795            2.359314            303114              1.390175            
2.155094            2.087307            9217929             1.390175            
2.128666            2.062740            10033413            1.390175            
2.183788            2.115387            8981400             1.390175            
2.215031            2.145218            7880175             1.390175            
2.471386            2.393665            374025              1.390175            
2.456516            2.379772            43461               1.390175            
2.448944            2.372181            96561               1.390301            
2.457321            2.379395            57621               1.390301            
2.456577            2.379288            194220              1.390301            
2.439453            2.362610            294855              1.390301            
2.453323            2.375557            5031                1.390301            
2.455620            2.378914            0                   1.390301            
2.452892            2.374832            6                   1.390301            
2.452034            2.376530            0                   1.390301            
2.454067            2.377247            0                   1.390301            
2.452168            2.375538            123                 1.390301            
2.448345            2.372726            363                 1.390301            
2.455631            2.378178            0                   1.390301            
2.459618            2.383114            0                   1.390301            
2.458336            2.381241            0                   1.390301            
2.456085            2.379711            0                   1.390301            
2.455730            2.378994            0                   1.390301            
2.451042            2.374123            54                  1.390301            
2.458302            2.381149            0                   1.390301            
2.459290            2.381977            0                   1.390301            
2.455704            2.379444            0                   1.390301            
2.457691            2.381462            0                   1.390301            
2.457218            2.379272            0                   1.390301            
2.455284            2.377869            0                   1.390301            
2.454437            2.377766            0                   1.390301            
2.456131            2.379501            0                   1.390301            
2.456646            2.380333            0                   1.390301            
2.450081            2.374260            7041                1.390301            
2.453022            2.375355            0                   1.390301            
2.455788            2.378948            0                   1.390301            
2.453117            2.376549            0                   1.390301            
2.458683            2.381195            0                   1.390301            
2.459782            2.383018            0                   1.390301            
2.458214            2.380692            2949                1.390301            
2.455544            2.378574            0                   1.390301            
2.455601            2.379162            6                   1.390301            
2.457787            2.380268            0                   1.390301            
2.458286            2.381451            0                   1.390301            
2.455227            2.378681            0                   1.390301            
2.455276            2.378288            0                   1.390301            
2.449078            2.372593            0                   1.390301            
2.456562            2.380741            3                   1.390301            
2.463257            2.385857            0                   1.390301            
2.457672            2.379971            66                  1.390301            
2.455532            2.378052            57                  1.390301            
2.459167            2.382481            0                   1.390301            
2.454731            2.377346            0                   1.390301            
2.462078            2.385155            0                   1.390301            
2.459076            2.380856            0                   1.390301            
2.459579            2.382736            0                   1.390301            
2.456875            2.381115            0                   1.390301            
2.456806            2.380493            0                   1.390301            
2.453972            2.376328            0                   1.390301            
2.454205            2.378639            0                   1.390301            
2.460857            2.383919            0                   1.390301            
2.458134            2.381580            225                 1.390301            
2.461941            2.384075            0                   1.390301            
2.450829            2.374691            0                   1.390301            
2.456108            2.380291            0                   1.390301            
2.457798            2.381054            0                   1.390301            
2.457577            2.381138            32460               1.390301            
2.453953            2.377087            18081               1.390301            
2.461887            2.383926            194766              1.390301            
2.445175            2.367641            126594              1.390301            
2.466236            2.389816            12072               1.390301            
2.453983            2.377197            0                   1.390301            
2.464417            2.387207            0                   1.390301            
2.460209            2.383678            3                   1.390301            
2.458263            2.380543            18                  1.390301            
2.458923            2.381664            0                   1.390301            
2.457253            2.381737            0                   1.390301            
2.454132            2.378723            0                   1.390301            
2.459293            2.381580            0                   1.390301            
2.454441            2.376953            0                   1.390301            
2.455696            2.378277            54                  1.390301            
2.450603            2.373909            0                   1.390301            
2.461887            2.385269            0                   1.390301            
2.457497            2.380703            0                   1.390301            
2.454212            2.378372            54                  1.390301            
2.453739            2.376766            0                   1.390301            
2.457279            2.379799            0                   1.390301            
2.450958            2.372768            0                   1.390301            
2.454994            2.378407            0                   1.390301            
2.461529            2.384766            0                   1.390301            
2.457466            2.381088            0                   1.390301            
2.462761            2.385670            0                   1.390301            
2.460663            2.383507            0                   1.390301            
2.449623            2.373829            0          