Buffer_Pool+Pread	file_size = 32GB	io_size = 4096Bits	#worker = 150	#pool_num = 8	#pool_size = 32769	#io_server_num = 4
IO_Throughput       SSD_Throughput      TLB_shootdown       Memory_usage        Eviction_count      
1.177834            1.155830            2211402             1.325283            
1.834137            1.776562            140253550081671     1.325535            
1.717850            1.665253            1245309             1.326565            
1.658318            1.606148            2013066             1.326736            
1.681313            1.628372            1031271             1.326736            
1.791256            1.735355            316584              1.326736            
1.773422            1.717892            47916               1.326935            
1.718460            1.664619            33948               1.326935            
1.447617            1.402744            72033               1.326935            
1.768356            1.713505            0                   1.326935            
1.771118            1.715141            59763               1.326935            
1.753883            1.698601            3516                1.326935            
1.770203            1.714886            0                   1.326935            
1.720703            1.667316            0                   1.326935            
1.692150            1.639637            174171              1.326935            
1.692608            1.640293            60846               1.326935            
1.692394            1.639961            69543               1.326935            
1.686539            1.634102            257406              1.326935            
1.674706            1.622417            178755              1.326935            
1.670601            1.618290            192285              1.326935            
1.618279            1.567593            389061              1.326935            
1.655300            1.603672            370881              1.326935            
1.658447            1.606628            244068              1.326935            
1.670231            1.617561            110574              1.326935            
1.694477            1.641579            0                   1.326935            
1.690228            1.637356            0                   1.326935            
1.689205            1.636395            50115               1.326935            
1.673252            1.620510            27696               1.326935            
1.689789            1.637203            0                   1.326935            
1.690983            1.638016            0                   1.326935            
1.690395            1.637169            63606               1.326935            
1.694221            1.640110            60183               1.326935            
1.684841            1.632347            14442               1.326935            
1.689392            1.635818            71253               1.326935            
1.690025            1.636753            50457               1.326935            
1.694260            1.641476            7086                1.326935            
1.694210            1.641365            182811              1.326935            
1.689091            1.635677            459                 1.326935            
1.659809            1.608051            12009               1.326935            
1.681652            1.628731            5754                1.326935            
1.671623            1.619904            5319                1.326935            
1.660801            1.608372            12576               1.326935            
1.691078            1.638542            29637               1.326935            
1.663452            1.611740            21198               1.326935            
1.686913            1.634071            54                  1.326935            
1.632641            1.580727            79902               1.326935            
1.684681            1.632870            63                  1.326935            
1.689301            1.636402            0                   1.326935            
1.685783            1.633675            183687              1.326935            
1.685741            1.633492            84312               1.326935            
1.682312            1.630550            172224              1.326935            
1.667690            1.614098            11703               1.326935            
1.677525            1.624142            8538                1.326935            
1.661541            1.609707            9837                1.326935            
1.672104            1.620472            9525                1.326935            
1.679256            1.626450            3141                1.326935            
1.648716            1.596863            30138               1.326935            
1.682808            1.630535            915                 1.326935            
1.682049            1.630913            0                   1.326935            
1.687584            1.634438            0                   1.326935            
1.687897            1.634399            2922                1.326935            
1.731133            1.677063            0                   1.326935            
1.747925            1.692581            0                   1.326935            
1.683392            1.631344            3                   1.326935            
1.683643            1.631329            0                   1.326935            
1.687546            1.634995            0                   1.326935            
1.648952            1.598316            42984               1.326935            
1.604462            1.553268            16035               1.326935            
1.685062            1.632866            0                   1.326935            
1.685696            1.633518            0                   1.326935            
1.683132            1.631161            51                  1.326935            
1.683784            1.631451            49725               1.326935            
1.688377            1.635616            0                   1.326935            
1.688122            1.635513            0                   1.326935            
1.688736            1.635605            0                   1.326935            
1.688564            1.635479            0                   1.326935            
1.688744            1.635807            0                   1.326935            
1.687508            1.634739            0                   1.326935            
1.688110            1.635082            6                   1.326935            
1.685703            1.632805            0                   1.326935            
1.684555            1.631935            0                   1.326935            
1.682220            1.630348            0                   1.326935            
1.708103            1.654907            3                   1.326935            
1.699806            1.646336            45249               1.326935            
1.686378            1.633720            0                   1.326935            
1.690140            1.636459            58098               1.326935            
1.686264            1.633930            0                   1.326935            
1.686985            1.634243            40842               1.326935            
1.707985            1.654362            0                   1.326935            
1.685436            1.633125            0                   1.326935            
1.682247            1.628979            129588              1.326935            
1.684696            1.631084            0                   1.326935            
1.671585            1.619610            8397                1.326935            
1.751629            1.697330            2214                1.326935            
1.743561            1.688747            5784                1.326935            
1.668972            1.616978            897                 1.326935            
1.662502            1.610291            4512                1.326935            
1.679039            1.626598            930                 1.326935            
1.655830            1.604321     