Buffer_Pool+Pread	file_size = 32GB	io_size = 4096Bits	#worker = 40	#pool_num = 16	#pool_size = 16385	#io_server_num = 16
IO_Throughput       SSD_Throughput      TLB_shootdown       Memory_usage        Eviction_count      
1.159435            1.139011            579975              1.571167            
1.226707            1.188229            140424370953798     1.572308            
1.236073            1.196796            279378              1.572308            
1.229538            1.191315            3139749             1.572659            
1.233200            1.194656            3929733             1.573032            
1.139881            1.104389            12654894            1.573757            
1.262897            1.223164            1481736             1.573757            
1.268181            1.228653            367449              1.573757            
1.268417            1.229057            75357               1.573757            
1.273621            1.233601            171                 1.573757            
1.259300            1.220264            1295004             1.573887            
1.274506            1.234039            120714              1.573887            
1.275059            1.235134            234                 1.573887            
1.274868            1.234650            180                 1.573887            
1.274555            1.234711            23277               1.573887            
1.268929            1.229633            309915              1.573887            
1.270912            1.231247            417492              1.573887            
1.279465            1.239143            9042                1.573887            
1.277779            1.237804            171                 1.573887            
1.276649            1.236050            48                  1.573887            
1.275612            1.235355            0                   1.573887            
1.279594            1.239124            822                 1.573887            
1.276375            1.236454            2652                1.573887            
1.277214            1.237484            582                 1.573887            
1.276230            1.236843            78855               1.573887            
1.277691            1.237499            13215               1.573887            
1.277157            1.236866            87                  1.573887            
1.275478            1.236107            31716               1.573887            
1.264080            1.224255            1266303             1.573887            
1.268440            1.228725            300432              1.573887            
1.277214            1.236961            1533                1.573887            
1.274227            1.234802            171                 1.573887            
1.278255            1.237774            186                 1.573887            
1.277473            1.237797            0                   1.573887            
1.279118            1.238792            54                  1.573887            
1.277573            1.237774            0                   1.573887            
1.276653            1.237125            0                   1.573887            
1.275494            1.236023            48                  1.573887            
1.277939            1.237701            0                   1.573887            
1.280895            1.240883            51                  1.573887            
1.276844            1.236366            108                 1.573887            
1.279793            1.240295            360                 1.573887            
1.278496            1.238918            48                  1.573887            
1.274334            1.235321            0                   1.573887            
1.279385            1.238483            204                 1.573887            
1.274311            1.235302            33408               1.573887            
1.276039            1.235996            35907               1.573887            
1.277653            1.237873            15                  1.57388