Buffer_Pool+Pread	file_size = 32GB	io_size = 4096Bits	#worker = 300	#pool_num = 16	#pool_size = 16385	#io_server_num = 10
IO_Throughput       SSD_Throughput      TLB_shootdown       Memory_usage        Eviction_count      
0.950623            0.950207            198744              0.556938            
1.086197            1.086208            140571159097950     0.557056            
1.166248            1.166027            45615               0.557056            
1.238640            1.194134            50544               0.557056            
1.205505            1.250481            46074               0.557056            
1.186157            1.186253            47997               0.557056            
1.203377            1.203110            57570               0.557056            
1.145531            1.145588            53787               0.557056            
1.156345            1.156292            45564               0.557056            
1.240211            1.240292            66228               0.557419            
1.324909            1.324635            480                 0.557419            
1.298759            1.298969            20631               0.557541            
1.163891            1.163979            34602               0.557541            
1.248917            1.248775            0                   0.557541            
1.191864            1.191971            163167              0.557541            
1.177345            1.177086            0                   0.557541            
1.273911            1.274090            49368               0.557541            
1.295208            1.295155            33120               0.557541            
1.326744            1.326855            15360               0.557541            
1.270840            1.270645            16320               0.557541            
1.209435            1.209641            36957               0.557541            
1.226013            1.225842            48                  0.557541            
1.219921            1.220024            59511               0.557671            
1.262127            1.262161            969                 0.557671            
1.271381            1.271366            0                   0.557671            
1.243427            1.243523            0                   0.557671            
1.267849            1.267715            218886              0.557671            
1.327610            1.327564            37425               0.557671            
1.289238            1.289196            15480               0.557671            
1.207283            1.207340            35037               0.557671            
1.213051            1.213032            35520               0.557671            
1.280178            1.280376            40359               0.557671            
1.232407            1.232029            0                   0.557671            
1.282463            1.282604            33582               0.557671            
1.319569            1.319748            20151               0.557671            
1.286167            1.286160            220272              0.557671            
1.249912            1.249897            144                 0.557671            
1.278294            1.278198            32640               0.557671            
1.309834            1.309982            0                   0.557671            
1.298153            1.298157            0                   0.557671            
1.247566            1.247482            20688               0.557671            
1.237320            1.237061            0                   0.557671            
1.265850            1.266186            36480               0.557671            
1.253204            1.244259            480                 0.557671            
1.245701            1.254543            19677               0.557671            
1.293518            1.293419            48                  0.557671            
1.307888            1.307823            17328               0.557671            
1.323036            1.323509            0                   0.557671            
1.300663            1.300243            29760               0.557671            
1.238041            1.238358            187623              0.557671            
1.284027            1.283779            0                   0.557671            
1.238358            1.238182            0                   0.557671            
1.214046            1.214100            0                   0.557671            
1.285591            1.285625            49908               0.557671            
1.273949            1.274109            37440               0.557671            
1.273975            1.273968            34122               0.557671            
1.285309            1.285072            480                 0.557671            
1.377308            1.377510            0                   0.557671            
1.252823            1.252632            17280               0.557671            
1.296032            1.296246            21174               0.557671            
1.270470            1.270409            528                 0.557671            
1.318050            1.318268            0                   0.557671            
1.366531            1.366322            0                   0.557671            
1.326878            1.326885            0                   0.557671            
1.203991            1.203941            0                   0.557671            
1.211063            1.211147            31473               0.557671            
1.263100            1.262943            0                   0.557671            
1.305267            1.305428            0                   0.557671            
1.282253            1.282265            0                   0.557671            
1.315182            1.314968            0                   0.557671            
1.298378            1.298496            18126               0.557724            
1.291126            1.291149            0                   0.557724            
1.266312            1.266293            0                   0.557724            
1.252365            1.252338            0                   0.557724            
1.367172            1.367378            0                   0.557724            
1.207340            1.207722            149742              0.557724            
1.260914            1.260155            0                   0.557724            
1.294765            1.294777            0                   0.557724            
1.271477            1.271564            26874               0.557724            
1.252895            1.253082            48                  0.557724            
1.289425            1.289337            0                   0.557724            
1.282028            1.281963            0                   0.557724            
1.268951            1.269085            0                   0.557724            
1.243782            1.243969            15360               0.557724            
1.151577            1.151367            48                  0.557724            
1.301304            1.301254            0                   0.557724            
1.281792            1.281933            0                   0.557724            
1.321030            1.320896            0                   0.557724            
1.350853            1.350986            15360               0.557724            
1.310368            1.310246            72                  0.557724            
1.276756            1.276958            0                   0.557724            
1.339405            1.339050            16797               0.557724            
1.273582            1.273834            0                   0.557724            
1.252644            1.252487            60                  0.557724            
1.286022            1.286018            0                   0.557724            
1.409801            1.409801            15360               0.557724            
1.359085            1.359077            15840               0.557724            
1.328819            1.328930            0                   0.557724            
1.267147            1.267120            0                   0.557724            
1.317856            1.295784            48                  0.557724            
1.342052            1.364365            0                   0.557724            
1.268894            1.268669            0                   0.557724            
1.352955            1.352962            0                   0.557724            
1.338711            1.338600            16311               0.557724            
1.365231            1.365208            0                   0.557724            
1.326931            1.327087            0                   0.557724            
1.303139            1.303249            24                  0.557724            
1.307011            1.306828            16800               0.557724            
1.322170            1.305489            6                   0.557724            
1.371445            1.388222            0                   0.557724            
1.344719            1.344463            0                   0.557724            
1.284340            1.284660            0                   0.557724            
1.354198            1.354149            0                   0.557724            
1.281437            1.281475            48                  0.557724            
1.303806            1.303684            0                   0.557724            
1.351665            1.351673            0                   0.557724            
1.301819            1.301853            0                   0.557724            
1.301125            1.301109            24960               0.557724            
1.290390            1.290348            48                  0.557724            
1.275379            1.275490            16800               0.557724            
1.318130            1.318054            351                 0.557724            
1.291451            1.291504            0                   0.557724            
1.310081            1.309940            48                  0.557724            
1.225189            1.225250            0                   0.557724            
1.268276            1.268272            34080               0.557724            
1.283752            1.284008            121422              0.557724            
1.299206            1.299049            0                   0.557724            
1.346333            1.346283            48                  0.557724            
1.335526            1.335445            0                   0.557724            
1.380589            1.380505            0                   0.557724            
1.361923            1.362122            0                   0.557724            
1.303028            1.303001            0                   0.557724            
1.248024            1.247822            48                  0.557724            
1.296642            1.296864            0                   0.557724            
1.202835            1.202862            0                   0.557724            
1.359661            1.359665            26400               0.557724            
1.315716            1.315643            0                   0.557724            
1.314888            1.314915            0                   0.557724            
1.299686            1.299564            0                   0.557724            
1.322205            1.322109            0                   0.557724            
1.219769            1.219986            0                   0.557724            
1.226906            1.226841            66                  0.557724            
1.281200            1.281219            60                  0.557724            
1.335083            1.335247            0                   0.557724            
1.270466            1.270405            15360               0.557724            
1.294525            1.294403            0                   0.557724            
1.349304            1.349579            54                  0.557724            
1.414307            1.414120            0                   0.557724            
1.376095            1.375923            17256               0.557724            
1.373489            1.373455            17277               0.557724            
1.297852            1.297974            0                   0.557724            
1.362518            1.362438            228                 0.557724            
1.350220            1.350334            0                   0.557724            
1.319336            1.319180            16800               0.557724            
1.291946            1.292194            16320               0.557724            
1.280678            1.280445            0                   0.557724            
1.291943            1.292007            48                  0.557724            
1.251572            1.251526            0                   0.557724            
1.286888            1.287037            0                   0.557724            
1.299385            1.299267            0                   0.557724            
1.302444            1.302521            0                   0.557724            
1.346588            1.346409            48                  0.557724            
1.327900            1.328075            0                   0.557724            
1.358597            1.358795            0                   0.557724            
1.333969            1.333839            0                   0.557724            
1.287132            1.287018            0                   0.557724            
1.311066            1.311092            48                  0.557724            
1.327988            1.327915            15360               0.557724            
1.273853            1.273796            0                   0.557724            
1.301403            1.301533            0                   0.557724            
1.316711            1.316692            0                   0.557724            
1.313057            1.312923            17154               0.557724            
1.402714            1.402905            0                   0.557724            
1.386822            1.386887            0                   0.557724            
1.263023            1.262962            0                   0.557724            
1.319542            1.319649            12                  0.557724            
1.391590            1.391464            0                   0.557724            
1.378963            1.378952            0                   0.557724            
1.283001            1.282990            26874               0.557724            
1.314007            1.314014            960                 0.557724            
1.343155            1.342995            0                   0.557724            
1.308628            1.308868            0                   0.557724            
1.320057            1.319866            48                  0.557724            
1.343307            1.343235            0                   0.557724            
1.387657            1.387833            22476               0.557785            
1.390610            1.390663            0                   0.557785            
1.332466            1.332397            0                   0.557785            
1.255745            1.255875            0                   0.557785            
1.302841            1.302795            0                   0.557785            
1.311863            1.311832            0                   0.557785            
1.292313            1.292538            6                   0.557785            
1.343433            1.343239            0                   0.557785            
1.364086            1.364017            0                   0.557785            
1.291332            1.291267            0                   0.557785            
1.245163            1.245232            151179              0.557926            
1.247684            1.247726            6                   0.557926            
1.280209            1.280209            0                   0.557926            
1.371490            1.371372            0                   0.557926            
1.256462            1.256550            0                   0.557926            
1.246376            1.246452            48                  0.557926            
1.321503            1.321602            18                  0.557926            
1.325127            1.324932            0                   0.557926            
1.247349            1.247490            0                   0.557926            
1.260784            1.260540            0                   0.557926            
1.244404            1.244331            28314               0.557972            
1.264671            1.265018            0                   0.557972            
1.235672            1.235619            0                   0.557972            
1.235794            1.235630            0                   0.557972            
1.327690            1.295929            51                  0.557972            
1.256512            1.288422            141                 0.557972            
1.327896            1.327862            0                   0.557972            
1.297462            1.297173            0                   0.557972            
1.270409            1.270485            0                   0.557972            
1.245579            1.245934            0                   0.557972            
1.269722            1.269234            9                   0.557972            
1.220921            1.221069            0                   0.557972            
1.209335            1.209282            0                   0.557972            
1.325172            1.325256            0                   0.557972            
1.319057            1.319012            0                   0.557972            
1.375278            1.375435            72                  0.557972            
1.316311            1.316452            0                   0.557972            
1.314724            1.314442            0                   0.557972            
1.285141            1.285095            0                   0.557972            
1.302223            1.302513            48                  0.557972            
1.263512            1.263283            17271               0.558022            
1.344128            1.329124            0                   0.558022            
1.340145            1.355167            0                   0.558022            
1.347202            1.347591            0                   0.558022            
1.319355            1.319149            17319               0.558067            
1.285175            1.285210            17271               0.558128            
1.302174            1.302143            0                   0.558128            
1.285690            1.285450            54                  0.558128            
1.292233            1.292488            144                 0.558128            
1.258476            1.258385            54                  0.558128            
1.261402            1.261314            0                   0.558128            
1.328613            1.329002            0                   0.558128            
1.299427            1.299034            0                   0.558128            
1.345974            1.346062            96                  0.558128            
1.304417            1.304470            15630               0.558144            
1.265965            1.265846            15834               0.558174            
1.233208            1.233112            480                 0.558174            
1.340431            1.340694            24                  0.558174            
1.381912            1.381817            0                   0.558174            
1.312115            1.311943            69                  0.558174            
1.322636            1.322639            0                   0.558174            
1.329151            1.329483            0                   0.558174            
1.311069            1.310917            0                   0.558174            
1.354683            1.354836            0                   0.558174            
1.351425            1.351254            0                   0.558174            
1.379047            1.379143            0                   0.558174            
1.319805            1.319710            0                   0.558174            
1.372059            1.372044            0                   0.558174            
1.248634            1.248829            48                  0.558174            
1.272831            1.272877            0                   0.558174            
1.253979            1.253849            0                   0.558174            
1.342556            1.342567            0                   0.558174            
1.301567            1.301384            0                   0.558174            
1.241909            1.242207            222                 0.558174            
1.333717            1.333534            0                   0.558174            
1.320362            1.320148            0                   0.558174            
1.279110            1.279350            0                   0.558174            
1.308456            1.308365            0                   0.558174            
1.362030            1.361889            48                  0.558174            
1.285320            1.285480            0                   0.558174            
1.316757            1.317028            35028               0.558308            
1.213940            1.213585            0                   0.558308            
1.253464            1.253761            48                  0.558308            
1.291233            1.291077            54                  0.558308            
1.323822            1.323753            0                   0.558308            
1.302078            1.302017            0                   0.558308            
1.238605            1.238800            0                   0.558308            
1.293736            1.293690            0                   0.558308            
1.290421            1.290310            90                  0.558308            
1.312016            1.312050            0                   0.558308            
1.287922            1.287903            0                   0.558308            
1.344006            1.343956            0                   0.558308            
1.304821            1.304993            57                  0.558308            
1.314854            1.314770            0                   0.558308            
1.301960            1.302139            0                   0.558308            
1.303177            1.302841            0                   0.558308            
1.296604            1.296730            0                   0.558308            
1.242397            1.242275            60                  0.558308            
1.345470            1.345650            0                   0.558308            
1.332973            1.332909            24960               0.558388            
1.299484            1.299641            0                   0.558411            
1.199535            1.199390            0                   0.558411            
1.284439            1.284416            48                  0.558411            
1.225262            1.225456            0                   0.558411            
1.304642            1.304382            0                   0.558411            
1.267426            1.267567            0                   0.558411            
1.304661            1.304817            0                   0.558411            
1.268856            1.268826            51                  0.558411            
1.269413            1.269203            654                 0.558411            
1.232742            1.233074            19197               0.558701            
1.255505            1.255169            147780              0.559547            
1.274639            1.274704            48                  0.559547            
1.279411            1.279526            0                   0.559547            
1.293343            1.293198            0                   0.559547            
1.317722            1.317749            12                  0.559547            
1.255894            1.255764            0                   0.559547            
1.348270            1.348431            0                   0.559547            
1.350124            1.349987            0                   0.559547            
1.362465            1.332382            0                   0.559547            
1.292843            1.323097            0                   0.559547            
1.316803            1.316746            21                  0.559547            
1.292747            1.292717            0                   0.559547            
1.268955            1.269096            0                   0.559547            
1.309444            1.309319            249                 0.559547            
1.291004            1.291206            0                   0.559547            
1.275337            1.275173            0                   0.559547            
1.237297            1.237110            0                   0.559547            
1.277115            1.277512            0                   0.559547            
1.317360            1.317249            0                   0.559547            
1.314171            1.313999            28884               0.559837            
1.353916            1.353985            0                   0.559853            
1.328728            1.328884            0                   0.559853            
1.276379            1.276058            132                 0.559853            
1.262966            1.263199            0                   0.559853            
1.259350            1.259270            0                   0.559853            
1.333382            1.333378            72                  0.559853            
1.260010            1.260113            0                   0.559853            
1.234776            1.234550            0                   0.559853            
1.279812            1.280216            54                  0.559853            
1.187801            1.187389            0                   0.559853            
1.252663            1.252926            48                  0.559853            
1.306110            1.305927            51                  0.559853            
1.390106            1.390102            0                   0.559853            
1.362991            1.362892            0                   0.559853            
1.262199            1.262592            0                   0.559853            
1.343040            1.342659            60                  0.559853            
1.357250            1.357269            0                   0.559853            
1.356865            1.356949            0                   0.559853            
1.340179            1.340340            0                   0.559853            
1.157814            1.157612            30720               0.560204            
1.292549            1.292816            18765               0.560417            
1.307384            1.307083            15357               0.560619            
1.303207            1.303333            57                  0.560619            
1.318077            1.318218            0                   0.560619            
1.267639            1.267319            0                   0.560619            
1.270081            1.270359            153                 0.560619            
1.266438            1.266304            0                   0.560619            
1.185539            1.185707            15837               0.560833            
1.269859            1.269844            0                   0.560833            
1.282436            1.282211            0                   0.560833            
1.248299            1.248478            72                  0.560833            
1.255329            1.255161            0                   0.560833            
1.272324            1.272427            0                   0.560833            
1.270271            1.270344            0                   0.560833            
1.302357            1.302151            0                   0.560833            
1.272503            1.272556            72                  0.560833            
1.192120            1.192249            0                   0.560833            
1.304691            1.304733            0                   0.560833            
1.297901            1.297825            57                  0.560833            
1.289787            1.289848            60                  0.560833            
1.249966            1.249985            0                   0.560833            
1.282345            1.282452            0                   0.560833            
1.252869            1.252426            0                   0.560833            
1.257149            1.257256            30                  0.560833            
1.275360            1.275379            84                  0.560833            
1.294422            1.294472            0                   0.560833            
1.299625            1.299641            0                   0.560833            
1.241043            1.241142            0                   0.560833            
1.267319            1.267414            0                   0.560833            
1.298153            1.298065            54                  0.560833            
1.273212            1.273182            0                   0.560833            
1.326653            1.326591            0                   0.560833            
1.259045            1.259083            0                   0.560833            
1.240936            1.240818            0                   0.560833            
1.274914            1.275291            150                 0.560833            
1.330978            1.330685            6                   0.560833            
1.302784            1.303001            0                   0.560833            
1.332352            1.332207            0                   0.560833            
1.275471            1.275227            0                   0.560833            
1.320747            1.321022            48                  0.560833            
1.285568            1.285519            0                   0.560833            
1.248905            1.248707            0                   0.560833            
1.239208            1.239532            0                   0.560833            
1.276375            1.276154            0                   0.560833            
1.271351            1.271767            48                  0.560833            
1.280518            1.279976            0                   0.560833            
1.252804            1.253113            0                   0.560833            
1.244141            1.243881            0                   0.560833            
1.241337            1.241467            60                  0.560833            
1.211044            1.211071            0                   0.560833            
1.289989            1.289764            0                   0.560833            
1.296600            1.296638            35994               0.561161            
1.347080            1.347092            480                 0.561226            
1.332760            1.332649            129                 0.561226            
1.329426            1.329647            0                   0.561226            
1.298969            1.298985            0                   0.561226            
1.213184            1.213192            0                   0.561226            
1.302101            1.302010            0                   0.561226            
1.406116            1.406139            57                  0.561226            
1.343327            1.343628            0                   0.561226            
1.299778            1.299709            0                   0.561226            
1.224468            1.224293            0                   0.561226            
1.241882            1.241901            0                   0.561226            
1.266430            1.266628            192                 0.561226            
1.249985            1.249710            0                   0.561226            
1.299965            1.299961            0                   0.561226            
1.278862            1.278885            0                   0.561226            
1.254047            1.254353            0                   0.561226            
1.366081            1.366016            48                  0.561226            
1.317734            1.317364            0                   0.561226            
1.262535            1.262955            0                   0.561226            
1.316841            1.316593            26880               0.561310            
1.299416            1.299603            54                  0.561310            
1.291073            1.290867            0                   0.561310            
1.279167            1.279190            0                   0.561310            
1.323032            1.323002            0                   0.561310            
1.351307            1.351425            0                   0.561310            
1.348827            1.348789            54                  0.561310            
1.290054            1.289940            0                   0.561310            
1.236217            1.236073            0                   0.561310            
1.235344            1.235565            0                   0.561310            
1.242786            1.242683            0                   0.561310            
1.222652            1.222496            48                  0.561310            
1.284885            1.284977            0                   0.561310            
1.120102            1.120594            0                   0.561310            
1.217068            1.216839            0                   0.561310            
1.240879            1.241020            0                   0.561310            
1.254276            1.254101            48                  0.561310            
1.234360            1.234261            0                   0.561310            
1.290474            1.290642            0                   0.561310            
1.258663            1.258579            16800               0.561634            
1.250496            1.250351            155010              0.562031            
1.242542            1.242805            54                  0.562031            
1.182861            1.182789            0                   0.562031            
1.212311            1.212368            0                   0.562031            
1.254513            1.254318            0                   0.562031            
1.136829            1.136784            0                   0.562031            
1.182205            1.182346            0                   0.562031            
1.244373            1.244419            0                   0.562031            
1.235138            1.235294            0                   0.562031            
1.223103            1.222946            0                   0.562031            
1.390759            1.390549            48                  0.562031            
1.281277            1.281200            0                   0.562031            
1.231998            1.232258            0                   0.562031            
1.247242            1.247135            0                   0.562031            
1.249043            1.249157            48                  0.562031            
1.279800            1.279839            54                  0.562031            
1.345104            1.345089            0                   0.562031            
1.302910            1.302826            0                   0.562031            
1.266853            1.267014            12                  0.562031            
1.204216            1.204117            30717               0.562122            
1.277138            1.277203            552                 0.562122            
1.244301            1.243946            0                   0.562122            
1.252296            1.252720            0                   0.562122            
1.276230            1.275871            0                   0.562122            
1.281746            1.281738            0                   0.562122            
1.343361            1.343536            0                   0.562122            
1.270931            1.270710            0                   0.562122            
1.268452            1.268600            0                   0.562122            
1.240356            1.240448            0                   0.562122            
1.253677            1.253548            0                   0.562122            
1.280743            1.280910            48                  0.562122            
1.279549            1.279644            0                   0.562122            
1.277679            1.277462            0                   0.562122            
1.278934            1.278931            0                   0.562122            
1.321213            1.321167            54                  0.562122            
1.264591            1.264603            0                   0.562122            
1.229816            1.230000            48                  0.562122            
1.254513            1.254242            0                   0.562122            
1.290821            1.291084            0                   0.562122            
1.289265            1.289120            16812               0.562138            
1.326035            1.326332            480                 0.562138            
1.319302            1.318974            0                   0.562138            
1.275829            1.275761            17280               0.562153            
1.302639            1.302914            0                   0.562153            
1.341686            1.341290            144                 0.562153            
1.326733            1.327099            0                   0.562153            
1.291016            1.290863            0                   0.562153            
1.282719            1.282909            0                   0.562153            
1.255135            1.254879            0                   0.562153            
1.245766            1.245922            54                  0.562153            
1.197025            1.196808            0                   0.562153            
1.265072            1.265297            0                   0.562153            
1.252964            1.252602            0                   0.562153            
1.280075            1.280479            27                  0.562153            
1.276432            1.276367            60                  0.562153            
1.336315            1.336300            0                   0.562153            
1.347870            1.347786            0                   0.562153            
1.277225            1.277527            0                   0.562153            
1.279968            1.279640            0                   0.562153            
1.278351            1.278198            72                  0.562153            
1.260929            1.261501            0                   0.562153            
1.272560            1.272247            19200               0.562153            
1.273693            1.273930            0                   0.562153            
1.251995            1.251736            78                  0.562153            
1.312603            1.312485            0                   0.562153            
1.268440            1.268703            0                   0.562153            
1.204269            1.204109            0                   0.562153            
1.279385            1.279369            0                   0.562153            
1.306583            1.306702            111                 0.562153            
1.319073            1.319160            0                   0.562153            
1.250271            1.250443            0                   0.562153            
1.274239            1.274059            16797               0.562199            
1.235195            1.235367            17808               0.562214            
1.243336            1.242870            1020                0.562214            
1.270561            1.270630            0                   0.562214            
1.299461            1.299572            0                   0.562214            
1.301144            1.300983            0                   0.562214            
1.273624            1.273846            0                   0.562214            
1.318108            1.317642            129                 0.562214            
1.266788            1.267075            0                   0.562214            
1.294220            1.294270            0                   0.562214            
1.314613            1.314426            0                   0.562214            
1.364971            1.365250            0                   0.562214            
1.264378            1.264225            42                  0.562214            
1.311428            1.311611            0                   0.562214            
1.301018            1.301033            0                   0.562214            
1.349258            1.349144            51                  0.562214            
1.333931            1.333813            48                  0.562214            
1.300556            1.300636            0                   0.562214            
1.255665            1.255714            0                   0.562214            
1.200176            1.200115            0                   0.562214            
1.234890            1.235229            0                   0.562214            
1.245007            1.244568            48                  0.562214            
1.296478            1.296585            0                   0.562214            
1.292664            1.292728            0                   0.562214            
1.217751            1.217667            0                   0.562214            
1.305683            1.305618            0                   0.562214            
1.327984            1.328217            48                  0.562214            
1.324413            1.324387            0                   0.562214            
1.312805            1.312538            0                   0.562214            
1.305298            1.305389            0                   0.562214            
1.344807            1.344856            0                   0.562214            
1.319931            1.319965            51                  0.562214            
1.299374            1.299442            6                   0.562214            
1.258167            1.258266            0                   0.562214            
1.211414            1.192642            0                   0.562214            
1.177216            1.195892            0                   0.562214            
1.231541            1.231628            54                  0.562214            
1.282368            1.282337            0                   0.562214            
1.208588            1.208752            0                   0.562214            
1.224491            1.224049            0                   0.562214            
1.228760            1.229187            54                  0.562214            
1.267353            1.267017            0                   0.562214            
1.270638            1.270699            0                   0.562214            
1.242458            1.242535            0                   0.562214            
1.316071            1.316124            17280               0.562244            
1.310143            1.310032            63                  0.562244            
1.273758            1.273769            0                   0.562244            
1.298611            1.298492            0                   0.562244            
1.265579            1.265793            18                  0.562244            
1.279507            1.279202            0                   0.562244            
1.299500            1.299690            54                  0.562244            
1.283894            1.283840            0                   0.562244            
1.261917            1.261864            0                   0.562244            
1.303673            1.303734            0                   0.562244            
1.288933            1.288799            144                 0.562244            
1.272713            1.272785            54                  0.562244            
1.315910            1.315994            0                   0.562244            
1.230572            1.230900            0                   0.562244            
1.279781            1.279480            0                   0.562244            
1.198597            1.198578            69                  0.562244            
1.177647            1.177620            108                 0.562244            
1.203892            1.203938            72                  0.562244            
1.334324            1.334343            0                   0.562244            
1.256363            1.256454            18720               0.562275            
1.266293            1.266319            0                   0.562275            
1.293633            1.293556            0                   0.562275            
1.245155            1.245022            0                   0.562275            
1.227287            1.227406            0                   0.562275            
1.203342            1.203400            0                   0.562275            
1.254078            1.253815            0                   0.562275            
1.227585            1.227940            0                   0.562275            
1.258827            1.258976            57                  0.562275            
1.249538            1.249077            0                   0.562275            
1.256432            1.256508            0                   0.562275            
1.202793            1.202904            0                   0.562275            
1.188633            1.188652            0                   0.562275            
1.204659            1.204742            0                   0.562275            
1.209980            1.209660            0                   0.562275            
1.311893            1.312157            0                   0.562275            
1.318161            1.318054            54                  0.562275            
1.276218            1.276161            0                   0.562275            
1.295589            1.295620            0                   0.562275            
1.252144            1.252132            26877               0.562305            
1.310154            1.310158            0                   0.562305            
1.304478            1.304516            48                  0.562305            
1.315182            1.315201            132                 0.562305            
1.247978            1.248184            0                   0.562305            
1.224197            1.223888            0                   0.562305            
1.300617            1.300655            0                   0.562305            
1.241920            1.241856            51                  0.562305            
1.258659            1.258648            0                   0.562305            
1.228741            1.228985            0                   0.562305            
1.224113            1.224026            0                   0.562305            
1.175491            1.175587            0                   0.562305            
1.227196            1.226963            0                   0.562305            
1.282875            1.282909            0                   0.562305            
1.272007            1.272038            0                   0.562305            
1.311764            1.311840            36                  0.562305            
1.298477            1.298279            0                   0.562305            
1.239067            1.239170            0                   0.562305            
1.292305            1.292217            0                   0.562305            
1.295059            1.295254            48                  0.562305            
1.259758            1.259720            19677               0.562325            
1.239559            1.239445            0                   0.562325            
1.251236            1.251369            0                   0.562325            
1.208160            1.208260            0                   0.562325            
1.206512            1.206451            0                   0.562325            
1.258804            1.258636            63                  0.562325            
1.282433            1.282246            0                   0.562325            
1.306080            1.306316            0                   0.562325            
1.245937            1.246006            72                  0.562325            
1.248943            1.248943            0                   0.562325            
1.253323            1.253151            0                   0.562325            
1.290070            1.290268            6                   0.562325            
1.283085            1.282902            0                   0.562325            
1.243954            1.244312            0                   0.562325            
1.302578            1.302231            0                   0.562325            
1.234177            1.234219            0                   0.562325            
1.273457            1.273464            78                  0.562325            
1.239056            1.239063            0                   0.562325            
1.296566            1.296795            0                   0.562325            
1.245850            1.245598            0                   0.562325            
1.258301            1.258381            102                 0.562325            
1.244331            1.244560            0                   0.562325            
1.182774            1.182671            0                   0.562325            
1.193264            1.193298            0                   0.562325            
1.269253            1.269356            0                   0.562325            
1.247501            1.247284            42                  0.562325            
1.168198            1.168056            0                   0.562325            
1.201538            1.201733            0                   0.562325            
1.223022            1.222778            0                   0.562325            
1.232895            1.233013            0                   0.562325            
1.293106            1.293396            0                   0.562325            
1.231720            1.231575            36                  0.562325            
1.156769            1.156364            0                   0.562325            
1.273880            1.274326            0                   0.562325            
1.253254            1.253147            0                   0.562325            
1.279690            1.279682            0                   0.562325            
1.197933            1.197937            0                   0.562325            
1.233307            1.233379            0                   0.562325            
1.255737            1.255672            0                   0.562325            
1.241936            1.242001            0                   0.562325            
1.265865            1.265820            48                  0.562325            
1.310574            1.310566            155016              0.562355            
1.264412            1.264389            0                   0.562355            
1.257561            1.257622            0                   0.562355            
1.183449            1.183163            0                   0.562355            
1.246754            1.247089            54                  0.562355            
1.260006            1.259739            0                   0.562355            
1.232937            1.233383            0                   0.562355            
1.209675            1.209484            0                   0.562355            
1.231213            1.231033            48                  0.562355            
1.219635            1.219646            0                   0.562355            
1.207878            1.208065            0                   0.562355            
1.221691            1.221649            144                 0.562355            
1.192352            1.192371            0                   0.562355            
1.233036            1.232903            0                   0.562355            
1.190964            1.191132            0                   0.562355            
1.257359            1.257214            3                   0.562355            
1.318817            1.318607            18                  0.562355            
1.310020            1.310127            48                  0.562355            
1.270634            1.270840            0                   0.562355            
1.189140            1.170208            0                   0.562355            
1.191650            1.210407            27351               0.562355            
1.237610            1.237885            0                   0.562355            
1.221169            1.220768            0                   0.562355            
1.258965            1.258884            60                  0.562355            
1.245861            1.246292            0                   0.562355            
1.258453            1.258472            0                   0.562355            
1.198902            1.198483            0                   0.562355            
1.281662            1.281834            0                   0.562355            
1.295216            1.295158            78                  0.562355            
1.225697            1.225727            6                   0.562355            
1.218952            1.219173            0                   0.562355            
1.218060            1.217873            0                   0.562355            
1.241898            1.242115            261                 0.562355            
1.255318            1.255089            0                   0.562355            
1.189316            1.189644            0                   0.562355            
1.188503            1.188187            0                   0.562355            
1.240093            1.240257            0                   0.562355            
1.308235            1.308098            66                  0.562355            
1.385063            1.385124            0                   0.562355            
1.344051            1.343884            0                   0.562355            
1.299301            1.299438            0                   0.562355            
1.341007            1.341110            72                  0.562355            
1.334511            1.334217            78                  0.562355            
1.330616            1.330830            0                   0.562355            
1.281887            1.282024            0                   0.562355            
1.254066            1.253895            0                   0.562355            
1.233410            1.233551            0                   0.562355            
1.233616            1.233486            84                  0.562355            
1.238373            1.238567            0                   0.562355            
1.203007            1.202744            0                   0.562355            
1.221725            1.222015            31200               0.562355            
1.221958            1.221661            0                   0.562355            
1.272526            1.272419            72                  0.562355            
1.259644            1.259876            17280               0.562355            
1.230911            1.230988            0                   0.562355            
1.223881            1.223526            15840               0.562355            
1.269650            1.269894            0                   0.562355            
1.248158            1.247963            18774               0.562355            
1.261436            1.261604            0                   0.562355            
1.302364            1.302319            0                   0.562355            
1.316254            1.316257            0                   0.562355            
1.285118            1.285042            48                  0.562355            
1.309639            1.309612            0                   0.562355            
1.286907            1.287251            0                   0.562355            
1.263813            1.263458            0                   0.562355            
1.229168            1.229420            0                   0.562355            
1.208290            1.208199            54                  0.562355            
1.210049            1.210163            0                   0.562355            
1.174656            1.174324            0                   0.562355            
1.215343            1.215652            0                   0.562355            
1.233257            1.232956            0                   0.562355            
1.228058            1.228226            210                 0.562355            
1.248085            1.248016            0                   0.562355            
1.292843            1.293083            0                   0.562355            
1.262409            1.262142            0                   0.562355            
1.247566            1.248131            0                   0.562355            
1.183323            1.182823            108                 0.562355            
1.202080            1.202362            0                   0.562355            
1.228409            1.228298            0                   0.562355            
1.246952            1.246761            0                   0.562355            
1.302593            1.302677            0                   0.562355            
1.327286            1.327206            72                  0.562355            
1.337429            1.337421            0                   0.562355            
1.286217            1.286381            0                   0.562355            
1.270489            1.270405            0                   0.562355            
1.254665            1.254761            60                  0.562355            
1.283596            1.283474            48                  0.562355            
1.254658            1.254940            0                   0.562355            
1.284275            1.284382            0                   0.562355            
1.281605            1.281475            0                   0.562355            
1.275303            1.275047            48                  0.562355            
1.287003            1.287010            48                  0.562355            
1.281219            1.281384            0                   0.562355            
1.269363            1.255215            0                   0.562355            
1.294933            1.308842            0                   0.562355            
1.260273            1.260418            48                  0.562355            
1.294716            1.294910            0                   0.562355            
1.243649            1.243465            0                   0.562355            
1.250473            1.250401            0                   0.562355            
1.293293            1.293308            0                   0.562355            
1.335346            1.335228            72                  0.562355            
1.324394            1.324600            0                   0.562355            
1.273289            1.273148            0                   0.562355            
1.254971            1.254940            0                   0.562355            
1.283344            1.283310            36480               0.562355            
1.213730            1.213860            72                  0.562355            
1.213020            1.213028            0                   0.562355            
1.221775            1.221550            0                   0.562355            
1.251068            1.251194            0                   0.562355            
1.234509            1.234489            0                   0.562355            
1.246418            1.246777            48                  0.562355            
1.281429            1.281235            48                  0.562355            
1.260929            1.261127            0                   0.562355            
1.243649            1.243294            0                   0.562355            
1.270351            1.270435            48                  0.562355            
1.287453            1.287636            0                   0.562355            
1.325329            1.325306            0                   0.562355            
1.346546            1.346588            0                   0.562355            
1.315834            1.315495            0                   0.562355            
1.244946            1.245235            0                   0.562355            
1.240314            1.240189            0                   0.562355            
1.353798            1.353569            0                   0.562355            
1.295292            1.295551            0                   0.562355            
1.305828            1.305656            48                  0.562355            
1.228001            1.228191            25497               0.562355            
1.243454            1.243389            0                   0.562355            
1.276066            1.276142            0                   0.562355            
1.209019            1.208885            0                   0.562355            
1.278099            1.278049            0                   0.562355            
1.303345            1.303112            84                  0.562355            
1.306763            1.307022            0                   0.562355            
1.201424            1.201481            0                   0.562355            
1.278061            1.278168            0                   0.562355            
1.292217            1.292347            0                   0.562355            
1.281441            1.281021            72                  0.562355            
1.261276            1.261395            0                   0.562355            
1.338303            1.338078            0                   0.562355            
1.359505            1.360092            0                   0.562355            
1.337193            1.336700            48                  0.562355            
1.327225            1.327339            0                   0.562355            
1.333073            1.333061            0                   0.562355            
1.361115            1.361111            0                   0.562355            
1.338726            1.339401            0                   0.562355            
1.265244            1.264606            16272               0.562366            
1.251469            1.251999            0                   0.562366            
1.241772            1.241375            0                   0.562366            
1.249226            1.249191            0                   0.562366            
1.236076            1.236141            54                  0.562366            
1.305870            1.305725            66                  0.562366            
1.333393            1.333496            0                   0.562366            
1.327194            1.327179            0                   0.562366            
1.331665            1.331764            0                   0.562366            
1.292351            1.292282            0                   0.562366            
1.293068            1.292934            48                  0.562366            
1.260799            1.261059            0                   0.562366            
1.188984            1.188686            0                   0.562366            
1.269379            1.269379            0                   0.562366            
1.228497            1.228874            0                   0.562366            
1.237289            1.237076            75                  0.562366            
1.259506            1.259491            0                   0.562366            
1.281101            1.281082            3                   0.562366            
1.274643            1.274773            0                   0.562366            
1.304749            1.304394            0                   0.562366            
1.228054            1.228287            0                   0.562366            
1.290424            1.290333            148782              0.562443            
1.241661            1.241833            0                   0.562443            
1.148045            1.148010            0                   0.562443            
1.165760            1.165730            0                   0.562443            
1.235741            1.235630            0                   0.562443            
1.247440            1.247738            0                   0.562443            
1.273502            1.273335            0                   0.562443            
1.268017            1.267963            0                   0.562443            
1.296055            1.295891            60                  0.562443            
1.292477            1.292664            0                   0.562443            
1.309082            1.309177            0                   0.562443            
1.252769            1.252575            0                   0.562443            
1.230438            1.230507            0                   0.562443            
1.251335            1.251167            48                  0.562443            
1.196655            1.196774            0                   0.562443            
1.179367            1.179325            0                   0.562443            
1.270378            1.270615            0                   0.562443            
1.295578            1.295536            0                   0.562443            
1.243675            1.243393            0                   0.562443            
1.225574            1.225811            26868               0.562443            
1.259567            1.259518            0                   0.562443            
1.223278            1.223190            0                   0.562443            
1.308975            1.309231            0                   0.562443            
1.218754            1.218697            48                  0.562443            
1.277496            1.277538            0                   0.562443            
1.270821            1.270782            0                   0.562443            
1.279305            1.279255            0                   0.562443            
1.244007            1.243816            48                  0.562443            
1.284767            1.285034            0                   0.562443            
1.237839            1.237701            0                   0.562443            
1.255493            1.221333            0                   0.562443            
1.276352            1.310478            0                   0.562443            
1.276356            1.276318            54                  0.562443            
1.290287            1.290443            0                   0.562443            
1.279469            1.279518            0                   0.562443            
1.273411            1.273258            0                   0.562443            
1.294659            1.294521            0                   0.562443            
1.317238            1.317493            63                  0.562443            
1.255772            1.255787            0                   0.562443            
1.299782            1.299625            34545               0.562443            
1.320545            1.320675            18714               0.562443            
1.225555            1.225384            15504               0.562443            
1.280727            1.280869            1491                0.562443            
1.235001            1.234802            0                   0.562443            
1.266651            1.266838            0                   0.562443            
1.269440            1.269665            0                   0.562443            
1.214390            1.214191            0                   0.562443            
1.272671            1.272476            42                  0.562443            
1.222073            1.222446            0                   0.562443            
1.256023            1.255836            0                   0.562443            
1.209442            1.209435            18                  0.562443            
1.281048            1.280949            51                  0.562443            
1.195015            1.195061            0                   0.562443            
1.225178            1.225105            0                   0.562443            
1.267151            1.248463            0                   0.562443            
1.265034            1.283840            0                   0.562443            
1.243721            1.243729            57                  0.562443            
1.302536            1.302444            0                   0.562443            
1.260460            1.260410            0                   0.562443            
1.180504            1.180435            0                   0.562443            
1.210995            1.211094            0                   0.562443            
1.185581            1.185490            19266               0.562443            
1.205509            1.205658            0                   0.562443            
1.209499            1.209278            0                   0.562443            
1.222073            1.222313            0                   0.562443            
1.200481            1.200470            0                   0.562443            
1.155163            1.155296            54                  0.562443            
1.201584            1.201458            0                   0.562443            
1.176666            1.176525            0                   0.562443            
1.220257            1.220188            0                   0.562443            
1.212425            1.212631            0                   0.562443            
1.267067            1.252388            147                 0.562443            
1.286621            1.301075            0                   0.562443            
1.241085            1.241360            0                   0.562443            
1.231575            1.231697            0                   0.562443            
1.276821            1.276501            0                   0.562443            
1.292782            1.292850            0                   0.562443            
1.255566            1.256016            0                   0.562443            
1.281467            1.281090            6                   0.562443            
1.305450            1.305481            0                   0.562443            
1.247326            1.247292            0                   0.562443            
1.302643            1.302765            0                   0.562443            
1.246769            1.247047            0                   0.562443            
1.330280            1.329777            0                   0.562443            
1.297256            1.297318            24                  0.562443            
1.301338            1.301434            0                   0.562443            
1.266151            1.266018            0                   0.562443            
1.275143            1.275280            144                 0.562443            
1.255009            1.254787            0                   0.562443            
1.155064            1.155293            0                   0.562443            
1.161247            1.160980            0                   0.562443            
1.214615            1.214745            6                   0.562443            
1.278210            1.278027            0                   0.562443            
1.243378            1.243549            48                  0.562443            
1.247543            1.247513            12                  0.562443            
1.261768            1.261726            0                   0.562443            
1.293472            1.293579            54                  0.562443            
1.256012            1.255962            0                   0.562443            
1.223919            1.224327            0                   0.562443            
1.269886            1.269291            504                 0.562443            
1.225056            1.225445            48                  0.562443            
1.146961            1.146759            0                   0.562443            
1.182564            1.182781            0                   0.562443            
1.216095            1.215988            0                   0.562443            
1.238697            1.238808            0                   0.562443            
1.279171            1.279007            16374               0.562443            
1.234154            1.220898            0                   0.562443            
1.223022            1.236214            0                   0.562443            
1.243412            1.243458            0                   0.562443            
1.247150            1.247284            54                  0.562443            
1.308468            1.308250            0                   0.562443            
1.337898            1.337894            0                   0.562443            
1.244080            1.244225            0                   0.562443            
1.229507            1.229641            0                   0.562443            
1.262321            1.262199            54                  0.562443            
1.236771            1.236820            0                   0.562443            
1.254818            1.254681            0                   0.562443            
1.304737            1.304863            0                   0.562443            
1.303123            1.303082            0                   0.562443            
1.262566            1.262276            48                  0.562443            
1.327290            1.327553            0                   0.562443            
1.319050            1.318996            0                   0.562443            
1.284344            1.284328            0                   0.562443            
1.201324            1.201603            0                   0.562443            
1.146782            1.146496            48                  0.562443            
1.175133            1.175323            18246               0.562443            
1.198383            1.198326            0                   0.562443            
1.226574            1.226547            0                   0.562443            
1.227173            1.227062            0                   0.562443            
1.235649            1.235760            0                   0.562443            
1.210148            1.210289            78                  0.562443            
1.236450            1.236172            0                   0.562443            
1.160492            1.160519            0                   0.562443            
1.195404            1.195446            0                   0.562443            
1.176418            1.176746            0                   0.562443            
1.178909            1.178867            0                   0.562443            
1.262333            1.261890            0                   0.562443            
1.272842            1.273308            48                  0.562443            
1.186085            1.186066            0                   0.562443            
1.276356            1.276276            0                   0.562443            
1.251526            1.251244            0                   0.562443            
1.201065            1.201385            0                   0.562443            
1.235371            1.235100            0                   0.562443            
1.196579            1.196625            54                  0.562443            
1.270092            1.270016            27360               0.562443            
1.226696            1.226906            0                   0.562443            
1.160149            1.160076            0                   0.562443            
1.178581            1.178726            0                   0.562443            
1.183064            1.182789            12                  0.562443            
1.169716            1.169586            0                   0.562443            
1.247799            1.248100            0                   0.562443            
1.296680            1.296558            0                   0.562443            
1.304203            1.304413            0                   0.562443            
1.320469            1.320332            54                  0.562443            
1.264400            1.264313            0                   0.562443            
1.250267            1.250462            0                   0.562443            
1.311775            1.311577            0                   0.562443            
1.225945            1.226322            0                   0.562443            
1.240330            1.239983            66                  0.562443            
1.249649            1.249805            0                   0.562443            
1.256824            1.256756            0                   0.562443            
1.282948            1.282871            0                   0.562443            
1.284374            1.284473            72                  0.562443            
1.229893            1.230022            19404               0.562447            
1.280678            1.280708            0                   0.562447            
1.256748            1.256485            0                   0.562447            
1.409412            1.409424            0                   0.562447            
1.362400            1.362297            72                  0.562447            
1.321552            1.321693            0                   0.562447            
1.413811            1.413990            0                   0.562447            
1.277592            1.277424            0                   0.562447            
1.323242            1.323338            0                   0.562447            
1.265514            1.265217            0                   0.562447            
1.309921            1.310062            0                   0.562447            
1.285484            1.285336            0                   0.562447            
1.341480            1.341846            0                   0.562447            
1.275635            1.275307            0                   0.562447            
1.221504            1.222008            48                  0.562447            
1.269325            1.268909            0                   0.562447            
1.271957            1.271984            0                   0.562447            
1.246292            1.246273            129                 0.562447            
1.266674            1.266605            0                   0.562447            
1.293079            1.293095            48                  0.562447            
1.309998            1.310070            160311              0.562447            
1.308910            1.309170            0                   0.562447            
1.267658            1.267494            0                   0.562447            
1.274654            1.274570            6                   0.562447            
1.230877            1.230923            0                   0.562447            
1.207439            1.207279            0                   0.562447            
1.257660            1.258179            0                   0.562447            
1.233009            1.232487            0                   0.562447            
1.285046            1.285088            54                  0.562447            
1.297764            1.297821            0                   0.562447            
1.218735            1.219223            0                   0.562447            
1.165169            1.164707            0                   0.562447            
1.277874            1.277920            0                   0.562447            
1.258591            1.258495            48                  0.562447            
1.294827            1.294876            0                   0.562447            
1.312244            1.312286            3                   0.562447            
1.301800            1.301640            48                  0.562447            
1.263672            1.263981            0                   0.562447            
1.277580            1.277485            57                  0.562447            
1.236897            1.236843            26874               0.562447            
1.159935            1.159992            0                   0.562447            
1.194244            1.194073            0                   0.562447            
1.266438            1.266605            0                   0.562447            
1.242081            1.242020            54                  0.562447            
1.292694            1.292686            0                   0.562447            
1.289680            1.289803            0                   0.562447            
1.237015            1.236801            0                   0.562447            
1.255142            1.255260            0                   0.562447            
1.238285            1.238152            69                  0.562447            
1.166061            1.166237            0                   0.562447            
1.199741            1.199532            0                   0.562447            
1.228291            1.228649            0                   0.562447            
1.221382            1.221176            102                 0.562447            
1.308384            1.308243            0                   0.562447            
1.304356            1.304440            0                   0.562447            
1.315708            1.315800            0                   0.562447            
1.334232            1.334461            0                   0.562447            
1.242519            1.242058            150                 0.562447            
1.305603            1.305637            15837               0.562447            
1.267403            1.246674            15840               0.562447            
1.238441            1.259384            17280               0.562447            
1.286827            1.286755            15354               0.562447            
1.328918            1.329029            16374               0.562447            
1.329582            1.329632            0                   0.562447            
1.344807            1.344315            0                   0.562447            
1.306526            1.306923            0                   0.562447            
1.311497            1.311405            0                   0.562447            
1.268044            1.268070            60                  0.562447            
1.225544            1.225529            0                   0.562447            
1.236588            1.236755            63                  0.562447            
1.230274            1.230289            0                   0.562447            
1.241207            1.241096            0                   0.562447            
1.238411            1.238567            42                  0.562447            
1.220573            1.220177            0                   0.562447            
1.234844            1.234993            0                   0.562447            
1.280746            1.280918            0                   0.562447            
1.259724            1.259705            75                  0.562447            
1.293919            1.293694            0                   0.562447            
1.338341            1.338326            0                   0.562447            
1.293018            1.293041            0                   0.562447            
1.286797            1.286945            0                   0.562447            
1.286179            1.286057            51                  0.562447            
1.236774            1.236622            0                   0.562447            
1.222797            1.223232            0                   0.562447            
1.259811            1.231377            0                   0.562447            
1.241196            1.269501            0                   0.562447            
1.296070            1.295822            81                  0.562447            
1.194702            1.194733            0                   0.562447            
1.263992            1.264088            0                   0.562447            
1.245609            1.245895            0                   0.562447            
1.228111            1.227650            0                   0.562447            
1.256222            1.256817            48                  0.562447            
1.261024            1.260406            0                   0.562447            
1.314308            1.314499            0                   0.562447            
1.311268            1.311382            0                   0.562447            
1.235004            1.234921            0                   0.562447            
1.216152            1.216274            0                   0.562447            
1.267719            1.267525            0                   0.562447            
1.295502            1.295624            0                   0.562447            
1.283165            1.283203            0                   0.562447            
1.250481            1.250572            42                  0.562447            
1.240173            1.240036            0                   0.562447            
1.248962            1.248875            0                   0.562447            
1.223537            1.223766            0                   0.562447            
1.196022            1.195808            48                  0.562447            
1.223537            1.223465            48                  0.562447            
1.191578            1.191673            0                   0.562447            
1.252811            1.252686            15360               0.562447            
1.291508            1.291595            19200               0.562447            
1.267605            1.267769            42                  0.562447            
1.275455            1.274948            0                   0.562447            
1.293747            1.294090            0                   0.562447            
1.342102            1.342136            0                   0.562447            
1.290932            1.291183            0                   0.562447            
1.234352            1.234287            0                   0.562447            
1.219578            1.219292            54                  0.562447            
1.267906            1.267887            48                  0.562447            
1.260010            1.260201            0                   0.562447            
1.277805            1.277721            0                   0.562447            
1.193237            1.193302            0                   0.562447            
1.203056            1.202888            72                  0.562447            
1.219650            1.220001            0                   0.562447            
1.282749            1.282475            0                   0.562447            
1.319233            1.319355            0                   0.562447            
1.247543            1.247425            0                   0.562447            
1.257004            1.257042            1314                0.562447            
1.278118            1.278294            0                   0.562447            
1.272404            1.272400            25920               0.562447            
1.232071            1.222134            0                   0.562447            
1.216927            1.226604            204                 0.562447            
1.173969            1.174019            0                   0.562447            
1.220867            1.220932            0                   0.562447            
1.204754            1.204762            0                   0.562447            
1.251965            1.251793            99                  0.562447            
1.219059            1.218941            93                  0.562447            
1.266338            1.266701            0                   0.562447            
1.301979            1.301849            0                   0.562447            
1.296082            1.296207            0                   0.562447            
1.330082            1.329975            0                   0.562447            
1.311352            1.311394            252                 0.562447            
1.253857            1.253963            0                   0.562447            
1.217556            1.217667            0                   0.562447            
1.185604            1.185318            0                   0.562447            
1.202724            1.202934            0                   