Buffer_Pool+Pread	file_size = 32GB	io_size = 4096Bits	#worker = 4	#pool_num = 16	#pool_size = 16385	#io_server_num = 10
IO_Throughput       SSD_Throughput      TLB_shootdown       Memory_usage        Eviction_count      
1.043365            2.112972            2004                0.561913            
1.219707            2.211777            140104264999954     0.561913            
1.135548            2.261471            900                 0.562115            
1.092484            2.136490            96                  0.562115            
1.089878            2.257481            885                 0.562115            
1.077465            2.375595            1008                0.562115            
1.072563            2.345604            1506                0.562344            
0.993526            2.269459            0                   0.562344            
1.057835            2.351101            975                 0.562344            
1.012615            2.345215            0                   0.562344            
1.081135            2.221634            1134                0.562344            
1.209270            2.411854            0                   0.562344            
1.173790            2.465908            975                 0.562344            
1.179440            2.383289            384                 0.562344            
1.155247            2.272655            0                   0.562344            
1.124195            2.249088            1194                0.562344            
1.145794            2.213131            0                   0.562344            
1.245922            2.252460            0                   0.562344            
1.301636            2.246132            900                 0.562344            
1.194870            2.147602            0                   0.562344            
1.278763            2.326733            1461                0.562344            
1.083099            2.194401            0                   0.562344            
1.151344            2.223293            0                   0.562344            
1.248474            2.347778            1050                0.562344            
1.211720            2.370403            0                   0.562344            
1.286129            2.369762            48                  0.562344            
1.295780            2.431419            48                  0.562344            
1.287975            2.426170            1509                0.562344            
1.145515            2.376961            0                   0.562344            
0.947758            2.115936            0                   0.562344            
0.997288            2.159611            1125                0.562344            
0.988338            2.114704            0                   0.562344            
0.990501            2.195389            0                   0.562344            
1.019955            2.153961            0                   0.562344            
1.053638            2.139236            1230                0.562344            
1.026630            2.167133            1125                0.562344            
0.936333            2.062943            1410                0.562344            
1.062565            2.241058            0                   0.562344            
1.034039            2.188473            2529                0.562374            
1.187885            2.331417            0                   0.562374            
1.156662            2.266792            0                   0.562374            
1.158260            2.230579            0                   0.562374            
1.211922            2.251236            2583                0.562462            
1.259167            2.270306            975                 0.562515            
1.148838            2.309212            2523                0.562546            
1.312649            2.355350            1458                0.562546            
1.244511            2.304996            900                 0.562546            
1.190487            2.239212            1746                0.562546            
1.183559            2.249809            0                   0.562546            
1.118332            2.160732            1050                0.562546            
1.119434            2.193638            0                   0.562546            
1.174934            2.232811            1944                0.562546            
1.189999            2.221096            1200                0.562553            
1.089302            2.253307            1557                0.562553            
1.044281            2.202419            0                   0.562553            
1.056343            2.181854            0                   0.562553            
1.047485            2.092163            975                 0.562553            
1.034069            2.082867            0                   0.562553            
0.985260            2.037560            0                   0.562553            
1.170776            2.242313            1278                0.562553            
1.391426            2.433571            0                   0.562553            
1.194298            2.242817            1050                0.562553            
1.303677            2.250420            1683                0.562553            
1.205498            2.220936            0                   0.562553            
1.244324            2.242653            975                 0.562553            
1.091267            2.224098            0                   0.562553            
1.098957            2.238560            0                   0.562553            
1.100655            2.216202            0                   0.562553            
0.990795            2.126961            0                   0.562553            
1.002281            2.209518            0                   0.562553            
1.113056            2.208782            0                   0.562553            
1.025883            2.141052            0                   0.562553            
1.070477            2.131874            0                   0.562553            
1.178417            2.171291            0                   0.562553            
1.167477            2.164936            0                   0.562553            
1.222168            2.316509            0                   0.562553            
1.141491            2.243313            0                   0.562553            
1.267437            2.356533            0                   0.562553            
1.117119            2.330696            0                   0.562553            
1.150818            2.368431            0                   0.562553            
1.254833            2.312943            0                   0.562553            
1.160763            2.212189            0                   0.562553            
1.303429            2.349133            0                   0.562553            
1.282536            2.238686            0                   0.562553            
1.171677            2.130272            1407                0.562553            
1.238575            2.284447            0                   0.562553            
1.156738            2.241657            0                   0.562553            
1.159729            2.133747            0                   0.562553            
1.295444            2.313484            0                   0.562553            
1.372837            2.424263            0                   0.562553            
1.319336            2.358692            0                   0.562553            
1.202190            2.181149            0                   0.562553            
1.117661            2.228195            0                   0.562553            
1.072235            2.074707            177                 0.562553            
1.299694            2.258919            120                 0.562553            
1.197170            2.258713            0                   0.562553            
1.275963            2.339897            0                   0.562553            
1.228878            2.269394            0                   0.562553            
1.207489            2.240982     