Buffer_Pool+Pread	file_size = 32GB	io_size = 4096Bits	#worker = 300	#pool_num = 8	#pool_size = 32769	#io_server_num = 4
IO_Throughput       SSD_Throughput      TLB_shootdown       Memory_usage        Eviction_count      
0.436096            0.434761            1430505             0.752480            
0.356388            0.349545            139819676237498     1.109554            
0.777634            0.753017            1156704             1.328762            
1.414024            1.369659            2275377             1.330238            
0.352989            0.342636            20850588            1.330578            
0.212185            0.205322            23219331            1.330677            
0.245701            0.238422            21556278            1.330753            
0.326847            0.316349            13810449            1.330879            
1.116436            1.081421            2010534             1.330879            
1.270348            1.231224            480                 1.330879            
1.226051            1.187855            0                   1.330879            
1.255062            1.214897            0                   1.330879            
1.335430            1.293957            65328               1.330879            
1.270950            1.231930            54342               1.330879            
1.178692            1.142014            0                   1.330879            
1.242481            1.203365            221463              1.330879            
1.299057            1.258076            291750              1.330879            
1.255512            1.216660            200973              1.330879            
1.302933            1.262856            0                   1.330879            
1.346245            1.304073            82350               1.330879            
1.147724            1.111973            1188399             1.330879            
1.124104            1.088203            731214              1.330879            
1.294895            1.254169            0                   1.330879            
1.330143            1.288467            0                   1.330879            
1.348869            1.306969            0                   1.330879            
1.152077            1.115833            42                  1.330879            
1.300014            1.258842            0                   1.330879            
1.384590            1.340313            74139               1.330879            
1.344704            1.303928            33228               1.330879            
1.364788            1.321194            0                   1.330879            
1.219322            1.180874            0                   1.330879            
1.285175            1.246143            0                   1.330879            
1.308296            1.266609            0                   1.330879            
1.422943            1.378338            0                   1.330879            
1.270161            1.230663            96162               1.330879            
1.366692            1.323742            230262              1.330879            
1.313103            1.272335            160935              1.330879            
1.336899            1.295097            0                   1.330879            
1.285236            1.244991            0                   1.330879            
1.334679            1.293324            253692              1.330879            
1.268528            1.229046            37047               1.330879            
1.414921            1.370480            6                   1.330879            
1.300316            1.259018            0                   1.330879            
1.296326            1.255527            73779               1.330879            
1.314941            1.273087            7392                1.330879            
1.349285            1.306705            27                  1.330879            
1.356888            1.315502            11334               1.330879            
1.268902            1.229042            30219               1.330879            
1.246353            1.207237            468                 1.330879            
1.356518            1.314198            34575               1.330879            
1.260006            1.220718            114543              1.330879            
1.406807            1.362083            1116                1.330879            
1.240849            1.202587            28404               1.330879            
1.291443            1.251518            7548                1.330879            
1.248306            1.208229            0                   1.330879            
1.285599            1.245823            0                   1.330879            
1.331913            1.290775            75                  1.330879            
1.395485            1.352268            0                   1.330879            
1.430820            1.386040            0                   1.330879            
1.284294            1.244434            0                   1.330879            
1.384193            1.340721            133533              1.330879            
1.361485            1.317833            450                 1.330879            
1.434479            1.389870            0                   1.330879            
1.346603            1.303978            0                   1.330879            
1.362705            1.320210            480                 1.330879            
1.266525            1.226627            18                  1.330879            
1.378757            1.335373            0                   1.330879            
1.285160            1.244164            39405               1.330879            
1.314411            1.273270            687                 1.330879            
1.277851            1.237820            0                   1.330879            
1.369785            1.327065            55674               1.330879            
1.455742            1.410721            1851                1.330879            
1.182079            1.144367            0                   1.330879            
1.360020            1.317413            45024               1.330879            
1.272514            1.233059            7200                1.330879            
1.263229            1.223068            0                   1.330879            
1.282001            1.241753            0                   1.330879            
1.296612            1.256477            58803               1.330879            
1.221310            1.182274            0                   1.330879            
1.339092            1.297298            3                   1.330879            
1.278625            1.238705            82593               1.330879            
1.274632            1.234497            3621                1.330879            
1.277306            1.237347            0                   1.330879            
1.345493            1.304024            53163               1.330879            
1.342079            1.300102            12768               1.330879            
1.370979            1.327839            0                   1.330879            
1.397858            1.354168            0                   1.330879            
1.398663            1.355331            64608               1.330879            
1.342682            1.300159            0                   1.330879            
1.225708            1.188297            0                   1.330879            
1.309937            1.267738            71259               1.330879            
1.385532            1.341068            3852                1.330879            
1.292320            1.252567            0                   1.330879            
1.280285            1.240082            133404              1.330879            
1.351349            1.309528            1347                1.330879            
1.290203            1.249733            0                   1.330879            
1.328461            1.287045            0                   1.330879            
1.336399            1.292175            28863               1.330879            
1.299706            1.262291     