Buffer_Pool+Pread	file_size = 32GB	io_size = 4096Bits	#worker = 500	#pool_num = 16	#pool_size = 16385	#io_server_num = 8
IO_Throughput       SSD_Throughput      TLB_shootdown       Memory_usage        Eviction_count      
0.159523            0.160362            135                 0.558739            
0.870811            0.870529            140075796799170     0.559967            
0.891758            0.891716            99234               0.559967            
1.054512            1.054428            247695              0.559978            
1.040291            1.040382            52872               0.559978            
1.112846            1.113182            64245               0.559978            
1.153572            1.153381            47784               0.559978            
1.054623            1.054691            42945               0.559978            
1.062176            1.062000            37677               0.559978            
1.043533            1.043449            45780               0.559978            
1.048367            1.048664            57753               0.559978            
1.102592            1.046898            41520               0.559978            
1.038105            1.093502            94533               0.559978            
1.100895            1.101067            76638               0.559978            
1.142220            1.142296            80961               0.559978            
1.099800            1.077713            12474               0.559978            
1.091675            1.113853            46203               0.559978            
1.239292            1.238659            211803              0.559978            
1.106895            1.107388            13044               0.559978            
1.088757            1.088924            217629              0.559978            
1.135536            1.116684            54                  0.559978            
1.124802            1.143547            23880               0.559978            
1.157200            1.157120            71796               0.559978            
1.175930            1.159531            35295               0.559978            
1.108887            1.125244            41634               0.559978            
1.165764            1.166065            912                 0.559978            
1.232819            1.232506            46332               0.559978            
1.125698            1.126034            59145               0.559978            
1.119137            1.119305            624                 0.559978            
1.096012            1.074741            27840               0.559978            
1.099205            1.120010            1158                0.559978            
1.104286            1.085735            16608               0.560169            
0.946350            0.964962            133356              0.560169            
0.953106            0.953407            92901               0.560169            
1.104015            1.103840            2700                0.560169            
1.116028            1.116001            42                  0.560169            
1.120956            1.120621            543                 0.560169            
0.883827            0.884155            183747              0.560169            
0.883629            0.883228            16314               0.560169            
0.923710            0.923870            16062               0.560169            
0.966389            0.966518            48                  0.560169            
1.020061            1.019772            15360               0.560169            
1.007965            0.963531            17658               0.560169            
1.036102            1.080811            33006               0.560169            
0.874104            0.874306            19266               0.560169            
0.929066            0.929295            34464               0.560169            
0.932587            0.931995            483                 0.560169            
0.954937            0.954807            15360               0.560169            
0.943092            0.943363            49896               0.560169            
0.877090            0.855148            28323               0.560169            
0.883129            0.905193            486                 0.560169            
0.968723            0.968414            0                   0.560169            
0.927597            0.927925            0                   0.560169            
0.959301            0.927517            19572               0.560169            
0.952354            0.984180            115194              0.560169            
0.996613            0.996452            0                   0.560169            
0.985569            0.985668            71016               0.560169            
0.986084            0.985985            151194              0.560169            
0.997250            0.996979            957                 0.560169            
1.101772            1.102074            52311               0.560169            
1.097118            1.074078            0                   0.560169            
1.085461            1.108589            16800               0.560169            
1.066631            1.066631            17280               0.560169            
1.052608            1.052387            20289               0.560169            
1.081871            1.081734            52305               0.560169            
1.085773            1.085968            0                   0.560169            
1.036877            1.037090            34077               0.560169            
1.077003            1.076855            26880               0.560169            
0.996552            0.996449            25014               0.560169            
0.981682            0.981728            6                   0.560169            
1.022190            1.022182            0                   0.560169            
1.063187            1.017925            134367              0.560169            
0.985550            1.030914            1974                0.560169            
1.006329            1.006115            0                   0.560169            
1.262928            1.263325            83499               0.560169            
1.116112            1.115780            0                   0.560169            
1.056904            1.057007            0                   0.560169            
1.069515            1.069782            156942              0.560169            
0.942509            0.942307            18732               0.560169            
0.989677            0.954082            34074               0.560169            
1.001423            1.036812            36480               0.560169            
0.965672            0.965878            37917               0.560169            
0.974243            0.974529            660                 0.560169            
1.024704            1.024239            0                   0.560169            
1.045761            1.021057            0                   0.560169            
1.007072            1.031910            16800               0.560169            
1.043774            1.043690            0                   0.560169            
1.080196            1.080559            37458               0.560169            
1.011219            1.010918            43197               0.560169            
1.013302            1.013622            0                   0.560169            
1.001034            1.000610            0                   0.560169            
0.986721            0.986576            6                   0.560169            
1.005081            1.005581            0                   0.560169            
1.011093            0.986347            39834               0.560207            
1.030136            1.054653            0                   0.560207            
1.061314            1.060944            110379              0.560207            
0.999069            0.999367            0                   0.560207            
0.966957            0.949020            36                  0.560207            
1.029125            1.047039    