Buffer_Pool+Pread	file_size = 32GB	io_size = 4096Bits	#worker = 300	#pool_size = 419431	#pool_size = 4
IO_Throughput       SSD_Throughput      TLB_shootdown       Memory_usage        Eviction_count      
2.418644            2.327721            1006953             3.484283            
1.474686            1.333622            140338850383366     4.851734            
1.657436            1.429375            1090845             6.299812            
1.749451            1.428650            1070841             7.748749            
1.561344            1.211720            940335              9.005299            
1.964600            1.443176            1141539             10.467491           
2.044731            1.412464            1106640             11.901615           
2.218678            1.431755            1105215             13.355244           
2.161324            1.303635            1166103             14.680786           
1.885128            1.062523            985704              15.809910           
2.687782            1.418827            1120827             17.247761           
4.617023            2.305901            1745193             17.442307           
3.163639            1.577648            17240166            17.442604           
2.224007            1.110516            40720905            17.442604           
2.106430            1.054741            56932404            17.442604           
1.971474            0.983780            75361575            17.442604           
1.888424            0.940948            90465759            17.442604           
1.835190            0.918335            100441281           17.442604           
1.778717            0.887901            114043200           17.442604           
1.833397            0.916264            115829184           17.442604           
1.952148            0.977695            110645919           17.442741           
2.088661            1.045364            107307150           17.442741           
2.241589            1.120014            101458428           17.442741           
2.447495            1.223400            97596798            17.442741           
2.806877            1.404461            85749468            17.442741           
2.991611            1.490913            84570516            17.442741           
3.312782            1.657860            75848334            17.442741           
3.838318            1.918495            59615739            17.442741           
4.996143            2.498581            9570231             17.442741           
4.965847            2.483402            1471545             17.442741           
4.982666            2.492870            120360              17.442741           
5.005592            2.501823            86478               17.442741           
4.998695            2.501389            78213               17.442741           
4.998947            2.502411            82227               17.442741           
4.987301            2.496937            80610               17.442741           
4.966309            2.485928            88419               17.442741           
4.994217            2.499916            92790               17.442741           
4.990860            2.495834            104673              17.442741           
4.993542            2.497814            83130               17.442741           
4.987713            2.495510            82821               17.442741           
4.981491            2.493469            90333               17.442741           
4.972313            2.485661            92250               17.442741           
4.991173            2.496372            90171               17.442741           
4.991695            2.497059            90372               17.442741           
4.999550            2.497944            88275               17.442741           
4.985313            2.492443            86946               17.442741           
4.987122            2.492794            66255               17.442741           
4.986538            2.493721            49617               17.442741           
4.978390            2.491932            32721               17.442741           
4.995483            2.497917            26643               17.442741           
4.985649            2.494530            13023               17.442741           
4.996544            2.494701            5226                17.442741           
4.985146            2.494396            60                  17.442741           
4.982254            2.491119            0                   17.442741           
4.982864            2.489964            0                   17.442741           
4.985455            2.494015            0                   17.442741           
4.993713            2.496094            54                  17.442741           
4.987495            2.495800            3                   17.442741           
4.989491            2.493526            0                   17.442741           
4.983601            2.487099            0                   17.442741           
5.001083            2.499989            0                   17.442741           
4.999470            2.501118            60                  17.442741           
4.995602            2.500256            0                   17.442741           
4.990429            2.498405            0                   17.442741           
4.984314            2.490021            63                  17.442741           
4.966438            2.484928            0                   17.442741           
4.995380            2.495014            114                 17.442741           
4.981014            2.496578            0                   17.442741           
4.989983            2.496704            0                   17.442741           
4.983051            2.493404            0                   17.442741           
4.979797            2.491859            0                   17.442741           
4.978664            2.488663            60                  17.442741           
4.980072            2.488071            0                   17.442741           
4.989136            2.495445            0                   17.442741           
4.995434            2.497658            357                 17.442741           
4.984573            2.492062            69780               17.442741           
4.985439            2.490276            47109               17.442741           
4.978222            2.491791            27573               17.442741           
4.984177            2.493988            30681               17.442741           
4.989140            2.490929            40701               17.442741           
4.991875            2.496021            61635               17.442741           
4.972088            2.488953            71961               17.442741           
4.974445            2.489082            85740               17.442741           
4.997749            2.495438            87543               17.442741           
4.991459            2.498039            93552               17.442741           
4.988094            2.495373            95883               17.442741           
4.987545            2.496292            92337               17.442741           
4.984894            2.494209            78645               17.442741           
4.981873            2.490253            71898               17.442741           
4.983356            2.489994            79326               17.442741           
4.985584            2.490891            73266               17.442741           
4.994034            2.492905            71982               17.442741           
4.982059            2.492672            72546               17.442741           
4.997730            2.497288            71160               17.442741           
4.969780            2.486019            85359               17.442741           
4.988220            2.494427            65910               17.442741           
4.993679            2.496696            38307               17.442741           
4.996964            2.496090            21561               17.442741           
4.986488            2.493851            13359     