Buffer_Pool+Pread	file_size = 32GB	io_size = 4096Bits	#worker = 450	#pool_size = 26215	#pool_size = 4
IO_Throughput       SSD_Throughput      TLB_shootdown       Memory_usage        Eviction_count      
2.445728            2.351967            842229              8.175163            
2.139385            1.915440            139640471327809     10.126102           
1.899326            1.596958            866136              11.749863           
2.071529            1.635578            982266              13.428558           
2.216503            1.636368            962979              15.086124           
2.314449            1.593937            881766              16.701782           
2.470287            1.575897            860319              18.303734           
2.725716            1.604424            958545              19.978813           
3.086430            1.659397            1005075             21.653267           
4.677727            2.343620            254013              22.055248           
4.973949            2.487644            135735              22.069492           
4.968384            2.482677            372528              22.098167           
4.968918            2.486671            406236              22.108250           
4.973522            2.487335            396723              22.108692           
4.964588            2.481083            473661              22.108692           
4.961376            2.480522            2253084             22.108692           
4.973560            2.486259            2089167             22.108692           
4.986992            2.491909            4152993             22.108692           
4.981647            2.489910            10778376            22.108692           
4.990837            2.493073            19567386            22.108692           
4.975197            2.491154            31746198            22.108692           
4.981838            2.490139            43308522            22.108692           
4.984554            2.493187            45503580            22.108692           
4.983177            2.491821            51497430            22.108692           
4.972851            2.488789            32284449            22.108692           
4.973667            2.488575            18195954            22.108692           
4.958641            2.480339            10272606            22.108692           
4.975231            2.487225            5520978             22.108692           
4.962387            2.484890            2406969             22.108925           
4.958645            2.480881            408363              22.108925           
4.956997            2.479118            17712               22.108925           
4.967869            2.483795            40179               22.108925           
4.945454            2.469208            64743               22.108925           
4.956223            2.481857            70383               22.108925           
4.967613            2.483650            87177               22.108925           
4.969734            2.488003            96675               22.108925           
4.971230            2.485722            85368               22.108925           
4.965961            2.485420            92388               22.108925           
4.945271            2.468342            94866               22.108925           
4.980003            2.486073            97851               22.108925           
4.968819            2.481606            71001               22.108925           
4.968647            2.486862            48084               22.108925           
4.970249            2.483418            44796               22.108925           
4.965569            2.482552            25881               22.108925           
4.951870            2.475742            34107               22.108925           
4.954620            2.480968            18105               22.108925           
4.962452            2.482204            9450                22.108925           
4.941978            2.477928            19002               22.108925           
4.974964            2.484585            4962                22.108925           
4.962872            2.479763            6210                22.108925           
4.941032            2.468868            3603                22.108925           
4.971855            2.484501            4101                22.108925           
4.976364            2.486477            2430                22.108925           
4.964207            2.484436            2823                22.108925           
4.977779            2.493519            456                 22.108925           
5.048756            2.522808            1911                22.108925           
5.017334            2.512890            3999                22.108925           
5.054825            2.527870            48615               22.108925           
5.035889            2.520149            72351               22.108925           
5.039608            2.516144            74046               22.108925           
5.058228            2.528782            98208               22.108925           
5.049770            2.521587            127023              22.108925           
5.021358            2.510769            148239              22.108925           
5.037048            2.516514            155583              22.108925           
5.030518            2.516003            169533              22.108925           
5.042030            2.521095            122832              22.108925           
5.047276            2.521252            139440              22.108925           
5.037292            2.516651            125979              22.108925           
5.038578            2.518215            119118              22.108925           
5.061550            2.526852            112761              22.108925           
5.041920            2.519253            104313              22.108925           
5.030010            2.515831            127569              22.108925           
5.042858            2.517513            107184              22.108925           
5.032948            2.517464            125925              22.108925           
5.038784            2.519886            126063              22.108925           
5.053837            2.523327            134886              22.108925           
5.059048            2.526733            115005              22.108925           
5.040009            2.517536            111987              22.108925           
5.036655            2.519707            72390               22.108925           
5.033085            2.518806            85632               22.108925           
5.018963            2.511562            101079              22.108925           
5.034588            2.517929            116307              22.108925           
5.040997            2.519100            136743              22.108925           
5.053940            2.525993            149274              22.108925           
5.055313            2.528133            870225              22.108925           
5.050362            2.525692            986193              22.108925           
5.044292            2.523247            637134              22.108925           
5.046421            2.527390            384990              22.108925           
5.043015            2.520042            197046              22.108925           
5.032654            2.517303            66459               22.108925           
5.053249            2.525433            2130                22.108925           
5.053654            2.527321            54                  22.108925           
5.014168            2.514114            0                   22.108925           
5.053562            2.522984            0                   22.108925           
5.054291            2.526493            0                   22.108925           
5.052185            2.527184            0                   22.108925           
5.045723            2.520157            60                  22.108925           
5.047535            2.522964            3                   22.108925           
5.029095            2.511974            0          