Buffer_Pool+Pread	file_size = 32GB	io_size = 4096Bits	#worker = 200	#pool_num = 16	#pool_size = 16385	#io_server_num = 4
IO_Throughput       SSD_Throughput      TLB_shootdown       Memory_usage        Eviction_count      
1.450386            1.450966            128508              0.556213            
1.502800            1.502312            140614439544505     0.556213            
1.782249            1.782337            49731               0.556213            
1.839405            1.839287            55338               0.556213            
1.933529            1.933392            77232               0.556213            
1.567249            1.567738            74796               0.556213            
1.862396            1.862457            15393               0.556213            
1.973427            1.972881            29268               0.556213            
1.858028            1.858974            88737               0.556213            
1.800625            1.800583            480                 0.556213            
1.635880            1.635620            17280               0.556213            
1.814152            1.813854            144                 0.556213            
1.776375            1.776337            18240               0.556213            
1.773651            1.773670            16539               0.556213            
1.741825            1.741837            55668               0.556213            
1.812054            1.812054            0                   0.556213            
1.600418            1.600796            42228               0.556213            
1.404274            1.404633            0                   0.556213            
1.308971            1.308563            11574               0.556404            
1.544132            1.544178            8640                0.556404            
1.536839            1.536854            101274              0.556404            
1.563663            1.563915            15837               0.556404            
1.566940            1.566521            0                   0.556404            
1.903454            1.903469            15420               0.556404            
1.802399            1.802467            29760               0.556404            
1.878021            1.877998            36522               0.556404            
1.710052            1.709743            11568               0.556404            
1.868198            1.868233            0                   0.556404            
1.570721            1.571072            9111                0.556404            
1.375965            1.375950            0                   0.556404            
1.637833            1.637459            0                   0.556404            
1.726337            1.726364            0                   0.556404            
1.950165            1.950188            60                  0.556404            
1.526497            1.527134            0                   0.556404            
1.555882            1.555573            0                   0.556404            
1.715199            1.715160            83082               0.556404            
1.753323            1.753082            51                  0.556404            
1.648819            1.649326            46464               0.556404            
1.355274            1.354927            68175               0.556404            
1.565033            1.565311            0                   0.556404            
1.606617            1.606182            0                   0.556404            
1.751240            1.751492            0                   0.556404            
1.775799            1.775658            11538               0.556404            
1.874813            1.874874            9006                0.556477            
1.703331            1.703159            348                 0.556477            
1.634895            1.634953            0                   0.556477            
1.712673            1.712627            0                   0.556477            
1.598492            1.598881            103173              0.556477            
1.428097            1.428268            0                   0.556477            
1.579300            1.578995            0                   0.556477            
1.715870            1.715908            66708               0.556477            
1.826675            1.826271            0                   0.556477            
1.998142            1.998459            35832               0.556477            
1.994984            1.995052            0                   0.556477            
1.708138            1.708088            0                   0.556477            
1.462704            1.462765            0                   0.556477            
1.579926            1.580212            0                   0.556477            
1.764412            1.764400            150                 0.556477            
1.872318            1.872128            11580               0.556477            
1.880058            1.879982            8031                0.556477            
1.375626            1.376141            81117               0.556477            
1.703136            1.702164            48                  0.556477            
1.673035            1.673710            0                   0.556477            
1.668667            1.668655            0                   0.556477            
1.703487            1.702965            15840               0.556477            
1.705490            1.705479            0                   0.556477            
1.728352            1.728973            48                  0.556477            
1.772034            1.771824            0                   0.556477            
1.727009            1.726765            0                   0.556477            
1.856533            1.856476            6                   0.556477            
1.876251            1.876255            0                   0.556477            
1.777870            1.777893            6                   0.556477            
1.746529            1.746506            0                   0.556477            
1.462719            1.463493            0                   0.556477            
1.395233            1.394695            0                   0.556477            
1.260555            1.261036            0                   0.556477            
1.762787            1.762039            96                  0.556477            
1.483513            1.484116            0                   0.556477            
1.598343            1.597702            0                   0.556477            
1.496643            1.497166            0                   0.556477            
1.819809            1.819580            0                   0.556477            
1.885876            1.885548            48                  0.556477            
1.909370            1.909698            0                   0.556477            
1.907566            1.907398            15840               0.556477            
1.629063            1.629082            15360               0.556477            
1.608547            1.608467            0                   0.556477            
1.525867            1.525860            48                  0.556477            
1.600067            1.600040            29754               0.556477            
1.621330            1.621624            0                   0.556477            
1.727360            1.727097            0                   0.556477            
1.558399            1.558548            144                 0.556477            
1.741283            1.741325            0                   0.556477            
1.668507            1.668579            0                   0.556477            
1.588997            1.588989            0                   0.556477            
1.630569            1.630547            0                   0.556477            
1.638638            1.638584            0                   0.556477            
1.580185            1.579967            0                   0.556477            
1.656593            1.656879            0                   0.556477            
1.581573            1.581360            0                   0.556477            
1.596375            1.596523            12                  0.556477            
1.487743            1.487961            60                  0.556477            
1.386761            1.386803            0                   0.556477            
1.585102            1.584915            0                   0.556477            
1.779491            1.779068            0                   0.556477            
1.797882            1.798206            37440               0.556477            
1.527519            1.527569            48                  0.556477            
1.597130            1.597389            0                   0.556477            
1.680283            1.679859            0                   0.556477            
1.659897            1.659824            0                   0.556477            
1.665195            1.665211            36                  0.556477            
1.841976            1.841732            48                  0.556477            
1.881947            1.882446            0                   0.556477            
1.874474            1.874111            0                   0.556477            
1.889511            1.889618            0                   0.556477            
1.673561            1.673702            0                   0.556477            
1.507221            1.507141            924                 0.556477            
1.395943            1.396137            0                   0.556477            
1.683170            1.683109            0                   0.556477            
1.604771            1.604935            0                   0.556477            
1.414566            1.413940            57                  0.556477            
1.663658            1.664131            0                   0.556477            
1.561726            1.562290            0                   0.556477            
1.584999            1.584167            0                   0.556477            
1.668789            1.669029            0                   0.556477            
1.619091            1.619179            20031               0.556477            
1.653152            1.653187            0                   0.556477            
1.658627            1.658367            0                   0.556477            
1.502857            1.503227            0                   0.556477            
1.536968            1.536533            0                   0.556477            
1.595432            1.595619            57                  0.556477            
1.650951            1.650990            79677               0.556553            
1.527866            1.527679            0                   0.556553            
1.743698            1.743938            60                  0.556553            
1.743202            1.742935            18                  0.556553            
1.747593            1.747868            0                   0.556553            
1.641457            1.641716            48                  0.556553            
1.610027            1.609459            0                   0.556553            
1.494457            1.495033            0                   0.556553            
1.672253            1.671741            0                   0.556553            
1.814507            1.814465            48                  0.556553            
1.613197            1.613209            15840               0.556610            
1.731728            1.731728            0                   0.556610            
1.957138            1.957439            0                   0.556610            
1.722000            1.721596            0                   0.556610            
1.655537            1.655888            0                   0.556610            
1.765400            1.765430            15357               0.556648            
1.576473            1.576115            6                   0.556648            
1.572586            1.573204            240                 0.556648            
1.554775            1.554474            0                   0.556648            
1.683739            1.683472            44640               0.556686            
1.628952            1.629303            0                   0.556686            
1.691074            1.690731            0                   0.556686            
1.769920            1.769867            0                   0.556686            
1.775581            1.775566            57                  0.556686            
1.617966            1.618374            0                   0.556686            
1.707481            1.707180            36000               0.556725            
1.751305            1.751591            0                   0.556725            
1.642944            1.642986            0                   0.556725            
1.678738            1.678635            66                  0.556725            
1.547409            1.547356            0                   0.556725            
1.516159            1.516766            0                   0.556725            
1.711155            1.710159            0                   0.556725            
1.725636            1.726089            114                 0.556725            
1.605125            1.605404            0                   0.556725            
1.421940            1.422237            0                   0.556725            
1.489708            1.489456            42                  0.556725            
1.559338            1.558746            0                   0.556725            
1.564064            1.564575            0                   0.556725            
1.560513            1.559841            0                   0.556725            
1.514912            1.515091            0                   0.556725            
1.646851            1.647041            0                   0.556725            
1.727047            1.727112            60                  0.556725            
1.690510            1.690121            0                   0.556725            
1.993652            1.993984            0                   0.556725            
1.982025            1.981804            11616               0.556744            
1.765015            1.765030            9120                0.557072            
1.619007            1.619217            78714               0.557663            
1.651325            1.651325            15906               0.558044            
1.628365            1.628410            15357               0.558311            
1.645367            1.645382            0                   0.558311            
1.618908            1.619144            0                   0.558311            
1.452957            1.452652            15840               0.558674            
1.678547            1.678577            24                  0.558674            
1.682262            1.682018            0                   0.558674            
1.673637            1.673977            0                   0.558674            
1.550667            1.550484            29757               0.559132            
1.570812            1.571236            0                   0.559132            
1.630390            1.629639            153                 0.559132            
1.864700            1.864803            0                   0.559132            
1.743698            1.743931            0                   0.559132            
1.613121            1.613441            0                   0.559132            
1.702835            1.702370            0                   0.559132            
1.586926            1.586891            0                   0.559132            
1.647987            1.647854            0                   0.559132            
1.426472            1.426891            48                  0.559132            
1.707626            1.707535            0                   0.559132            
1.660427            1.660217            0                   0.559132            
1.535088            1.535549            0                   0.559132            
1.416985            1.416500            0                   0.559132            
1.705524            1.705559            0  