Buffer_Pool+Pread	file_size = 32GB	io_size = 4096Bits	#worker = 500	#pool_num = 16	#pool_size = 16385	#io_server_num = 8
IO_Throughput       SSD_Throughput      TLB_shootdown       Memory_usage        Eviction_count      
0.675098            0.675705            250500              0.560028            
0.660934            0.661018            139839266996079     0.560028            
0.647926            0.647758            18753               0.560028            
0.702141            0.702080            139140              0.560036            
0.738693            0.738914            44559               0.560036            
0.707954            0.707928            52953               0.560036            
0.714329            0.714455            60933               0.560036            
0.718750            0.718632            56982               0.560036            
0.720863            0.720718            98835               0.560036            
0.724079            0.724377            62865               0.560036            
0.730457            0.730038            51354               0.560036            
0.728355            0.728683            52788               0.560036            
0.720268            0.720230            48957               0.560036            
0.768150            0.768387            179436              0.560040            
0.810535            0.810349            4797                0.560040            
0.948311            0.947964            49293               0.560040            
1.340054            1.340019            0                   0.560040            
0.960522            0.960548            315636              0.560040            
0.922279            0.922421            0                   0.560040            
0.879654            0.880154            20988               0.560040            
0.843285            0.843082            83973               0.560040            
0.936043            0.935898            480                 0.560040            
1.116047            1.115929            17328               0.560040            
0.966694            0.966743            15357               0.560040            
1.000233            1.000259            480                 0.560040            
0.979412            0.979412            23034               0.560040            
0.948841            0.949181            21117               0.560040            
0.949013            0.930004            150                 0.560040            
0.911720            0.930359            52350               0.560040            
1.011768            1.011799            588                 0.560040            
0.991871            0.991547            16800               0.560040            
0.935257            0.919651            15420               0.560040            
0.950871            0.966877            33108               0.560040            
0.960293            0.960190            38400               0.560040            
0.888664            0.888851            7680                0.560280            
0.868134            0.868015            12480               0.560280            
0.819370            0.819065            252504              0.560280            
0.822056            0.822411            21123               0.560280            
0.880348            0.880527            0                   0.560280            
0.899448            0.899338            107946              0.560280            
0.874504            0.874329            486                 0.560280            
0.920910            0.920952            66                  0.560280            
0.919743            0.919804            0                   0.560280            
0.942860            0.942783            15354               0.560280            
1.068104            1.068207            0                   0.560280            
1.028908            1.028812            35511               0.560280            
0.987118            0.987072            60                  0.560280            
0.996593            0.996517            35997               0.560280            
1.006123            1.006481            0                   0.560280            
0.933601            0.933491            35514               0.560280            
0.958778            0.937710            31674               0.560280            
0.960396            0.981213            33174               0.560280            
1.053410            1.053699            39405               0.560280            
0.963444            0.963081            11994               0.560280            
0.912064            0.912106            262050              0.560280            
0.864326            0.864597            39846               0.560280            
0.883621            0.883556            480                 0.560280            
0.979248            0.979465            61425               0.560280            
0.976017            0.975788            0                   0.560280            
1.020096            1.020390            15264               0.560280            
0.966881            0.966679            15369               0.560280            
0.906879            0.906624            22413               0.560280            
0.863319            0.863609            0                   0.560280            
0.879684            0.869061            0                   0.560280            
0.976974            0.987263            18276               0.560280            
0.946171            0.946037            0                   0.560280            
1.061104            1.041203            32139               0.560280            
1.073734            1.093819            32640               0.560280            
1.052364            1.052547            53259               0.560280            
0.960987            0.961018            31182               0.560280            
0.873722            0.873566            9120                0.560280            
0.912590            0.912720            14400               0.560280            
0.885059            0.884930            0                   0.560280            
0.914127            0.914040            279717              0.560280            
1.065449            1.065582            41373               0.560280            
0.944771            0.944782            480                 0.560280            
0.960995            0.961140            12                  0.560280            
1.068222            1.068024            69090               0.560280            
0.946278            0.946217            0                   0.560280            
0.937943            0.937950            0                   0.560280            
1.046135            1.046070            0                   0.560280            
1.009525            1.009598            0                   0.560280            
0.981686            0.981495            0                   0.560280            
0.993786            0.994064            0                   0.560280            
0.962402            0.961975            0                   0.560280            
0.973305            0.973679            330                 0.560280            
0.908260            0.908382            405                 0.560280            
0.927582            0.926853            18                  0.560280            
0.940319            0.940651            78                  0.560280            
0.978527            0.979080            36                  0.560280            
1.093815            1.060760            0                   0.560280            
1.084766            1.117592            0                   0.560280            
0.982201            0.981922            15360               0.560280            
0.971382            0.971451            0                   0.560280            
0.957077            0.957207            0                   0.560280            
0.963573            0.963692            37905               0.560280            
0.993507            0.993443            19197               0.560280            
1.033810            1.033764            90                  0.560280            
1.086597            1.086628    