Buffer_Pool+Pread	file_size = 32GB	io_size = 4096Bits	#worker = 450	#pool_size = 4194305	#pool_size = 4
IO_Throughput       SSD_Throughput      TLB_shootdown       Memory_usage        Eviction_count      
0.967838            0.952873            89928               1.755249            
0.941868            0.899811            140708242961111     2.670017            
0.930668            0.863846            261807              3.558926            
1.016956            0.914825            272175              4.480831            
1.032593            0.900604            251043              5.398361            
1.031525            0.871662            486444              6.283066            
0.758266            0.623180            380127              6.929409            
1.112583            0.887802            461427              7.830593            
1.085266            0.836502            529005              8.682228            
1.088146            0.808853            870687              9.505585            
1.144581            0.823536            1102929             10.342449           
1.195404            0.829559            1168626             11.183197           
1.259029            0.840111            1137114             12.031425           
0.578987            0.375191            484353              12.437122           
1.307652            0.824467            1106010             13.274849           
1.277561            0.772293            1331241             14.063072           
1.261372            0.735031            1772049             14.812454           
1.387337            0.775200            2060358             15.597897           
1.423538            0.759602            2043822             16.369865           
1.425816            0.726841            2111046             17.098679           
0.303555            0.151455            724965              17.122944           
0.296581            0.148106            706596              17.122944           
0.296322            0.148293            721416              17.122944           
0.300224            0.150169            726048              17.122944           
0.294514            0.146095            720732              17.122944           
0.281704            0.141052            772341              17.122944           
0.288647            0.144142            898050              17.122944           
0.290894            0.145367            930666              17.122944           
0.330387            0.166039            1102662             17.122944           
0.301586            0.151196            981891              17.122944           
0.293442            0.146152            931710              17.122944           
0.292706            0.146507            920832              17.122944           
0.293194            0.145626            917451              17.122944           
0.281979            0.141109            862458              17.122944           
0.291313            0.146107            881100              17.122944           
0.302280            0.150829            914109              17.122944           
0.298172            0.149658            889782              17.122944           
0.302425            0.151489            885168              17.122944           
0.313168            0.155769            913443              17.122944           
0.304565            0.152180            869964              17.122944           
0.301392            0.150345            854436              17.122944           
0.303272            0.152203            839280              17.123070           
0.304379            0.152325            846939              17.123070           
0.311100            0.154987            854715              17.123070           
0.314285            0.156307            855435              17.123070           
0.280636            0.140579            776154              17.123070           
0.299110            0.149193            836553              17.123070           
0.319275            0.158840            834867              17.123070           
0.311756            0.155758            833475              17.123070           
0.314762            0.157852            839337              17.123070           
0.309063            0.153912            821379              17.123070           
0.306129            0.153599            802026              17.123070           
0.307770            0.153770            788856              17.123070           
0.302155            0.150681            786264              17.123070           
0.310410            0.156250            799800              17.123070           
0.294346            0.147453            767580              17.123070           
0.284554            0.142464            754968              17.123070           
0.294445            0.146919            774081              17.123070           
0.296959            0.147781            726270              17.123070           
0.307987            0.153461            766185              17.123070           
0.287788            0.144207            711243              17.123070           
0.301331            0.150730            736434              17.123070           
0.296356            0.147964            714522              17.123070           
0.305031            0.152088            734373              17.123070           
0.305897            0.153038            727281              17.123070           
0.298748            0.149635            692508              17.123070           
0.305889            0.153114            702318              17.123070           
0.306332            0.153702            707880              17.123070           
0.309814            0.154968            709062              17.123070           
0.307663            0.154312            692652              17.123070           
0.297745            0.149639            720015              17.123070           
0.303673            0.152565            655368              17.123070           
0.309536            0.155037            651363              17.123070           
0.302441            0.151077            627273              17.123070           
0.310989            0.155724            641370              17.123070           
0.312492            0.155830            642555              17.123070           
0.302589            0.151299            601842              17.123070           
0.304314            0.153095            600135              17.123070           
0.312984            0.156059            612462              17.123070           
0.317200            0.159027            609690              17.123070           
0.316948            0.159069            599556              17.123070           
0.319370            0.159405            633465              17.123070           
0.320114            0.159828            633939              17.123070           
0.314945            0.157558            634266              17.123070           
0.321125            0.160904            650127              17.123070           
0.311794            0.155499            608976              17.123070           
0.318363            0.158794            629991              17.123070           
0.332371            0.166130            653784              17.123070           
0.332031            0.165848            632286              17.123070           
0.348190            0.174530            662541              17.123070           
0.368500            0.184860            686880              17.123070           
0.340080            0.171158            630741              17.123070           
0.356075            0.178349            610512              17.123070           
0.423592            0.212219            687774              17.123070           
0.442657            0.219589            675321              17.123070           
0.424812            0.212444            642825              17.123070           
0.430214            0.214188            612786              17.123070           
0.433960            0.216896            604479              17.123070           
0.454300            0.227898            632013   