Buffer_Pool+Pread	file_size = 32GB	io_size = 4096Bits	#worker = 200	#pool_num = 16	#pool_size = 16385	#io_server_num = 8
IO_Throughput       SSD_Throughput      TLB_shootdown       Memory_usage        Eviction_count      
0.908684            0.894688            12                  1.454227            
2.106503            2.039787            140702463853212     1.558388            
1.832050            1.773556            1677312             1.574005            
0.962639            0.932838            20030106            1.577614            
0.757977            0.734394            18735825            1.577614            
2.066601            2.002182            793179              1.577801            
2.022949            1.958027            4509                1.577801            
2.059624            1.995602            0                   1.577801            
2.078033            2.012943            0                   1.577801            
1.861889            1.804478            277869              1.577801            
2.032318            1.968998            77778               1.577801            
2.116554            2.050365            156489              1.577801            
2.054344            1.989624            271146              1.577801            
1.792690            1.735600            441                 1.577801            
2.000774            1.937832            0                   1.577801            
1.851768            1.793526            526395              1.577801            
2.065289            2.001129            524958              1.577801            
2.078136            2.012924            295485              1.577801            
2.096981            2.031548            445650              1.577801            
2.059639            1.995689            0                   1.577801            
2.017834            1.956097            0                   1.577801            
2.064087            1.999458            0                   1.577801            
2.183262            2.115871            157911              1.577801            
2.175774            2.108078            0                   1.577801            
2.083408            2.018028            0                   1.577801            
2.164146            2.096104            46734               1.577801            
1.977688            1.914490            239136              1.577801            
2.155960            2.088638            3255                1.577801            
2.149300            2.082218            165048              1.577801            
2.223118            2.153046            98439               1.577801            
2.184681            2.116066            21168               1.577801            
2.161800            2.094025            64230               1.577801            
2.161800            2.093323            2262                1.577801            
2.188522            2.120049            40203               1.577801            
2.139748            2.072311            0                   1.577801            
1.998718            1.936043            0                   1.577801            
2.133049            2.066067            300                 1.577801            
2.028564            1.965698            125709              1.577801            
2.119316            2.052597            29517               1.577801            
2.016705            1.953094            0                   1.577801            
2.100552            2.035320            24                  1.577801            
2.171585            2.104481            0                   1.577801            
2.013657            1.950542            97329               1.577801            
2.048927            1.985115            48                  1.577801            
2.076664            2.012878            104730              1.577801            
2.117634            2.050217            0                   1.577801            
2.088760            2.023277            0                   1.577801            
2.061211            1.996597            102                 1.57780