Buffer_Pool+Pread	file_size = 32GB	io_size = 4096Bits	#worker = 300	#pool_num = 16	#pool_size = 16385	#io_server_num = 5
IO_Throughput       SSD_Throughput      TLB_shootdown       Memory_usage        Eviction_count      
0.460930            0.461006            248262              0.557354            
0.999439            0.998810            140647284307072     0.557354            
1.215076            1.215298            60912               0.557354            
1.173107            1.173481            54741               0.557354            
1.186729            1.186718            39267               0.557354            
1.150070            1.149761            60999               0.557354            
1.318974            1.319141            52050               0.557354            
1.421268            1.382637            60078               0.557354            
1.313625            1.352417            50448               0.557354            
1.154778            1.154282            65616               0.557354            
1.281158            1.281689            948                 0.557354            
1.218620            1.218178            42138               0.557354            
1.226791            1.226936            48                  0.557354            
1.356796            1.356327            170955              0.557354            
1.409252            1.410027            0                   0.557354            
1.259048            1.258881            15465               0.557354            
1.358807            1.358456            0                   0.557354            
1.388287            1.388191            16701               0.557354            
1.352798            1.328091            0                   0.557354            
1.436081            1.461018            16356               0.557354            
1.397911            1.397736            16464               0.557354            
1.384773            1.384857            48                  0.557354            
1.331219            1.331821            15357               0.557354            
1.240200            1.239849            31200               0.557354            
1.355598            1.355354            31674               0.557354            
1.312675            1.313065            0                   0.557354            
1.310966            1.310783            31680               0.557354            
1.209839            1.209644            96                  0.557354            
1.199112            1.199131            217401              0.557545            
1.307758            1.308102            48                  0.557545            
1.354378            1.353989            0                   0.557545            
1.244560            1.244858            96                  0.557545            
1.380749            1.380512            17280               0.557545            
1.367897            1.368046            19728               0.557545            
1.453342            1.453266            16797               0.557545            
1.399139            1.399208            0                   0.557545            
1.241096            1.240623            34683               0.557545            
1.152534            1.153469            19200               0.557545            
1.146641            1.146175            51                  0.557545            
1.177372            1.177795            16317               0.557545            
1.108776            1.108391            30780               0.557545            
1.167542            1.167591            30120               0.557545            
1.354740            1.354500            12057               0.557545            
1.185474            1.185596            180495              0.557545            
1.201099            1.201458            0                   0.557545            
1.248539            1.248081            0                   0.557545            
1.272514            1.272720            0                   0.557545            
1.240395            1.240368            48                  0.55754