Buffer_Pool+Pread	file_size = 32GB	io_size = 4096Bits	#worker = 150	#pool_size = 4194305	#pool_size = 4
IO_Throughput       SSD_Throughput      TLB_shootdown       Memory_usage        Eviction_count      
1.072330            1.054451            149214              1.888821            
0.961235            0.915874            139947321342780     2.822987            
0.847622            0.784840            488853              3.624336            
1.048935            0.942791            564093              4.580971            
1.084999            0.943928            621201              5.541763            
1.025539            0.861382            878130              6.418343            
0.780361            0.638039            888273              7.075340            
1.073154            0.853516            1301361             7.944656            
1.124073            0.863358            1649307             8.821064            
1.106571            0.820984            1671501             9.655979            
1.156525            0.827049            2038128             10.496876           
1.226479            0.843819            2161314             11.351898           
1.279263            0.848392            2045157             12.213448           
0.617657            0.396244            986889              12.638184           
1.346951            0.842552            2067393             13.493176           
1.369663            0.817051            2199225             14.322968           
1.348400            0.774014            2393625             15.111237           
1.344570            0.738537            2860176             15.861633           
1.345680            0.710228            3404970             16.584030           
1.105881            0.558449            2610051             17.115578           
0.278423            0.138702            749955              17.115578           
0.286243            0.143990            770259              17.115578           
0.287106            0.143715            764277              17.115578           
0.295601            0.147434            769728              17.115578           
0.287395            0.143768            741975              17.115578           
0.300068            0.150669            776091              17.115578           
0.287586            0.143570            749841              17.115578           
0.287983            0.143433            741144              17.115578           
0.294613            0.146961            744654              17.115578           
0.284477            0.142376            713094              17.115578           
0.283302            0.141792            704715              17.115578           
0.291473            0.146370            711900              17.115578           
0.277328            0.138569            716802              17.115871           
0.262932            0.131367            710970              17.115871           
0.284374            0.141830            741624              17.115871           
0.286777            0.143604            734223              17.115871           
0.296528            0.148010            765978              17.115871           
0.283276            0.141518            714033              17.115871           
0.296665            0.147739            740772              17.115871           
0.295116            0.148121            733716              17.115871           
0.306896            0.153534            753492              17.115871           
0.306629            0.153152            748584              17.115871           
0.298195            0.149143            718035              17.115871           
0.311565            0.155052            738504              17.115871           
0.314575            0.157890            739773              17.115871           
0.316685            0.157684            729528              17.115871           
0.326340            0.163887            789330              17.115871           
0.303425            0.151287            695694              17.115871           
0.296650            0.148190            664377              17.115871           
0.291519            0.145824            665181              17.115871           
0.307552            0.154118            672615              17.115871           
0.342464            0.170895            755169              17.115871           
0.329300            0.164684            717921              17.115871           
0.330566            0.164986            740937              17.115871           
0.353462            0.176823            791373              17.115871           
0.309715            0.154366            661128              17.115871           
0.306446            0.154057            636225              17.115871           
0.306423            0.152996            622884              17.115871           
0.362404            0.181904            739863              17.115871           
0.373032            0.186333            745305              17.115871           
0.419476            0.207783            835641              17.115871           
0.409248            0.204620            793065              17.115871           
0.474255            0.236980            920700              17.115871           
0.497158            0.249062            964863              17.115871           
0.514648            0.258873            986412              17.115871           
0.534035            0.265667            999630              17.115871           
0.570690            0.285252            1063389             17.115871           
0.606972            0.303402            1109256             17.115871           
0.554150            0.278210            978381              17.115871           
0.591713            0.295712            1024104             17.115871           
0.580399            0.291206            1019616             17.115871           
0.557365            0.279152            975414              17.115871           
0.501598            0.251301            792363              17.115871           
0.549473            0.274239            877584              17.115871           
0.516796            0.257462            805599              17.115871           
0.518635            0.259151            787998              17.115871           
0.552010            0.275642            842010              17.115871           
0.555599            0.277683            833874              17.115871           
0.526684            0.264744            774921              17.115871           
0.565022            0.282146            826578              17.115871           
0.604778            0.302902            885738              17.115871           
0.657036            0.327805            941256              17.115871           
0.595608            0.296780            819309              17.115871           
0.648190            0.325073            877875              17.115871           
0.594105            0.297634            764076              17.115871           
0.603111            0.300888            768393              17.115871           
0.673183            0.337036            835701              17.115871           
0.623821            0.312153            740319              17.115871           
0.676174            0.337086            780672              17.115871           
0.632679            0.315941            694422              17.115871           
0.665165            0.332138            732282              17.115871           
0.527916            0.262932            551682              17.115871           
0.489517            0.245739            568191              17.115871           
0.588356            0.294453            670119              17.115871           
0.676853            0.337864            667713              17.115871           
0.806755            0.403919            55758               17.115871           
0.829010            0.414623            57588               17.115871           
0.906555            0.455112            32703               17.115871           
0.879318            0.438931            20145    