Buffer_Pool+Pread	file_size = 32GB	io_size = 4096Bits	#worker = 300	#pool_num = 16	#pool_size = 16385	#io_server_num = 5
IO_Throughput       SSD_Throughput      TLB_shootdown       Memory_usage        Eviction_count      
1.246456            1.247276            168735              0.557358            
1.205559            1.205826            139656294631040     0.557358            
1.198994            1.199066            76287               0.557358            
1.258438            1.258015            51462               0.557358            
1.341831            1.342342            49524               0.557358            
1.338970            1.305653            46506               0.557358            
1.426594            1.458687            115491              0.557358            
1.455261            1.455360            96369               0.557358            
1.470650            1.471203            52338               0.557358            
1.338211            1.338570            2400                0.557358            
1.216702            1.216694            41715               0.557358            
1.369442            1.369198            0                   0.557358            
1.224049            1.224121            131085              0.557358            
1.264706            1.264709            0                   0.557358            
1.336353            1.336357            24957               0.557358            
1.337570            1.337528            429                 0.557358            
1.448406            1.448452            32634               0.557358            
1.492233            1.492115            17280               0.557358            
1.382187            1.382294            15840               0.557358            
1.377201            1.377415            16317               0.557358            
1.381729            1.381470            17766               0.557358            
1.521004            1.490532            20916               0.557358            
1.466137            1.496681            35994               0.557358            
1.402557            1.402641            20151               0.557533            
1.484726            1.484879            0                   0.557533            
1.498131            1.497635            8640                0.557533            
1.450436            1.450115            0                   0.557533            
1.437077            1.437485            57                  0.557533            
1.505440            1.505402            92139               0.557533            
1.268272            1.269051            62874               0.557533            
1.302055            1.301735            48                  0.557533            
1.310368            1.310070            0                   0.557533            
1.307003            1.307255            26397               0.557533            
1.217545            1.217804            35085               0.557533            
1.191410            1.190762            19680               0.557533            
1.217152            1.217705            0                   0.557533            
1.216366            1.215996            16794               0.557533            
1.388763            1.388706            216                 0.557533            
1.319252            1.319313            16311               0.557533            
1.314991            1.314697            18                  0.557533            
1.334476            1.334530            16320               0.557533            
1.289593            1.290051            23511               0.557533            
1.299206            1.299164            38442               0.557533            
1.232765            1.232246            30720               0.557533            
1.349110            1.349842            0                   0.557533            
1.334167            1.333878            0                   0.557533            
1.263992            1.263592            72                  0.557533            
1.342602            1.343025            0                   0.557533            
1.381214            1.380878            0                   0.557533            
1.374508            1.374432            411                 0.557533            
1.298332            1.298752            0                   0.557533            
1.314930            1.314678            145986              0.557533            
1.317444            1.317234            0                   0.557533            
1.287968            1.288425            30729               0.557533            
1.252842            1.252438            0                   0.557533            
1.221600            1.222149            0                   0.557533            
1.257877            1.257835            48                  0.557533            
1.180248            1.180416            0                   0.557533            
1.131844            1.131298            0                   0.557533            
1.272163            1.272747            0                   0.557533            
1.180321            1.179543            0                   0.557533            
1.333111            1.333729            35082               0.557533            
1.191067            1.191017            0                   0.557533            
1.211136            1.210960            0                   0.557533            
1.280224            1.280113            0                   0.557533            
1.199142            1.198971            24                  0.557533            
1.169716            1.169888            216                 0.557533            
1.261303            1.261219            0                   0.557533            
1.270931            1.270836            17322               0.557533            
1.260159            1.260132            0                   0.557533            
1.143124            1.143513            0                   0.557533            
1.217484            1.217274            330                 0.557533            
1.288021            1.287956            33675               0.557533            
1.352512            1.352802            0                   0.557533            
1.267082            1.266949            15360               0.557533            
1.282093            1.282501            54                  0.557533            
1.247654            1.247513            23517               0.557533            
1.268188            1.267834            0                   0.557533            
1.247543            1.247761            35517               0.557533            
1.253426            1.253021            18240               0.557533            
1.468899            1.469025            10413               0.557533            
1.560093            1.560299            0                   0.557533            
1.572803            1.572792            140127              0.557533            
1.413910            1.413624            0                   0.557533            
1.420338            1.420605            0                   0.557533            
1.334179            1.334324            48                  0.557533            
1.328465            1.328514            0                   0.557533            
1.324757            1.324833            48                  0.557533            
1.297993            1.297546            54                  0.557533            
1.249714            1.250008            0                   0.557533            
1.271667            1.271442            144                 0.557533            
1.217384            1.217861            0                   0.557533            
1.306858            1.306328            0                   0.557533            
1.335728            1.335781            0                   0.557533            
1.301880            1.302177            0                   0.557533            
1.307163            1.306946            48                  0.557533            
1.323830            1.324039            0                   0.557533            
1.296738            1.296394            25440               0.557533            
1.258068            1.258450            0                   0.557533            
1.211700            1.211967            34011               0.557533            
1.175110            1.175011            0                   0.557533            
1.230671            1.230366            0                   0.557533            
1.233295            1.233009            0                   0.557533            
1.244305            1.244644            0                   0.557533            
1.203274            1.203304            48                  0.557533            
1.221451            1.221214            20157               0.557533            
1.224789            1.224777            19197               0.557533            
1.230789            1.231037            0                   0.557533            
1.172791            1.172405            18705               0.557533            
1.292900            1.292816            18828               0.557533            
1.223915            1.224297            0                   0.557533            
1.340996            1.340714            0                   0.557533            
1.190922            1.190823            56151               0.557533            
1.340290            1.340565            19197               0.557533            
1.279896            1.279846            48                  0.557533            
1.446980            1.446907            9993                0.557533            
1.456909            1.457237            131001              0.557533            
1.226330            1.226162            0                   0.557533            
1.262718            1.262890            0                   0.557533            
1.237404            1.237202            48                  0.557533            
1.268654            1.268669            0                   0.557533            
1.249260            1.249367            0                   0.557533            
1.336063            1.336269            0                   0.557533            
1.167404            1.167229            0                   0.557533            
1.170364            1.170044            48                  0.557533            
1.218979            1.219086            0                   0.557533            
1.228146            1.228287            0                   0.557533            
1.214447            1.214264            0                   0.557533            
1.138821            1.139420            144                 0.557533            
1.180447            1.179909            0                   0.557533            
1.196941            1.197090            0                   0.557533            
1.200123            1.200005            0                   0.557533            
1.317772            1.317974            0                   0.557533            
1.241978            1.241619            48                  0.557533            
1.089012            1.089214            0                   0.557533            
1.043716            1.043423            0                   0.557533            
1.193718            1.193893            21594               0.557533            
1.265530            1.265705            0                   0.557533            
1.201324            1.201271            0                   0.557533            
1.210854            1.210701            0                   0.557533            
1.202816            1.202789            0                   0.557533            
1.230206            1.230270            0                   0.557533            
1.225300            1.225330            0                   0.557533            
1.349533            1.349667            48                  0.557533            
1.268017            1.267765            0                   0.557533            
1.193321            1.193523            357                 0.557533            
1.195480            1.195415            0                   0.557533            
1.254650            1.254654            0                   0.557533            
1.200745            1.200615            69                  0.557533            
1.314194            1.314388            42                  0.557533            
1.359745            1.360023            0                   0.557533            
1.248028            1.247677            0                   0.557533            
1.246799            1.246914            48                  0.557533            
1.243206            1.242973            0                   0.557533            
1.142918            1.143188            0                   0.557533            
1.204041            1.203785            29280               0.557533            
1.300671            1.301018            16314               0.557533            
1.229164            1.228813            16848               0.557533            
1.238415            1.238846            0                   0.557533            
1.233929            1.233746            0                   0.557533            
1.300690            1.300655            15840               0.557533            
1.270279            1.270237            0                   0.557533            
1.199600            1.199711            144                 0.557533            
1.194752            1.194397            35997               0.557533            
1.170433            1.170719            31188               0.557533            
1.179447            1.179333            0                   0.557533            
1.183411            1.183716            16800               0.557533            
1.185139            1.184692            48                  0.557533            
1.190292            1.190548            0                   0.557533            
1.197559            1.197437            0                   0.557533            
1.154613            1.154655            9600                0.557606            
1.196606            1.196865            0                   0.557606            
1.184437            1.184059            48                  0.557606            
1.207905            1.208225            0                   0.557606            
1.292202            1.291946            131472              0.557606            
1.277721            1.278095            528                 0.557606            
1.255108            1.254799            0                   0.557606            
1.334965            1.335007            69                  0.557606            
1.286434            1.286133            0                   0.557606            
1.292736            1.293144            0                   0.557606            
1.265320            1.265347            0                   0.557606            
1.231617            1.231537            72                  0.557606            
1.173790            1.174110            6                   0.557606            
1.174328            1.173634            0                   0.557606            
1.221962            1.222244            30                  0.557606            
1.307835            1.307831            0                   0.557606            
1.193146            1.193031            48                  0.557606            
1.174065            1.174385            0                   0.557606            
1.180077            1.179913            0                   0.557606            
1.273952            1.273609            0                   0.557606            
1.258354            1.258492            63                  0.557606            
1.184269            1.184502            0                   0.557606            
1.194527            1.194534            0                   0.557606            
1.172588            1.172604            0                   0.557606            
1.303131            1.303383            24954               0.557606            
1.332294            1.331959            0                   0.557606            
1.411518            1.411400            48                  0.557606            
1.285973            1.285854            0                   0.557606            
1.294952            1.295273            0                   0.557606            
1.323776            1.323940            0                   0.557606            
1.297508            1.296932            0                   0.557606            
1.265289            1.265781            201                 0.557606            
1.335506            1.335300            0                   0.557606            
1.368896            1.368965            0                   0.557606            
1.343155            1.342945            0                   0.557606            
1.329472            1.329674            0                   0.557606            
1.312290            1.312229            0                   0.557606            
1.299435            1.299751            0                   0.557606            
1.327385            1.327175            12                  0.557606            
1.309471            1.309547            0                   0.557606            
1.326023            1.325562            48                  0.557606            
1.240021            1.240597            0                   0.557606            
1.292568            1.292187            0                   0.557606            
1.292519            1.292568            29274               0.557606            
1.311192            1.311066            0                   0.557606            
1.289257            1.289211            48                  0.557606            
1.274723            1.275074            0                   0.557606            
1.205688            1.205444            0                   0.557606            
1.270340            1.270279            0                   0.557606            
1.262924            1.262836            0                   0.557606            
1.192570            1.192890            48                  0.557606            
1.295223            1.295452            0                   0.557606            
1.279449            1.279034            66                  0.557606            
1.308140            1.308567            0                   0.557606            
1.296482            1.295967            0                   0.557606            
1.262806            1.263458            48                  0.557606            
1.256676            1.256088            0                   0.557606            
1.295799            1.296234            0                   0.557606            
1.233540            1.233147            0                   0.557606            
1.264725            1.265049            0                   0.557606            
1.277290            1.276955            48                  0.557606            
1.281937            1.282135            0                   0.557606            
1.243309            1.243584            20154               0.557606            
1.275539            1.274902            480                 0.557606            
1.276005            1.276169            48                  0.557606            
1.279472            1.279713            19680               0.557606            
1.296432            1.296234            0                   0.557606            
1.251202            1.251572            18768               0.557606            
1.217514            1.217224            41277               0.557606            
1.303589            1.303631            117                 0.557606            
1.285454            1.285088            0                   0.557606            
1.255886            1.256210            0                   0.557606            
1.363773            1.363701            0                   0.557606            
1.306328            1.306477            0                   0.557606            
1.324123            1.323891            32217               0.557606            
1.320992            1.321178            19200               0.557690            
1.255283            1.255360            9570                0.557747            
1.285290            1.285187            0                   0.557747            
1.230392            1.230503            0                   0.557747            
1.335808            1.335503            129141              0.557938            
1.315788            1.316071            0                   0.557938            
1.333893            1.333721            48                  0.557938            
1.309967            1.310303            0                   0.557938            
1.353146            1.352566            0                   0.557938            
1.272514            1.272823            54                  0.557938            
1.236450            1.236389            0                   0.557938            
1.228806            1.228558            0                   0.557938            
1.191681            1.192497            0                   0.557938            
1.218563            1.217880            48                  0.557938            
1.293106            1.293610            0                   0.557938            
1.214279            1.213982            0                   0.557938            
1.258472            1.258671            0                   0.557938            
1.332424            1.332336            0                   0.557938            
1.286148            1.285740            0                   0.557938            
1.295990            1.296097            0                   0.557938            
1.263172            1.263348            0                   0.557938            
1.272572            1.272400            48                  0.557938            
1.205753            1.206165            0                   0.557938            
1.138866            1.138599            0                   0.557938            
1.199684            1.199722            0                   0.557938            
1.297806            1.297749            0                   0.557938            
1.253494            1.253754            0                   0.557938            
1.223373            1.223019            0                   0.557938            
1.297131            1.297112            66                  0.557938            
1.268963            1.269257            0                   0.557938            
1.217976            1.218170            0                   0.557938            
1.170975            1.170776            0                   0.557938            
1.163620            1.163239            0                   0.557938            
1.145855            1.146221            0                   0.557938            
1.210346            1.210266            0                   0.557938            
1.196407            1.196163            0                   0.557938            
1.203541            1.203686            0                   0.557938            
1.191017            1.191067            102                 0.557938            
1.159245            1.159348            0                   0.557938            
1.164326            1.164497            0                   0.557938            
1.211494            1.211124            22557               0.558128            
1.216389            1.216663            29274               0.558357            
1.195889            1.195679            54                  0.558357            
1.220264            1.220158            0                   0.558357            
1.225594            1.226074            0                   0.558357            
1.221645            1.221611            0                   0.558357            
1.181610            1.181179            48                  0.558357            
1.275768            1.275806            0                   0.558357            
1.301693            1.301754            0                   0.558357            
1.238842            1.238693            0                   0.558357            
1.205330            1.205372            0                   0.558357            
1.253925            1.253822            0                   0.558357            
1.232124            1.232647            0                   0.558357            
1.272038            1.271721            0                   0.558357            
1.270058            1.269825            0                   0.558357            
1.271038            1.271568            12                  0.558357            
1.271004            1.270794            0                   0.558357            
1.268314            1.244114            0                   0.558357            
1.197304            1.221478            0                   0.558357            
1.243263            1.243496            0                   0.558357            
1.262325            1.261875            37434               0.558643            
1.276268            1.276684            15351               0.558739            
1.247448            1.247272            0                   0.558758            
1.269787            1.269794            36                  0.558758            
1.271835            1.272038            72                  0.558758            
1.173309            1.173092            0                   0.558758            
1.198059            1.197914            51                  0.558758            
1.162319            1.162647            48                  0.558758            
1.240314            1.240494            15360               0.558929            
1.180023            1.179268            0                   0.558929            
1.184307            1.184875            0                   0.558929            
1.187668            1.187897            0                   0.558929            
1.249611            1.248962            51411               0.559273            
1.219372            1.220016            16800               0.559353            
1.233215            1.232906            9120                0.560192            
1.202248            1.202206            151668              0.561584            
1.248264            1.248272            42                  0.561584            
1.180954            1.180836            0                   0.561584            
1.189308            1.189133            0                   0.561584            
1.278774            1.278954            0                   0.561584            
1.259621            1.259590            0                   0.561584            
1.211937            1.212109            96                  0.561584            
1.170471            1.170155            0                   0.561584            
1.249229            1.234589            0                   0.561584            
1.186558            1.201843            0                   0.561584            
1.136902            1.136261            0                   0.561584            
1.223263            1.223999            0                   0.561584            
1.163105            1.162868            0                   0.561584            
1.241425            1.240887            0                   0.561584            
1.301769            1.301929            0                   0.561584            
1.297386            1.297760            0                   0.561584            
1.226437            1.226349            48                  0.561584            
1.123966            1.123596            0                   0.561584            
1.110950            1.111115            0                   0.561584            
1.160816            1.160728            21120               0.561642            
1.146523            1.146770            0                   0.561642            
1.150326            1.150360            48                  0.561642            
1.124691            1.124260            0                   0.561642            
1.096935            1.097420            0                   0.561642            
1.151291            1.151035            66                  0.561642            
1.231655            1.231777            48                  0.561642            
1.192169            1.191753            0                   0.561642            
1.155487            1.155590            0                   0.561642            
1.225655            1.225922            0                   0.561642            
1.275764            1.275478            0                   0.561642            
1.285397            1.285789            0                   0.561642            
1.341324            1.340836            0                   0.561642            
1.260765            1.260910            0                   0.561642            
1.286293            1.286491            54                  0.561642            
1.262730            1.262722            0                   0.561642            
1.308308            1.308197            0                   0.561642            
1.288338            1.288647            18                  0.561642            
1.245438            1.245193            0                   0.561642            
1.316814            1.316582            0                   0.561642            
1.355560            1.355995            0                   0.561642            
1.402981            1.402744            48                  0.561642            
1.363708            1.345757            0                   0.561642            
1.347843            1.365662            0                   0.561642            
1.349998            1.350296            0                   0.561642            
1.276234            1.256771            0                   0.561642            
1.222164            1.241642            42                  0.561642            
1.256603            1.256580            150                 0.561642            
1.305183            1.305378            153                 0.561642            
1.287933            1.287529            0                   0.561642            
1.288570            1.288845            48                  0.561642            
1.195240            1.194725            0                   0.561642            
1.256413            1.257282            0                   0.561642            
1.289543            1.289074            0                   0.561642            
1.220081            1.197212            0                   0.561642            
1.321163            1.343857            72                  0.561642            
1.273636            1.273876            0                   0.561642            
1.369225            1.369183            32160               0.561852            
1.272987            1.272709            0                   0.561852            
1.261280            1.261406            0                   0.561852            
1.348289            1.348392            144                 0.561852            
1.312782            1.312641            0                   0.561852            
1.274654            1.274639            0                   0.561852            
1.297161            1.297218            0                   0.561852            
1.295807            1.295948            0                   0.561852            
1.301476            1.301380            48                  0.561852            
1.348721            1.348774            0                   0.561852            
1.340240            1.340027            0                   0.561852            
1.293144            1.293442            0                   0.561852            
1.278255            1.277996            0                   0.561852            
1.252056            1.252327            48                  0.561852            
1.287926            1.287663            0                   0.561852            
1.236462            1.236450            0                   0.561852            
1.290058            1.290508            0                   0.561852            
1.265446            1.265144            63                  0.561852            
1.262596            1.262936            0                   0.561852            
1.268761            1.268406            15840               0.561947            
1.239586            1.239689            15897               0.562061            
1.214870            1.214622            6                   0.562061            
1.176617            1.176792            48                  0.562061            
1.221619            1.221657            18720               0.562309            
1.223209            1.223297            0                   0.562309            
1.176098            1.176060            0                   0.562309            
1.229630            1.229443            0                   0.562309            
1.238029            1.238136            63                  0.562309            
1.191147            1.191185            0                   0.562309            
1.182236            1.182049            0                   0.562309            
1.160988            1.160973            15840               0.562405            
1.173454            1.173714            0                   0.562405            
1.197468            1.197464            20433               0.562561            
1.228851            1.228764            30240               0.562950            
1.173080            1.172882            0                   0.562950            
1.085365            1.085720            0                   0.562950            
1.173069            1.172993            0                   0.562950            
1.266106            1.266243            51                  0.562950            
1.343243            1.342968            0                   0.562950            
1.424850            1.424686            0                   0.562950            
1.231884            1.232113            0                   0.562950            
1.249901            1.249802            0                   0.562950            
1.227726            1.228088            78                  0.562950            
1.247028            1.247047            0                   0.562950            
1.261150            1.260822            0                   0.562950            
1.328659            1.328739            6                   0.562950            
1.303432            1.303528            0                   0.562950            
1.301739            1.301929            0                   0.562950            
1.242348            1.242043            0                   0.562950            
1.147415            1.147823            0                   0.562950            
1.189430            1.188839            0                   0.562950            
1.281021            1.280998            16797               0.563030            
1.286690            1.286869            0                   0.563030            
1.281460            1.281502            9600                0.563206            
1.272617            1.272556            0                   0.563206            
1.364021            1.363758            0                   0.563206            
1.235733            1.236332            48                  0.563206            
1.381397            1.380989            0                   0.563206            
1.399269            1.399574            0                   0.563206            
1.305763            1.305424            0                   0.563206            
1.348671            1.348843            282                 0.563206            
1.392509            1.392605            48                  0.563206            
1.340839            1.340462            0                   0.563206            
1.394611            1.394604            0                   0.563206            
1.399776            1.399933            0                   0.563206            
1.328327            1.328220            0                   0.563206            
1.372147            1.372139            48                  0.563206            
1.318497            1.318714            0                   0.563206            
1.277725            1.277939            0                   0.563206            
1.363274            1.363049            0                   0.563206            
1.289078            1.289150            0                   0.563206            
1.377533            1.377316            144                 0.563206            
1.438499            1.438541            0                   0.563206            
1.228210            1.228336            121908              0.563301            
1.156960            1.156811            0                   0.563301            
1.147125            1.147194            66                  0.563301            
1.221645            1.221489            0                   0.563301            
1.209442            1.209511            0                   0.563301            
1.224724            1.224644            0                   0.563301            
1.160294            1.160439            0                   0.563301            
1.266579            1.266560            48                  0.563301            
1.242085            1.242531            0                   0.563301            
1.272453            1.271889            0                   0.563301            
1.243397            1.243542            0                   0.563301            
1.173904            1.174187            0                   0.563301            
1.181782            1.181339            48                  0.563301            
1.146950            1.147255            0                   0.563301            
1.160973            1.160927            0                   0.563301            
1.209389            1.209240            0                   0.563301            
1.241234            1.241238            0                   0.563301            
1.170654            1.170883            42                  0.563301            
1.242863            1.242638            0                   0.563301            
1.220264            1.220581            22080               0.563301            
1.232128            1.231915            0                   0.563301            
1.252422            1.252182            0                   0.563301            
1.294277            1.294506            48                  0.563301            
1.279659            1.279491            0                   0.563301            
1.130344            1.130669            0                   0.563301            
1.201542            1.201221            0                   0.563301            
1.237160            1.237648            72                  0.563301            
1.126003            1.125504            0                   0.563301            
1.173256            1.173744            0                   0.563301            
1.211552            1.211227            0                   0.563301            
1.223629            1.191513            0                   0.563301            
1.333439            1.365345            48                  0.563301            
1.248657            1.248684            0                   0.563301            
1.322197            1.322453            120                 0.563301            
1.223961            1.223701            0                   0.563301            
1.256332            1.256485            0                   0.563301            
1.262581            1.262871            144                 0.563301            
1.223221            1.222889            0                   0.563301            
1.204651            1.205063            28320               0.563320            
1.223782            1.223301            0                   0.563320            
1.194214            1.194248            0                   0.563320            
1.180244            1.180408            2925                0.563320            
1.202896            1.202793            30237               0.563339            
1.185890            1.186062            6                   0.563339            
1.185631            1.185413            15840               0.563339            
1.196980            1.197407            15360               0.563339            
1.262428            1.261742            48                  0.563339            
1.158665            1.158989            0                   0.563339            
1.277065            1.277061            0                   0.563339            
1.273563            1.245399            51                  0.563339            
1.336040            1.364136            0                   0.563339            
1.195942            1.196117            72                  0.563339            
1.228104            1.228241            0                   0.563339            
1.247204            1.246887            0                   0.563339            
1.283875            1.284241            20640               0.563339            
1.203186            1.203171            72                  0.563339            
1.203064            1.203110            30720               0.563358            
1.243225            1.242928            0                   0.563358            
1.249294            1.249439            0                   0.563358            
1.264923            1.264713            0                   0.563358            
1.288803            1.288925            72                  0.563358            
1.384830            1.384567            0                   0.563358            
1.325981            1.326187            0                   0.563358            
1.261478            1.261497            0                   0.563358            
1.186737            1.186886            99                  0.563358            
1.204781            1.204655            48                  0.563358            
1.186314            1.186146            0                   0.563358            
1.198441            1.198360            0                   0.563358            
1.168724            1.168659            0                   0.563358            
1.202854            1.202908            0                   0.563358            
1.232941            1.233437            0                   0.563358            
1.233311            1.232849            0                   0.563358            
1.237946            1.237957            0                   0.563358            
1.264256            1.264431            0                   0.563358            
1.210739            1.210587            0                   0.563358            
1.262604            1.262424            16794               0.563358            
1.190315            1.190582            9117                0.563362            
1.177528            1.177528            0                   0.563362            
1.242218            1.242443            0                   0.563362            
1.345268            1.345463            0                   0.563362            
1.298313            1.297928            48                  0.563362            
1.245220            1.245789            0                   0.563362            
1.231903            1.231255            0                   0.563362            
1.296253            1.296467            0                   0.563362            
1.223679            1.223682            63                  0.563362            
1.204628            1.204369            0                   0.563362            
1.205448            1.205635            0                   0.563362            
1.200394            1.200500            9                   0.563362            
1.213509            1.213245            48                  0.563362            
1.126022            1.126087            789                 0.563362            
1.135738            1.135654            177                 0.563362            
1.193134            1.193130            279                 0.563362            
1.258129            1.258667            18                  0.563362            
1.265354            1.264946            0                   0.563362            
1.177185            1.177185            126                 0.563362            
1.189075            1.188969            145452              0.563362            
1.186604            1.186756            0                   0.563362            
1.185204            1.185150            0                   0.563362            
1.146225            1.146461            0                   0.563362            
1.102085            1.102020            72                  0.563362            
1.148903            1.148609            0                   0.563362            
1.228863            1.228882            0                   0.563362            
1.240475            1.240448            0                   0.563362            
1.182232            1.182457            0                   0.563362            
1.087967            1.087448            3