Buffer_Pool+Pread	file_size = 32GB	io_size = 4096Bits	#worker = 300	#pool_num = 16	#pool_size = 16385	#io_server_num = 10
IO_Throughput       SSD_Throughput      TLB_shootdown       Memory_usage        Eviction_count      
0.000000            0.000000            190374              0.556049            
0.000000            0.000000            139754154943394     0.556049            
0.000000            0.000000            22059               0.556049            
0.000000            0.000000            49974               0.556049            
0.000000            0.000000            22122               0.556049            
0.000000            0.000000            23991               0.556049            
0.000000            0.000000            24447               0.556049            
0.000000            0.000000            23028               0.556049            
0.000000            0.000000            39330               0.556049            
0.000000            0.000000            16320               0.556049            
0.000000            0.000000            33120               0.556049            
0.000000            0.000000            0                   0.556049            
0.000000            0.000000            167475              0.556049            
0.000000            0.000000            0                   0.556049            
0.000000            0.000000            22449               0.556049            
0.000000            0.000000            4230                0.556049            
0.000000            0.000000            16278               0.556049            
0.000000            0.000000            270                 0.556049            
0.000000            0.000000            17379               0.556049            
0.000000            0.000000            15360               0.556049            
0.000000            0.000000            0                   0.556049            
0.000000            0.000000            16314               0.556049            
0.000000            0.000000            18270               0.556049            
0.000000            0.000000            0                   0.556049            
0.000000            0.000000            17760               0.556049            
0.000000            0.000000            18480               0.556049            
0.000000            0.000000            0                   0.556049            
0.000000            0.000000            30708               0.556179            
0.000000            0.000000            0                   0.556179            
0.000000            0.000000            16320               0.556179            
0.000000            0.000000            48                  0.556179            
0.000000            0.000000            180921              0.556179            
0.000000            0.000000            15360               0.556179            
0.000000            0.000000            15840               0.556179            
0.000000            0.000000            72                  0.556179            
0.000000            0.000000            15837               0.556179            
0.000000            0.000000            0                   0.556179            
0.000000            0.000000            17280               0.556179            
0.000000            0.000000            0                   0.556179            
0.000000            0.000000            31725               0.556179            
0.000000            0.000000            16800               0.556179            
0.000000            0.000000            0                   0.556179            
0.000000            0.000000            0                   0.556179            
0.000000            0.000000            0                   0.556179            
0.000000            0.000000            23166               0.556179            
0.000000            0.000000            16812               0.556179            
0.000000            0.000000            171825              0.556179            
0.000000            0.000000            15360               0.556179            
0.000000            0.000000            0                   0.556179            
0.000000            0.000000            753                 0.556179            
0.000000            0.000000            15360               0.556179            
0.000000            0.000000            0                   0.556179            
0.000000            0.000000            0                   0.556179            
0.000000            0.000000            0                   0.556179            
0.000000            0.000000            16362               0.556179            
0.000000            0.000000            17754               0.556179            
0.000000            0.000000            0                   0.556179            
0.000000            0.000000            0                   0.556179            
0.000000            0.000000            15912               0.556179            
0.000000            0.000000            63                  0.556179            
0.000000            0.000000            0                   0.556179            
0.000000            0.000000            32637               0.556179            
0.000000            0.000000            0                   0.556179            
0.000000            0.000000            23127               0.556179            
0.000000            0.000000            171345              0.556179            
0.000000            0.000000            0                   0.556179            
0.000000            0.000000            32634               0.556179            
0.000000            0.000000            0                   0.556179            
0.000000            0.000000            15360               0.556179            
0.000000            0.000000            15840               0.556179            
0.000000            0.000000            16800               0.556179            
0.000000            0.000000            31200               0.556179            
0.000000            0.000000            0                   0.556179            
0.000000            0.000000            48                  0.556179            
0.000000            0.000000            15903               0.556179            
0.000000            0.000000            0                   0.556179            
0.000000            0.000000            0                   0.556179            
0.000000            0.000000            22485               0.556179            
0.000000            0.000000            207                 0.556179            
0.000000            0.000000            0                   0.556179            
0.000000            0.000000            0                   0.556179            
0.000000            0.000000            0                   0.556179            
0.000000            0.000000            0                   0.556179            
0.000000            0.000000            120                 0.556179            
0.000000            0.000000            0                   0.556179            
0.000000            0.000000            0                   0.556179            
0.000000            0.000000            0                   0.556179            
0.000000            0.000000            54                  0.556179            
0.000000            0.000000            0                   0.556179            
0.000000            0.000000            0                   0.556179            
0.000000            0.000000            0                   0.556179            
0.000000            0.000000            6                   0.556179            
0.000000            0.000000            141936              0.556179            
0.000000            0.000000            26574               0.556179            
0.000000            0.000000            15840               0.556179            
0.000000            0.000000            15387               0.556179            
0.000000            0.000000            15357               0.556179            
0.000000            0.000000            15891               0.556179            
0.000000            0.000000            47037               0.556179            
0.000000            0.000000            38394               0.556179            
0.000000            0.000000            0                   0.556179            
0.000000            0.000000            0                   0.556179            
0.000000            0.000000            162825              0.556179            
0.000000            0.000000            0                   0.556179            
0.000000            0.000000            0                   0.556179            
0.000000            0.000000            0                   0.556179            
0.000000            0.000000            0                   0.556179            
0.000000            0.000000            48                  0.556179            
0.000000            0.000000            0                   0.556179            
0.000000            0.000000            0                   0.556179            
0.000000            0.000000            6                   0.556179            
0.000000            0.000000            54                  0.556179            
0.000000            0.000000            42                  0.556179            
0.000000            0.000000            0                   0.556179            
0.000000            0.000000            0                   0.556179            
0.000000            0.000000            0                   0.556179            
0.000000            0.000000            15918               0.556179            
0.000000            0.000000            0                   0.556179            
0.000000            0.000000            0                   0.556179            
0.000000            0.000000            0                   0.556179            
0.000000            0.000000            15360               0.556179            
0.000000            0.000000            60                  0.556179            
0.000000            0.000000            0                   0.556179            
0.000000            0.000000            0                   0.556179            
0.000000            0.000000            0                   0.556179            
0.000000            0.000000            0                   0.556179            
0.000000            0.000000            54                  0.556179            
0.000000            0.000000            0                   0.556179            
0.000000            0.000000            54                  0.556179            
0.000000            0.000000            438                 0.556179            
0.000000            0.000000            0                   0.556179            
0.000000            0.000000            48                  0.556179            
0.000000            0.000000            0                   0.556179            
0.000000            0.000000            0                   0.556179            
0.000000            0.000000            0                   0.556179            
0.000000            0.000000            42                  0.556179            
0.000000            0.000000            0                   0.556179            
0.000000            0.000000            0                   0.556179            
0.000000            0.000000            0                   0.556179            
0.000000            0.000000            0                   0.556179            
0.000000            0.000000            15408               0.556179            
0.000000            0.000000            32160               0.556179            
0.000000            0.000000            0                   0.556179            
0.000000            0.000000            15360               0.556179            
0.000000            0.000000            0                   0.556179            
0.000000            0.000000            105                 0.556179            
0.000000            0.000000            0                   0.556179            
0.000000            0.000000            1272                0.556179            
0.000000            0.000000            15882               0.556179            
0.000000            0.000000            15840               0.556179            
0.000000            0.000000            78                  0.556179            
0.000000            0.000000            6                   0.556179            
0.000000            0.000000            0                   0.556179            
0.000000            0.000000            0                   0.556179            
0.000000            0.000000            6                   0.556179            
0.000000            0.000000            0                   0.556179            
0.000000            0.000000            22560               0.556179            
0.000000            0.000000            18                  0.556179            
0.000000            0.000000            0                   0.556179            
0.000000            0.000000            0                   0.556179            
0.000000            0.000000            48                  0.556179            
0.000000            0.000000            0                   0.556179            
0.000000            0.000000            162213              0.556179            
0.000000            0.000000            30                  0.556179            
0.000000            0.000000            0                   0.556179            
0.000000            0.000000            0                   0.556179            
0.000000            0.000000            12                  0.556179            
0.000000            0.000000            0                   0.556179            
0.000000            0.000000            0                   0.556179            
0.000000            0.000000            180                 0.556179            
0.000000            0.000000            0                   0.556179            
0.000000            0.000000            0                   0.556179            
0.000000            0.000000            24                  0.556179            
0.000000            0.000000            0                   0.556179            
0.000000            0.000000            72                  0.556179            
0.000000            0.000000            12                  0.556179            
0.000000            0.000000            0                   0.556179            
0.000000            0.000000            0                   0.556179            
0.000000            0.000000            18                  0.556179            
0.000000            0.000000            72                  0.556179            
0.000000            0.000000            0                   0.556179            
0.000000            0.000000            15834               0.556179            
0.000000            0.000000            0                   0.556179            
0.000000            0.000000            0                   0.556179            
0.000000            0.000000            69                  0.556179            
0.000000            0.000000            0                   0.556179            
0.000000            0.000000            0                   0.556179            
0.000000            0.000000            0                   0.556179            
0.000000            0.000000            3                   0.556179            
0.000000            0.000000            60                  0.556179            
0.000000            0.000000            0                   0.556179            
0.000000            0.000000            0                   0.556179            
0.000000            0.000000            0                   0.556179            
0.000000            0.000000            0                   0.556179            
0.000000            0.000000            0                   0.556179            
0.000000            0.000000            0                   0.556179            
0.000000            0.000000            0                   0.556179            
0.000000            0.000000            0                   0.556179            
0.000000            0.000000            48                  0.556179            
0.000000            0.000000            0                   0.556179            
0.000000            0.000000            12                  0.556179            
0.000000            0.000000            31200               0.556179            
0.000000            0.000000            15357               0.556179            
0.000000            0.000000            54                  0.556179            
0.000000            0.000000            32505               0.556179            
0.000000            0.000000            15366               0.556179            
0.000000            0.000000            16413               0.556179            
0.000000            0.000000            0                   0.556179            
0.000000            0.000000            132                 0.556179            
0.000000            0.000000            22560               0.556179            
0.000000            0.000000            0                   0.556179            
0.000000            0.000000            0                   0.556179            
0.000000            0.000000            0                   0.556179            
0.000000            0.000000            213                 0.556179            
0.000000            0.000000            0                   0.556179            
0.000000            0.000000            0                   0.556179            
0.000000            0.000000            6                   0.556179            
0.000000            0.000000            48                  0.556179            
0.000000            0.000000            0                   0.556179            
0.000000            0.000000            15360               0.556179            
0.000000            0.000000            0                   0.556179            
0.000000            0.000000            0                   0.556179            
0.000000            0.000000            66                  0.556179            
0.000000            0.000000            0                   0.556179            
0.000000            0.000000            0                   0.556179            
0.000000            0.000000            0                   0.556179            
0.000000            0.000000            0                   0.556179            
0.000000            0.000000            48                  0.556179            
0.000000            0.000000            0                   0.556179            
0.000000            0.000000            0                   0.556179            
0.000000            0.000000            148779              0.556179            
0.000000            0.000000            12                  0.556179            
0.000000            0.000000            42                  0.556179            
0.000000            0.000000            0                   0.556179            
0.000000            0.000000            0                   0.556179            
0.000000            0.000000            6                   0.556179            
0.000000            0.000000            0                   0.556179            
0.000000            0.000000            51                  0.556179            
0.000000            0.000000            0                   0.556179            
0.000000            0.000000            0                   0.556179            
0.000000            0.000000            0                   0.556179            
0.000000            0.000000            0                   0.556179            
0.000000            0.000000            54                  0.556179            
0.000000            0.000000            0                   0.556179            
0.000000            0.000000            0                   0.556179            
0.000000            0.000000            0                   0.556179            
0.000000            0.000000            48                  0.556179            
0.000000            0.000000            0                   0.556179            
0.000000            0.000000            0                   0.556179            
0.000000            0.000000            16797               0.556179            
0.000000            0.000000            15360               0.556179            
0.000000            0.000000            54                  0.556179            
0.000000            0.000000            48                  0.556179            
0.000000            0.000000            15357               0.556179            
0.000000            0.000000            15360               0.556179            
0.000000            0.000000            0                   0.556179            
0.000000            0.000000            54                  0.556179            
0.000000            0.000000            0                   0.556179            
0.000000            0.000000            27                  0.556179            
0.000000            0.000000            0                   0.556179            
0.000000            0.000000            0                   0.556179            
0.000000            0.000000            147                 0.556179            
0.000000            0.000000            16320               0.556179            
0.000000            0.000000            0                   0.556179            
0.000000            0.000000            0                   0.556179            
0.000000            0.000000            0                   0.556179            
0.000000            0.000000            54                  0.556179            
0.000000            0.000000            0                   0.556179            
0.000000            0.000000            0                   0.556179            
0.000000            0.000000            15357               0.556179            
0.000000            0.000000            12                  0.556179            
0.000000            0.000000            0                   0.556179            
0.000000            0.000000            0                   0.556179            
0.000000            0.000000            0                   0.556179            
0.000000            0.000000            390                 0.556179            
0.000000            0.000000            54                  0.556179            
0.000000            0.000000            15360               0.556179            
0.000000            0.000000            38400               0.556179            
0.000000            0.000000            0                   0.556179            
0.000000            0.000000            0                   0.556179            
0.000000            0.000000            54                  0.556179            
0.000000            0.000000            0                   0.556179            
0.000000            0.000000            0                   0.556179            
0.000000            0.000000            0                   0.556179            
0.000000            0.000000            0                   0.556179            
0.000000            0.000000            54                  0.556179            
0.000000            0.000000            0                   0.556179            
0.000000            0.000000            0                   0.556179            
0.000000            0.000000            0                   0.556179            
0.000000            0.000000            0                   0.556179            
0.000000            0.000000            63                  0.556179            
0.000000            0.000000            0                   0.556179            
0.000000            0.000000            0                   0.556179            
0.000000            0.000000            0                   0.556179            
0.000000            0.000000            0                   0.556179            
0.000000            0.000000            48                  0.556179            
0.000000            0.000000            0                   0.556179            
0.000000            0.000000            17517               0.556179            
0.000000            0.000000            0                   0.556179            
0.000000            0.000000            168                 0.556179            
0.000000            0.000000            0                   0.556179            
0.000000            0.000000            0                   0.556179            
0.000000            0.000000            0                   0.556179            
0.000000            0.000000            0                   0.556179            
0.000000            0.000000            432                 0.556179            
0.000000            0.000000            0                   0.556179            
0.000000            0.000000            0                   0.556179            
0.000000            0.000000            0                   0.556179            
0.000000            0.000000            102                 0.556179            
0.000000            0.000000            149271              0.556179            
0.000000            0.000000            0                   0.556179            
0.000000            0.000000            0                   0.556179            
0.000000            0.000000            0                   0.556179            
0.000000            0.000000            0                   0.556179            
0.000000            0.000000            60                  0.556179            
0.000000            0.000000            0                   0.556179            
0.000000            0.000000            0                   0.556179            
0.000000            0.000000            63                  0.556179            
0.000000            0.000000            0                   0.556179            
0.000000            0.000000            0                   0.556179            
0.000000            0.000000            0                   0.556179            
0.000000            0.000000            0                   0.556179            
0.000000            0.000000            0                   0.556179            
0.000000            0.000000            66                  0.556179            
0.000000            0.000000            0                   0.556179            
0.000000            0.000000            0                   0.556179            
0.000000            0.000000            54                  0.556179            
0.000000            0.000000            0                   0.556179            
0.000000            0.000000            0                   0.556179            
0.000000            0.000000            15837               0.556179            
0.000000            0.000000            0                   0.556179            
0.000000            0.000000            0                   0.556179            
0.000000            0.000000            0                   0.556179            
0.000000            0.000000            48                  0.556179            
0.000000            0.000000            0                   0.556179            
0.000000            0.000000            0                   0.556179            
0.000000            0.000000            0                   0.556179            
0.000000            0.000000            0                   0.556179            
0.000000            0.000000            0                   0.556179            
0.000000            0.000000            15834               0.556179            
0.000000            0.000000            0                   0.556179            
0.000000            0.000000            15264               0.556179            
0.000000            0.000000            0                   0.556179            
0.000000            0.000000            0                   0.556179            
0.000000            0.000000            0                   0.556179            
0.000000            0.000000            0                   0.556179            
0.000000            0.000000            0                   0.556179            
0.000000            0.000000            0                   0.556179            
0.000000            0.000000            0                   0.556179            
0.000000            0.000000            0                   0.556179            
0.000000            0.000000            0                   0.556179            
0.000000            0.000000            15360               0.556179            
0.000000            0.000000            0                   0.556179            
0.000000            0.000000            0                   0.556179            
0.000000            0.000000            16320               0.556179            
0.000000            0.000000            30717               0.556179            
0.000000            0.000000            0                   0.556179            
0.000000            0.000000            0                   0.556179            
0.000000            0.000000            0                   0.556179            
0.000000            0.000000            15840               0.556179            
0.000000            0.000000            0                   0.556179            
0.000000            0.000000            57                  0.556179            
0.000000            0.000000            0                   0.556179            
0.000000            0.000000            0                   0.556179            
0.000000            0.000000            0                   0.556179            
0.000000            0.000000            0                   0.556179            
0.000000            0.000000            0                   0.556179            
0.000000            0.000000            0                   0.556179            
0.000000            0.000000            0                   0.556179            
0.000000            0.000000            23040               0.556179            
0.000000            0.000000            0                   0.556179            
0.000000            0.000000            15360               0.556179            
0.000000            0.000000            0                   0.556179            
0.000000            0.000000            0                   0.556179            
0.000000            0.000000            0                   0.556179            
0.000000            0.000000            0                   0.556179            
0.000000            0.000000            0                   0.556179            
0.000000            0.000000            0                   0.556179            
0.000000            0.000000            0                   0.556179            
0.000000            0.000000            0                   0.556179            
0.000000            0.000000            0                   0.556179            
0.000000            0.000000            146394              0.556252            
0.000000            0.000000            0                   0.556252            
0.000000            0.000000            0                   0.556252            
0.000000            0.000000            0                   0.556252            
0.000000            0.000000            0                   0.556252            
0.000000            0.000000            0                   0.556252            
0.000000            0.000000            0                   0.556252            
0.000000            0.000000            0                   0.556252            
0.000000            0.000000            0                   0.556252            
0.000000            0.000000            0                   0.556252            
0.000000            0.000000            0                   0.556252            
0.000000            0.000000            0                   0.556252            
0.000000            0.000000            0                   0.556252            
0.000000            0.000000            0                   0.556252            
0.000000            0.000000            0                   0.556252            
0.000000            0.000000            0                   0.556252            
0.000000            0.000000            0                   0.556252            
0.000000            0.000000            0                   0.556252            
0.000000            0.000000            0                   0.556252            
0.000000            0.000000            15840               0.556252            
0.000000            0.000000            15360               0.556252            
0.000000            0.000000            0                   0.556252            
0.000000            0.000000            15360               0.556252            
0.000000            0.000000            0                   0.556252            
0.000000            0.000000            0                   0.556252            
0.000000            0.000000            15840               0.556252            
0.000000            0.000000            16320               0.556252            
0.000000            0.000000            0                   0.556252            
0.000000            0.000000            0                   0.556252            
0.000000            0.000000            0                   0.556252            
0.000000            0.000000            0                   0.556252            
0.000000            0.000000            0                   0.556252            
0.000000            0.000000            0                   0.556252            
0.000000            0.000000            0                   0.556252            
0.000000            0.000000            0                   0.556252            
0.000000            0.000000            36                  0.556252            
0.000000            0.000000            0                   0.556252            
0.000000            0.000000            54                  0.556252            
0.000000            0.000000            0                   0.556252            
0.000000            0.000000            15285               0.556252            
0.000000            0.000000            15789               0.556252            
0.000000            0.000000            114                 0.556252            
0.000000            0.000000            39                  0.556252            
0.000000            0.000000            78                  0.556252            
0.000000            0.000000            0                   0.556252            
0.000000            0.000000            0                   0.556252            
0.000000            0.000000            72                  0.556252            
0.000000            0.000000            0                   0.556252            
0.000000            0.000000            0                   0.556252            
0.000000            0.000000            0                   0.556252            
0.000000            0.000000            0                   0.556252            
0.000000            0.000000            54                  0.556252            
0.000000            0.000000            0                   0.556252            
0.000000            0.000000            38874               0.556252            
0.000000            0.000000            16317               0.556252            
0.000000            0.000000            146877              0.556259            
0.000000            0.000000            60                  0.556259            
0.000000            0.000000            0                   0.556259            
0.000000            0.000000            0                   0.556259            
0.000000            0.000000            0                   0.556259            
0.000000            0.000000            0                   0.556259            
0.000000            0.000000            54                  0.556259            
0.000000            0.000000            0                   0.556259            
0.000000            0.000000            0                   0.556259            
0.000000            0.000000            117                 0.556259            
0.000000            0.000000            54                  0.556259            
0.000000            0.000000            0                   0.556259            
0.000000            0.000000            0                   0.556259            
0.000000            0.000000            0                   0.556259            
0.000000            0.000000            0                   0.556259            
0.000000            0.000000            54                  0.556259            
0.000000            0.000000            0                   0.556259            
0.000000            0.000000            48                  0.556259            
0.000000            0.000000            1152                0.556259            
0.000000            0.000000            15990               0.556259            
0.000000            0.000000            54                  0.556259            
0.000000            0.000000            0                   0.556259            
0.000000            0.000000            15360               0.556259            
0.000000            0.000000            15360               0.556259            
0.000000            0.000000            0                   0.556259            
0.000000            0.000000            54                  0.556259            
0.000000            0.000000            0                   0.556259            
0.000000            0.000000            0                   0.556259            
0.000000            0.000000            0                   0.556259            
0.000000            0.000000            0                   0.556259            
0.000000            0.000000            105                 0.556259            
0.000000            0.000000            0                   0.556259            
0.000000            0.000000            0                   0.556259            
0.000000            0.000000            0                   0.556259            
0.000000            0.000000            54                  0.556259            
0.000000            0.000000            6                   0.556259            
0.000000            0.000000            0                   0.556259            
0.000000            0.000000            0                   0.556259            
0.000000            0.000000            0                   0.556259            
0.000000            0.000000            0                   0.556259            
0.000000            0.000000            0                   0.556259            
0.000000            0.000000            345                 0.556259            
0.000000            0.000000            15384               0.556259            
0.000000            0.000000            339                 0.556259            
0.000000            0.000000            240                 0.556259            
0.000000            0.000000            16275               0.556259            
0.000000            0.000000            30720               0.556259            
0.000000            0.000000            15840               0.556259            
0.000000            0.000000            0                   0.556259            
0.000000            0.000000            57                  0.556259            
0.000000            0.000000            0                   0.556259            
0.000000            0.000000            0                   0.556259            
0.000000            0.000000            23040               0.556309            
0.000000            0.000000            6                   0.556309            
0.000000            0.000000            300                 0.556309            
0.000000            0.000000            14880               0.556320            
0.000000            0.000000            81                  0.556320            
0.000000            0.000000            0                   0.556320            
0.000000            0.000000            0                   0.556320            
0.000000            0.000000            60                  0.556320            
0.000000            0.000000            0                   0.556320            
0.000000            0.000000            0                   0.556320            
0.000000            0.000000            0                   0.556320            
0.000000            0.000000            54                  0.556320            
0.000000            0.000000            0                   0.556320            
0.000000            0.000000            0                   0.556320            
0.000000            0.000000            0                   0.556320            
0.000000            0.000000            0                   0.556320            
0.000000            0.000000            186                 0.556320            
0.000000            0.000000            567                 0.556320            
0.000000            0.000000            0                   0.556320            
0.000000            0.000000            0                   0.556320            
0.000000            0.000000            0                   0.556320            
0.000000            0.000000            54                  0.556320            
0.000000            0.000000            146394              0.556339            
0.000000            0.000000            0                   0.556339            
0.000000            0.000000            0                   0.556339            
0.000000            0.000000            0                   0.556339            
0.000000            0.000000            159                 0.556339            
0.000000            0.000000            0                   0.556339            
0.000000            0.000000            0                   0.556339            
0.000000            0.000000            0                   0.556339            
0.000000            0.000000            0                   0.556339            
0.000000            0.000000            96                  0.556339            
0.000000            0.000000            0                   0.556339            
0.000000            0.000000            0                   0.556339            
0.000000            0.000000            0                   0.556339            
0.000000            0.000000            0                   0.556339            
0.000000            0.000000            60                  0.556339            
0.000000            0.000000            0                   0.556339            
0.000000            0.000000            0                   0.556339            
0.000000            0.000000            0                   0.556339            
0.000000            0.000000            48                  0.556339            
0.000000            0.000000            0                   0.556339            
0.000000            0.000000            15840               0.556339            
0.000000            0.000000            0                   0.556339            
0.000000            0.000000            0                   0.556339            
0.000000            0.000000            63                  0.556339            
0.000000            0.000000            0                   0.556339            
0.000000            0.000000            15843               0.556339            
0.000000            0.000000            31200               0.556339            
0.000000            0.000000            31683               0.556339            
0.000000            0.000000            15405               0.556339            
0.000000            0.000000            0                   0.556339            
0.000000            0.000000            15840               0.556339            
0.000000            0.000000            0                   0.556339            
0.000000            0.000000            0                   0.556339            
0.000000            0.000000            22614               0.556339            
0.000000            0.000000            0                   0.556339            
0.000000            0.000000            0                   0.556339            
0.000000            0.000000            0                   0.556339            
0.000000            0.000000            0                   0.556339            
0.000000            0.000000            105                 0.556339            
0.000000            0.000000            12                  0.556339            
0.000000            0.000000            0                   0.556339            
0.000000            0.000000            18                  0.556339            
0.000000            0.000000            207                 0.556339            
0.000000            0.000000            0                   0.556339            
0.000000            0.000000            156                 0.556339            
0.000000            0.000000            192                 0.556339            
0.000000            0.000000            0                   0.556339            
0.000000            0.000000            54                  0.556339            
0.000000            0.000000            0                   0.556339            
0.000000            0.000000            0                   0.556339            
0.000000            0.000000            30                  0.556339            
0.000000            0.000000            0                   0.556339            
0.000000            0.000000            48                  0.556339            
0.000000            0.000000            16326               0.556389            
0.000000            0.000000            53934               0.556389            
0.000000            0.000000            93426               0.556389            
0.000000            0.000000            0                   0.556389            
0.000000            0.000000            525                 0.556389            
0.000000            0.000000            0                   0.556389            
0.000000            0.000000            0                   0.556389            
0.000000            0.000000            18                  0.556389            
0.000000            0.000000            0                   0.556389            
0.000000            0.000000            6                   0.556389            
0.000000            0.000000            0                   0.556389            
0.000000            0.000000            0                   0.556389            
0.000000            0.000000            15840               0.556389            
0.000000            0.000000            0                   0.556389            
0.000000            0.000000            66                  0.556389            
0.000000            0.000000            381                 0.556389            
0.000000            0.000000            0                   0.556389            
0.000000            0.000000            0                   0.556389            
0.000000            0.000000            72                  0.556389            
0.000000            0.000000            0                   0.556389            
0.000000            0.000000            0                   0.556389            
0.000000            0.000000            0                   0.556389            
0.000000            0.000000            0                   0.556389            
0.000000            0.000000            54                  0.556389            
0.000000            0.000000            0                   0.556389            
0.000000            0.000000            0                   0.556389            
0.000000            0.000000            0                   0.556389            
0.000000            0.000000            0                   0.556389            
0.000000            0.000000            222                 0.556389            
0.000000            0.000000            0                   0.556389            
0.000000            0.000000            12                  0.556389            
0.000000            0.000000            15357               0.556389            
0.000000            0.000000            0                   0.556389            
0.000000            0.000000            0                   0.556389            
0.000000            0.000000            0                   0.556389            
0.000000            0.000000            48                  0.556389            
0.000000            0.000000            15360               0.556389            
0.000000            0.000000            0                   0.556389            
0.000000            0.000000            12                  0.556389            
0.000000            0.000000            12                  0.556389            
0.000000            0.000000            15360               0.556389            
0.000000            0.000000            22341               0.556389            
0.000000            0.000000            9489                0.556389            
0.000000            0.000000            348                 0.556389            
0.000000            0.000000            0                   0.556389            
0.000000            0.000000            0                   0.556389            
0.000000            0.000000            0                   0.556389            
0.000000            0.000000            69                  0.556389            
0.000000            0.000000            0                   0.556389            
0.000000            0.000000            0                   0.556389            
0.000000            0.000000            0                   0.556389            
0.000000            0.000000            0                   0.556389            
0.000000            0.000000            54                  0.556389            
0.000000            0.000000            0                   0.556389            
0.000000            0.000000            0                   0.556389            
0.000000            0.000000            0                   0.556389            
0.000000            0.000000            0                   0.556389            
0.000000            0.000000            72                  0.556389            
0.000000            0.000000            0                   0.556389            
0.000000            0.000000            0                   0.556389            
0.000000            0.000000            0                   0.556389            
0.000000            0.000000            15360               0.556389            
0.000000            0.000000            15993               0.556389            
0.000000            0.000000            23040               0.556393            
0.000000            0.000000            0                   0.556393            
0.000000            0.000000            0                   0.556393            
0.000000            0.000000            0                   0.556393            
0.000000            0.000000            225                 0.556393            
0.000000            0.000000            6                   0.556393            
0.000000            0.000000            0                   0.556393            
0.000000            0.000000            0                   0.556393            
0.000000            0.000000            48                  0.556393            
0.000000            0.000000            0                   0.556393            
0.000000            0.000000            0                   0.556393            
0.000000            0.000000            0                   0.556393            
0.000000            0.000000            0                   0.556393            
0.000000            0.000000            114                 0.556393            
0.000000            0.000000            0                   0.556393            
0.000000            0.000000            24                  0.556393            
0.000000            0.000000            48                  0.556393            
0.000000            0.000000            6                   0.556393            
0.000000            0.000000            3                   0.556393            
0.000000            0.000000            15840               0.556477            
0.000000            0.000000            66                  0.556477            
0.000000            0.000000            0                   0.556477            
0.000000            0.000000            0                   0.556477            
0.000000            0.000000            48                  0.556477            
0.000000            0.000000            0                   0.556477            
0.000000            0.000000            3                   0.556477            
0.000000            0.000000            0                   0.556477            
0.000000            0.000000            0                   0.556477            
0.000000            0.000000            96                  0.556477            
0.000000            0.000000            240                 0.556477            
0.000000            0.000000            0                   0.556477            
0.000000            0.000000            0                   0.556477            
0.000000            0.000000            72                  0.556477            
0.000000            0.000000            0                   0.556477            
0.000000            0.000000            0                   0.556477            
0.000000            0.000000            0                   0.556477            
0.000000            0.000000            0                   0.556477            
0.000000            0.000000            0                   0.556477            
0.000000            0.000000            146448              0.556477            
0.000000            0.000000            0                   0.556477            
0.000000            0.000000            0                   0.556477            
0.000000            0.000000            3                   0.556477            
0.000000            0.000000            90                  0.556477            
0.000000            0.000000            504                 0.556477            
0.000000            0.000000            0                   0.556477            
0.000000            0.000000            0                   0.556477            
0.000000            0.000000            0                   0.556477            
0.000000            0.000000            60                  0.556477            
0.000000            0.000000            16320               0.556477            
0.000000            0.000000            31191               0.556477            
0.000000            0.000000            15387               0.556477            
0.000000            0.000000            31680               0.556477            
0.000000            0.000000            18                  0.556477            
0.000000            0.000000            0                   0.556477            
0.000000            0.000000            0                   0.556477            
0.000000            0.000000            0                   0.556477            
0.000000            0.000000            60                  0.556477            
0.000000            0.000000            0                   0.556477            
0.000000            0.000000            0                   0.556477            
0.000000            0.000000            0                   0.556477            
0.000000            0.000000            0                   0.556477            
0.000000            0.000000            51                  0.556477            
0.000000            0.000000            0                   0.556477            
0.000000            0.000000            0                   0.556477            
0.000000            0.000000            0                   0.556477            
0.000000            0.000000            0                   0.556477            
0.000000            0.000000            51                  0.556477            
0.000000            0.000000            0                   0.556477            
0.000000            0.000000            0                   0.556477            
0.000000            0.000000            0                   0.556477            
0.000000            0.000000            15402               0.556477            
0.000000            0.000000            54                  0.556477            
0.000000            0.000000            15840               0.556477            
0.000000            0.000000            0                   0.556477            
0.000000            0.000000            22560               0.556484            
0.000000            0.000000            0                   0.556484            
0.000000            0.000000            60                  0.556484            
0.000000            0.000000            0                   0.556484            
0.000000            0.000000            0                   0.556484            
0.000000            0.000000            0                   0.556484            
0.000000            0.000000            0                   0.556484            
0.000000            0.000000            6                   0.556484            
0.000000            0.000000            0                   0.556484            
0.000000            0.000000            0                   0.556484            
0.000000            0.000000            0                   0.556484            
0.000000            0.000000            6                   0.556484            
0.000000            0.000000            0                   0.556484            
0.000000            0.000000            0                   0.556484            
0.000000            0.000000            0                   0.556484            
0.000000            0.000000            0                   0.556484            
0.000000            0.000000            48                  0.556484            
0.000000            0.000000            48                  0.556484            
0.000000            0.000000            0                   0.556484            
0.000000            0.000000            0                   0.556484            
0.000000            0.000000            161760              0.556503            
0.000000            0.000000            66                  0.556503            
0.000000            0.000000            0                   0.556503            
0.000000            0.000000            0                   0.556503            
0.000000            0.000000            0                   0.556503            
0.000000            0.000000            63                  0.556503            
0.000000            0.000000            120                 0.556503            
0.000000            0.000000            0                   0.556503            
0.000000            0.000000            0                   0.556503            
0.000000            0.000000            51                  0.556503            
0.000000            0.000000            0                   0.556503            
0.000000            0.000000            150                 0.556503            
0.000000            0.000000            0                   0.556503            
0.000000            0.000000            0                   0.556503            
0.000000            0.000000            0                   0.556503            
0.000000            0.000000            0                   0.556503            
0.000000            0.000000            48                  0.556503            
0.000000            0.000000            0                   0.556503            
0.000000            0.000000            0                   0.556503            
0.000000            0.000000            0                   0.556503            
0.000000            0.000000            15900               0.556503            
0.000000            0.000000            0                   0.556503            
0.000000            0.000000            15360               0.556503            
0.000000            0.000000            0                   0.556503            
0.000000            0.000000            0                   0.556503            
0.000000            0.000000            156                 0.556503            
0.000000            0.000000            0                   0.556503            
0.000000            0.000000            0                   0.556503            
0.000000            0.000000            0                   0.556503            
0.000000            0.000000            0                   0.556503            
0.000000            0.000000            75                  0.556503            
0.000000            0.000000            0                   0.556503            
0.000000            0.000000            0                   0.556503            
0.000000            0.000000            0                   0.556503            
0.000000            0.000000            0                   0.556503            
0.000000            0.000000            48                  0.556503            
0.000000            0.000000            0                   0.556503            
0.000000            0.000000            0                   0.556503            
0.000000            0.000000            0                   0.556503            
0.000000            0.000000            0                   0.556503            
0.000000            0.000000            48                  0.556503            
0.000000            0.000000            0                   0.556503            
0.000000            0.000000            0                   0.556503            
0.000000            0.000000            0                   0.556503            
0.000000            0.000000            51                  0.556503            
0.000000            0.000000            0                   0.556503            
0.000000            0.000000            0                   0.556503            
0.000000            0.000000            0                   0.556503            
0.000000            0.000000            72                  0.556503            
0.000000            0.000000            72                  0.556503            
0.000000            0.000000            0                   0.556503            
0.000000            0.000000            0                   0.556503            
0.000000            0.000000            0                   0.556503            
0.000000            0.000000            0                   0.556503            
0.000000            0.000000            0                   0.556503            
0.000000            0.000000            15360               0.556519            
0.000000            0.000000            0                   0.556519            
0.000000            0.000000            0                   0.556519            
0.000000            0.000000            0                   0.556519            
0.000000            0.000000            0                   0.556519            
0.000000            0.000000            0                   0.556519            
0.000000            0.000000            0                   0.556519            
0.000000            0.000000            0                   0.556519            
0.000000            0.000000            651                 0.556519            
0.000000            0.000000            426                 0.556519            
0.000000            0.000000            0                   0.556519            
0.000000            0.000000            0                   0.556519            
0.000000            0.000000            0                   0.556519            
0.000000            0.000000            0                   0.556519            
0.000000            0.000000            48                  0.556519            
0.000000            0.000000            0                   0.556519            
0.000000            0.000000            0                   0.556519            
0.000000            0.000000            0                   0.556519            
0.000000            0.000000            48                  0.556519            
0.000000            0.000000            0                   0.556519            
0.000000            0.000000            15360               0.556519            
0.000000            0.000000            0                   0.556519            
0.000000            0.000000            16317               0.556519            
0.000000            0.000000            15405               0.556519            
0.000000            0.000000            0                   0.556519            
0.000000            0.000000            0                   0.556519            
0.000000            0.000000            0                   0.556519            
0.000000            0.000000            0                   0.556519            
0.000000            0.000000            15309               0.556519            
0.000000            0.000000            0                   0.556519            
0.000000            0.000000            0                   0.556519            
0.000000            0.000000            0                   0.556519            
0.000000            0.000000            0                   0.556519            
0.000000            0.000000            66                  0.556519            
0.000000            0.000000            0                   0.556519            
0.000000            0.000000            0                   0.556519            
0.000000            0.000000            0                   0.556519            
0.000000            0.000000            0                   0.556519            
0.000000            0.000000            48                  0.556519            
0.000000            0.000000            0                   0.556519            
0.000000            0.000000            0                   0.556519            
0.000000            0.000000            0                   0.556519            
0.000000            0.000000            0                   0.556519            
0.000000            0.000000            48                  0.556519            
0.000000            0.000000            0                   0.556519            
0.000000            0.000000            15840               0.556519            
0.000000            0.000000            0                   0.556519            
0.000000            0.000000            48                  0.556519            
0.000000            0.000000            0                   0.556519            
0.000000            0.000000            0                   0.556519            
0.000000            0.000000            0                   0.556519            
0.000000            0.000000            0                   0.556519            
0.000000            0.000000            78                  0.556519            
0.000000            0.000000            0                   0.556519            
0.000000            0.000000            22560               0.556522            
0.000000            0.000000            0                   0.556522            
0.000000            0.000000            0                   0.556522            
0.000000            0.000000            0                   0.556522            
0.000000            0.000000            0                   0.556522            
0.000000            0.000000            0                   0.556522            
0.000000            0.000000            0                   0.556522            
0.000000            0.000000            0                   0.556522            
0.000000            0.000000            150                 0.556522            
0.000000            0.000000            12                  0.556522            
0.000000            0.000000            396                 0.556522            
0.000000            0.000000            0                   0.556522            
0.000000            0.000000            48                  0.556522            
0.000000            0.000000            105                 0.556522            
0.000000            0.000000            0                   0.556522            
0.000000            0.000000            0                   0.556522            
0.000000            0.000000            0                   0.556522            
0.000000            0.000000            54                  0.556522            
0.000000            0.000000            0                   0.556522            
0.000000            0.000000            17262               0.556568            
0.000000            0.000000            0                   0.556568            
0.000000            0.000000            0                   0.556568            
0.000000            0.000000            54                  0.556568            
0.000000            0.000000            0                   0.556568            
0.000000            0.000000            456                 0.556568            
0.000000            0.000000            0                   0.556568            
0.000000            0.000000            0                   0.556568            
0.000000            0.000000            42                  0.556568            
0.000000            0.000000            0                   0.556568            
0.000000            0.000000            0                   0.556568            
0.000000            0.000000            132                 0.556568            
0.000000            0.000000            0                   0.556568            
0.000000            0.000000            45                  0.556568            
0.000000            0.000000            0                   0.556568            
0.000000            0.000000            0                   0.556568            
0.000000            0.000000            0                   0.556568            
0.000000            0.000000            0                   0.556568            
0.000000            0.000000            54                  0.556568            
0.000000            0.000000            0                   0.556568            
0.000000            0.000000            249                 0.556568            
0.000000            0.000000            0                   0.556568            
0.000000            0.000000            0                   0.556568            
0.000000            0.000000            54                  0.556568            
0.000000            0.000000            66                  0.556568            
0.000000            0.000000            0                   0.556568            
0.000000            0.000000            0                   0.556568            
0.000000            0.000000            42                  0.556568            
0.000000            0.000000            0                   0.556568            
0.000000            0.000000            0                   0.556568            
0.000000            0.000000            0                   0.556568            
0.000000            0.000000            0                   0.556568            
0.000000            0.000000            6                   0.556568            
0.000000            0.000000            0                   0.556568            
0.000000            0.000000            0                   0.556568            
0.000000            0.000000            0                   0.556568            
0.000000            0.000000            146400              0.556705            
0.000000            0.000000            12                  0.556705            
0.000000            0.000000            63                  0.556705            
0.000000            0.000000            0                   0.556705            
0.000000            0.000000            0                   0.556705            
0.000000            0.000000            0                   0.556705            
0.000000            0.000000            6                   0.556705            
0.000000            0.000000            0                   0.556705            
0.000000            0.000000            0                   0.556705            
0.000000            0.000000            0                   0.556705            
0.000000            0.000000            0                   0.556705            
0.000000            0.000000            0                   0.556705            
0.000000            0.000000            0                   0.556705            
0.000000            0.000000            0                   0.556705            
0.000000            0.000000            0                   0.556705            
0.000000            0.000000            492                 0.556705            
0.000000            0.000000            156                 0.556705            
0.000000            0.000000            0                   0.556705            
0.000000            0.000000            0                   0.556705            
0.000000            0.000000            15837               0.556721            
0.000000            0.000000            48                  0.556721            
0.000000            0.000000            0                   0.556721            
0.000000            0.000000            0                   0.556721            
0.000000            0.000000            0                   0.556721            
0.000000            0.000000            15360               0.556751            
0.000000            0.000000            0                   0.556751            
0.000000            0.000000            0                   0.556751            
0.000000            0.000000            0                   0.556751            
0.000000            0.000000            0                   0.556751            
0.000000            0.000000            51                  0.556751            
0.000000            0.000000            54                  0.556751            
0.000000            0.000000            0                   0.556751            
0.000000            0.000000            0                   0.556751            
0.000000            0.000000            0                   0.556751            
0.000000            0.000000            0                   0.556751            
0.000000            0.000000            0                   0.556751            
0.000000            0.000000            0                   0.556751            
0.000000            0.000000            0                   0.556751            
0.000000            0.000000            0                   0.556751            
0.000000            0.000000            0                   0.556751            
0.000000            0.000000            60                  0.556751            
0.000000            0.000000            0                   0.556751            
0.000000            0.000000            0                   0.556751            
0.000000            0.000000            0                   0.556751            
0.000000            0.000000            0                   0.556751            
0.000000            0.000000            54                  0.556751            
0.000000            0.000000            54                  0.556751            
0.000000            0.000000            57                  0.556751            
0.000000            0.000000            0                   0.556751            
0.000000            0.000000            186                 0.556751            
0.000000            0.000000            0                   0.556751            
0.000000            0.000000            0                   0.556751            
0.000000            0.000000            30                  0.556751            
0.000000            0.000000            15360               0.556767            
0.000000            0.000000            15282               0.556797            
0.000000            0.000000            54                  0.556797            
0.000000            0.000000            0                   0.556797            
0.000000            0.000000            0                   0.556797            
0.000000            0.000000            0                   0.556797            
0.000000            0.000000            48                  0.556797            
0.000000            0.000000            0                   0.556797            
0.000000            0.000000            0                   0.556797            
0.000000            0.000000            0                   0.556797            
0.000000            0.000000            0                   0.556797            
0.000000            0.000000            54                  0.556797            
0.000000            0.000000            0                   0.556797            
0.000000            0.000000            0                   0.556797            
0.000000            0.000000            0                   0.556797            
0.000000            0.000000            0                   0.556797            
0.000000            0.000000            48                  0.556797            
0.000000            0.000000            0                   0.556797            
0.000000            0.000000            0                   0.556797            
0.000000            0.000000            0                   0.556797            
0.000000            0.000000            96                  0.556797            
0.000000            0.000000            16749               0.556828            
0.000000            0.000000            0                   0.556828            
0.000000            0.000000            0                   0.556828            
0.000000            0.000000            0                   0.556828            
0.000000            0.000000            48                  0.556828            
0.000000            0.000000            0                   0.556828            
0.000000            0.000000            0                   0.556828            
0.000000            0.000000            0                   0.556828            
0.000000            0.000000            0                   0.556828            
0.000000            0.000000            48                  0.556828            
0.000000            0.000000            0                   0.556828            
0.000000            0.000000            0                   0.556828            
0.000000            0.000000            0                   0.556828            
0.000000            0.000000            0                   0.556828            
0.000000            0.000000            159                 0.556828            
0.000000            0.000000            0                   0.556828            
0.000000            0.000000            0                   0.556828            
0.000000            0.000000            0                   0.556828            
0.000000            0.000000            0                   0.556828            
0.000000            0.000000            15318               0.556828            
0.000000            0.000000            0                   0.556828            
0.000000            0.000000            0                   0.556828            
0.000000            0.000000            0                   0.556828            
0.000000            0.000000            0                   0.556828            
0.000000            0.000000            54                  0.556828            
0.000000            0.000000            0                   0.556828            
0.000000            0.000000            48                  0.556828            
0.000000            0.000000            0                   0.556828            
0.000000            0.000000            54                  0.556828            
0.000000            0.000000            0                   0.556828            
0.000000            0.000000            0                   0.556828            
0.000000            0.000000            0                   0.556828            
0.000000            0.000000            0                   0.556828            
0.000000            0.000000            0                   0.556828            
0.000000            0.000000            0                   0.556828            
0.000000            0.000000            0                   0.556828            
0.000000            0.000000            0                   0.556828            
0.000000            0.000000            0                   0.556828            
0.000000            0.000000            15504               0.556858            
0.000000            0.000000            0                   0.556858            
0.000000            0.000000            0                   0.556858            
0.000000            0.000000            0                   0.556858            
0.000000            0.000000            0                   0.556858            
0.000000            0.000000            54                  0.556858            
0.000000            0.000000            0                   0.556858            
0.000000            0.000000            0                   0.556858            
0.000000            0.000000            6                   0.556858            
0.000000            0.000000            0                   0.556858            
0.000000            0.000000            201                 0.556858            
0.000000            0.000000            0                   0.556858            
0.000000            0.000000            0                   0.556858            
0.000000            0.000000            0                   0.556858            
0.000000            0.000000            0                   0.556858            
0.000000            0.000000            54                  0.556858            
0.000000            0.000000            0                   0.556858            
0.000000            0.000000            30                  0.556858            
0.000000            0.000000            0                   0.556858            
0.000000            0.000000            168                 0.556858            
0.000000            0.000000            16317               0.556889            
0.000000            0.000000            0                   0.556889            
0.000000            0.000000            0                   0.556889            
0.000000            0.000000            0                   0.556889            
0.000000            0.000000            72                  0.556889            
0.000000            0.000000            0                   0.556889            
0.000000            0.000000            0                   0.556889            
0.000000            0.000000            0                   0.556889            
0.000000            0.000000            0                   0.556889            
0.000000            0.000000            54                  0.556889            
0.000000            0.000000            0                   0.556889            
0.000000            0.000000            0                   0.556889            
0.000000            0.000000            0                   0.556889            
0.000000            0.000000            0                   0.556889            
0.000000            0.000000            66                  0.556889            
0.000000            0.000000            0                   0.556889            
0.000000            0.000000            0                   0.556889            
0.000000            0.000000            0                   0.556889            
0.000000            0.000000            0                   0.556889            
0.000000            0.000000            22740               0.556934            
0.000000            0.000000            0                   0.556934            
0.000000            0.000000            48                  0.556934            
0.000000            0.000000            14880               0.557106            
0.000000            0.000000            78                  0.557106            
0.000000            0.000000            0                   0.557106            
0.000000            0.000000            0                   0.557106            
0.000000            0.000000            0                   0.557106            
0.000000            0.000000            0                   0.557106            
0.000000            0.000000            54                  0.557106            
0.000000            0.000000            0                   0.557106            
0.000000            0.000000            0                   0.557106            
0.000000            0.000000            0                   0.557106            
0.000000            0.000000            0                   0.557106            
0.000000            0.000000            78                  0.557106            
0.000000            0.000000            0                   0.557106            
0.000000            0.000000            0                   0.557106            
0.000000            0.000000            0                   0.557106            
0.000000            0.000000            0                   0.557106            
0.000000            0.000000            0                   0.557106            
0.000000            0.000000            0                   0.557106            
0.000000            0.000000            0                   0.557106            
0.000000            0.000000            51                  0.557106            
0.000000            0.000000            0                   0.557106            
0.000000            0.000000            54                  0.557106            
0.000000            0.000000            0                   0.557106            
0.000000            0.000000            0                   0.557106            
0.000000            0.000000            0                   0.557106            
0.000000            0.000000            0                   0.557106            
0.000000            0.000000            144                 0.557106            
0.000000            0.000000            0                   0.557106            
0.000000            0.000000            0                   0.557106            
0.000000            0.000000            0                   0.557106            
0.000000            0.000000            78                  0.557106            
0.000000            0.000000            0                   0.557106            
0.000000            0.000000            48                  0.557106            
0.000000            0.000000            147339              0.557320            
0.000000            0.000000            0                   0.557320            
0.000000            0.000000            105                 0.557320            
0.000000            0.000000            0                   0.557320            
0.000000            0.000000            0                   0.557320            
0.000000            0.000000            0                   0.557320            
0.000000            0.000000            0                   0.557320            
0.000000            0.000000            0                   0.557320            
0.000000            0.000000            0                   0.557320            
0.000000            0.000000            0                   0.557320            
0.000000            0.000000            0                   0.557320            
0.000000            0.000000            0                   0.557320            
0.000000            0.000000            60                  0.557320            
0.000000            0.000000            0                   0.557320            
0.000000            0.000000            0                   0.557320            
0.000000            0.000000            0                   0.557320            
0.000000            0.000000            0                   0.557320            
0.000000            0.000000            54                  0.557320            
0.000000            0.000000            0                   0.557320            
0.000000            0.000000            15840               0.557365            
0.000000            0.000000            15357               0.557396            
0.000000            0.000000            0                   0.557396            
0.000000            0.000000            54                  0.557396            
0.000000            0.000000            0                   0.557396            
0.000000            0.000000            0                   0.557396            
0.000000            0.000000            0                   0.557396            
0.000000            0.000000            204                 0.557396            
0.000000            0.000000            0                   0.557396            
0.000000            0.000000            0                   0.557396            
0.000000            0.000000            0                   0.557396            
0.000000            0.000000            0                   0.557396            
0.000000            0.000000            78                  0.557396            
0.000000            0.000000            0                   0.557396            
0.000000            0.000000            0                   0.557396            
0.000000            0.000000            0                   0.557396            
0.000000            0.000000            0                   0.557396            
0.000000            0.000000            78                  0.557396            
0.000000            0.000000            0                   0.557396            
0.000000            0.000000            0                   0.557396            
0.000000            0.000000            15489               0.557426            
0.000000            0.000000            0                   0.557426            
0.000000            0.000000            54                  0.557426            
0.000000            0.000000            0                   0.557426            
0.000000            0.000000            3                   0.557426            
0.000000            0.000000            0                   0.557426            
0.000000            0.000000            0                   0.557426            
0.000000            0.000000            60                  0.557426            
0.000000            0.000000            0                   0.557426            
0.000000            0.000000            0                   0.557426            
0.000000            0.000000            0                   0.557426            
0.000000            0.000000            69                  0.557426            
0.000000            0.000000            0                   0.557426            
0.000000            0.000000            0                   0.557426            
0.000000            0.000000            0                   0.557426            
0.000000            0.000000            0                   0.557426            
0.000000            0.000000            78                  0.557426            
0.000000            0.000000            0                   0.557426            
0.000000            0.000000            0                   0.557426            
0.000000            0.000000            0                   0.557426            
0.000000            0.000000            15504               0.557442            
0.000000            0.000000            17352               0.557472            
0.000000            0.000000            15264               0.557533            
0.000000            0.000000            0                   0.557533            
0.000000            0.000000            0                   0.557533            
0.000000            0.000000            0                   0.557533            
0.000000            0.000000            78                  0.557533            
0.000000            0.000000            0                   0.557533            
0.000000            0.000000            72                  0.557533            
0.000000            0.000000            1188                0.557533            
0.000000            0.000000            0                   0.557533            
0.000000            0.000000            108                 0.557533            
0.000000            0.000000            0                   0.557533            
0.000000            0.000000            0                   0.557533            
0.000000            0.000000            0                   0.557533            
0.000000            0.000000            60                  0.557533            
0.000000            0.000000            6                   0.557533            
0.000000            0.000000            0                   0.557533            
0.000000            0.000000            0                   0.557533            
0.000000            0.000000            0                   0.557533            
0.000000            0.000000            78                  0.557533            
0.000000            0.000000            15360               0.557564            
0.000000            0.000000            0                   0.557564            
0.000000            0.000000            0                   0.557564            
0.000000            0.000000            0                   0.557564            
0.000000            0.000000            84                  0.557564            
0.000000            0.000000            0                   0.557564            
0.000000            0.000000            0                   0.557564            
0.000000            0.000000            0                   0.557564            
0.000000            0.000000            0                   0.557564            
0.000000            0.000000            69                  0.557564            
0.000000            0.000000            0                   0.557564            
0.000000            0.000000            0                   0.557564            
0.000000            0.000000            0                   0.557564            
0.000000            0.000000            0                   0.557564            
0.000000            0.000000            78                  0.557564            
0.000000            0.000000            0                   0.557564            
0.000000            0.000000            0                   0.557564            
0.000000            0.000000            0                   0.557564            
0.000000            0.000000            0                   0.557564            
0.000000            0.000000            15906               0.557594            
0.000000            0.000000            0                   0.557610            
0.000000            0.000000            0                   0.557610            
0.000000            0.000000            0                   0.557610            
0.000000            0.000000            72                  0.557610            
0.000000            0.000000            0                   0.557610            
0.000000            0.000000            0                   0.557610            
0.000000            0.000000            0                   0.557610            
0.000000            0.000000            0                   0.557610            
0.000000            0.000000            30                  0.557610            
0.000000            0.000000            0                   0.557610            
0.000000            0.000000            0                   0.557610            
0.000000            0.000000            0                   0.557610            
0.000000            0.000000            0                   0.557610            
0.000000            0.000000            48                  0.557610            
0.000000            0.000000            0                   0.557610            
0.000000            0.000000            0                   0.557610            
0.000000            0.000000            0                   0.557610            
0.000000            0.000000            72                  0.557610            
0.000000            0.000000            18                  0.557610            
0.000000            0.000000            22833               0.557701            
0.000000            0.000000            0                   0.557701            
0.000000            0.000000            0                   0.557701            
0.000000            0.000000            0                   0.557701            
0.000000            0.000000            54                  0.557701            
0.000000            0.000000            0                   0.557701            
0.000000            0.000000            0                   0.557701            
0.000000            0.000000            144                 0.557701            
0.000000            0.000000            0                   0.557701            
0.000000            0.000000            48                  0.557701            
0.000000            0.000000            0                   0.557701            
0.000000            0.000000            0                   0.557701            
0.000000            0.000000            0                   0.557701            
0.000000            0.000000            0                   0.557701            
0.000000            0.000000            0                   0.557701            
0.000000            0.000000            0                   0.557701            
0.000000            0.000000            0                   0.557701            
0.000000            0.000000            0                   0.557701            
0.000000            0.000000            48                  0.557701            
0.000000            0.000000            15360               0.558495            
0.000000            0.000000            0                   0.558495   