Buffer_Pool+Pread	file_size = 32GB	io_size = 4096Bits	#worker = 150	#pool_size = 13108	#pool_size = 4
IO_Throughput       SSD_Throughput      TLB_shootdown       Memory_usage        Eviction_count      
2.249077            2.170670            901077              13.048256           
2.292122            2.059864            140671178021956     15.146469           
2.391479            1.997562            1146339             17.192329           
2.791061            2.148540            1181991             19.371933           
2.843037            2.004120            1150302             21.405598           
3.119560            2.004910            1157055             23.446487           
3.887928            2.242710            1183407             25.746685           
4.268482            2.186211            873972              27.116432           
4.781155            2.388409            315045              27.125355           
4.764568            2.385143            398262              27.125362           
4.772011            2.384495            355527              27.125362           
4.775257            2.388580            363318              27.125366           
4.765507            2.383770            358326              27.125366           
4.769157            2.384846            333348              27.125370           
4.774284            2.387589            169281              27.125374           
4.790291            2.394073            45231               27.125374           
4.777828            2.389420            11511               27.125374           
4.767223            2.385487            4929                27.125374           
4.754032            2.376385            9519                27.125374           
4.762253            2.384533            10263               27.125374           
4.781353            2.389950            24387               27.125374           
4.770069            2.384838            9420                27.125374           
4.786007            2.389595            5610                27.125374           
4.766983            2.382072            1041063             27.125374           
4.751682            2.373547            3465222             27.125374           
4.764095            2.383232            3376860             27.125374           
4.731991            2.368702            8715381             27.125374           
4.727249            2.365845            14056956            27.125374           
4.737411            2.368874            11443293            27.125374           
4.722656            2.363926            14888337            27.125374           
4.694714            2.346073            21982968            27.125374           
4.713299            2.355133            26647077            27.125374           
4.673931            2.337105            32679528            27.125374           
4.681038            2.342251            30591483            27.125374           
4.715599            2.355972            19271640            27.125374           
4.708824            2.354813            13854855            27.125374           
4.736008            2.368919            8799861             27.125374           
4.751118            2.374660            4855086             27.125374           
4.755127            2.376808            2538177             27.125374           
4.770603            2.383770            759051              27.125374           
4.776409            2.385246            3789                27.125374           
4.771317            2.382263            222                 27.125374           
4.767239            2.379414            111                 27.125374           
4.763367            2.384693            108                 27.125374           
4.764866            2.381523            0                   27.125374           
4.765064            2.385006            96                  27.125374           
4.769413            2.386063            306                 27.125374           
4.748596            2.378159            297                 27.125374           
4.772259            2.387295            141                 27.125374           
4.773918            2.388908            75                  27.125374           
4.768845            2.384926            1401                27.125374           
4.764790            2.383156            12858               27.125374           
4.766243            2.379402            19608               27.125374           
4.759396            2.376511            24318               27.125374           
4.757702            2.379185            30651               27.125374           
4.756569            2.376690            26235               27.125374           
4.754780            2.377796            29592               27.125374           
4.757130            2.378700            28098               27.125374           
4.770420            2.384022            27483               27.125374           
4.745152            2.370373            35214               27.125546           
4.760056            2.382820            106410              27.125546           
4.770973            2.383560            45903               27.125546           
4.754951            2.376514            33615               27.125546           
4.777203            2.385651            27483               27.125546           
4.756325            2.381550            19905               27.125546           
4.742928            2.374653            17448               27.125546           
4.772953            2.385708            9411                27.125546           
4.775471            2.387619            2139                27.125546           
4.782616            2.390728            960                 27.125546           
4.767681            2.387840            834                 27.125546           
4.768147            2.383114            4377                27.125546           
4.750317            2.373512            49128               27.125546           
4.764503            2.386086            162990              27.125546           
4.775112            2.385609            208275              27.125546           
4.770153            2.381245            246393              27.125546           
4.768864            2.383854            277587              27.125546           
4.763317            2.383785            312120              27.125546           
4.763363            2.379356            374601              27.125546           
4.759995            2.381607            510957              27.125546           
4.754318            2.376499            642123              27.125546           
4.771259            2.383274            593151              27.125546           
4.753738            2.377285            524310              27.125546           
4.753510            2.375896            669207              27.125546           
4.755184            2.376183            741879              27.125546           
4.765598            2.380547            666180              27.125546           
4.772282            2.384487            655902              27.125546           
4.761074            2.379448            639018              27.125546           
4.761612            2.380280            764310              27.125546           
4.751118            2.374035            1042398             27.125546           
4.757618            2.379288            664620              27.125546           
4.766621            2.382858            400860              27.125546           
4.774883            2.382885            262110              27.125546           
4.770954            2.384056            125865              27.125546           
4.765388            2.385220            43419               27.125546           
4.757332            2.381035            3741                27.125546           
4.770500            2.386768            57                  27.125546           
4.772713            2.381580            0                   27.125546           
4.784153            2.389904            0                   27.125546           
4.766277            2.383049            0          