Buffer_Pool+Pread	file_size = 32GB	io_size = 4096Bits	#worker = 300	#pool_size = 26215	#pool_size = 4
IO_Throughput       SSD_Throughput      TLB_shootdown       Memory_usage        Eviction_count      
2.489647            2.394768            1067544             8.225353            
2.102249            1.879436            140622767785334     10.143822           
2.165920            1.814320            1339200             11.984879           
2.432243            1.893261            1671153             13.922291           
2.509800            1.811039            1467993             15.759235           
2.681255            1.786079            1434585             17.571838           
2.987236            1.819370            1580532             19.465385           
3.517967            1.934010            1795758             21.415920           
4.573990            2.296993            1397571             22.100578           
4.991852            2.492920            1293291             22.100845           
4.976017            2.492310            1718580             22.100845           
4.989975            2.493229            2494089             22.100845           
4.979160            2.488899            5489898             22.100849           
4.981529            2.489338            5391768             22.100849           
4.999798            2.497498            4878951             22.100857           
4.992359            2.490482            4848198             22.100857           
4.998058            2.498528            10769913            22.100857           
5.003105            2.501709            16052499            22.100857           
4.981506            2.489494            14910927            22.100857           
4.980076            2.491711            22502403            22.100857           
5.003620            2.502373            14374338            22.100857           
5.001804            2.499477            10510545            22.100857           
4.993191            2.496437            6702396             22.100857           
4.967087            2.487576            3787278             22.100857           
4.965595            2.482410            8135571             22.100857           
4.998940            2.497189            16397379            22.100857           
5.006668            2.502213            26212971            22.100857           
4.995853            2.498638            23281128            22.100857           
4.993229            2.494438            16422480            22.100857           
4.989677            2.491398            11937630            22.100857           
4.971817            2.485317            8267136             22.100857           
4.976151            2.488029            4164717             22.100857           
4.972660            2.491753            1589607             22.100857           
4.983353            2.490128            204732              22.100857           
4.988277            2.498005            50865               22.100983           
4.989342            2.491997            26640               22.100983           
4.955986            2.481014            16311               22.100983           
4.981434            2.490318            5457                22.100983           
4.989578            2.492916            3510                22.100983           
4.983238            2.490517            3939                22.100983           
4.987041            2.494301            7344                22.100983           
4.977249            2.489174            38073               22.100983           
4.982388            2.491051            54105               22.100983           
4.986408            2.490078            69540               22.100983           
4.984444            2.492352            68451               22.100983           
4.974159            2.487965            74493               22.100983           
4.976013            2.487083            74259               22.100983           
4.982037            2.488178            75849               22.100983           
4.965553            2.480503            75435               22.100983           
4.977375            2.492142            80043               22.100983           
4.984356            2.492397            92181               22.100983           
4.991463            2.494297            104235              22.100983           
5.000446            2.499287            130512              22.100983           
4.967884            2.486187            1452582             22.100983           
4.958897            2.478176            1537644             22.100983           
4.982224            2.491558            1023399             22.100983           
4.992584            2.494587            599481              22.100983           
4.986515            2.492802            422013              22.100983           
4.985939            2.491287            167892              22.100983           
4.993622            2.494602            14748               22.100983           
4.962158            2.480042            0                   22.100983           
4.983856            2.495049            0                   22.100983           
4.982704            2.493633            60                  22.100983           
4.984043            2.490307            150                 22.100983           
4.990997            2.495152            0                   22.100983           
4.977211            2.491123            3                   22.100983           
4.962124            2.481873            0                   22.100983           
4.986950            2.494865            66                  22.100983           
5.004398            2.502090            579                 22.100983           
4.978119            2.491497            49668               22.100983           
4.986912            2.491360            108702              22.100983           
4.976173            2.489143            91995               22.100983           
4.960030            2.478638            90384               22.100983           
4.952774            2.477081            80160               22.100983           
4.971901            2.487522            79296               22.100983           
4.972317            2.486774            65904               22.100983           
4.976055            2.490391            64470               22.100983           
4.994305            2.492992            364158              22.100983           
4.976616            2.488419            542067              22.100983           
4.980373            2.492569            928053              22.100983           
4.989109            2.494812            1166967             22.100983           
4.976360            2.491245            1181106             22.100983           
4.983021            2.493793            1155375             22.100983           
4.976597            2.491188            1035231             22.100983           
4.982906            2.490543            1055823             22.100983           
4.981617            2.492725            1213320             22.100983           
4.981552            2.491512            1242510             22.100983           
4.980465            2.491886            1270083             22.100983           
4.981716            2.489098            1200861             22.100983           
4.972687            2.492371            1199091             22.100983           
4.952251            2.479771            1296912             22.100983           
4.992069            2.493717            1340532             22.100983           
4.979870            2.490604            1258623             22.100983           
4.988468            2.494652            1203528             22.100983           
4.990837            2.492947            1127154             22.100983           
4.978642            2.494034            1086681             22.100983           
4.955856            2.478310            931638              22.100983           
4.977455            2.487095            810552              22.100983           
4.980820            2.489502            432054     