Buffer_Pool+Pread	file_size = 32GB	io_size = 4096Bits	#worker = 200	#pool_num = 16	#pool_size = 262145	#io_server_num = 8
IO_Throughput       SSD_Throughput      TLB_shootdown       Memory_usage        Eviction_count      
0.674057            0.666927            1768554             1.976376            
0.303463            0.297375            140309718946196     2.278324            
0.293686            0.283539            1570425             2.566341            
0.261208            0.249603            3980496             2.824852            
0.070530            0.067345            344874              2.892849            
0.050739            0.047989            225708              2.941502            
0.041618            0.039845            177882              2.981850            
0.041359            0.039013            180720              3.020981            
0.036255            0.034431            160443              3.056255            
0.040905            0.038460            182952              3.095184            
0.036118            0.034088            159435              3.130295            
0.038898            0.036995            176970              3.166855            
0.036552            0.034286            164952              3.202076            
0.036072            0.034004            156210              3.236580            
0.036766            0.034370            170910              3.271626            
0.033550            0.031498            180030              3.303055            
0.041515            0.038929            200022              3.342949            
0.038570            0.036259            186171              3.379719            
0.026131            0.024593            126270              3.404797            
0.036327            0.034004            175710              3.438931            
0.039146            0.036484            182679              3.476105            
0.040524            0.037941            187059              3.514755            
0.039139            0.036301            187056              3.551071            
0.034981            0.032429            168750              3.584332            
0.042088            0.039059            199020              3.624107            
0.044468            0.041428            223761              3.665924            
0.035202            0.032608            167946              3.698723            
0.037075            0.034370            169752              3.733868            
0.042728            0.039497            190299              3.774052            
0.039295            0.036423            182082              3.810692            
0.038322            0.034904            205575              3.847038            
0.050877            0.047432            268581              3.897602            
0.046616            0.042416            223365              3.945683            
0.046215            0.042622            236193              3.989777            
0.038464            0.035358            201441              4.026020            
0.038662            0.035301            201942              4.062656            
0.043415            0.039536            218556              4.102364            
0.038933            0.035477            194427              4.138294            
0.043045            0.039104            204480              4.178154            
0.036732            0.033291            195498              4.212135            
0.042294            0.038551            210951              4.250862            
0.040451            0.036800            201240              4.288025            
0.040619            0.036713            208104              4.325397            
0.030243            0.027363            139653              4.353077            
0.039986            0.036205            203775              4.390133            
0.042942            0.038948            224574              4.429310            
0.039448            0.035404            202572              4.465267            
0.043644            0.039280            219336              4.5048