Buffer_Pool+Pread	file_size = 32GB	io_size = 4096Bits	#worker = 300	#pool_num = 16	#pool_size = 16385	#io_server_num = 16
IO_Throughput       SSD_Throughput      TLB_shootdown       Memory_usage        Eviction_count      
0.033966            0.035137            0                   0.593456            
0.738937            0.729843            140355400338934     1.340073            
0.228325            0.222240            1029795             1.566345            
1.858208            1.798664            1141617             1.577023            
1.252659            1.214474            23531184            1.580288            
0.709763            0.688076            45429306            1.580482            
1.875523            1.816025            5801580             1.580540            
1.944904            1.884815            1171314             1.580540            
1.639030            1.586220            3713094             1.580666            
1.871716            1.812984            132330              1.580666            
1.936436            1.876537            0                   1.580666            
1.899429            1.840034            0                   1.580666            
2.097336            2.031521            49527               1.580666            
2.105782            2.040722            4944                1.580666            
1.904526            1.845402            0                   1.580666            
1.999519            1.936516            112794              1.580666            
2.069782            2.004837            444549              1.580666            
1.974628            1.912758            537861              1.580666            
1.962788            1.901089            477183              1.580666            
2.139656            2.072594            0                   1.580666            
1.644695            1.593380            4447815             1.580666            
1.935555            1.874733            154335              1.580666            
1.827419            1.770267            1769502             1.580666            
1.918236            1.858234            0                   1.580666            
2.131454            2.064621            0                   1.580666            
1.981121            1.919346            0                   1.580666            
2.018326            1.954601            150051              1.580666            
1.908100            1.847969            252255              1.580666            
2.043266            1.980423            8952                1.580666            
2.073071            2.007957            0                   1.580666            
1.950024            1.889061            0                   1.580666            
1.917194            1.858925            0                   1.580666            
1.943954            1.882755            174                 1.580666            
1.935524            1.865463            68631               1.580666            
1.936996            1.886024            326790              1.580666            
1.771553            1.713078            483504              1.580666            
1.720158            1.669117            360597              1.580666            
1.853134            1.795589            7362                1.580666            
2.089790            2.024860            0                   1.580666            
1.909401            1.849865            1418703             1.580666            
2.014347            1.951530            147870              1.580666            
1.900127            1.841316            39                  1.580666            
2.111496            2.046436            0                   1.580666            
1.996307            1.933918            154965              1.580666            
2.124233            2.058357            0                   1.580666            
1.999397            1.937542            0                   1.580666            
1.964378            1.903374            0                   1.580666            
2.075806            2.010689            0                   1.5806