Buffer_Pool+Pread	file_size = 32GB	io_size = 4096Bits	#worker = 200	#pool_num = 16	#pool_size = 16385	#io_server_num = 16
IO_Throughput       SSD_Throughput      TLB_shootdown       Memory_usage        Eviction_count      
0.895218            0.946636            4842                0.237885            
2.454334            2.541515            140390238627197     0.359692            
2.566036            2.561634            495216              0.364285            
2.561256            2.569847            594750              0.367737            
2.581406            2.575195            445032              0.371563            
2.569893            2.566772            521490              0.373737            
2.565479            2.566376            629787              0.377644            
2.564789            2.566036            413823              0.381016            
2.563511            2.566475            668280              0.383247            
2.570560            2.561378            641838              0.386898            
2.559841            2.566841            876213              0.390812            
2.562862            2.558811            692952              0.395115            
2.566296            2.563137            530952              0.399490            
2.558601            2.560329            748941              0.403969            
2.570553            2.567326            324288              0.404854            
2.562683            2.564217            63                  0.404854            
2.566681            2.561085            42717               0.404877            
2.556263            2.561440            0                   0.404877            
2.562214            2.559555            34533               0.404900            
2.580742            2.580215            0                   0.404911            
2.543472            2.549152            33111               0.404945            
2.557034            2.558044            0                   0.404945            
2.556694            2.555019            26385               0.404968            
2.550724            2.547009            0                   0.404968            
2.558800            2.553551            32622               0.405247            
2.540581            2.541718            0                   0.405247            
2.546501            2.549820            34065               0.405502            
2.550838            2.554001            0                   0.405502            
2.556355            2.551651            32508               0.405537            
2.546970            2.549118            0                   0.405537            
2.577873            2.577255            34917               0.405560            
2.571930            2.571320            227469              0.405605            
2.565643            2.563614            0                   0.405605            
2.566265            2.566185            40497               0.405605            
2.563137            2.558369            0                   0.405605            
2.554768            2.561558            79479               0.405605            
2.558273            2.555725            34932               0.405838            
2.561546            2.560898            0                   0.405838            
2.552246            2.556438            55566               0.406147            
2.521660            2.523357            102                 0.406147            
2.550911            2.546780            111642              0.406158            
2.550270            2.550579            0                   0.406158            
2.578438            2.580837            222                 0.406158            
2.562214            2.560776            51                  0.406158            
2.547642            2.549599            281031              0.406158            
2.563446            2.558971            0                   0.406158            
2.565865            2.562813            15720               0.406158            
2.521885            2.521065            18621               0.4061