Buffer_Pool+Pread	file_size = 32GB	io_size = 4096Bits	#worker = 200	#pool_num = 16	#pool_size = 262145	#io_server_num = 8
IO_Throughput       SSD_Throughput      TLB_shootdown       Memory_usage        Eviction_count      
0.772854            0.762718            2049933             2.070229            
0.352459            0.343067            140637545259424     2.418270            
0.338139            0.324875            1152849             2.752029            
0.136330            0.129799            506823              2.884933            
0.050159            0.047947            198540              2.933556            
0.035389            0.033733            132963              2.967804            
0.048042            0.045418            205263              3.013481            
0.045238            0.042706            165792              3.056259            
0.040409            0.037987            160980              3.094990            
0.043697            0.041496            164514              3.136890            
0.048042            0.045128            199965              3.182888            
0.045052            0.042408            183459              3.226116            
0.045361            0.042496            175593              3.269409            
0.045300            0.042671            176745              3.312191            
0.046131            0.043240            170148              3.356369            
0.044910            0.042122            175083              3.398605            
0.042789            0.039860            160437              3.439507            
0.049538            0.046261            192843              3.485882            
0.043228            0.040413            156882              3.527176            
0.046806            0.043674            188307              3.571331            
0.044064            0.040955            167364              3.613182            
0.049274            0.045788            175818              3.659698            
0.046520            0.043007            185208              3.703590            
0.047680            0.044407            188664              3.748333            
0.040401            0.037281            162942              3.785919            
0.040359            0.036930            161703              3.823467            
0.041557            0.038662            167334              3.862782            
0.075733            0.069714            271968              3.942265            
0.042892            0.039097            234423              3.982265            
0.041260            0.037842            209892              4.021099            
0.044956            0.040966            193125              4.062435            
0.049305            0.045097            195975              4.108887            
0.056728            0.051624            231555              4.161427            
0.041698            0.037975            176400              4.199631            
0.039425            0.035896            157452              4.236008            
0.044010            0.040039            166914              4.277061            
0.052704            0.047295            208713              4.325405            
0.045105            0.041458            181935              4.366703            
0.043678            0.039360            155325              4.406742            
0.045635            0.040585            178104              4.448162            
0.040672            0.037018            166068              4.485241            
0.045567            0.041061            171609              4.526436            
0.045704            0.041283            177729              4.568718            
0.046295            0.041702            184116              4.611004            
0.037571            0.033894            130836              4.645073            
0.041176            0.036804            196509              4.683323            
0.033596            0.030148            168372              4.713928            
0.037968            0.033672            195993              4.747673            
0.038128            0.033901            207546              4.782120            
0.033035            0.029701            167544              4.812153            
0.034000            0.030109            187266              4.842434            
0.037357            0.033398            203853              4.876930            
0.041489            0.036785            214356              4.914284            
0.037434            0.033287            197625              4.948124            
0.034855            0.031204            171375              4.979748            
0.036942            0.032455            198798              5.012440            
0.035423            0.031345            186696              5.044247            
0.038868            0.034065            202662              5.079178            
0.033138            0.029686            172560              5.108627            
0.040859            0.036011            196947              5.145363            
0.038185            0.033504            195618              5.179680            
0.040321            0.035557            225582              5.215794            
0.040184            0.035168            364083              5.251568            
0.038895            0.033905            198399              5.285778            
0.038406            0.033680            203556              5.319370            
0.037464            0.032997            204768              5.353600            
0.035446            0.030701            188142              5.384426            
0.035820            0.031437            188745              5.416538            
0.040707            0.035210            218748              5.452232            
0.032742            0.028397            171678              5.480202            
0.035667            0.031120            187647              5.512440            
0.038811            0.033821            206814              5.546570            
0.036114            0.031254            190977              5.578667            
0.041019            0.035763            213399              5.614624            
0.035873            0.030994            247431              5.646458            
0.038322            0.033268            201654              5.679726            
0.035770            0.030849            197490              5.710850            
0.041172            0.035622            207705              5.747108            
0.038906            0.033398            201663              5.781155            
0.039593            0.034031            206622              5.815933            
0.041084            0.035393            209715              5.851311            
0.039059            0.033440            208602              5.885532            
0.036877            0.031528            191115              5.917732            
0.040249            0.034348            205113              5.952271            
0.035500            0.030487            195330              5.983250            
0.044903            0.038036            239421              6.021595            
0.038208            0.032562            189048              6.054852            
0.037479            0.031910            197628              6.087170            
0.039627            0.033669            196587              6.121330            
0.041492            0.035343            210246              6.157219            
0.033535            0.028324            176262              6.186089            
0.035763            0.030415            181656              6.216976            
0.039505            0.033699            193563              6.250896            
0.041901            0.035515            216018              6.286877            
0.040386            0.034103            201183              6.321880            
0.041348            0.034939            212490              6.357208            
0.039383            0.033398            194916              6.391010            
0.038406            0.032310            193455              6.423634            
0.041157            0.034508            204165              6.459274            
0.037209            0.031593            176826              6.490814            
0.040951            0.034416            204132              6.525700            
0.037060            0.030918            182415              6.557209            
0.104939            0.088005            494724              6.665764            
0.039494            0.033154            200745              6.699844            
0.042194            0.035713            207513              6.735874            
0.048069            0.039528            241134              6.776321            
0.041374            0.034557            211500              6.811638            
0.041645            0.034710            208962              6.847118            
0.040897            0.033836            190647              6.881500            
0.049362            0.040958            231918              6.922886            
0.042118            0.034794            201411              6.957771            
0.042252            0.034740            194670              6.993439            
0.051548            0.042973            241440              7.036716            
0.049744            0.040527            223122              7.077599            
0.038036            0.031067            175959              7.109901            
0.041538            0.034370            195054              7.143982            
0.043266            0.035355            216225              7.180012            
0.040119            0.032143            182688              7.213047            
0.042912            0.035999            203574              7.248882            
0.043762            0.036118            210870              7.286121            
0.044510            0.036530            206853              7.322617            
0.043682            0.035538            207696              7.358154            
0.040085            0.032394            185766              7.391098            
0.048683            0.039383            228894              7.431114            
0.049000            0.039791            222291              7.471542            
0.044163            0.035915            208512              7.508358            
0.045185            0.036304            205725              7.544804            
0.047863            0.038349            215271              7.583248            
0.044273            0.036011            195861              7.620171            
0.040554            0.032692            186459              7.653282            
0.047863            0.038303            217878              7.691727            
0.039936            0.032391            189279              7.724461            
0.047424            0.037830            213345              7.762657            
0.046177            0.037029            216396              7.800518            
0.038727            0.031086            182415              7.832214            
0.045326            0.036518            203775              7.868938            
0.051968            0.041481            228204              7.911217            
0.039543            0.031384            168750              7.943150            
0.044312            0.035347            198597              7.978580            
0.047478            0.037891            198213              8.017395            
0.044285            0.034805            213465              8.053272            
0.044197            0.034977            188301              8.087975            
0.044937            0.035690            200268              8.123913            
0.039692            0.031647            174270              8.156448            
0.049633            0.039375            225750              8.196018            
0.039127            0.031044            181722              8.227821            
0.040752            0.031986            181632              8.259991            
0.039799            0.030441            166875              8.292160            
0.039780            0.032227            179148              8.323708            
0.040386            0.031467            266880              8.355911            
0.044506            0.034790            194619              8.390938            
0.043648            0.034126            200400              8.425468            
0.049667            0.039070            221541              8.465145            
0.042721            0.033421            187782              8.499271            
0.041054            0.031620            184563              8.531422            
0.036785            0.028763            265836              8.560543            
0.042622            0.033127            279105              8.594070            
0.038395            0.029770            177939              8.624260            
0.042114            0.032860            197775              8.657513            
0.037548            0.029274            172416              8.687027            
0.046833            0.036129            215331              8.724236            
0.047924            0.036755            273726              8.760830            
0.045444            0.034649            202299              8.796417            
0.042728            0.033123            195642              8.830070            
0.049137            0.037926            228177              8.868389            
0.038162            0.029377            175050              8.898491            
0.045692            0.034931            215709              8.933357            
0.045612            0.035118            199638              8.968834            
0.047421            0.035927            203301              9.005867            
0.044777            0.033443            192390              9.040245            
0.040306            0.031166            187215              9.071419            
0.045437            0.034920            194793              9.106525            
0.039669            0.030125            179550              9.137085            
0.045273            0.034405            193848              9.171936            
0.043324            0.033173            181854              9.205196            
0.052261            0.039577            222819              9.246006            
0.053581            0.040421            236784              9.286808            
0.038273            0.028641            168882              9.316101            
0.043388            0.032856            183576              9.349293            
0.045612            0.034389            204564              9.384212            
0.045959            0.034737            210492              9.419701            
0.043045            0.032238            172050              9.452061            
0.049229            0.036758            218856              9.488995            
0.045021            0.033779            195072              9.524387            
0.042850            0.032436            180372              9.556698            
0.051853            0.038544            230496              9.596210            
0.049652            0.037247            204594              9.633484            
0.042946            0.031792            190137              9.665615            
0.048355            0.035954            214758              9.702045            
0.045635            0.033947            188967              9.736622            
0.041969            0.031296            177888              9.768147            
0.052353            0.038589            222651              9.807144            
0.045788            0.033863            198135              9.841621            
0.045406            0.033405            207147              9.875710            
0.045971            0.033752            202617              9.909996            
0.044964            0.032845            197772              9.943310            
0.042965            0.031818            181248              9.975517            
0.042038            0.030716            177015              10.006702           
0.042774            0.031361            178008              10.038994           
0.045486            0.033451            189249              10.072704           
0.051090            0.037052            213189              10.110012           
0.044857            0.032623            203295              10.142975           
0.045288            0.032902            192003              10.176754           
0.041550            0.030418            172677              10.207634           
0.049847            0.036423            204306              10.243961           
0.049774            0.035873            208254              10.280544           
0.045715            0.033237            188718              10.314518           
0.044537            0.032368            183306              10.347427           
0.044106            0.031891            183258              10.379517           
0.045319            0.032780            192933              10.413303           
0.047005            0.033417            189096              10.446957           
0.047222            0.034161            194550              10.481636           
0.053932            0.038578            215067              10.520382           
0.047726            0.034031            192882              10.555264           
0.051273            0.036278            201273              10.591583           
0.045273            0.032375            192585              10.624397           
0.048161            0.034206            203388              10.659321           
0.047028            0.033615            203598              10.693859           
0.052956            0.037643            217314              10.731487           
0.042385            0.030228            185460              10.762085           
0.046185            0.032772            196923              10.795490           
0.045773            0.032177            647244              10.828537           
0.044071            0.031387            296247              10.860508           
0.044712            0.031475            209511              10.892666           
0.050217            0.035690            213066              10.928493           
0.042061            0.029606            166986              10.958595           
0.049641            0.034901            209505              10.993832           
0.046303            0.032604            186879              11.026760           
0.044094            0.030922            200463              11.058376           
0.046528            0.032948            189420              11.091553           
0.043385            0.029987            172743              11.122166           
0.048222            0.033588            186375              11.156136           
0.047249            0.033039            188442              11.189564           
0.043346            0.029861            171186              11.219936           
0.045017            0.031204            180780              11.251255           
0.047649            0.033104            197436              11.284821           
0.043896            0.030624            177243              11.316570           
0.045650            0.031155            176376              11.347805           
0.051205            0.035416            206151              11.383568           
0.042889            0.029655            388104              11.414291           
0.034760            0.024181            932121              11.439003           
0.038986            0.026821            428736              11.466255           
0.045906            0.031609            265320              11.498276           
0.041077            0.028564            189363              11.526985           
0.057178            0.038937            240480              11.566460           
0.060497            0.041512            232236              11.608353           
0.051292            0.035004            208401              11.643745           
0.047340            0.032166            188049              11.676483           
0.045002            0.030605            176742              11.707367           
0.046204            0.031246            194226              11.738998           
0.048500            0.032639            194436              11.772194           
0.045677            0.030838            177972              11.803452           
0.053074            0.036125            203157              11.840191           
0.046810            0.031277            185883              11.871883           
0.044880            0.030239            171069              11.902802           
0.053585            0.036209            205065              11.939213           
0.052402            0.035450            207036              11.974976           
0.097424            0.065140            1259343             12.067059           
0.090755            0.060310            402381              12.143059           
0.049038            0.032906            290685              12.177399           
0.051716            0.034611            301608              12.212742           
0.053696            0.035320            312486              12.248390           
0.045509            0.030308            259851              12.278980           
0.055561            0.037006            317703              12.317123           
0.053738            0.035839            301599              12.352787           
0.053818            0.035423            307851              12.389515           
0.044239            0.028267            242364              12.419178           
0.052906            0.036034            318069              12.454174           
0.052254            0.034225            282747              12.489212           
0.049755            0.032345            280443              12.521973           
0.049599            0.032249            286650              12.554298           
0.043438            0.028553            257622              12.583401           
0.052494            0.034191            291939              12.617962           
0.060211            0.038689            330627              12.657352           
0.052128            0.034222            301170              12.692059           
0.046967            0.030289            254496              12.722683           
0.051563            0.033409            296703              12.756611           
0.054028            0.034927            295332              12.792004           
0.057972            0.038139            314976              12.830463           
0.054592            0.035198            327891              12.865944           
0.052101            0.033798            299364              12.900295           
0.047321            0.030735            251259              12.931938           
0.049480            0.031845            272763              12.963734           
0.061954            0.039688            322269              13.004013           
0.055527            0.035656            313767              13.039982           
0.064072            0.040543            419478              13.081364           
0.053810            0.034550            378054              13.116623           
0.041882            0.026730            285327              13.143696           
0.052483            0.033310            337857              13.177544           
0.047058            0.029995            303105              13.207924           
0.048908            0.030930            319200              13.238850           
0.055355            0.035278            347400              13.274780           
0.046997            0.029633            289488              13.304672           
0.058731            0.036800            366456              13.341991           
0.047604            0.029644            283659              13.372593           
0.050186            0.031647            290472              13.404358           
0.055717            0.034946            350157              13.439472           
0.051846            0.032543            306609              13.472733           
0.049503            0.030724            288642              13.503235           
0.048489            0.030781            291189              13.534538           
0.055431            0.034882            348759       