Buffer_Pool+Pread	file_size = 32GB	io_size = 4096Bits	#worker = 150	#pool_num = 10	#pool_size = 26215	#io_server_num = 4
IO_Throughput       SSD_Throughput      TLB_shootdown       Memory_usage        Eviction_count      
1.527824            1.494774            1770369             1.388184            
1.941235            1.879734            139990647822067     1.389458            
1.880127            1.821510            1300824             1.390022            
1.748943            1.693405            1876188             1.390289            
1.848484            1.791271            576273              1.390289            
1.894848            1.835526            63159               1.390289            
1.856373            1.798477            82053               1.390430            
1.778664            1.723454            17124               1.390430            
1.891418            1.832249            0                   1.390430            
1.892738            1.833527            66                  1.390430            
1.892044            1.832516            37206               1.390430            
1.892639            1.833519            73179               1.390430            
1.882786            1.825581            126510              1.390430            
1.897610            1.837986            0                   1.390430            
1.891605            1.832153            22533               1.390430            
1.892204            1.832432            4977                1.390430            
1.889244            1.830673            55947               1.390430            
1.887531            1.829338            200802              1.390430            
1.859100            1.802036            257883              1.390430            
1.822063            1.764885            477069              1.390430            
1.838760            1.781124            405129              1.390430            
1.825722            1.769058            339195              1.390430            
1.882812            1.823364            34302               1.390430            
1.890114            1.831448            0                   1.390430            
1.888332            1.829838            94494               1.390430            
1.892296            1.833996            4569                1.390430            
1.888374            1.829636            468                 1.390430            
1.906761            1.847694            30168               1.390430            
1.932487            1.871563            12                  1.390430            
1.932285            1.872440            122427              1.390430            
1.934097            1.872749            29826               1.390430            
1.936314            1.876019            2637                1.390430            
1.932236            1.872166            47475               1.390430            
1.932209            1.871986            169167              1.390430            
1.931358            1.871086            0                   1.390430            
1.899384            1.840176            32979               1.390430            
1.929256            1.868465            465                 1.390430            
1.902290            1.842625            10914               1.390430            
1.909500            1.849049            11232               1.390430            
1.923317            1.862946            2727                1.390430            
1.932716            1.872162            741                 1.390430            
1.899555            1.840935            23253               1.390430            
1.929546            1.868877            22548               1.390430            
1.923759            1.864883            6291                1.390430            
1.930695            1.870461            78                  1.390430            
1.929359            1.869423            1437                1.390430            
1.930153            1.869610            102228              1.390430            
1.930084            1.870285            48                  1.390430            
1.933807            1.873558            27                  1.390430            
1.931820            1.871433            34779               1.390430            
1.935745            1.874683            0                   1.390430            
1.930748            1.870224            105912              1.390430            
1.935036            1.874699            0                   1.390430            
1.934307            1.873680            27180               1.390430            
1.933559            1.872494            0                   1.390430            
1.932365            1.872627            47574               1.390430            
1.933361            1.871880            167754              1.390430            
1.933704            1.873131            0                   1.390430            
1.902744            1.843536            27309               1.390430            
1.920551            1.860699            1380                1.390430            
1.902615            1.843876            10353               1.390430            
1.931805            1.871624            0                   1.390430            
1.895378            1.836403            14955               1.390430            
1.922802            1.863808            1782                1.390430            
1.909851            1.849854            6744                1.390430            
1.924675            1.864948            27186               1.390430            
1.929344            1.868958            0                   1.390430            
1.930889            1.870617            0                   1.390430            
1.927540            1.867439            48                  1.390430            
1.926922            1.866131            74601               1.390430            
1.928291            1.867706            2304                1.390430            
1.931011            1.870586            0                   1.390430            
1.929241            1.869038            0                   1.390430            
1.928761            1.868572            25230               1.390430            
1.928673            1.868267            18                  1.390430            
1.928165            1.867432            77193               1.390430            
1.930279            1.870369            0                   1.390430            
1.931828            1.871483            20352               1.390430            
1.932194            1.871235            0                   1.390430            
1.931614            1.870632            36174               1.390430            
1.930733            1.870007            126999              1.390430            
1.929974            1.869980            0                   1.390430            
1.911602            1.851391            19830               1.390430            
1.911968            1.852573            882                 1.390430            
1.910919            1.851257            3513                1.390430            
1.922840            1.862343            0                   1.390430            
1.900826            1.841339            5499                1.390430            
1.922634            1.861725            465                 1.390430            
1.898380            1.839012            2697                1.390430            
1.926067            1.865540            870                 1.390430            
1.922401            1.862492            23172               1.390430            
1.927814            1.867546            0                   1.390430            
1.926250            1.866131            0                   1.390430            
1.927406            1.866547            0                   1.390430            
1.927528            1.867535            68190               1.390430            
1.930527            1.870014            0                   1.390430            
1.931946            1.871265            0                   1.390430            
1.929119            1.868343            0                   1.390430            
1.928352            1.868698    