Buffer_Pool+Pread	file_size = 32GB	io_size = 4096Bits	#worker = 300	#pool_num = 16	#pool_size = 16385	#io_server_num = 10
IO_Throughput       SSD_Throughput      TLB_shootdown       Memory_usage        Eviction_count      
1.149860            1.149761            235086              0.556587            
1.301331            1.301216            139651585669057     0.556828            
1.478485            1.478561            60372               0.556950            
1.411598            1.411022            57381               0.556950            
1.415466            1.415798            63819               0.556950            
1.437252            1.437271            48237               0.556950            
1.467136            1.467087            73404               0.556950            
1.506229            1.506557            75810               0.557072            
1.401253            1.401134            64284               0.557438            
1.519726            1.519882            38904               0.557438            
1.580448            1.580193            1500                0.557438            
1.660526            1.660370            15360               0.557438            
1.595943            1.596066            25122               0.557438            
1.476368            1.476425            0                   0.557438            
1.377903            1.377792            220554              0.557438            
1.423515            1.423630            28326               0.557438            
1.363396            1.363323            0                   0.557438            
1.300480            1.300369            23037               0.557438            
1.362354            1.362499            24954               0.557438            
1.355492            1.355770            45117               0.557438            
1.389629            1.351357            1005                0.557438            
1.443924            1.482029            17280               0.557438            
1.398952            1.398834            38853               0.557438            
1.396488            1.396568            20640               0.557438            
1.355091            1.355030            21120               0.557438            
1.351746            1.351982            654                 0.557438            
1.339554            1.339363            15582               0.557568            
1.369522            1.369453            0                   0.557568            
1.377827            1.377831            0                   0.557568            
1.344513            1.344532            0                   0.557568            
1.343777            1.333508            185142              0.557568            
1.160686            1.171062            20154               0.557568            
1.163715            1.141117            0                   0.557568            
1.234566            1.256966            9                   0.557568            
1.229069            1.229134            0                   0.557568            
1.207088            1.207169            24960               0.557568            
1.282383            1.282433            20637               0.557568            
1.249386            1.249256            21111               0.557568            
1.301620            1.271282            19680               0.557568            
1.310833            1.341328            46026               0.557568            
1.300873            1.271019            0                   0.557568            
1.281361            1.311195            57597               0.557568            
1.247913            1.247902            168435              0.557568            
1.282112            1.282082            19680               0.557568            
1.297623            1.297565            534                 0.557568            
1.282524            1.282677            0                   0.557568            
1.250366            1.220119            0                   0.557568            
1.204891            1.235043            0                   0.557568            
1.209564            1.209373            0                   0.557568            
1.224770            1.224945            48                  0.557568            
1.263760            1.225769            0                   0.557568            
1.241653            1.279583            42708               0.557568            
1.261543            1.261414            20628               0.557568            
1.309235            1.309498            38385               0.557568            
1.278156            1.269947            34074               0.557568            
1.200680            1.208752            960                 0.557568            
1.218685            1.218914            0                   0.557568            
1.216942            1.216698            20160               0.557568            
1.143230            1.143204            19200               0.557568            
1.176712            1.176830            15840               0.557568            
1.262688            1.262836            174675              0.557568            
1.282776            1.282581            0                   0.557568            
1.252323            1.252239            0                   0.557568            
1.235741            1.235996            18717               0.557568            
1.182823            1.182556            0                   0.557568            
1.255230            1.255466            0                   0.557568            
1.225754            1.225712            0                   0.557568            
1.248405            1.248531            0                   0.557568            
1.283108            1.282887            48                  0.557568            
1.234760            1.234688            0                   0.557568            
1.259739            1.259979            0                   0.557568            
1.207649            1.207615            0                   0.557568            
1.176025            1.175911            0                   0.557568            
1.248978            1.249065            48                  0.557568            
1.289154            1.289013            84                  0.557568            
1.310780            1.310856            0                   0.557568            
1.294422            1.294388            0                   0.557568            
1.288490            1.288479            48                  0.557568            
1.268158            1.268295            21594               0.557568            
1.200596            1.200630            20640               0.557568            
1.222553            1.222515            480                 0.557568            
1.274979            1.275070            0                   0.557568            
1.209717            1.209743            84                  0.557568            
1.281956            1.281696            24960               0.557568            
1.288265            1.288418            0                   0.557568            
1.232052            1.231945            0                   0.557568            
1.188042            1.188171            36948               0.557568            
1.292912            1.292782            30804               0.557568            
1.115433            1.115387            0                   0.557568            
1.227859            1.227821            0                   0.557568            
1.361183            1.361366            0                   0.557568            
1.404366            1.404243            0                   0.557568            
1.348248            1.348286            20289               0.557568            
1.346096            1.346165            0                   0.557568            
1.267761            1.267757            0                   0.557568            
1.312145            1.312054            36000               0.557568            
1.258350            1.258385            156456              0.557568            
1.273338            1.273434            12                  0.557568            
1.248371            1.248333            0                   0.557568            
1.237587            1.237579            0                   0.557568            
1.184475            1.184387            0                   0.557568            
1.211590            1.211544            0                   0.557568            
1.199627            1.199841            48                  0.557568            
1.213741            1.213585            0                   0.557568            
1.192436            1.192390            0                   0.557568            
1.214100            1.214138            0                   0.557568            
1.148563            1.148502            0                   0.557568            
1.177834            1.177982            48                  0.557568            
1.204353            1.204288            0                   0.557568            
1.251736            1.251637            0                   0.557568            
1.234230            1.234283            0                   0.557568            
1.185524            1.185692            0                   0.557568            
1.134258            1.134460            0                   0.557568            
1.242760            1.242512            0                   0.557568            
1.281685            1.281509            0                   0.557568            
1.194672            1.194866            0                   0.557568            
1.141029            1.140789            54                  0.557568            
1.200375            1.200470            0                   0.557568            
1.201874            1.201828            0                   0.557568            
1.221493            1.221489            19200               0.557568            
1.232170            1.232334            16317               0.557568            
1.164852            1.144714            15417               0.557568            
1.156628            1.176723            15360               0.557568            
1.187305            1.187191            0                   0.557568            
1.272739            1.272785            12                  0.557568            
1.229816            1.229851            15360               0.557568            
1.268360            1.268497            93                  0.557568            
1.223808            1.223522            0                   0.557568            
1.188320            1.188587            0                   0.557568            
1.234196            1.234028            0                   0.557568            
1.194515            1.194809            54                  0.557568            
1.215652            1.215286            16305               0.557568            
1.227757            1.227829            0                   0.557568            
1.254444            1.254436            27837               0.557568            
1.278301            1.278233            0                   0.557568            
1.304005            1.304214            48                  0.557568            
1.227261            1.227364            0                   0.557568            
1.269890            1.269615            0                   0.557568            
1.254761            1.254902            0                   0.557568            
1.202633            1.202637            12                  0.557568            
1.253155            1.253174            54                  0.557568            
1.203560            1.203423            0                   0.557568            
1.191013            1.191212            0                   0.557568            
1.258488            1.258263            0                   0.557568            
1.251961            1.252117            0                   0.557568            
1.294483            1.294437            54                  0.557568            
1.286861            1.286888            0                   0.557568            
1.180046            1.180004            0                   0.557568            
1.244850            1.244843            0                   0.557568            
1.266628            1.266781            0                   0.557568            
1.213085            1.212822            51                  0.557568            
1.209518            1.209755            0                   0.557568            
1.209576            1.209324            18237               0.557594            
1.231598            1.231651            0                   0.557594            
1.250511            1.250519            19302               0.557594            
1.269432            1.269569            15360               0.557594            
1.253296            1.253078            579                 0.557594            
1.290417            1.290539            0                   0.557594            
1.275822            1.275860            0                   0.557594            
1.248554            1.248589            39                  0.557594            
1.296795            1.296852            0                   0.557594            
1.192863            1.192863            159819              0.557594            
1.212425            1.212402            480                 0.557594            
1.258247            1.258106            0                   0.557594            
1.193581            1.193588            54                  0.557594            
1.168488            1.168591            0                   0.557594            
1.174931            1.174812            0                   0.557594            
1.134869            1.135094            18231               0.557594            
1.077644            1.077236            0                   0.557594            
1.124477            1.124866            17334               0.557594            
1.185574            1.185291            19701               0.557594            
1.252762            1.252804            19674               0.557594            
1.266827            1.266720            19677               0.557594            
1.239799            1.240047            0                   0.557594            
1.239025            1.238956            49002               0.557594            
1.245499            1.245750            0                   0.557594            
1.242165            1.241856            0                   0.557594            
1.227222            1.227299            0                   0.557594            
1.277691            1.277828            48                  0.557594            
1.242771            1.242756            0                   0.557594            
1.273880            1.273792            0                   0.557594            
1.291626            1.291565            36                  0.557594            
1.257187            1.257210            0                   0.557594            
1.240448            1.240429            0                   0.557594            
1.262394            1.262390            24                  0.557594            
1.267174            1.267254            0                   0.557594            
1.234978            1.234859            18                  0.557594            
1.267731            1.267830            0                   0.557594            
1.280952            1.280972            19677               0.557667            
1.266247            1.266407            480                 0.557667            
1.289719            1.289494            351                 0.557667            
1.229694            1.229706            0                   0.557667            
1.237434            1.237320            0                   0.557667            
1.221272            1.221607            19680               0.557667            
1.153770            1.153923            15840               0.557705            
1.215557            1.215218            0                   0.557705            
1.206287            1.206520            161001              0.557858            
1.200550            1.200249            336                 0.557858            
1.205425            1.205482            54                  0.557858            
1.226315            1.226398            0                   0.557858            
1.239906            1.239765            0                   0.557858            
1.183384            1.183384            0                   0.557858            
1.239880            1.239876            0                   0.557858            
1.196518            1.196514            12                  0.557858            
1.256199            1.256317            0                   0.557858            
1.277611            1.277725            0                   0.557858            
1.225594            1.225391            0                   0.557858            
1.245663            1.245632            0                   0.557858            
1.231422            1.231602            0                   0.557858            
1.262329            1.262241            0                   0.557858            
1.248245            1.248196            0                   0.557858            
1.253639            1.253773            0                   0.557858            
1.165375            1.165237            6                   0.557858            
1.246075            1.245975            48                  0.557858            
1.297676            1.297810            0                   0.557858            
1.203411            1.203594            0                   0.557858            
1.239143            1.238861            0                   0.557858            
1.303387            1.303749            48                  0.557858            
1.242264            1.241913            0                   0.557858            
1.265011            1.265079            0                   0.557858            
1.277332            1.277252            0                   0.557858            
1.285954            1.286079            0                   0.557858            
1.272766            1.272678            60                  0.557858            
1.252018            1.252213            0                   0.557858            
1.251347            1.251152            0                   0.557858            
1.201324            1.201229            0                   0.557858            
1.212074            1.212330            0                   0.557858            
1.161442            1.161438            60                  0.557858            
1.203239            1.203106            0                   0.557858            
1.266312            1.266365            0                   0.557858            
1.271072            1.271023            0                   0.557858            
1.175114            1.175434            0                   0.557858            
1.222149            1.221802            48                  0.557858            
1.241112            1.240963            0                   0.557858            
1.322155            1.322357            0                   0.557858            
1.352074            1.352085            0                   0.557858            
1.278866            1.278831            0                   0.557858            
1.305988            1.306126            132                 0.557858            
1.325363            1.325302            0                   0.557858            
1.213192            1.213165            0                   0.557858            
1.351925            1.351772            0                   0.557858            
1.326618            1.326645            0                   0.557858            
1.239979            1.239899            0                   0.557858            
1.329346            1.329411            0                   0.557858            
1.307011            1.307022            0                   0.557858            
1.277813            1.277985            0                   0.557858            
1.330528            1.330635            48                  0.557858            
1.278912            1.278732            0                   0.557858            
1.258133            1.258244            48                  0.557858            
1.186024            1.185863            0                   0.557858            
1.279457            1.279510            0                   0.557858            
1.273010            1.272949            42                  0.557858            
1.264271            1.264408            19200               0.558010            
1.217072            1.216881            0                   0.558010            
1.224102            1.224224            0                   0.558010            
1.246979            1.247089            54                  0.558010            
1.276989            1.276825            144                 0.558010            
1.338551            1.338692            0                   0.558010            
1.298752            1.298519            0                   0.558010            
1.154751            1.155067            0                   0.558010            
1.211056            1.210915            0                   0.558010            
1.180107            1.180012            0                   0.558010            
1.234348            1.234428            0                   0.558010            
1.210510            1.210480            0                   0.558010            
1.197975            1.197906            0                   0.558010            
1.213284            1.213524            48                  0.558010            
1.272202            1.272018            0                   0.558010            
1.233994            1.234047            0                   0.558010            
1.204754            1.204819            0                   0.558010            
1.148643            1.148548            0                   0.558010            
1.205944            1.206093            102                 0.558010            
1.201752            1.201454            17754               0.558067            
1.278080            1.278107            15840               0.558163            
1.305504            1.305332            0                   0.558163            
1.267036            1.267387            0                   0.558163            
1.306160            1.306076            60                  0.558163            
1.284363            1.284290            0                   0.558163            
1.303761            1.303867            0                   0.558163            
1.241997            1.241817            0                   0.558163            
1.296532            1.296555            0                   0.558163            
1.303467            1.303593            144                 0.558163            
1.280857            1.281109            0                   0.558163            
1.257866            1.257702            0                   0.558163            
1.189217            1.189053            0                   0.558163            
1.235573            1.235878            0                   0.558163            
1.242538            1.242302            0                   0.558163            
1.269424            1.269459            0                   0.558163            
1.292442            1.292542            0                   0.558163            
1.274090            1.274300            0                   0.558163            
1.275936            1.275543            0                   0.558163            
1.309036            1.309147            15360               0.558258            
1.288757            1.288727            15837               0.558372            
1.222809            1.222801            18720               0.558414            
1.258755            1.258785            0                   0.558414            
1.254753            1.254772            54                  0.558414            
1.269974            1.269978            30762               0.558491            
1.166660            1.166504            0                   0.558491            
1.203812            1.203983            0                   0.558491            
1.209934            1.209969            0                   0.558491            
1.279030            1.278961            336                 0.558491            
1.310844            1.310654            189          