Buffer_Pool+Pread	file_size = 32GB	io_size = 4096Bits	#worker = 450	#pool_size = 52429	#pool_size = 4
IO_Throughput       SSD_Throughput      TLB_shootdown       Memory_usage        Eviction_count      
2.426846            2.334293            1604856             5.653370            
2.110123            1.893806            139655770088470     7.588646            
2.059376            1.730206            1406271             9.343410            
2.147633            1.687473            1375107             11.077301           
2.358974            1.729092            1430322             12.828976           
2.552990            1.732307            1432518             14.585091           
2.684605            1.681778            1332936             16.307621           
2.914669            1.669132            1402806             18.034092           
3.454472            1.795712            1677720             19.582611           
4.992031            2.496284            6437076             19.615097           
4.998013            2.496410            8150763             19.615097           
4.980221            2.493183            6262491             19.615097           
4.956280            2.481052            5083107             19.615097           
4.967842            2.485264            4419948             19.615097           
5.001064            2.500622            6596115             19.615097           
4.997768            2.493355            16983885            19.615097           
4.988415            2.493797            27958305            19.615097           
4.991241            2.498062            43710282            19.615097           
4.991158            2.495266            59479248            19.615097           
4.998295            2.496387            67114956            19.615097           
4.995171            2.496231            43446825            19.615097           
4.994133            2.495041            22776360            19.615097           
4.970005            2.485115            11557503            19.615097           
4.986065            2.495544            6838239             19.615269           
4.944897            2.470467            3046110             19.615269           
4.968899            2.485935            851010              19.615269           
4.960739            2.480873            99102               19.615269           
4.971962            2.487831            100206              19.615269           
4.954887            2.479027            123747              19.615269           
4.973999            2.484570            139767              19.615269           
4.939083            2.470013            157146              19.615269           
4.968704            2.483627            217131              19.615269           
4.967838            2.483181            418425              19.615269           
4.972511            2.484035            363708              19.615269           
4.973209            2.484417            178641              19.615269           
4.960171            2.481457            119838              19.615269           
4.960579            2.481110            90183               19.615269           
4.968449            2.484303            52722               19.615269           
4.980701            2.490936            21354               19.615269           
4.977535            2.489597            10080               19.615269           
4.982452            2.489235            9429                19.615269           
4.965889            2.484749            60138               19.615269           
4.972595            2.483826            122373              19.615269           
4.965111            2.481998            177024              19.615269           
4.973145            2.485592            175065              19.615269           
4.957001            2.477978            151386              19.615269           
4.960915            2.483475            141633              19.615269           
4.958050            2.481167            134253              19.615269           
4.962730            2.481785            122844              19.615269           
4.973888            2.484379            120486              19.615269           
4.972221            2.486347            109926              19.615269           
4.967361            2.481976            126300              19.615269           
4.974052            2.486385            117324              19.615269           
4.969395            2.488567            168738              19.615269           
4.957409            2.481224            323211              19.615269           
4.965683            2.480350            208566              19.615269           
4.962696            2.485455            149190              19.615269           
4.960320            2.478054            75354               19.615269           
4.959919            2.481220            25440               19.615269           
4.970867            2.484104            933                 19.615269           
4.947258            2.473000            0                   19.615269           
4.973591            2.488220            60                  19.615269           
4.982433            2.487717            0                   19.615269           
4.971691            2.486141            0                   19.615269           
4.982010            2.491554            0                   19.615269           
4.960880            2.482594            3                   19.615269           
4.940739            2.471851            54                  19.615269           
4.965691            2.480362            0                   19.615269           
4.963749            2.482151            0                   19.615269           
4.971920            2.484669            0                   19.615269           
4.968372            2.480312            36                  19.615269           
4.964249            2.484352            54                  19.615269           
4.957253            2.476265            0                   19.615269           
4.971050            2.487755            0                   19.615269           
4.969021            2.483025            0                   19.615269           
4.964241            2.481995            0                   19.615269           
4.983154            2.486050            60                  19.615269           
4.958054            2.480114            0                   19.615269           
4.934414            2.467373            0                   19.615269           
4.977394            2.486622            0                   19.615269           
4.979778            2.487915            57                  19.615269           
4.974716            2.483810            60                  19.615269           
4.972164            2.486553            9                   19.615269           
4.976353            2.488060            0                   19.615269           
4.967701            2.482590            0                   19.615269           
4.968811            2.485367            0                   19.615269           
4.977081            2.484882            135                 19.615269           
4.968769            2.484253            3                   19.615269           
4.972324            2.483932            6                   19.615269           
4.976582            2.484306            0                   19.615269           
4.957745            2.477066            0                   19.615269           
4.973785            2.488022            54                  19.615269           
4.972565            2.486458            0                   19.615269           
4.962749            2.484699            0                   19.615269           
4.977806            2.486576            0                   19.615269           
4.971012            2.485229            0                   19.615269           
4.955997            2.478802            210                 19.615269           
4.974754            2.488594            9                   19.615269           
4.958221            2.480541            0          