Buffer_Pool+Pread	file_size = 32GB	io_size = 4096Bits	#worker = 200	#pool_num = 16	#pool_size = 16385	#io_server_num = 40
IO_Throughput       SSD_Throughput      TLB_shootdown       Memory_usage        Eviction_count      
0.091045            0.091244            171246              0.556889            
0.150967            0.150955            140023705659855     0.556889            
0.163952            0.163811            53799               0.556889            
0.160187            0.160297            49905               0.556889            
0.152817            0.152843            52017               0.556889            
0.161259            0.161076            74373               0.556889            
0.147591            0.147453            16791               0.556889            
0.169903            0.170238            15834               0.556889            
0.169807            0.169750            24054               0.556889            
0.176258            0.176006            51363               0.556889            
0.158623            0.158924            0                   0.556889            
0.187138            0.187084            118983              0.557026            
0.234676            0.234631            480                 0.557026            
0.219959            0.220078            34557               0.557026            
0.243450            0.243446            48                  0.557026            
0.220474            0.220448            33171               0.557026            
0.227623            0.227600            31623               0.557026            
0.294708            0.284760            960                 0.557026            
0.253262            0.263256            6240                0.557026            
0.223545            0.223461            54735               0.557266            
0.170193            0.170116            108918              0.557507            
0.192532            0.192322            0                   0.557507            
0.209560            0.209934            0                   0.557507            
0.222668            0.222637            16839               0.557507            
0.217762            0.217754            480                 0.557507            
0.207405            0.207325            0                   0.557507            
0.206089            0.206120            0                   0.557507            
0.214581            0.214607            15360               0.557507            
0.209568            0.209549            72                  0.557507            
0.194145            0.194073            34080               0.557507            
0.201839            0.201962            37905               0.557549            
0.199039            0.199024            23514               0.557549            
0.209435            0.209461            0                   0.557549            
0.273666            0.273659            39996               0.557655            
0.255459            0.255135            117573              0.557804            
0.267754            0.268051            35988               0.557804            
0.212574            0.212444            35040               0.557804            
0.257053            0.257240            29748               0.557838            
0.224461            0.224426            5814                0.557838            
0.234787            0.234608            18720               0.557838            
0.205780            0.205975            0                   0.557838            
0.231815            0.231529            35520               0.557838            
0.264866            0.265144            42                  0.557838            
0.212021            0.212059            0                   0.557838            
0.211437            0.211311            116253              0.557880            
0.187679            0.187706            0                   0.557880            
0.207897            0.207451            0                   0.557880            
0.218796            0.219200            0                   0.5578