Buffer_Pool+Pread	file_size = 32GB	io_size = 4096Bits	#worker = 150	#pool_size = 78644	#pool_size = 4
IO_Throughput       SSD_Throughput      TLB_shootdown       Memory_usage        Eviction_count      
2.037163            1.972797            919140              2.494377            
2.325413            2.121883            140639687280671     3.508850            
2.632660            2.386627            95151               3.515713            
2.624546            2.377148            144693              3.521004            
2.623547            2.378220            119418              3.522720            
2.023018            1.834732            19308675            3.522789            
1.074547            0.974442            70249167            3.522789            
1.085724            0.984005            73644084            3.522789            
1.323277            1.198723            50641923            3.522789            
2.573467            2.332119            1331292             3.522789            
2.622536            2.377178            205197              3.522915            
2.631508            2.385387            100086              3.522915            
2.628532            2.382195            58620               3.522915            
2.619263            2.374653            116298              3.522915            
2.625076            2.378887            33585               3.522915            
2.621155            2.375290            21468               3.522915            
2.621956            2.375965            80778               3.522915            
2.624691            2.377895            90495               3.522915            
2.627964            2.382282            11250               3.522915            
2.638252            2.388329            0                   3.522915            
2.634186            2.386341            0                   3.522915            
2.624432            2.377216            0                   3.522915            
2.631329            2.384960            0                   3.522915            
2.624653            2.377361            0                   3.522915            
2.632175            2.383965            0                   3.522915            
2.625156            2.378613            0                   3.522915            
2.626492            2.378887            0                   3.522915            
2.624668            2.378994            0                   3.522915            
2.626087            2.379635            15393               3.522915            
2.629845            2.381840            38283               3.522915            
2.627380            2.380459            44460               3.522915            
2.624058            2.378609            94788               3.522915            
2.620712            2.374947            100431              3.522915            
2.624725            2.378529            104988              3.522915            
2.626526            2.379112            64254               3.522915            
2.627556            2.378613            0                   3.522915            
2.633099            2.384689            88497               3.522915            
2.629780            2.382969            0                   3.522915            
2.622688            2.375839            0                   3.522915            
2.631752            2.383621            2985                3.522915            
2.632530            2.387493            0                   3.522915            
2.631210            2.384861            0                   3.522915            
2.627590            2.381237            0                   3.522915            
2.631062            2.382107            0                   3.522915            
2.622101            2.375931            0                   3.522915            
2.630520            2.385277            0                   3.522915            
2.631321            2.385021            0                   3.522915            
2.625542            2.379818            0                   3.522915            
2.632130            2.385365            0                   3.522915            
2.624557            2.378342            45                  3.522915            
2.625572            2.378410            243                 3.522915            
2.630386            2.383347            0                   3.522915            
2.627556            2.380920            48                  3.522915            
2.633194            2.385971            51                  3.522915            
2.631599            2.383839            0                   3.522915            
2.631157            2.383339            0                   3.522915            
2.624378            2.378204            0                   3.522915            
2.628971            2.380833            4890                3.522915            
2.626156            2.379974            46848               3.522915            
2.626766            2.379951            18159               3.522915            
2.621975            2.377350            92880               3.522915            
2.629425            2.381233            106872              3.522915            
2.621780            2.375847            92304               3.522915            
2.630459            2.385025            21246               3.522915            
2.626923            2.379364            27303               3.522915            
2.630123            2.382347            8130                3.522915            
2.626133            2.379742            37425               3.522915            
2.622139            2.376236            2016                3.522915            
2.629841            2.383694            0                   3.522915            
2.625641            2.379230            0                   3.522915            
2.629818            2.383240            0                   3.522915            
2.630135            2.383465            0                   3.522915            
2.632378            2.384342            0                   3.522915            
2.630669            2.382740            0                   3.522915            
2.629360            2.383152            63                  3.522915            
2.624786            2.379913            0                   3.522915            
2.629604            2.383385            0                   3.522915            
2.626984            2.381310            0                   3.522915            
2.622219            2.375214            0                   3.522915            
2.620640            2.375664            0                   3.522915            
2.631439            2.385799            0                   3.522915            
2.631729            2.386436            0                   3.522915            
2.629211            2.382786            0                   3.522915            
2.630920            2.382370            0                   3.522915            
2.627174            2.381287            0                   3.522915            
2.623840            2.377693            0                   3.522915            
2.628750            2.380867            0                   3.522915            
2.630905            2.384384            0                   3.522915            
2.623726            2.377701            0                   3.522915            
2.635658            2.388130            0                   3.522915            
2.634842            2.388130            0                   3.522915            
2.627872            2.380997            0                   3.522915            
2.634136            2.386707            0                   3.522915            
2.626160            2.380199            0                   3.522915            
2.626186            2.382282            13611               3.522915            
2.625706            2.378994            5382                3.522915            
2.620750            2.375458            10347               3.522915            
2.618359            2.373520            8733                3.522915            
2.628853            2.381233            2313       