Buffer_Pool+Pread	file_size = 32GB	io_size = 4096Bits	#worker = 200	#pool_num = 16	#pool_size = 16385	#io_server_num = 4
IO_Throughput       SSD_Throughput      TLB_shootdown       Memory_usage        Eviction_count      
1.174290            1.175159            46431               0.556152            
1.199242            1.199219            139653304898380     0.556152            
1.127884            1.126831            111429              0.556152            
1.280914            1.281490            57510               0.556152            
1.320320            1.320511            76236               0.556152            
1.340759            1.340321            43161               0.556152            
1.470238            1.470116            14865               0.556152            
1.550858            1.550892            588                 0.556152            
1.477631            1.477909            29163               0.556152            
1.550301            1.550777            41271               0.556152            
1.587193            1.586864            8154                0.556152            
1.495468            1.495243            57564               0.556152            
1.666878            1.667183            78294               0.556152            
1.683453            1.683907            51045               0.556152            
1.663601            1.662811            33240               0.556152            
1.497272            1.497631            480                 0.556152            
1.650074            1.649738            63345               0.556343            
1.689182            1.689346            819                 0.556343            
1.518684            1.518761            0                   0.556343            
1.653080            1.653095            0                   0.556343            
1.780155            1.779922            50379               0.556343            
1.586807            1.587051            60144               0.556343            
1.522167            1.522175            18348               0.556343            
1.501808            1.501461            31776               0.556343            
1.484905            1.485168            20160               0.556343            
1.453732            1.454044            105                 0.556343            
1.575314            1.574715            21630               0.556343            
1.719727            1.719818            44136               0.556343            
1.892105            1.892612            47037               0.556343            
1.568081            1.567768            960                 0.556343            
1.700905            1.701168            0                   0.556343            
1.684093            1.684093            63867               0.556343            
1.803658            1.803112            17760               0.556343            
1.701790            1.702061            34068               0.556343            
1.715355            1.715073            19200               0.556343            
1.783939            1.784752            72                  0.556343            
1.704678            1.703819            54                  0.556343            
1.764038            1.764038            11520               0.556343            
1.926285            1.926498            6                   0.556343            
1.725952            1.726059            10068               0.556343            
1.741070            1.741074            48                  0.556343            
1.678867            1.679123            43308               0.556343            
1.643215            1.642933            12                  0.556343            
1.967648            1.967354            48                  0.556343            
1.659122            1.659660            40836               0.556343            
1.651016            1.650169            51                  0.556343            
1.776726            1.777046            59466               0.556343            
1.863197            1.863350            0                   0.556343            
1.717690            1.717541            6                   0.556343            
1.826462            1.827232            252                 0.556343            
1.615719            1.614731            90                  0.556343            
1.666008            1.667065            16860               0.556343            
1.888664            1.888706            0                   0.556343            
1.840698            1.819698            6                   0.556343            
1.869324            1.889854            27381               0.556343            
1.989765            1.989178            48                  0.556343            
1.895844            1.896214            18237               0.556343            
1.839806            1.839676            150                 0.556343            
1.618587            1.618423            0                   0.556343            
1.872410            1.873013            123                 0.556343            
1.911880            1.911381            20013               0.556343            
2.030266            2.030407            40314               0.556343            
1.816399            1.816467            69                  0.556343            
1.846111            1.846146            0                   0.556343            
1.488850            1.489143            0                   0.556343            
1.687019            1.686939            54                  0.556343            
1.944313            1.944199            37920               0.556343            
1.899090            1.898716            0                   0.556343            
2.166363            2.166363            0                   0.556343            
2.055241            2.055210            0                   0.556343            
1.908119            1.908352            59085               0.556362            
2.023827            2.023949            0                   0.556362            
1.617268            1.617306            0                   0.556362            
1.691399            1.691223            0                   0.556362            
1.590473            1.590534            48                  0.556362            
1.937664            1.937504            72                  0.556362            
1.707138            1.707703            15840               0.556362            
1.463501            1.462833            26880               0.556362            
1.586735            1.587093            0                   0.556362            
1.894802            1.894470            48                  0.556362            
1.693943            1.693905            0                   0.556362            
1.498039            1.498543            17280               0.556396            
1.639889            1.639553            0                   0.556396            
1.728691            1.728764            0                   0.556396            
1.634815            1.634750            0                   0.556396            
1.610085            1.610523            0                   0.556396            
1.420856            1.406609            1200                0.556396            
1.482983            1.496998            0                   0.556396            
1.698219            1.698223            10080               0.556553            
1.605289            1.605167            10656               0.556667            
1.624409            1.624786            63                  0.556667            
1.511326            1.511086            45585               0.556782            
1.583942            1.583897            0                   0.556782            
1.627190            1.627205            0                   0.556782            
1.764320            1.764320            66                  0.556782            
1.787949            1.787884            18                  0.556782            
1.707577            1.707729            0                   0.556782            
1.406094            1.406006            0                   0.556782            
1.563248            1.563267            0                   0.556782            
1.798595            1.798630            72                  0.556782            
1.663284            1.663197            390                 0.556782            
1.590771            1.590641            24                  0.556782            
1.475765            1.476280            18                  0.556782            
1.416279            1.416092            6                   0.556782            
1.230453            1.230568            144                 0.556782            
1.557362            1.557144            38373               0.556973            
1.662952            1.662865            18                  0.556973            
1.768826            1.768867            0                   0.556973            
1.653629            1.653591            48                  0.556973            
1.777203            1.777355            0                   0.556973            
1.849056            1.848804            0                   0.556973            
1.938862            1.938847            0                   0.556973            
1.802219            1.802460            0                   0.556973            
1.621338            1.621258            48                  0.556973            
1.514935            1.514965            237                 0.556973            
1.659233            1.659046            219                 0.556973            
1.794006            1.793678            156                 0.556973            
1.719830            1.720028            6                   0.556973            
1.725281            1.725266            72                  0.556973            
1.623306            1.623634            0                   0.556973            
1.544369            1.544178            0                   0.556973            
1.345741            1.346039            0                   0.556973            
1.511459            1.511223            0                   0.556973            
1.666565            1.666519            18                  0.556973            
1.644276            1.644321            58197               0.557144            
1.545551            1.545628            51                  0.557144            
1.526604            1.526733            0                   0.557144            
1.623226            1.622997            108                 0.557144            
1.743855            1.743778            0                   0.557144            
1.885567            1.885590            0                   0.557144            
1.870167            1.869629            303                 0.557144            
1.738262            1.738594            0                   0.557144            
1.505913            1.505997            0                   0.557144            
1.594475            1.594372            24                  0.557144            
1.497437            1.470806            261                 0.557144            
1.778053            1.804863            0                   0.557144            
1.733109            1.733128            0                   0.557144            
1.616940            1.616718            201                 0.557144            
1.515438            1.515690            0                   0.557144            
1.474224            1.474747            0                   0.557144            
1.391392            1.390999            0                   0.557144            
1.503647            1.503445            48                  0.557144            
1.505066            1.505726            60                  0.557144            
1.326729            1.326298            17280               0.557335            
1.265682            1.266098            0                   0.557335            
1.352436            1.352463            189                 0.557335            
1.774414            1.774021            27354               0.557487            
1.696804            1.696659            48                  0.557487            
1.639626            1.639938            48                  0.557487          