Buffer_Pool+Pread	file_size = 32GB	io_size = 4096Bits	#worker = 200	#pool_num = 16	#pool_size = 16385	#io_server_num = 8
IO_Throughput       SSD_Throughput      TLB_shootdown       Memory_usage        Eviction_count      
0.761242            0.751041            2082348             1.324188            
0.618191            0.599342            140461566585262     1.574055            
1.992683            1.931087            2751735             1.576813            
0.634399            0.614811            33625386            1.577511            
0.507061            0.490620            39434718            1.577511            
1.425053            1.379292            11132091            1.577511            
2.203461            2.134434            345636              1.577511            
1.935482            1.876427            1193190             1.577759            
2.054710            1.988682            174                 1.577759            
1.980038            1.918137            12                  1.577759            
2.136543            2.069614            137814              1.577759            
2.092384            2.027153            46392               1.577759            
2.300430            2.228786            170517              1.577759            
2.132000            2.065285            75                  1.577759            
2.145012            2.077412            350043              1.577759            
1.992523            1.930748            0                   1.577759            
1.822075            1.763664            313050              1.577759            
1.855724            1.798027            1807299             1.577759            
2.097542            2.032295            474993              1.577759            
1.832310            1.774979            131229              1.577759            
1.931839            1.869301            0                   1.577759            
2.140205            2.075409            0                   1.577759            
2.004868            1.939972            0                   1.577759            
1.899357            1.843060            133701              1.577759            
2.117638            2.051105            14277               1.577759            
1.941586            1.880764            0                   1.577759            
2.092052            2.025848            0                   1.577759            
2.093136            2.028072            97221               1.577759            
2.086861            2.021339            77436               1.577759            
2.124905            2.058292            15111               1.577759            
2.181473            2.113201            67056               1.577759            
1.908779            1.849380            0                   1.577759            
2.265152            2.194057            73404               1.577759            
2.120876            2.055008            94248               1.577759            
2.113541            2.046814            1368                1.577759            
1.986588            1.925297            131826              1.577759            
2.040104            1.976147            243                 1.577759            
1.942234            1.881691            20631               1.577759            
2.167114            2.099152            6465                1.577759            
1.926277            1.866581            3318                1.577759            
2.082111            2.017120            5553                1.577759            
2.119888            2.053749            22890               1.577759            
2.116474            2.050282            3351                1.577759            
1.971146            1.910458            603483              1.577759            
1.844440            1.786972            1027872             1.577759            
2.034977            1.971024            0                   1.577759            
2.072910            2.007416            0                   1.577759            
2.111408            2.045452            130176              1.577759            
1.905193            1.846272            18945               1.577759            
2.171013            2.103760            159                 1.577759            
2.134972            2.067696            0                   1.577759            
1.969398            1.907585            43983               1.577759            
2.173103            2.105343            0                   1.577759            
2.168056            2.100307            61182               1.577759            
2.076527            2.012318            2412                1.577759            
2.070377            2.005795            88596               1.577759            
2.090656            2.025158            3648                1.577759            
2.137932            2.070534            75759               1.577759            
2.108688            2.041702            939                 1.577759            
2.126133            2.059982            70542               1.577759            
2.244343            2.173473            6336                1.577759            
2.044384            1.980320            95166               1.577759            
2.039993            1.975967            0                   1.577759            
2.170940            2.104000            109047              1.577759            
2.105793            2.038395            0                   1.577759            
2.079231            2.014004            148086              1.577759            
2.180565            2.112679            5430                1.577759            
2.244068            2.173847            39                  1.577759            
2.172382            2.104576            14856               1.577759            
2.128006            2.061901            0                   1.577759            
1.933846            1.873371            8625                1.577759            
2.121449            2.055851            0                   1.577759            
2.001011            1.937691            27414               1.577759            
2.167175            2.100067            18489               1.577759            
1.859341            1.801529            149532              1.577759            
1.992184            1.929852            141                 1.577759            
1.941319            1.881477            0                   1.577759            
2.154613            2.087624            57                  1.577759            
2.150150            2.083447            94014               1.577759            
2.068192            2.003586            3567                1.577759            
1.914928            1.854824            99                  1.577759            
2.132996            2.066952            90                  1.577759            
2.224648            2.155037            16188               1.577759            
2.143978            2.077217            0                   1.577759            
2.272385            2.200962            234                 1.577759            
2.264980            2.194172            26115               1.577759            
2.271317            2.200176            4476                1.577759            
2.209236            2.140732            58980               1.577759            
2.216434            2.147362            0                   1.577759            
2.268375            2.197208            39093               1.577759            
2.028591            1.965473            474                 1.577759            
2.094280            2.029057            0                   1.577759            
2.106300            2.039837            3                   1.577759            
2.026913            1.964306            45318               1.577759            
2.110153            2.042114            471                 1.577759            
2.164162            2.095749            75195               1.577759            
1.991291            1.928974            0                   1.577759            
2.179226            2.111103            0                   1.577759            
2.077698            2.012779            89046               1.577759            
1.905670            1.846199            351                 1.577759            
2.180679            2.112221            8736                1.577759            
1.842396            1.785492            0                   1.577759            
2.054600            1.991222            4146                1.577759            
2.296688            2.224300            1389                1.577759            
1.898567            1.839779            2850                1.577759            
2.108837            2.042652            0                   1.577759            
2.074337            2.010223            0                   1.577759            
2.070538            2.005787            17322               1.577759            
2.128448            2.061516            0                   1.577759            
2.013252            1.951347            1324734             1.577759            
2.133793            2.066662            0                   1.577759            
2.161324            2.094231            0                   1.577759            
2.080585            2.015011            0                   1.577759            
2.128048            2.061485            0                   1.577759            
2.142197            2.074181            100851              1.577759            
2.003326            1.940842            0                   1.577759            
2.126343            2.059940            0                   1.577759            
2.111771            2.044945            0                   1.577759            
2.130882            2.064663            22908               1.577759            
2.195091            2.125671            0                   1.577759            
2.091335            2.026245            34152               1.577759            
2.190308            2.121311            2253                1.577759            
2.258919            2.188637            0                   1.577759            
2.079399            2.014713            71148               1.577759            
2.093468            2.027824            0                   1.577759            
2.126213            2.059559            46629               1.577759            
2.279675            2.207890            0                   1.577759            
2.109913            2.043949            55455               1.577759            
2.163570            2.095795            0                   1.577759            
2.244766            2.174702            64509               1.577759            
2.139973            2.074093            0                   1.577759            
2.208031            2.138577            0                   1.577759            
2.114704            2.048138            92871               1.577759            
2.012791            1.949268            0                   1.577759            
1.984272            1.922710            156507              1.577759            
2.054028            1.991348            0                   1.577759            
1.841789            1.783745            3207                1.577759            
1.879448            1.820728            0                   1.577759            
2.258991            2.188759            3624                1.577759            
2.045765            1.981281            477                 1.577759            
2.116577            2.049831            7611                1.577759            
2.029121            1.966217            5847                1.577759            
2.071144            2.006607            0                   1.577759            
2.158089            2.091011            160608              1.577759            
2.265808            2.194782            11664               1.577759            
2.091885            2.026302            180                 1.577759            
2.124554            2.058002            57                  1.577759            
2.043617            1.979408            120                 1.577759            
2.197468            2.128426            74139               1.577759          