Buffer_Pool+Pread	file_size = 32GB	io_size = 4096Bits	#worker = 150	#pool_size = 838861	#pool_size = 4
IO_Throughput       SSD_Throughput      TLB_shootdown       Memory_usage        Eviction_count      
2.089344            2.019394            819666              3.024178            
2.111893            1.913433            140155698017016     4.979282            
2.593082            2.181087            1267116             7.192467            
1.851345            1.454411            2055435             8.693329            
2.827583            2.061714            2135238             10.786346           
3.052895            2.033009            2310558             12.848770           
3.098175            1.876980            2517639             14.762753           
1.762951            0.987034            1829892             15.807617           
3.550491            1.835789            7433739             17.283020           
3.317650            1.657219            18637752            17.283020           
1.711502            0.858578            25905522            17.283020           
1.313931            0.658146            35286498            17.283020           
1.200924            0.600906            45540546            17.283020           
1.124622            0.563595            54535815            17.283020           
1.084126            0.541874            66237645            17.283020           
1.083141            0.541130            73258182            17.283020           
1.125652            0.562386            70477008            17.283020           
1.176563            0.588608            69625923            17.283020           
1.229755            0.614555            68093712            17.283020           
1.289581            0.645470            66761790            17.283020           
1.353725            0.675552            66078075            17.283020           
1.400089            0.701694            63649866            17.283020           
1.474751            0.737167            62355912            17.283020           
1.536495            0.768078            60041109            17.283020           
1.615948            0.807163            57852573            17.283020           
1.707134            0.854794            55295934            17.283207           
1.821945            0.910305            52922802            17.283207           
1.963264            0.981182            50636208            17.283207           
2.146439            1.073307            47947725            17.283207           
2.572960            1.285332            39386709            17.283207           
3.157764            1.579124            31236810            17.283207           
4.279240            2.139149            7983789             17.283207           
4.580044            2.288235            351672              17.283207           
4.674530            2.335732            91686               17.283207           
4.678658            2.338951            58236               17.283207           
4.708942            2.352566            36924               17.283207           
4.704563            2.352314            27090               17.283207           
4.718533            2.360504            18219               17.283207           
4.720947            2.358829            25365               17.283207           
4.712128            2.356457            32871               17.283207           
4.720642            2.360298            16995               17.283207           
4.737831            2.367867            1140                17.283207           
4.726883            2.358173            8640                17.283207           
4.717751            2.359982            3813                17.283207           
4.722416            2.360046            5817                17.283207           
4.712009            2.358620            9009                17.283207           
4.722000            2.357452            13518               17.283207           
4.699150            2.349869            21924               17.283207           
4.708519            2.354099            19644               17.283207           
4.700275            2.352444            26484               17.283207           
4.725452            2.360237            23352               17.283207           
4.713627            2.355553            23499               17.283207           
4.727688            2.358051            34332               17.283207           
4.699547            2.351799            38190               17.283207           
4.720066            2.356983            38670               17.283207           
4.702274            2.350235            38190               17.283207           
4.694847            2.347221            61722               17.283207           
4.702953            2.353024            46779               17.283207           
4.715816            2.357204            37710               17.283207           
4.710590            2.357300            33549               17.283207           
4.719681            2.359314            24861               17.283207           
4.729965            2.361671            19197               17.283207           
4.718639            2.357227            14730               17.283207           
4.729614            2.362953            4113                17.283207           
4.716297            2.359871            54                  17.283207           
4.726772            2.362621            0                   17.283207           
4.708660            2.353855            0                   17.283207           
4.712719            2.360474            0                   17.283207           
4.710407            2.357327            0                   17.283207           
4.720589            2.360573            15                  17.283207           
4.714882            2.358746            0                   17.283207           
4.708466            2.356701            5445                17.283207           
4.705376            2.354687            16566               17.283207           
4.699692            2.351715            9615                17.283207           
4.695904            2.349251            10317               17.283207           
4.700935            2.349628            12537               17.283207           
4.697739            2.350063            5745                17.283207           
4.696861            2.351509            23388               17.283207           
4.703297            2.351337            42990               17.283207           
4.699127            2.351582            43011               17.283207           
4.709332            2.351028            52014               17.283207           
4.705219            2.352379            49251               17.283207           
4.684025            2.346638            75273               17.283207           
4.701965            2.349529            96291               17.283207           
4.707016            2.352150            84453               17.283207           
4.704182            2.351116            75666               17.283207           
4.713120            2.355553            68610               17.283207           
4.707642            2.353287            66885               17.283207           
4.731030            2.363415            72534               17.283207           
4.713852            2.355114            53130               17.283207           
4.701843            2.350346            45294               17.283207           
4.698650            2.351406            46320               17.283207           
4.708927            2.353397            46185               17.283207           
4.708706            2.353760            42930               17.283207           
4.704708            2.353035            87228               17.283207           
4.717312            2.358276            73080               17.283207           
4.723312            2.358562            75768               17.283207           
4.714657            2.353226            61290               17.283207           
4.703758            2.355717            21714     