Buffer_Pool+Pread	file_size = 32GB	io_size = 4096Bits	#worker = 20	#pool_num = 16	#pool_size = 16385	#io_server_num = 16
IO_Throughput       SSD_Throughput      TLB_shootdown       Memory_usage        Eviction_count      
2.515160            2.516277            12615               0.044853            
2.528564            2.528702            139920738736467     0.044853            
2.527222            2.527187            126                 0.044853            
2.518524            2.518600            147087              0.044853            
2.517685            2.517719            6372                0.044853            
2.513893            2.513992            402                 0.044853            
2.511002            2.511356            6171                0.044994            
2.518181            2.518219            89229               0.044994            
2.514812            2.514927            0                   0.044994            
2.511673            2.511650            4590                0.044994            
2.507076            2.507050            0                   0.044994            
2.511562            2.511608            0                   0.044994            
2.512901            2.512913            0                   0.044994            
2.511230            2.511269            51648               0.044994            
2.504623            2.504639            0                   0.044994            
2.506023            2.505901            0                   0.044994            
2.521122            2.521210            0                   0.044994            
2.522343            2.522312            4542                0.044994            
2.522747            2.522751            0                   0.044994            
2.519367            2.519485            0                   0.044994            
2.516430            2.516369            0                   0.044994            
2.509872            2.509762            0                   0.044994            
2.514286            2.514267            0                   0.044994            
2.515934            2.516079            0                   0.044994            
2.514309            2.514202            0                   0.044994            
2.512737            2.512699            0                   0.044994            
2.505623            2.505741            0                   0.044994            
2.504467            2.504448            0                   0.044994            
2.509922            2.509895            0                   0.044994            
2.506077            2.506119            32385               0.044994            
2.506794            2.506714            0                   0.044994            
2.501923            2.501820            0                   0.044994            
2.519352            2.519489            0                   0.044994            
2.505322            2.505299            0                   0.044994            
2.504612            2.504646            0                   0.044994            
2.507351            2.507130            1914                0.044994            
2.509949            2.510143            0                   0.044994            
2.506527            2.506500            4185                0.044994            
2.505684            2.505756            12                  0.044994            
2.512569            2.512585            11751               0.044994            
2.511860            2.511791            0                   0.044994            
2.514069            2.514149            0                   0.044994            
2.502220            2.502220            0                   0.044994            
2.516891            2.516895            0                   0.044994            
2.513592            2.513546            0                   0.044994            
2.513271            2.513264            39                  0.044994            
2.512012            2.512093            0                   0.044994            
2.509151            2.509071            0                   0.044994            
2.517422            2.517456            51                  0.044994            
2.519638            2.519695            0                   0.044994            
2.519855            2.519848            0                   0.044994            
2.511871            2.511799            0                   0.044994            
2.509716            2.509727            0                   0.044994            
2.511501            2.511517            0                   0.044994            
2.510712            2.510674            0                   0.044994            
2.515171            2.515198            3594                0.044994            
2.512497            2.512455            26085               0.044994            
2.525608            2.525669            48                  0.044994            
2.514694            2.514664            0                   0.044994            
2.518791            2.518757            0                   0.044994            
2.520432            2.520466            0                   0.044994            
2.513348            2.513470            2976                0.044994            
2.513084            2.512924            0                   0.044994            
2.508804            2.508862            27378               0.044994            
2.512432            2.512451            0                   0.044994            
2.510025            2.510044            3480                0.044994            
2.513012            2.512993            23490               0.044994            
2.509136            2.509159            0                   0.044994            
2.508129            2.508053            0                   0.044994            
2.516235            2.516304            2907                0.044994            
2.517349            2.517357            0                   0.044994            
2.511684            2.511662            87                  0.044994            
2.507950            2.507996            0                   0.044994            
2.507927            2.507809            0                   0.044994            
2.509209            2.509243            0                   0.044994            
2.515209            2.515198            0                   0.044994            
2.512215            2.512157            0                   0.044994            
2.508278            2.508381            0                   0.044994            
2.507629            2.507538            26511               0.044994            
2.509926            2.510033            0                   0.044994            
2.506916            2.506851            0                   0.044994            
2.503895            2.503937            0                   0.044994            
2.510864            2.510845            0                   0.044994            
2.510094            2.510242            0                   0.044994            
2.509296            2.509174            0                   0.044994            
2.510555            2.510563            0                   0.044994            
2.509109            2.509064            2640                0.044994            
2.505695            2.505665            9591                0.044994            
2.512287            2.512360            0                   0.044994            
2.511894            2.511932            2877                0.044994            
2.506840            2.506851            0                   0.044994            
2.514557            2.514427            9834                0.044994            
2.513023            2.512939            339                 0.044994            
2.512943            2.513012            0                   0.044994            
2.509052            2.509018            60                  0.044994            
2.514492            2.514530            0                   0.044994            
2.511257            2.511292            93                  0.044994            
2.512260            2.512306            87                  0.044994            
2.505829            2.505772    