Buffer_Pool+Pread	file_size = 32GB	io_size = 4096Bits	#worker = 4	#pool_num = 16	#pool_size = 16385	#io_server_num = 16
IO_Throughput       SSD_Throughput      TLB_shootdown       Memory_usage        Eviction_count      
2.505669            2.505562            26100               0.020535            
2.511837            2.511799            140576800513985     0.020535            
2.507458            2.507355            987                 0.020676            
2.507534            2.507587            519                 0.020676            
2.503994            2.504208            13452               0.020676            
2.507603            2.507515            60                  0.020676            
2.491695            2.491840            24                  0.020676            
2.501411            2.501629            0                   0.020676            
2.506721            2.506397            1989                0.020676            
2.502972            2.503307            0                   0.020676            
2.499290            2.499043            51                  0.020676            
2.503216            2.503258            0                   0.020676            
2.498505            2.498608            0                   0.020676            
2.508141            2.508244            0                   0.020676            
2.504589            2.504353            63                  0.020676            
2.507313            2.507290            171                 0.020676            
2.508419            2.508553            2670                0.020748            
2.501114            2.501076            0                   0.020748            
2.499271            2.499451            0                   0.020748            
2.503471            2.503361            3                   0.020748            
2.503307            2.503014            108                 0.020748            
2.504475            2.504532            7773                0.020748            
2.507549            2.507462            1005                0.020748            
2.502644            2.502728            228                 0.020748            
2.500011            2.499981            66                  0.020748            
2.503727            2.503830            48                  0.020748            
2.503304            2.503307            96                  0.020748            
2.505333            2.505512            0                   0.020748            
2.508343            2.508312            0                   0.020748            
2.508762            2.508518            15396               0.020748            
2.495075            2.494995            1563                0.020748            
2.501335            2.501476            330                 0.020748            
2.500843            2.500771            2586                0.020748            
2.501804            2.502033            54                  0.020748            
2.501778            2.501701            21                  0.020748            
2.501671            2.501480            57                  0.020748            
2.498554            2.498665            69                  0.020748            
2.504192            2.504189            0                   0.020748            
2.500500            2.500610            0                   0.020748            
2.501427            2.501392            54                  0.020748            
2.505993            2.506134            0                   0.020748            
2.494804            2.494820            0                   0.020748            
2.501289            2.501328            0                   0.020748            
2.505474            2.505119            3561                0.020748            
2.499435            2.499565            144                 0.020748            
2.498856            2.498749            222                 0.020748            
2.493809            2.493885            120                 0.020748            
2.492943            2.493107            0                   0.020748