Buffer_Pool+Pread	file_size = 32GB	io_size = 4096Bits	#worker = 450	#pool_size = 209716	#pool_size = 4
IO_Throughput       SSD_Throughput      TLB_shootdown       Memory_usage        Eviction_count      
2.008312            1.943977            1246629             3.389999            
1.950119            1.777222            139697757210299     5.212635            
1.592289            1.370281            946164              6.600582            
1.662827            1.362686            921177              7.985241            
1.640030            1.270920            835536              9.296394            
1.903732            1.399185            971226              10.716797           
1.972454            1.366650            936933              12.102871           
2.132057            1.384708            961425              13.505440           
2.115631            1.283672            940272              14.834694           
2.078697            1.182755            1003869             16.060257           
2.617428            1.384670            953562              17.464920           
4.610458            2.302830            189717              17.706257           
4.964973            2.487122            886977              17.743217           
5.012077            2.503124            6426906             17.754753           
4.431988            2.215923            47586534            17.754753           
3.639969            1.824806            99927933            17.754753           
3.439377            1.719246            124302714           17.754753           
3.241409            1.621571            145251702           17.754753           
3.107117            1.556522            162155487           17.754753           
3.224663            1.608318            172759752           17.754753           
3.648563            1.832432            162225318           17.754753           
4.141251            2.069534            148945206           17.754753           
4.810127            2.405140            78641376            17.754753           
4.943172            2.473133            21019959            17.754753           
4.980267            2.491096            10770066            17.754753           
4.989765            2.494251            4243791             17.754753           
4.988003            2.494152            587970              17.754753           
4.982845            2.490875            236643              17.754753           
4.975700            2.488186            224820              17.754986           
4.964844            2.479095            190245              17.754986           
4.988567            2.490532            125565              17.754986           
4.975143            2.487167            110088              17.754986           
4.967342            2.483692            70800               17.754986           
4.969212            2.486122            98637               17.754986           
4.979256            2.488636            116331              17.754986           
4.947849            2.474262            127419              17.754986           
4.971920            2.487457            141852              17.754986           
4.981800            2.486168            148662              17.754986           
4.977627            2.490047            140832              17.754986           
4.982861            2.491169            149679              17.754986           
4.978134            2.485809            141999              17.754986           
4.957504            2.478977            141198              17.754986           
4.978966            2.490330            155049              17.754986           
4.973560            2.487106            117087              17.754986           
4.989067            2.491886            78684               17.754986           
4.981552            2.488388            44157               17.754986           
4.981716            2.492344            24861               17.754986           
4.973881            2.486908            13269               17.754986           
4.982700            2.487621            2841                17.754986           
4.976841            2.489265            0                   17.754986           
4.965195            2.482327            333                 17.754986           
4.962566            2.483570            0                   17.754986           
4.980957            2.486839            0                   17.754986           
4.968151            2.482624            57                  17.754986           
4.976864            2.486565            0                   17.754986           
4.966225            2.483150            0                   17.754986           
4.977467            2.485085            51                  17.754986           
4.958179            2.481125            0                   17.754986           
4.965450            2.484390            186                 17.754986           
4.958786            2.477680            54                  17.754986           
4.960636            2.482170            0                   17.754986           
4.970802            2.485382            0                   17.754986           
4.977993            2.486786            0                   17.754986           
4.979649            2.489193            54                  17.754986           
4.981949            2.487373            0                   17.754986           
4.948639            2.474880            0                   17.754986           
4.974102            2.484001            0                   17.754986           
4.971317            2.485497            0                   17.754986           
4.965641            2.484627            54                  17.754986           
4.965137            2.484215            6                   17.754986           
4.975746            2.487080            0                   17.754986           
4.951641            2.474621            0                   17.754986           
4.982018            2.491428            0                   17.754986           
4.955303            2.483734            63                  17.754986           
4.976254            2.488457            0                   17.754986           
4.967346            2.481613            60                  17.754986           
4.975483            2.488831            0                   17.754986           
4.957832            2.474247            54                  17.754986           
4.976730            2.486427            0                   17.754986           
4.976860            2.487190            0                   17.754986           
4.973682            2.487888            0                   17.754986           
4.968693            2.482830            6                   17.754986           
4.978191            2.488739            54                  17.754986           
4.951096            2.475864            0                   17.754986           
4.980198            2.487637            0                   17.754986           
4.963638            2.481628            0                   17.754986           
4.983562            2.491692            0                   17.754986           
4.963760            2.483803            60                  17.754986           
4.968128            2.483513            420                 17.754986           
4.961063            2.482330            55545               17.754986           
4.961666            2.481899            40863               17.754986           
4.970879            2.487076            18870               17.754986           
4.967648            2.485672            18291               17.754986           
4.976463            2.486645            19374               17.754986           
4.981480            2.492661            38136               17.754986           
4.974724            2.485744            76512               17.754986           
4.970650            2.486526            105747              17.754986           
4.976082            2.485195            125643              17.754986           
4.968159            2.480942            130932    