Buffer_Pool+Pread	file_size = 32GB	io_size = 4096Bits	#worker = 150	#pool_size = 524289	#pool_size = 4
IO_Throughput       SSD_Throughput      TLB_shootdown       Memory_usage        Eviction_count      
2.206272            2.128933            924846              3.227329            
2.032585            1.836052            140437144576345     5.099461            
1.939152            1.647778            1097007             6.792007            
2.566158            2.030960            1414635             8.851376            
2.762505            2.010971            1410189             10.891232           
1.811420            1.229179            932274              12.182144           
3.264828            2.041924            1399929             14.250629           
3.609886            2.029076            1424019             16.310379           
4.366413            2.215569            777153              17.336548           
4.741154            2.372318            222336              17.348526           
4.753124            2.379059            298224              17.349808           
4.723515            2.360641            541068              17.349808           
4.050488            2.026058            5202984             17.349808           
2.602768            1.303158            22077072            17.349808           
2.812084            1.403919            26411463            17.349808           
2.205151            1.100758            39124950            17.349808           
2.115067            1.059227            42389391            17.349808           
2.155956            1.076504            45731301            17.349808           
1.866222            0.933022            62970825            17.349808           
1.742905            0.872341            75382827            17.349808           
1.669769            0.835510            85781223            17.349808           
1.681591            0.840366            93447192            17.349808           
1.812950            0.908291            90310932            17.349808           
1.941696            0.971508            86742627            17.349808           
2.088894            1.043633            83356311            17.349808           
2.277637            1.141499            78484698            17.349808           
2.492432            1.245068            74088663            17.349808           
2.823311            1.413891            66903345            17.349808           
3.317200            1.659107            54060993            17.349808           
4.132420            2.066517            32210169            17.349808           
4.600990            2.300285            14395986            17.349808           
4.714928            2.362129            2925522             17.349808           
4.752571            2.379910            72408               17.349808           
4.759315            2.379311            47265               17.349808           
4.753819            2.379128            23814               17.350029           
4.759979            2.380875            27339               17.350029           
4.746899            2.375664            30498               17.350029           
4.754196            2.377735            20406               17.350029           
4.745724            2.373051            31395               17.350029           
4.769775            2.382225            28845               17.350029           
4.759136            2.378159            33648               17.350029           
4.769093            2.385208            45654               17.350029           
4.774681            2.382759            53763               17.350029           
4.756767            2.380421            69522               17.350029           
4.761131            2.379162            69054               17.350029           
4.756226            2.376347            70068               17.350029           
4.765808            2.379955            79731               17.350029           
4.748592            2.374287            64773               17.350029           
4.753151            2.376934            69921               17.350029           
4.752472            2.377853            68691               17.350029           
4.752739            2.379028            55386               17.350029           
4.757103            2.379364            68583               17.350029           
4.749069            2.376610            75030               17.350029           
4.747746            2.377090            67533               17.350029           
4.760708            2.380424            56559               17.350029           
4.740162            2.374584            37503               17.350029           
4.754803            2.378582            26988               17.350029           
4.758701            2.379211            16899               17.350029           
4.753384            2.378193            2766                17.350029           
4.769444            2.387699            0                   17.350029           
4.770126            2.385895            0                   17.350029           
4.756695            2.382248            0                   17.350029           
4.768055            2.381081            162                 17.350029           
4.759739            2.378231            26769               17.350029           
4.764465            2.381817            38775               17.350029           
4.760822            2.378407            30156               17.350029           
4.752140            2.378342            32382               17.350029           
4.756840            2.377407            39255               17.350029           
4.768993            2.380062            56868               17.350029           
4.755589            2.379410            58908               17.350029           
4.748817            2.375790            52191               17.350029           
4.762241            2.378468            66042               17.350029           
4.746601            2.378826            66426               17.350029           
4.749813            2.379215            65076               17.350029           
4.763630            2.377773            70560               17.350029           
4.747143            2.376987            68229               17.350029           
4.757313            2.377930            66039               17.350029           
4.760529            2.379631            59655               17.350029           
4.757168            2.382435            54645               17.350029           
4.755104            2.376465            66582               17.350029           
4.753700            2.378864            60957               17.350029           
4.750645            2.374451            47775               17.350029           
4.765446            2.379673            45816               17.350029           
4.756344            2.379242            60381               17.350029           
4.756729            2.379444            47295               17.350029           
4.761932            2.377010            23739               17.350029           
4.763863            2.382511            17028               17.350029           
4.759987            2.377449            13692               17.350029           
4.750412            2.379826            10743               17.350029           
4.754192            2.379208            7581                17.350029           
4.762726            2.382793            723                 17.350029           
4.749584            2.373253            0                   17.350029           
4.765324            2.381893            0                   17.350029           
4.763630            2.383636            0                   17.350029           
4.762863            2.381817            0                   17.350029           
4.774357            2.385777            0                   17.350029           
4.746765            2.379074            0                   17.350029           
4.763268            2.381386            0                   17.350029           
4.762726            2.379818            0         