Buffer_Pool+Pread	file_size = 32GB	io_size = 4096Bits	#worker = 300	#pool_size = 209716	#pool_size = 4
IO_Throughput       SSD_Throughput      TLB_shootdown       Memory_usage        Eviction_count      
2.462158            2.368103            739557              3.831760            
1.732853            1.558540            139928099650887     5.425552            
1.868279            1.588566            787320              7.034451            
1.762711            1.417789            682440              8.501316            
2.112347            1.599049            828216              10.120201           
2.258854            1.596962            794895              11.741699           
2.393177            1.572563            848499              13.337128           
2.386749            1.459496            783264              14.844280           
2.197510            1.246510            913968              16.135151           
2.737667            1.438377            1065399             17.593815           
4.838512            2.422649            108150              17.714947           
4.997887            2.501896            72543               17.721001           
4.985626            2.493481            393657              17.739429           
4.987610            2.494305            590247              17.746975           
4.983376            2.494473            685659              17.746975           
4.975857            2.487843            656487              17.746975           
4.989254            2.497463            810594              17.746975           
4.995060            2.498295            2075325             17.746975           
4.998119            2.500427            2442153             17.746975           
4.989021            2.490768            2218239             17.746975           
4.969391            2.486050            8060883             17.746975           
4.733944            2.369057            29145822            17.746975           
3.883339            1.940533            88746696            17.746975           
3.526855            1.761200            120250401           17.746975           
3.640579            1.820053            126394248           17.746975           
3.599205            1.797905            130086597           17.746975           
3.284431            1.643066            142210896           17.746975           
3.480114            1.741119            144439473           17.746975           
4.033024            2.013206            125312487           17.747173           
4.845276            2.423481            54534459            17.747173           
4.986496            2.494785            19157151            17.747173           
4.982376            2.490650            8265213             17.747173           
4.974495            2.484341            4375383             17.747173           
4.969883            2.483315            1257762             17.747173           
4.967777            2.483475            177918              17.747173           
4.977093            2.490059            174411              17.747173           
4.997841            2.497379            180735              17.747173           
4.988853            2.493790            153966              17.747173           
4.981976            2.492496            102465              17.747173           
4.952339            2.479858            62220               17.747173           
4.953697            2.478958            67911               17.747173           
5.014359            2.503563            72843               17.747173           
4.973339            2.488583            69882               17.747173           
4.989613            2.492828            68199               17.747173           
5.003452            2.499187            76920               17.747173           
4.980057            2.494896            83682               17.747173           
4.988773            2.494324            83076               17.747173           
4.987026            2.491837            86049               17.747173           
4.983685            2.491657            91281               17.747173           
4.991489            2.496105            89595               17.747173           
4.983635            2.494362            93249               17.747173           
4.977875            2.490070            99237               17.747173           
5.001034            2.500813            96753               17.747173           
5.001247            2.497494            88230               17.747173           
4.993423            2.495892            83631               17.747173           
5.004608            2.500259            56736               17.747173           
4.993073            2.495796            36207               17.747173           
4.962578            2.476254            19446               17.747173           
4.988010            2.494644            11592               17.747173           
4.983051            2.492455            5112                17.747173           
4.984554            2.492603            2604                17.747173           
4.992474            2.498058            0                   17.747173           
4.992722            2.494087            0                   17.747173           
4.958279            2.477661            0                   17.747173           
4.986694            2.494011            60                  17.747173           
4.978848            2.493084            0                   17.747173           
4.986984            2.494450            0                   17.747173           
4.989830            2.494991            0                   17.747173           
4.998981            2.497044            0                   17.747173           
4.968559            2.480309            60                  17.747173           
5.004406            2.502106            3                   17.747173           
4.991093            2.496296            0                   17.747173           
4.999718            2.500175            0                   17.747173           
4.976677            2.493412            0                   17.747173           
4.997322            2.497608            63                  17.747173           
4.956833            2.481956            3                   17.747173           
4.994408            2.496479            0                   17.747173           
4.992001            2.498650            0                   17.747173           
4.988106            2.494766            0                   17.747173           
4.981987            2.490349            141                 17.747173           
4.990868            2.495625            36                  17.747173           
4.967190            2.484089            0                   17.747173           
4.983662            2.493221            0                   17.747173           
4.992226            2.490917            69                  17.747173           
4.990158            2.492847            180                 17.747173           
4.986328            2.491562            27552               17.747173           
4.987057            2.493813            39762               17.747173           
4.984703            2.490398            31314               17.747173           
5.006042            2.499859            6747                17.747173           
5.015251            2.507084            26331               17.747173           
4.990097            2.494083            31596               17.747173           
4.995872            2.494232            40635               17.747173           
4.993683            2.496506            38670               17.747173           
4.972038            2.491096            44760               17.747173           
4.998009            2.496807            51639               17.747173           
4.984463            2.494011            59316               17.747173           
4.986279            2.494328            51882               17.747173           
4.992508            2.497761            54909               17.747173           
5.000381            2.500065            54258     