Buffer_Pool+Pread	file_size = 32GB	io_size = 4096Bits	#worker = 150	#pool_size = 52429	#pool_size = 4
IO_Throughput       SSD_Throughput      TLB_shootdown       Memory_usage        Eviction_count      
2.241352            2.163261            1308399             5.505589            
2.210251            1.988907            139940437576680     7.533470            
2.306511            1.937027            1368129             9.499306            
2.594975            2.015839            1433652             11.561584           
2.671516            1.911114            1583658             13.499855           
2.858654            1.875221            1751988             15.404484           
3.054874            1.827991            1685238             17.306049           
3.868561            2.077579            1952337             19.402328           
4.704662            2.349720            3936789             19.596664           
4.731129            2.368362            8039172             19.596668           
4.717407            2.356739            12874476            19.596668           
4.712708            2.358341            18697725            19.596668           
4.734074            2.365192            18380181            19.596668           
4.729015            2.366314            14646321            19.596668           
4.695450            2.349770            16449165            19.596668           
4.681404            2.338581            23533965            19.596668           
4.678761            2.338352            29067015            19.596668           
4.650986            2.324310            33448074            19.596668           
4.692623            2.348095            25034025            19.596668           
4.723335            2.363987            18038085            19.596668           
4.727833            2.362206            12765129            19.596668           
4.745419            2.369236            8166480             19.596668           
4.751991            2.376328            4632120             19.596668           
4.744061            2.370544            2421237             19.596668           
4.746864            2.370525            936474              19.596668           
4.738735            2.373039            769050              19.596668           
4.752449            2.377316            608643              19.596668           
4.733669            2.371174            498408              19.596668           
4.739838            2.371056            298347              19.596668           
4.766697            2.381157            204123              19.596840           
4.761761            2.380283            125778              19.596840           
4.764614            2.382175            145350              19.596840           
4.763187            2.378910            167808              19.596840           
4.748272            2.372612            157401              19.596840           
4.767941            2.383968            130809              19.596840           
4.760391            2.378048            128796              19.596840           
4.771465            2.384964            145677              19.596840           
4.758297            2.382336            169398              19.596840           
4.760612            2.381535            165036              19.596840           
4.759125            2.377739            133488              19.596840           
4.759995            2.383774            139674              19.596840           
4.760784            2.378487            162045              19.596840           
4.763920            2.383450            164115              19.596840           
4.768600            2.382851            352920              19.596840           
4.754292            2.379944            979188              19.596840           
4.754341            2.376839            755553              19.596840           
4.770168            2.388065            557826              19.596840           
4.761253            2.380993            383355              19.596840           
4.771423            2.382660            456579              19.596840           
4.768242            2.384933            505305              19.596840           
4.771564            2.382767            536220              19.596840           
4.753937            2.376968            705846              19.596840           
4.770710            2.383114            755310              19.596840           
4.759514            2.378922            799380              19.596840           
4.757683            2.380478            787089              19.596840           
4.768158            2.382786            849834              19.596840           
4.762882            2.381798            1001712             19.596840           
4.759426            2.379601            1024176             19.596840           
4.764725            2.383366            860748              19.596840           
4.765427            2.384739            779319              19.596840           
4.762810            2.380806            734553              19.596840           
4.758766            2.380245            671985              19.596840           
4.752872            2.377789            731793              19.596840           
4.743656            2.371460            737031              19.596840           
4.766434            2.380833            745095              19.596840           
4.762844            2.382591            705816              19.596840           
4.767166            2.385323            755748              19.596840           
4.767536            2.382900            782178              19.596840           
4.749790            2.374508            940758              19.596840           
4.764191            2.380451            747780              19.596840           
4.762878            2.382881            511005              19.596840           
4.745190            2.380154            302595              19.596840           
4.771030            2.386246            189267              19.596840           
4.770710            2.384750            124059              19.596840           
4.754940            2.376171            51654               19.596840           
4.783058            2.385975            3675                19.596840           
4.772285            2.384766            0                   19.596840           
4.777714            2.388474            0                   19.596840           
4.779686            2.388702            60                  19.596840           
4.763184            2.383293            3                   19.596840           
4.749172            2.377274            6                   19.596840           
4.767784            2.383942            0                   19.596840           
4.761719            2.382118            60                  19.596840           
4.758129            2.382046            60                  19.596840           
4.773037            2.384060            0                   19.596840           
4.768242            2.382534            0                   19.596840           
4.753323            2.377296            0                   19.596840           
4.774353            2.385490            0                   19.596840           
4.768311            2.385235            246                 19.596840           
4.769783            2.383091            0                   19.596840           
4.777153            2.386497            0                   19.596840           
4.778179            2.388798            0                   19.596840           
4.767586            2.382095            276                 19.596840           
4.780651            2.388039            348                 19.596840           
4.776287            2.386181            28212               19.596840           
4.761261            2.381496            52593               19.596840           
4.769695            2.385941            46587               19.596840           
4.763264            2.384441            35037               19.596840           
4.763523            2.383251            43461      