Buffer_Pool+Pread	file_size = 32GB	io_size = 4096Bits	#worker = 300	#pool_size = 104858	#pool_size = 4
IO_Throughput       SSD_Throughput      TLB_shootdown       Memory_usage        Eviction_count      
2.542595            2.442078            936798              4.528515            
1.980263            1.771198            140614118240741     6.337330            
1.758343            1.484909            1002429             7.843678            
1.721180            1.376652            963510              9.265282            
1.893448            1.427059            996642              10.711510           
2.006138            1.425331            1026918             12.156712           
2.123268            1.414612            1061022             13.589046           
2.295544            1.427010            1110276             15.037479           
2.176365            1.261826            1229202             16.368729           
2.573452            1.385902            1471422             17.774136           
4.153408            2.082283            2548773             18.364853           
4.988033            2.498650            4084248             18.364857           
4.999352            2.498386            13403814            18.364857           
4.975323            2.487541            21653934            18.364857           
5.006649            2.506355            35676708            18.364857           
5.005390            2.504154            43871472            18.364857           
4.995087            2.498009            48368664            18.364857           
5.001102            2.502754            59193021            18.364857           
4.990482            2.496395            59985720            18.364857           
4.974079            2.488804            28468935            18.364857           
5.008106            2.503002            17298462            18.364857           
4.998089            2.500767            10709145            18.364857           
4.992336            2.495796            7109652             18.364857           
4.987385            2.495083            3237561             18.364857           
4.986645            2.494888            1348014             18.364857           
4.948502            2.478497            992085              18.364857           
4.993240            2.491554            607806              18.364857           
4.995796            2.497730            267402              18.364857           
4.989239            2.497635            181953              18.364857           
4.972553            2.489300            166602              18.364857           
4.987919            2.493359            101031              18.364857           
4.953613            2.474258            80292               18.364857           
4.993820            2.495144            92193               18.364857           
4.986500            2.492981            108675              18.364857           
4.987083            2.494614            116988              18.364857           
4.986965            2.493458            128235              18.364857           
5.004444            2.500889            141495              18.364857           
4.966541            2.483658            138036              18.364857           
4.991825            2.493996            138762              18.364857           
4.983585            2.491302            132225              18.364857           
4.976189            2.489777            138747              18.364986           
4.997269            2.499821            102657              18.364986           
4.983101            2.493382            65964               18.364986           
4.980907            2.491470            45177               18.364986           
4.983543            2.490444            28128               18.364986           
4.993134            2.497017            16464               18.364986           
4.982048            2.495491            5181                18.364986           
4.993668            2.494720            372                 18.364986           
4.987282            2.491138            12                  18.364986           
4.975613            2.487350            456                 18.364986           
4.985390            2.492558            0                   18.364986           
4.979900            2.491405            63                  18.364986           
4.988140            2.493568            0                   18.364986           
4.977509            2.488628            0                   18.364986           
4.985573            2.494801            0                   18.364986           
4.947132            2.472652            117                 18.364986           
4.990204            2.493603            66                  18.364986           
4.980511            2.490486            0                   18.364986           
4.984264            2.490356            324                 18.364986           
4.959862            2.482777            198                 18.364986           
4.986942            2.494247            2007                18.364986           
4.957787            2.481552            54                  18.364986           
4.988068            2.495884            0                   18.364986           
4.993755            2.494244            0                   18.364986           
4.982727            2.491268            0                   18.364986           
4.979408            2.491657            0                   18.364986           
4.987267            2.493469            54                  18.364986           
4.944588            2.475803            54                  18.364986           
5.002380            2.498898            0                   18.364986           
4.975311            2.490742            17169               18.364986           
4.993267            2.493805            51885               18.364986           
4.988113            2.494415            19764               18.364986           
4.984230            2.494167            5010                18.364986           
4.973362            2.482334            16188               18.364986           
4.984848            2.492996            37806               18.364986           
4.994801            2.494053            59034               18.364986           
4.988213            2.492538            72183               18.364986           
4.980675            2.490379            85305               18.364986           
4.987041            2.493698            94818               18.364986           
4.973801            2.488445            103083              18.364986           
5.001160            2.495594            102426              18.364986           
4.978569            2.489723            103113              18.364986           
5.027508            2.512096            97266               18.364986           
4.989254            2.496319            100998              18.364986           
4.979362            2.489525            98313               18.364986           
4.967876            2.487427            87933               18.364986           
4.983364            2.493008            115575              18.364986           
4.989269            2.492970            1086558             18.364986           
4.982807            2.492073            1074960             18.364986           
4.980217            2.488861            686667              18.364986           
4.983398            2.490456            399801              18.364986           
4.959969            2.478870            189270              18.364986           
4.982658            2.491604            56445               18.364986           
4.976990            2.487598            0                   18.364986           
4.979382            2.491501            279                 18.364986           
4.993107            2.493732            66                  18.364986           
4.980240            2.490532            210                 18.364986           
4.962357            2.483894            0                   18.364986           
4.981281            2.489803            0         