Buffer_Pool+Pread	file_size = 32GB	io_size = 4096Bits	#worker = 4	#pool_num = 16	#pool_size = 16385	#io_server_num = 16
IO_Throughput       SSD_Throughput      TLB_shootdown       Memory_usage        Eviction_count      
2.519028            2.519001            7317                0.012596            
2.502987            2.503021            140224119331699     0.012596            
2.509850            2.509979            963                 0.012737            
2.480198            2.480083            270                 0.012737            
2.505932            2.506138            5193                0.012737            
2.493832            2.493896            192                 0.012737            
2.506374            2.506451            120201              0.012737            
2.505501            2.505344            5292                0.012737            
2.498928            2.498920            72                  0.012737            
2.497414            2.497383            1263                0.012737            
2.505756            2.505928            21                  0.012737            
2.499451            2.499569            0                   0.012737            
2.503944            2.504059            0                   0.012737            
2.509113            2.508938            6                   0.012737            
2.502697            2.502655            177                 0.012737            
2.482273            2.482197            0                   0.012737            
2.504040            2.503952            876                 0.012737            
2.506630            2.506687            2703                0.012810            
2.506760            2.506752            0                   0.012810            
2.507450            2.507370            1332                0.012810            
2.510475            2.510567            12                  0.012810            
2.499851            2.499748            0                   0.012810            
2.504971            2.505043            0                   0.012810            
2.504539            2.504642            0                   0.012810            
2.476768            2.476616            2550                0.012810            
2.502090            2.502331            0                   0.012810            
2.474655            2.474609            0                   0.012810            
2.495090            2.494892            36                  0.012810            
2.502987            2.503170            1164                0.012810            
2.506668            2.506462            84                  0.012810            
2.503105            2.503181            336                 0.012810            
2.506294            2.506470            0                   0.012810            
2.496700            2.496616            0                   0.012810            
2.477551            2.477512            0                   0.012810            
2.499607            2.499508            57                  0.012810            
2.507092            2.507385            0                   0.012810            
2.482754            2.482464            1014                0.012833            
2.480534            2.480698            0                   0.012833            
2.484016            2.484200            0                   0.012833            
2.502457            2.502083            75                  0.012833            
2.504086            2.504372            0                   0.012833            
2.504654            2.504597            6                   0.012833            
2.513615            2.513443            0                   0.012833            
2.506439            2.506531            0                   0.012833            
2.494823            2.494656            180                 0.012833            
2.490276            2.490349            0                   0.012833            
2.483276            2.483360            42                  0.012833            
2.481140            2.481274            0                   0.012833            
2.503113            2.502968            18                  0.012833            
2.501518            2.501274            939                 0.012833            
2.489731            2.489910            51                  0.012833            
2.505066            2.505150            90                  0.012833            
2.500290            2.500431            945                 0.012848            
2.500126            2.499825            72                  0.012848            
2.483913            2.483948            0                   0.012848            
2.506985            2.507278            0                   0.012848            
2.501423            2.501404            0                   0.012848            
2.505356            2.505219            0                   0.012848            
2.509586            2.509476            117                 0.012848            
2.505070            2.505173            0                   0.012848            
2.511475            2.511501            0                   0.012848            
2.498291            2.498528            0                   0.012848            
2.498806            2.498837            0                   0.012848            
2.507351            2.506966            54                  0.012848            
2.499840            2.499992            0                   0.012848            
2.504395            2.504410            12                  0.012848            
2.504757            2.504612            0                   0.012848            
2.502460            2.502613            0                   0.012848            
2.494965            2.494747            39                  0.012848            
2.501492            2.501530            54                  0.012848            
2.502892            2.503090            0                   0.012848            
2.497372            2.497467            0                   0.012848            
2.509693            2.509514            0                   0.012848            
2.501072            2.500893            27                  0.012848            
2.495461            2.495453            72                  0.012848            
2.508198            2.508282            66                  0.012848            
2.503746            2.503849            0                   0.012848            
2.512051            2.512127            0                   0.012848            
2.505993            2.505775            195                 0.012848            
2.508690            2.508980            0                   0.012848            
2.497169            2.497116            0                   0.012848            
2.502533            2.502419            117                 0.012848            
2.503376            2.503521            0                   0.012848            
2.501637            2.501427            1446                0.012863            
2.505280            2.505257            60                  0.012863            
2.500637            2.500851            0                   0.012863            
2.492760            2.492546            1680                0.012863            
2.507553            2.507484            51                  0.012863            
2.505764            2.505856            267                 0.012863            
2.505104            2.504978            12                  0.012863            
2.505150            2.505138            24                  0.012863            
2.495785            2.496059            0                   0.012863            
2.495384            2.495239            111                 0.012863            
2.496002            2.495850            72                  0.012863            
2.499477            2.499603            525                 0.012863            
2.510559            2.510712            0                   0.012863            
2.507648            2.507652            0                   0.012863            
2.500702            2.500462            39732               0.012863            
2.506229            2.506226     