Buffer_Pool+Pread	file_size = 32GB	io_size = 4096Bits	#worker = 450	#pool_size = 13108	#pool_size = 4
IO_Throughput       SSD_Throughput      TLB_shootdown       Memory_usage        Eviction_count      
2.379234            2.291012            688242              13.126431           
1.763844            1.592022            139716487695738     14.751698           
1.631821            1.398254            858582              16.171906           
1.741306            1.413788            1011387             17.628937           
1.884270            1.445587            1049586             19.088657           
1.943470            1.407238            898242              20.519024           
2.078148            1.412224            872598              21.950989           
2.226662            1.413845            880872              23.388496           
2.522701            1.487640            1211358             24.938629           
2.716850            1.473148            1099443             26.423016           
4.203014            2.113533            435129              27.082748           
5.058720            2.524403            36549               27.090252           
5.056721            2.529175            1291758             27.134930           
5.061260            2.532192            8272350             27.135437           
5.072208            2.534855            17178567            27.135437           
5.065502            2.533363            28315584            27.135437           
5.068920            2.533024            39003096            27.135437           
5.082050            2.538006            45187062            27.135437           
5.078217            2.539280            67107708            27.135437           
5.070225            2.533020            47597268            27.135437           
5.075745            2.536674            26256684            27.135437           
5.041019            2.523521            15105498            27.135437           
5.049110            2.528263            8366889             27.135437           
5.050682            2.524586            3831750             27.135437           
5.045849            2.524090            1752963             27.135437           
5.044853            2.519722            449886              27.135437           
5.057655            2.526867            248742              27.135437           
5.046741            2.522583            73368               27.135437           
5.042828            2.523113            75456               27.135437           
5.037830            2.520432            120048              27.135437           
5.030453            2.515896            160170              27.135437           
5.030613            2.512981            165075              27.135437           
5.044956            2.522617            170550              27.135437           
5.034164            2.517643            189570              27.135437           
5.088093            2.527008            199569              27.135437           
5.043953            2.536503            249693              27.135437           
5.040604            2.518265            173487              27.135437           
5.048569            2.520046            99834               27.135563           
5.058029            2.525299            59637               27.135563           
5.043392            2.516914            39513               27.135563           
5.059296            2.530991            17583               27.135563           
5.041470            2.519753            6459                27.135563           
5.040474            2.520332            74217               27.135563           
5.038918            2.521362            215349              27.135563           
5.049988            2.523228            290787              27.135563           
5.025360            2.513187            397509              27.135563           
5.034264            2.519005            487968              27.135563           
5.051685            2.523540            599115              27.135563           
5.026638            2.514500            636360              27.135563           
5.049309            2.523342            945663              27.135563           
5.067165            2.532887            1201302             27.135563           
5.050583            2.528755            859854              27.135563           
5.047600            2.522331            589365              27.135563           
5.035683            2.518757            351759              27.135563           
5.024837            2.513206            263430              27.135563           
5.043217            2.517235            103863              27.135563           
5.041313            2.520012            6444                27.135563           
5.029789            2.516556            216                 27.135563           
5.047466            2.520927            0                   27.135563           
5.035851            2.518513            51                  27.135563           
5.028259            2.517303            153                 27.135563           
5.034229            2.519508            42                  27.135563           
5.043194            2.520546            0                   27.135563           
5.054070            2.529068            0                   27.135563           
5.051163            2.522758            237                 27.135563           
5.024456            2.513767            0                   27.135563           
5.017433            2.509438            189                 27.135563           
5.040871            2.521431            0                   27.135563           
5.041641            2.521423            111                 27.135563           
5.037964            2.519726            183                 27.135563           
5.044350            2.519585            63                  27.135563           
5.052952            2.523823            312                 27.135563           
5.034950            2.515903            0                   27.135563           
5.036545            2.522640            129                 27.135563           
5.045422            2.520454            63                  27.135563           
5.050350            2.522789            51                  27.135563           
5.042850            2.520782            129                 27.135563           
5.040268            2.520008            0                   27.135563           
5.019276            2.512810            0                   27.135563           
5.036461            2.517258            60                  27.135563           
5.033035            2.518082            0                   27.135563           
5.043892            2.518715            0                   27.135563           
5.041580            2.519112            0                   27.135563           
5.054344            2.524254            0                   27.135563           
5.038773            2.523895            141                 27.135563           
5.036907            2.520336            105                 27.135563           
5.035236            2.520275            54                  27.135563           
5.039368            2.520008            0                   27.135563           
5.032978            2.517151            120                 27.135563           
5.037601            2.514217            0                   27.135563           
5.036324            2.518372            0                   27.135563           
5.046909            2.522476            24417               27.135563           
5.046837            2.521809            51558               27.135563           
5.033436            2.518032            77829               27.135563           
5.046539            2.525497            61725               27.135563           
5.033337            2.516930            40704               27.135563           
5.037868            2.518383            40458               27.135563           
5.044888            2.519222            35805               27.135563           
5.047237            2.521557            24324      