Buffer_Pool+Pread	file_size = 32GB	io_size = 4096Bits	#worker = 450	#pool_size = 419431	#pool_size = 4
IO_Throughput       SSD_Throughput      TLB_shootdown       Memory_usage        Eviction_count      
2.489964            2.393055            808524              3.530830            
1.930870            1.733700            139734680451587     5.310608            
1.627209            1.381054            1056492             6.710926            
1.540421            1.243164            1043910             7.998402            
1.789806            1.372135            1069311             9.394100            
1.886600            1.364189            1064136             10.774261           
2.006763            1.366993            1116051             12.163437           
2.198502            1.400890            1121676             13.582569           
1.892220            1.133724            1134501             14.781284           
2.259476            1.266071            1337340             16.073330           
2.760033            1.427895            1061613             17.403713           
3.194988            1.601265            18528447            17.449295           
2.285133            1.142498            43136214            17.449295           
2.028625            1.016338            63905637            17.449295           
1.915005            0.959518            79285842            17.449295           
1.874447            0.935684            91699710            17.449295           
1.786152            0.891785            104615571           17.449295           
1.732292            0.866081            115433130           17.449295           
1.839539            0.919647            113182032           17.449295           
2.027905            1.012905            109349919           17.449295           
2.175255            1.086620            103211322           17.449295           
2.406487            1.203442            97181943            17.449295           
2.636909            1.318115            92284728            17.449295           
2.827297            1.413460            86373561            17.449295           
3.324528            1.662098            69332661            17.449295           
3.701794            1.852280            73971087            17.449295           
4.217278            2.110855            43061082            17.449524           
4.976547            2.491425            6172335             17.449524           
4.988426            2.491661            541710              17.449524           
4.962448            2.483959            131391              17.449524           
4.985310            2.490421            71193               17.449524           
4.950245            2.474358            34803               17.449524           
4.980030            2.489807            10791               17.449524           
4.980392            2.488525            0                   17.449524           
4.992973            2.493271            0                   17.449524           
4.983040            2.489540            0                   17.449524           
4.983898            2.491772            54                  17.449524           
4.966404            2.486263            0                   17.449524           
4.970520            2.489796            0                   17.449524           
4.974228            2.486240            0                   17.449524           
4.987740            2.489487            0                   17.449524           
4.962627            2.482338            60                  17.449524           
4.976242            2.482960            3                   17.449524           
4.949116            2.477345            0                   17.449524           
4.983913            2.490162            0                   17.449524           
4.981056            2.490864            177                 17.449524           
4.972530            2.490044            53784               17.449524           
4.973541            2.486790            82311               17.449524           
4.973476            2.487164            31527               17.449524           
4.955784            2.478493            47196               17.449524           
4.974018            2.486221            50889               17.449524           
4.972412            2.486279            91941               17.449524           
4.981186            2.491154            119811              17.449524           
4.973927            2.487053            132816              17.449524           
4.974133            2.490860            142140              17.449524           
4.967140            2.484344            152805              17.449524           
4.979259            2.489742            154101              17.449524           
4.970589            2.484642            154140              17.449524           
4.974453            2.491146            140508              17.449524           
4.970875            2.484821            158457              17.449524           
4.966404            2.483139            125889              17.449524           
4.956108            2.478245            91305               17.449524           
4.978424            2.484726            62331               17.449524           
4.984837            2.490299            43746               17.449524           
4.967609            2.484493            13212               17.449524           
4.980137            2.488922            5175                17.449524           
4.976513            2.487110            0                   17.449524           
4.963432            2.482605            0                   17.449524           
4.988831            2.491543            0                   17.449524           
4.971096            2.488976            0                   17.449524           
4.970654            2.488228            57                  17.449524           
4.982311            2.490250            3                   17.449524           
4.958759            2.482178            0                   17.449524           
4.955887            2.478073            0                   17.449524           
4.938976            2.472095            0                   17.449524           
4.964523            2.485722            54                  17.449524           
4.978683            2.487152            2403                17.449524           
4.964214            2.481678            0                   17.449524           
4.950665            2.473595            54                  17.449524           
4.961899            2.479141            0                   17.449524           
4.977615            2.490936            54                  17.449524           
4.966587            2.486835            0                   17.449524           
4.986477            2.491226            66                  17.449524           
4.989487            2.491055            0                   17.449524           
4.960037            2.482754            0                   17.449524           
4.970970            2.483822            57                  17.449524           
4.977680            2.489922            0                   17.449524           
4.975788            2.491241            0                   17.449524           
4.983555            2.489346            0                   17.449524           
4.979729            2.489853            0                   17.449524           
4.951244            2.477211            60                  17.449524           
4.994301            2.497959            0                   17.449524           
4.992264            2.495613            0                   17.449524           
4.982704            2.488667            60                  17.449524           
4.972031            2.489208            0                   17.449524           
4.971054            2.489395            192                 17.449524           
4.970364            2.486034            3                   17.449524           
4.985596            2.491516            0                   17.449524           
4.990860            2.495430            0         