Buffer_Pool+Pread	file_size = 32GB	io_size = 4096Bits	#worker = 150	#pool_size = 209716	#pool_size = 4
IO_Throughput       SSD_Throughput      TLB_shootdown       Memory_usage        Eviction_count      
2.340229            2.253941            910512              3.726871            
2.266697            2.032246            140243586530212     5.797287            
2.589775            2.155121            1456260             7.983681            
2.328003            1.790089            1270491             9.825558            
3.118652            2.200928            1495818             12.055389           
3.398579            2.169731            1811895             14.258453           
2.190475            1.283485            1817337             15.612305           
3.730656            1.989864            3710937             17.628490           
4.722672            2.359695            7535820             17.737762           
4.741718            2.366276            9521871             17.737762           
4.644608            2.327171            17184150            17.737762           
4.668816            2.338352            22773408            17.737762           
4.573547            2.286648            31011186            17.737762           
4.508457            2.253624            42795702            17.737766           
4.416435            2.206516            54574650            17.737766           
4.499149            2.250732            56526624            17.737766           
4.641720            2.319382            35210325            17.737766           
4.675209            2.336643            20961387            17.737904           
4.675850            2.336834            13735737            17.737904           
4.713314            2.357464            8860923             17.737904           
4.700863            2.351658            5173776             17.737904           
4.735592            2.366585            3376110             17.737904           
4.729778            2.363888            120753              17.737904           
4.706207            2.354877            104148              17.737904           
4.767365            2.382038            90999               17.737904           
4.737835            2.372467            108501              17.737904           
4.754257            2.375458            69042               17.737904           
4.761265            2.379921            43146               17.737904           
4.755379            2.378647            59469               17.737904           
4.748283            2.374775            66582               17.737904           
4.754227            2.376163            76662               17.737904           
4.752197            2.375835            81156               17.737904           
4.767685            2.381794            92514               17.737904           
4.765266            2.382725            97935               17.737904           
4.760368            2.378407            98151               17.737904           
4.758255            2.379074            90786               17.737904           
4.755390            2.377892            67692               17.737904           
4.741596            2.375652            59055               17.737904           
4.765171            2.380684            58527               17.737904           
4.752899            2.376419            62247               17.737904           
4.757591            2.377254            75384               17.737904           
4.749039            2.377659            55854               17.737904           
4.756821            2.379906            42588               17.737904           
4.752766            2.374485            64563               17.737904           
4.762440            2.380234            32577               17.737904           
4.759552            2.377804            42552               17.737904           
4.755756            2.378147            48603               17.737904           
4.758297            2.378468            43458               17.737904           
4.751892            2.373440            44163               17.737904           
4.755478            2.376057            55179               17.737904           
4.759872            2.375744            63882               17.737904           
4.769363            2.383698            67023               17.737904           
4.758984            2.379822            67800               17.737904           
4.760094            2.381119            76689               17.737904           
4.754601            2.375633            77826               17.737904           
4.751640            2.375515            77541               17.737904           
4.751480            2.379265            72489               17.737904           
4.743202            2.376171            59844               17.737904           
4.755699            2.379169            52467               17.737904           
4.746975            2.377064            56154               17.737904           
4.736889            2.371197            70689               17.737904           
4.764378            2.378017            53775               17.737904           
4.763805            2.381546            75678               17.737904           
4.763428            2.381927            37611               17.737904           
4.748528            2.376343            29691               17.737904           
4.758846            2.378883            28344               17.737904           
4.751537            2.372372            29928               17.737904           
4.757622            2.378830            35604               17.737904           
4.760044            2.378674            40998               17.737904           
4.751820            2.376049            53103               17.737904           
4.762680            2.379944            54549               17.737904           
4.754475            2.378475            54948               17.737904           
4.741772            2.372528            63522               17.737904           
4.751198            2.376129            61620               17.737904           
4.754623            2.376446            59013               17.737904           
4.750004            2.378216            63891               17.737904           
4.748287            2.374401            53241               17.737904           
4.755260            2.380501            45258               17.737904           
4.750225            2.375172            42216               17.737904           
4.759624            2.378738            39705               17.737904           
4.766918            2.381351            39912               17.737904           
4.760929            2.381790            33429               17.737904           
4.757530            2.377861            35646               17.737904           
4.760471            2.378681            34593               17.737904           
4.746689            2.370319            39075               17.737904           
4.750790            2.378387            38334               17.737904           
4.757412            2.377510            37608               17.737904           
4.751537            2.381157            40575               17.737904           
4.764755            2.380703            11805               17.737904           
4.773064            2.389217            7497                17.737904           
4.756367            2.375412            14697               17.737904           
4.763607            2.386196            11880               17.737904           
4.763420            2.379490            3732                17.737904           
4.744518            2.376686            4446                17.737904           
4.759464            2.382496            6354                17.737904           
4.757416            2.376247            8025                17.737904           
4.761070            2.385403            10323               17.737904           
4.766251            2.381310            12708               17.737904           
4.754761            2.378052            9675      