Buffer_Pool+Pread	file_size = 32GB	io_size = 4096Bits	#worker = 100	#pool_num = 16	#pool_size = 16385	#io_server_num = 4
IO_Throughput       SSD_Throughput      TLB_shootdown       Memory_usage        Eviction_count      
1.729771            1.728836            65742               0.554440            
1.707981            1.707859            139702538836063     0.554573            
1.668571            1.668610            37170               0.554649            
1.664413            1.664360            12015               0.554649            
1.659912            1.660027            1188                0.554649            
1.663097            1.662991            21189               0.554649            
1.670948            1.670990            3                   0.554649            
1.670040            1.670338            0                   0.554649            
1.664856            1.664585            34041               0.554764            
1.664158            1.664257            252                 0.554764            
1.564396            1.564354            47916               0.554863            
1.553249            1.553234            11640               0.555058            
1.593555            1.593487            888                 0.555058            
1.633533            1.633869            1077                0.555058            
1.618488            1.618259            43572               0.555058            
1.603012            1.602962            38025               0.555058            
1.603973            1.603989            23031               0.555058            
1.575417            1.575478            381                 0.555058            
1.566185            1.566280            25797               0.555058            
1.536945            1.537010            0                   0.555058            
1.536160            1.536274            7245                0.555058            
1.537029            1.536919            54                  0.555058            
1.535484            1.535606            0                   0.555058            
1.536545            1.536617            0                   0.555058            
1.537067            1.537067            0                   0.555058            
1.535965            1.535973            0                   0.555058            
1.532757            1.532658            207                 0.555058            
1.535778            1.535812            87                  0.555058            
1.528831            1.528912            32424               0.555058            
1.507599            1.507565            0                   0.555058            
1.512798            1.512745            0                   0.555058            
1.513195            1.513065            21096               0.555058            
1.514698            1.514565            1344                0.555058            
1.515041            1.515060            0                   0.555058            
1.511734            1.511948            16392               0.555058            
1.512196            1.512096            60                  0.555058            
1.511898            1.512024            3876                0.555058            
1.511490            1.511520            0                   0.555058            
1.514610            1.514610            37746               0.555058            
1.575588            1.575523            6                   0.555058            
1.573200            1.573090            33                  0.555058            
1.565830            1.565975            63                  0.555058            
1.535408            1.535480            51                  0.555058            
1.532417            1.532413            369                 0.555058            
1.532974            1.533020            0                   0.555058            
1.538651            1.538185            3372                0.555058            
1.537350            1.537373            246                 0.555058            
1.535694            1.535809            156                 0.55505