Buffer_Pool+Pread	file_size = 32GB	io_size = 4096Bits	#worker = 4	#pool_num = 16	#pool_size = 16385	#io_server_num = 16
IO_Throughput       SSD_Throughput      TLB_shootdown       Memory_usage        Eviction_count      
2.515965            2.516167            9501                0.012722            
2.513523            2.513329            140233958690540     0.012722            
2.507866            2.508152            4023                0.012863            
2.507626            2.507618            2466                0.012863            
2.510048            2.510345            4593                0.012863            
2.501534            2.501549            0                   0.012863            
2.505043            2.504913            1701                0.012863            
2.512962            2.512939            0                   0.012863            
2.509167            2.509125            0                   0.012863            
2.508968            2.509045            42                  0.012863            
2.513668            2.513638            1053                0.012863            
2.520523            2.520546            3                   0.012863            
2.517426            2.517410            0                   0.012863            
2.512825            2.512859            0                   0.012863            
2.520954            2.520966            0                   0.012863            
2.520142            2.520092            0                   0.012863            
2.515789            2.515881            0                   0.012863            
2.509327            2.509258            0                   0.012863            
2.507645            2.507519            720                 0.012863            
2.504528            2.504654            12                  0.012863            
2.509308            2.509350            0                   0.012863            
2.509426            2.509399            0                   0.012863            
2.510391            2.510384            0                   0.012863            
2.508755            2.508286            2766                0.012863            
2.507412            2.507774            0                   0.012863            
2.511017            2.510971            0                   0.012863            
2.507015            2.507015            0                   0.012863            
2.506641            2.506699            0                   0.012863            
2.515125            2.515083            744                 0.012863            
2.513527            2.513592            0                   0.012863            
2.509914            2.509792            0                   0.012863            
2.509174            2.509319            0                   0.012863            
2.511383            2.511356            0                   0.012863            
2.506771            2.506813            0                   0.012863            
2.513016            2.512661            846                 0.012863            
2.509121            2.509399            0                   0.012863            
2.510578            2.510456            48                  0.012863            
2.507092            2.507179            0                   0.012863            
2.508869            2.508846            0                   0.012863            
2.508736            2.508820            0                   0.012863            
2.513203            2.513165            0                   0.012863            
2.510895            2.510937            0                   0.012863            
2.515907            2.515900            0                   0.012863            
2.520695            2.520683            0                   0.012863            
2.519844            2.519890            0                   0.012863            
2.518661            2.518608            0                   0.012863            
2.512447            2.512466            0                   0.012863            
2.508396            2.508392            0                   0.012863            
2.502399            2.502449            687                 0.012863            
2.510189            2.509918            1554                0.012863            
2.508400            2.508545            0                   0.012863            
2.512764            2.512901            0                   0.012863            
2.511608            2.511509            0                   0.012863            
2.521553            2.521595            0                   0.012863            
2.521317            2.521378            66                  0.012863            
2.519772            2.519630            0                   0.012863            
2.510559            2.510727            0                   0.012863            
2.512314            2.512188            0                   0.012863            
2.504986            2.504990            144                 0.012863            
2.505695            2.505707            6                   0.012863            
2.512203            2.512238            42                  0.012863            
2.509266            2.509335            0                   0.012863            
2.511681            2.511604            63                  0.012863            
2.508957            2.508915            60                  0.012863            
2.511055            2.511139            117                 0.012863            
2.510883            2.510818            0                   0.012863            
2.510582            2.510529            24                  0.012863            
2.507816            2.507896            0                   0.012863            
2.508255            2.508362            51                  0.012863            
2.511311            2.511246            0                   0.012863            
2.507778            2.507690            123                 0.012863            
2.507401            2.507454            0                   0.012863            
2.507645            2.507683            195                 0.012863            
2.506588            2.506607            0                   0.012863            
2.509441            2.509396            6                   0.012863            
2.513054            2.513065            174                 0.012863            
2.509163            2.508965            2343                0.012863            
2.508659            2.508835            63                  0.012863            
2.508682            2.508705            0                   0.012863            
2.508667            2.508682            0                   0.012863            
2.508640            2.508724            0                   0.012863            
2.506294            2.506149            0                   0.012863            
2.507339            2.507393            0                   0.012863            
2.511627            2.511616            0                   0.012863            
2.511559            2.511547            801                 0.012863            
2.511108            2.511066            3354                0.012863            
2.512074            2.512135            1506                0.012863            
2.511608            2.511642            417                 0.012863            
2.512604            2.512543            0                   0.012863            
2.512745            2.512798            0                   0.012863            
2.508766            2.508713            6                   0.012863            
2.509407            2.509411            0                   0.012863            
2.512905            2.512875            63                  0.012863            
2.510544            2.510551            6                   0.012863            
2.508492            2.508568            51                  0.012863            
2.513550            2.513477            0                   0.012863            
2.507446            2.507507            0                   0.012863            
2.512081            2.512081            0                   0.012863            
2.512665            2.512699            0                   0.012863            
2.511494            2.511345            57                  0.012863            
2.508110            2.508148            591                 0.012863            
2.509975            2.509975            0                   0.012863            
2.514324            2.514423            96                  0.012863            
2.506237            2.506195            0                   0.012863            
2.511253            2.511208            60                  0.012863            
2.507874            2.507946            0                   0.012863            
2.510574            2.510479            0                   0.012863            
2.510361            2.510395            0                   0.012863            
2.509563            2.509590            201                 0.012863            
2.505466            2.505417            24                  0.012863            
2.507591            2.507668            48                  0.012863            
2.510040            2.509975            0                   0.012863            
2.514259            2.514271            54                  0.012863            
2.512386            2.512417            96                  0.012863            
2.518940            2.518867            393                 0.012863            
2.519444            2.519482            177                 0.012863            
2.514984            2.515072            30                  0.012863            
2.512421            2.512417            15                  0.012863            
2.515163            2.515148            225                 0.012863            
2.513069            2.512928            66                  0.012863            
2.524185            2.524242            513                 0.012863            
2.521786            2.521893            0                   0.012863            
2.516739            2.516712            0                   0.012863            
2.514633            2.514648            0                   0.012863            
2.508713            2.508656            3                   0.012863            
2.501678            2.501698            0                   0.012863            
2.501247            2.501251            0                   0.012863            
2.507210            2.507263            9                   0.012863            
2.509071            2.509083            0                   0.012863            
2.507496            2.507423            0                   0.012863            
2.510162            2.510174            36                  0.012863            
2.509129            2.509239            21                  0.012863            
2.511677            2.511639            417                 0.012863            
2.508446            2.508427            147                 0.012863            
2.504047            2.503948            144                 0.012863            
2.502998            2.503014            846                 0.012863            
2.507206            2.507263            0                   0.012863            
2.512085            2.512165            0                   0.012863            
2.507339            2.507282            108                 0.012863            
2.510612            2.510674            96                  0.012863            
2.510380            2.510288            51                  0.012863            
2.508499            2.508503            0                   0.012863            
2.509636            2.509663            99                  0.012863            
2.507458            2.507351            66                  0.012863            
2.508999            2.508987            522                 0.012863            
2.512375            2.512413            381                 0.012863            
2.507893            2.507870            120                 0.012863            
2.501652            2.501705            15                  0.012863            
2.511158            2.511257            57                  0.012863            
2.509647            2.509464            426                 0.012863            
2.506081            2.506145            69                  0.012863            
2.506191            2.505775            4542                0.012863            
2.512306            2.512348            1728                0.012863            
2.509609            2.509907            861                 0.012863            
2.512760            2.512817            222                 0.012863            
2.502285            2.502312            246                 0.012863            
2.505936            2.505798            1209                0.012863            
2.513035            2.513092            240                 0.012863            
2.506226            2.506290            36                  0.012863            
2.512772            2.512733            18                  0.012863            
2.510002            2.509991            153                 0.012863            
2.517159            2.517139            0                   0.012863            
2.519833            2.519859            0                   0.012863            
2.515808            2.515907            0                   0.012863            
2.515625            2.515533            18                  0.012863            
2.506226            2.506199            1083                0.012863            
2.515045            2.515076            138                 0.012863            
2.520710            2.520748            69                  0.012863            
2.519016            2.519001            0                   0.012863            
2.513569            2.513538            48                  0.012863            
2.509583            2.509666            51                  0.012863            
2.510681            2.510643            12                  0.012863            
2.509125            2.509132            90                  0.012863            
2.504486            2.504456            837                 0.012863            
2.503071            2.503010            60                  0.012863            
2.506180            2.506268            12                  0.012863            
2.512585            2.512569            6                   0.012863            
2.504829            2.504868            519                 0.012863            
2.511040            2.511009            405                 0.012863            
2.506859            2.506802            102                 0.012863            
2.502003            2.502037            459                 0.012863            
2.506786            2.506756            0                   0.012863            
2.506111            2.506115            0                   0.012863            
2.502148            2.502190            21                  0.012863            
2.503628            2.503704            141                 0.012863            
2.507309            2.507206            0                   0.012863            
2.503944            2.504082            6                   0.012863            
2.507145            2.507412            1050                0.012863            
2.506050            2.505779            489                 0.012863            
2.503471            2.503502            165                 0.012863            
2.504055            2.504112            2232                0.012863            
2.512085            2.512028            60735               0.012863            
2.510452            2.510509            486                 0.012863            
2.506332            2.506329            111                 0.012863            
2.502705            2.502594            1566                0.012863            
2.511093            2.511299            174                 0.012863            
2.509819            2.509594            4524                0.012863            
2.508430            2.508488            849                 0.012863            
2.506992            2.506973            6                   0.012863            
2.507053            2.507133            0                   0.012863            
2.508240            2.508083            30                  0.012863            
2.506454            2.506714            54                  0.012863            
2.509220            2.509071            42                  0.012863            
2.501705            2.501770            0                   0.012863            
2.510117            2.510136            0                   0.012863            
2.507492            2.507626            0                   0.012863            
2.504070            2.503857            12                  0.012863            
2.508179            2.508224            0                   0.012863            
2.510490            2.510376            12                  0.012863            
2.509892            2.510002            12                  0.012863            
2.502331            2.502449            174                 0.012863            
2.509563            2.509445            279                 0.012863            
2.506409            2.506313            528                 0.012863            
2.506531            2.506561            195                 0.012863            
2.506222            2.506401            61476               0.012863            
2.505577            2.505398            0                   0.012863            
2.502804            2.502850            0                   0.012863            
2.503716            2.503693            0                   0.012863            
2.505085            2.505127            0                   0.012863            
2.496967            2.496929            0                   0.012863            
2.506676            2.506706            0                   0.012863            
2.511620            2.511673            0                   0.012863            
2.507408            2.507233            0                   0.012863            
2.507622            2.507805            0                   0.012863            
2.508518            2.508656            0                   0.012863            
2.510036            2.509674            0                   0.012863            
2.510521            2.510742            0                   0.012863            
2.524719            2.524841            0                   0.012863            
2.545120            2.545105            0                   0.012863            
2.540844            2.540920            0                   0.012863            
2.537777            2.537617            0                   0.012863            
2.539360            2.539368            1347                0.012863            
2.548698            2.548550            819                 0.012863            
2.554844            2.554863            0                   0.012863            
2.548641            2.548714            4020                0.012863            
2.548286            2.548161            51                  0.012863            
2.550648            2.550686            0                   0.012863            
2.552574            2.552666            0                   0.012863            
2.554516            2.554478            51                  0.012863            
2.559467            2.559456            0                   0.012863            
2.554787            2.554909            3051                0.012863            
2.559006            2.558895            2997                0.012863            
2.554653            2.554771            357                 0.012863            
2.553802            2.553867            210                 0.012863            
2.557281            2.557106            237                 0.012863            
2.552162            2.552296            162                 0.012863            
2.551712            2.551418            1803                0.012863            
2.553143            2.552967            19854               0.012863            
2.550442            2.550663            2058                0.012863            
2.552979            2.553062            915                 0.012863            
2.554592            2.554276            621                 0.012863            
2.556374            2.556538            1179                0.012863            
2.552719            2.552887            174                 0.012863            
2.552414            2.552483            1323                0.012863            
2.557762            2.557835            156                 0.012863            
2.554890            2.554676            888                 0.012863            
2.553734            2.553776            147                 0.012863            
2.557968            2.558071            978                 0.012863            
2.558681            2.558441            804                 0.012863            
2.555168            2.555248            1767                0.012863            
2.553967            2.553955            1275                0.012863            
2.554016            2.554226            411                 0.012863            
2.555882            2.555656            342                 0.012863            
2.551910            2.552258            174                 0.012863            
2.558678            2.558491            138                 0.012863            
2.554333            2.554394            402                 0.012863            
2.555939            2.555859            150                 0.012863            
2.553314            2.553257            486                 0.012863            
2.555248            2.555244            585                 0.012863            
2.547234            2.547283            117                 0.012863            
2.552448            2.552555            666                 0.012863            
2.552528            2.552376            315                 0.012863            
2.548283            2.548336            111                 0.012863            
2.555374            2.555386            225                 0.012863            
2.560574            2.560596            84                  0.012863            
2.555637            2.555607            0                   0.012863            
2.556450            2.556419            0                   0.012863            
2.549759            2.549698            141                 0.012863            
2.557320            2.557384            186                 0.012863            
2.558422            2.558434            12                  0.012863            
2.554630            2.554783            0                   0.012863            
2.561485            2.561249            6                   0.012863            
2.558773            2.558834            0                   0.012863            
2.556313            2.556305            0                   0.012863            
2.557186            2.557255            0                   0.012863            
2.559204            2.559193            0                   0.012863            
2.560398            2.560375            0                   0.012863            
2.551842            2.551651            0                   0.012863            
2.557899            2.558128            0                   0.012863            
2.557098            2.557026            0                   0.012863            
2.558182            2.558296            12                  0.012863            
2.561520            2.561550            0                   0.012863            
2.556576            2.556580            0                   0.012863            
2.554386            2.554134            0                   0.012863            
2.558846            2.559063            2517                0.012863            
2.557014            2.556843            231                 0.012863            
2.555016            2.554981            603                 0.012863            
2.545864            2.545895            2526                0.012863            
2.553097            2.553146            534                 0.012863            
2.550709            2.550652            0                   0.012863            
2.551365            2.551403            6                   0.012863            
2.560776            2.560738            39                  0.012863            
2.554771            2.554783            24                  0.012863            
2.557983            2.558102            0                   0.012863            
2.554932            2.554852            24                  0.012863            
2.549904            2.549976            186                 0.012863            
2.546196            2.546032            2532                0.012863            
2.552933            2.552986            225                 0.012863            
2.560192            2.560261            0                   0.012863            
2.558414            2.558342            0                   0.012863            
2.553616            2.553707            0                   0.012863            
2.553444            2.553337            135                 0.012863            
2.555511            2.555676            108                 0.012863            
2.564556            2.564411            60                  0.012863            
2.554237            2.554268            60                  0.012863            
2.553299            2.553349            54                  0.012863            
2.557339            2.557255            0                   0.012863            
2.555042            2.555000            6                   0.012863            
2.560287            2.560368            0                   0.012863            
2.558346            2.557968            2508                0.012863            
2.556568            2.556854            0                   0.012863            
2.559750            2.559708            24                  0.012863            
2.556618            2.556683            0                   0.012863            
2.557606            2.557571            0                   0.012863            
2.559200            2.559181            0                   0.012863            
2.556625            2.556667            6                   0.012863            
2.555870            2.555820            0                   0.012863            
2.560513            2.560375            1890                0.012863            
2.559593            2.559425            819                 0.012863            
2.561947            2.562130            69                  0.012863            
2.554256            2.554321            984                 0.012863            
2.549854            2.549889            405                 0.012863            
2.552235            2.552311            675                 0.012863            
2.551682            2.551640            0                   0.012863            
2.559353            2.559410            9                   0.012863            
2.558758            2.558811            201                 0.012863            
2.554253            2.554085            2547                0.012863            
2.553291            2.553417            59151               0.012863            
2.560902            2.560883            2634                0.012863            
2.559811            2.559845            165                 0.012863            
2.551327            2.551331            4182                0.012863            
2.560013            2.559940            1281                0.012863            
2.552689            2.552746            1296                0.012863            
2.554626            2.554604            225                 0.012863            
2.547512            2.547611            2349                0.012863            
2.553890            2.553707            51                  0.012863            
2.553913            2.553944            414                 0.012863            
2.555859            2.556038            0                   0.012863            
2.552814            2.552559            0                   0.012863            
2.551487            2.551556            0                   0.012863            
2.556587            2.556656            0                   0.012863            
2.549610            2.549541            0                   0.012863            
2.559917            2.559971            30                  0.012863            
2.558949            2.558846            6                   0.012863            
2.556396            2.556499            783                 0.012863            
2.557697            2.557728            1221                0.012863            
2.560295            2.560192            444                 0.012863            
2.554741            2.554943            183                 0.012863            
2.558304            2.558266            393                 0.012863            
2.554951            2.554890            87                  0.012863            
2.558151            2.558243            858                 0.012863            
2.553989            2.553947            309                 0.012863            
2.555683            2.555511            483                 0.012863            
2.554951            2.555080            7416                0.012863            
2.554989            2.555016            1362                0.012863            
2.556473            2.556469            0                   0.012863            
2.555405            2.555408            0                   0.012863            
2.550377            2.550377            0                   0.012863            
2.547844            2.547749            1431                0.012863            
2.554634            2.554756            2445                0.012863            
2.553112            2.553123            30                  0.012863            
2.550587            2.550476            2385                0.012863            
2.552189            2.552204            120                 0.012863            
2.551079            2.551060            18                  0.012863            
2.549377            2.549355            1386                0.012863            
2.554192            2.554302            72                  0.012863            
2.547314            2.547215            28077               0.012863            
2.552994            2.553001            321                 0.012863            
2.551384            2.551361            27                  0.012863            
2.557201            2.557190            6                   0.012863            
2.554493            2.554485            0                   0.012863            
2.548363            2.548420            6                   0.012863            
2.551682            2.551682            9                   0.012863            
2.547527            2.547520            24                  0.012863            
2.548973            2.548935            12                  0.012863            
2.543377            2.543579            69                  0.012863            
2.541245            2.540993            8688                0.012863            
2.556549            2.556576            75                  0.012863            
2.554546            2.554764            702                 0.012863            
2.555283            2.555042            48                  0.012863            
2.551434            2.551479            315                 0.012863            
2.553154            2.553253            1092                0.012863            
2.551910            2.551773            453                 0.012863            
2.550716            2.550850            0                   0.012863            
2.549915            2.549870            0                   0.012863            
2.558025            2.557972            87                  0.012863            
2.545967            2.546104            6                   0.012863            
2.558651            2.558647            0                   0.012863            
2.552944            2.552822            0                   0.012863            
2.549301            2.549484            429                 0.012863            
2.551380            2.551285            0                   0.012863            
2.540668            2.540623            135                 0.012863            
2.549557            2.549717            54                  0.012863            
2.548866            2.548737            120                 0.012863            
2.548496            2.548450            0                   0.012863            
2.550514            2.550686            765                 0.012863            
2.555992            2.555855            3543                0.012863            
2.546547            2.546516            225                 0.012863            
2.550030            2.550011            66                  0.012863            
2.555927            2.555897            273                 0.012863            
2.547089            2.547241            2457                0.012863            
2.554688            2.554596            567                 0.012863            
2.546871            2.546780            120528              0.012863            
2.549744            2.550007            9                   0.012863            
2.489426            2.489574            9258                0.012863            
2.470161            2.470127            1929                0.012863            
2.475647            2.475685            336                 0.012863            
2.477814            2.477917            42                  0.012863            
2.472000            2.471867            306                 0.012863            
2.474468            2.474636            201                 0.012863            
2.472198            2.471951            417                 0.012863            
2.470184            2.470181            222                 0.012863            
2.463985            2.463997            1071                0.012863            
2.478863            2.479111            0                   0.012863            
2.477070            2.476963            312                 0.012863            
2.470425            2.470398            810                 0.012863            
2.462410            2.462425            12                  0.012863            
2.471783            2.471802            0                   0.012863            
2.471107            2.470974            9                   0.012863            
2.472706            2.472763            0                   0.012863            
2.468452            2.468464            0                   0.012863            
2.465969            2.465977            0                   0.012863            
2.472580            2.472660            0                   0.012863            
2.472118            2.472042            0                   0.012863            
2.464626            2.464725            0                   0.012863            
2.465691            2.465794            0                   0.012863            
2.470139            2.470001            1380                0.012863            
2.458408            2.458378            6                   0.012863            
2.462906            2.463024            6                   0.012863            
2.469051            2.468761            0                   0.012863            
2.466084            2.466217            0                   0.012863            
2.470695            2.470760            0                   0.012863            
2.465267            2.465340            0                   0.012863            
2.462528            2.462479            0                   0.012863            
2.459373            2.459286            12702               0.012863            
2.462772            2.462914            18                  0.012863            
2.463737            2.463600            42                  0.012863            
2.466839            2.466808            30                  0.012863            
2.468792            2.468945            6                   0.012863            
2.465466            2.465443            54                  0.012863            
2.468163            2.467976            0                   0.012863            
2.471107            2.471157            0                   0.012863            
2.467796            2.467781            0                   0.012863            
2.465988            2.466084            12                  0.012863            
2.461536            2.461407            1197                0.012863            
2.456562            2.456654            267                 0.012863            
2.451180            2.451275            135                 0.012863            
2.453796            2.453777            159                 0.012863            
2.456299            2.455990            945                 0.012863            
2.514229            2.514099            3120                0.012863            
2.551079            2.551125            819                 0.012863            
2.547611            2.547691            210                 0.012863            
2.546238            2.546158            81                  0.012863            
2.542206            2.542286            15                  0.012863            
2.556931            2.556965            180                 0.012863            
2.552444            2.552299            294                 0.012863            
2.548431            2.548279            408                 0.012863            
2.550629            2.550953            57                  0.012863            
2.546146            2.546093            15                  0.012863            
2.478477            2.478596            0                   0.012863            
2.475712            2.475842            129                 0.012863            
2.467384            2.467278            7908                0.012863            
2.482475            2.482521            195                 0.012863            
2.473198            2.473244            15                  0.012863            
2.480358            2.480324            0                   0.012863            
2.484074            2.484192            0                   0.012863            
2.502010            2.501980            0                   0.012863            
2.497883            2.497761            0                   0.012863            
2.501472            2.501560            0                   0.012863            
2.502502            2.502460            0                   0.012863            
2.509735            2.509701            54                  0.012863            
2.482616            2.482544            2436                0.012863            
2.493210            2.493324            150                 0.012863            
2.503632            2.503746            0                   0.012863            
2.499496            2.499435            0                   0.012863            
2.498219            2.498165            3                   0.012863            
2.486313            2.486286            573                 0.012863            
2.489765            2.489605            510                 0.012863            
2.487217            2.487251            234                 0.012863            
2.496376            2.496609            0                   0.012863            
2.500504            2.500389            48                  0.012863            
2.497940            2.497978            48                  0.012863            
2.495113            2.494999            0                   0.012863            
2.496304            2.496464            0                   0.012863            
2.497398            2.497417            0                   0.012863            
2.503277            2.503189            0                   0.012863            
2.497501            2.497612            132                 0.012863            
2.494972            2.494873            0                   0.012863            
2.496529            2.496563            0                   0.012863            
2.496861            2.496704            0                   0.012863            
2.495220            2.495361            0                   0.012863            
2.495300            2.495243            0                   0.012863            
2.498581            2.498669            0                   0.012863         