Buffer_Pool+Pread	file_size = 32GB	io_size = 4096Bits	#worker = 300	#pool_num = 16	#pool_size = 16385	#io_server_num = 16
IO_Throughput       SSD_Throughput      TLB_shootdown       Memory_usage        Eviction_count      
1.611256            1.575371            57                  1.555882            
2.011749            1.948765            139875124581232     1.559673            
1.896961            1.837078            257619              1.559673            
1.846355            1.789925            3469530             1.574696            
0.884529            0.856617            27953616            1.580246            
1.526157            1.477127            6622356             1.580936            
1.963348            1.902161            467298              1.580967            
1.730606            1.677608            645162              1.580967            
1.696739            1.643963            3014748             1.580967            
1.587872            1.539890            3212463             1.581093            
1.787827            1.730549            858900              1.581093            
1.878872            1.819736            480                 1.581093            
1.925560            1.865326            0                   1.581093            
1.880241            1.822117            519                 1.581093            
1.881966            1.823135            477                 1.581093            
1.919685            1.856155            486                 1.581093            
1.990803            1.932220            960                 1.581093            
1.993359            1.931664            0                   1.581093            
2.031738            1.967827            0                   1.581093            
2.007652            1.944763            0                   1.581093            
1.920876            1.857353            0                   1.581093            
1.826187            1.773392            0                   1.581093            
1.954243            1.892155            660                 1.581093            
1.898346            1.838863            618                 1.581093            
1.848640            1.790527            325290              1.581093            
1.836021            1.779202            912                 1.581093            
1.904350            1.844315            0                   1.581093            
1.847565            1.789963            0                   1.581093            
1.921856            1.861347            480                 1.581093            
1.970234            1.909420            0                   1.581093            
1.912823            1.852654            0                   1.581093            
2.073048            2.008030            0                   1.581093            
1.828041            1.770393            216888              1.581093            
1.966415            1.904995            153396              1.581093            
1.948624            1.886414            684                 1.581093            
1.976673            1.910927            159                 1.581093            
1.982906            1.924503            72042               1.581093            
1.882092            1.822689            867024              1.581093            
1.555538            1.506752            4532829             1.581093            
1.892685            1.834370            375                 1.581093            
1.963974            1.901382            0                   1.581093            
1.883671            1.824932            480                 1.581093            
2.016644            1.952953            0                   1.581093            
1.873558            1.814663            0                   1.581093            
1.955204            1.894455            0                   1.581093            
1.876171            1.818420            0                   1.581093            
1.950386            1.887569            242094              1.581093            
2.087955            2.023811            0                   1.581093            
1.846794            1.789608            516                 1.581093            
1.921238            1.860909            0                   1.581093            
1.955685            1.894287            0                   1.581093            
1.847469            1.789738            0                   1.581093            
1.977848            1.915993            0                   1.581093            
2.070770            2.007259            58872               1.581093            
1.962090            1.899067            57153               1.581093            
1.966274            1.905602            0                   1.581093            
1.991585            1.928513            0                   1.581093            
2.054703            1.990726            0                   1.581093            
1.889866            1.829605            57156               1.581093            
1.947014            1.886269            33                  1.581093            
1.985802            1.922901            0                   1.581093            
1.949516            1.889095            101334              1.581093            
2.024902            1.962036            253938              1.581093            
1.934994            1.874741            1101885             1.581093            
1.898548            1.838985            310830              1.581093            
2.067249            2.002098            465                 1.581093            
1.919430            1.859150            0                   1.581093            
1.908806            1.849609            900                 1.581093            
1.938282            1.877537            0                   1.581093            
2.042965            1.978779            0                   1.581093            
1.936054            1.875549            0                   1.581093            
2.110279            2.044071            3                   1.581093            
2.023727            1.960182            0                   1.581093            
2.004017            1.941994            0                   1.581093            
1.970604            1.908806            211158              1.581093            
2.018349            1.955875            62760               1.581093            
1.929405            1.867798            0                   1.581093            
1.960186            1.898705            0                   1.581093            
1.940639            1.880093            0                   1.581093            
1.926880            1.867088            0                   1.581093            
1.908207            1.849026            0                   1.581093            
1.947475            1.886597            0                   1.581093            
2.003822            1.936348            47274               1.581093            
1.948551            1.893539            0                   1.581093            
1.937370            1.875896            0                   1.581093            
2.016750            1.953789            52986               1.581093            
2.031532            1.967781            0                   1.581093            
2.012611            1.949181            0                   1.581093            
1.958561            1.897530            0                   1.581093            
1.950062            1.889542            58446               1.581093            
1.923443            1.862709            0                   1.581093            
2.029530            1.965839            0                   1.581093            
2.040340            1.976646            52020               1.581093            
2.034172            1.969753            0                   1.581093            
1.887127            1.828892            0                   1.581093            
1.978695            1.916882            0                   1.581093            
1.911728            1.853760            52260               1.581093            
1.954792            1.891865            0                   1.581093            
1.977798            1.915604   