Buffer_Pool+Pread	file_size = 32GB	io_size = 4096Bits	#worker = 300	#pool_num = 16	#pool_size = 16385	#io_server_num = 10
IO_Throughput       SSD_Throughput      TLB_shootdown       Memory_usage        Eviction_count      
0.866013            0.866852            248322              0.556377            
0.973564            0.973621            140058198489199     0.556377            
1.215443            1.215343            56160               0.556377            
1.287544            1.236835            50076               0.556377            
1.191223            1.242115            52374               0.556377            
1.147846            1.120453            45687               0.556377            
1.181854            1.209118            70074               0.556988            
1.159218            1.159363            60948               0.557110            
1.144371            1.144390            56187               0.557228            
1.118576            1.118595            1920                0.557228            
1.095119            1.094887            21120               0.557228            
1.238274            1.238480            32304               0.557346            
1.243496            1.226830            216804              0.557346            
1.184261            1.200729            48                  0.557346            
1.236256            1.207253            17757               0.557346            
1.204781            1.233963            34068               0.557346            
1.155598            1.155350            22560               0.557346            
1.268341            1.268326            41262               0.557346            
1.283001            1.283073            50421               0.557346            
1.282742            1.282825            477                 0.557346            
1.234818            1.234814            22560               0.557346            
1.240074            1.240013            0                   0.557346            
1.282818            1.282833            16320               0.557537            
1.258080            1.258083            184254              0.557537            
1.233162            1.233147            18771               0.557537            
1.262402            1.262508            0                   0.557537            
1.233276            1.233074            0                   0.557537            
1.303455            1.303612            38376               0.557537            
1.203293            1.203522            0                   0.557537            
1.274376            1.273987            40317               0.557537            
1.185562            1.185665            0                   0.557537            
1.263985            1.264183            0                   0.557537            
1.290939            1.290802            18282               0.557537            
1.303177            1.303104            0                   0.557537            
1.308922            1.283154            31674               0.557537            
1.231075            1.257046            0                   0.557537            
1.255390            1.255348            21114               0.557537            
1.284775            1.284370            23184               0.557537            
1.176228            1.176655            0                   0.557537            
1.252254            1.252220            18720               0.557537            
1.251701            1.251720            0                   0.557537            
1.249134            1.248837            172275              0.557537            
1.272064            1.259113            54177               0.557537            
1.243038            1.256271            16320               0.557537            
1.168621            1.168571            474                 0.557537            
1.183311            1.183315            20160               0.557537            
1.131542            1.131454            17277               0.557537            
1.205502            1.173672            31542               0.557537            
1.194405            1.226467            19680               0.557537            
1.103436            1.103409            48                  0.557537            
1.138397            1.138214            0                   0.557537            
1.233753            1.233803            35997               0.557537            
1.252869            1.252960            48                  0.557537            
1.176785            1.176651            0                   0.557537            
1.161831            1.161884            3                   0.557537            
1.094688            1.094604            0                   0.557537            
1.136173            1.136383            171423              0.557537            
1.226238            1.225956            48                  0.557537            
1.205090            1.205181            0                   0.557537            
1.216064            1.216068            0                   0.557537            
1.266766            1.266720            15357               0.557537            
1.161346            1.161499            48                  0.557537            
1.194565            1.194401            17760               0.557537            
1.217216            1.217350            16320               0.557537            
1.233429            1.233391            480                 0.557537            
1.202557            1.202644            0                   0.557537            
1.233463            1.233177            72                  0.557537            
1.215939            1.216099            0                   0.557537            
1.186279            1.186214            22551               0.557537            
1.210072            1.210190            23037               0.557537            
1.184456            1.184341            0                   0.557537            
1.138905            1.138874            207                 0.557537            
1.267269            1.267330            19194               0.557537            
1.252602            1.252670            27837               0.557537            
1.121700            1.121628            0                   0.557537            
1.142994            1.143024            19680               0.557537            
1.105522            1.105511            1032                0.557537            
1.135593            1.135841            20160               0.557537            
1.153549            1.153515            0                   0.557537            
1.179684            1.179565            16935               0.557537            
1.197819            1.197842            165126              0.557537            
1.228031            1.227936            48                  0.557537            
1.187878            1.187840            0                   0.557537            
1.231907            1.232029            0                   0.557537            
1.265129            1.265179            0                   0.557537            
1.265850            1.265636            48                  0.557537            
1.253151            1.253078            0                   0.557537            
1.242680            1.242931            0                   0.557537            
1.233829            1.233719            0                   0.557537            
1.195202            1.195259            0                   0.557537            
1.167267            1.167236            16821               0.557537            
1.188816            1.188816            60                  0.557537            
1.161564            1.161526            159                 0.557537            
1.140392            1.140442            15357               0.557537            
1.154804            1.155041            50844               0.557537            
1.174782            1.174473            16290               0.557537            
1.133453            1.133640            48                  0.557537            
1.132332            1.132050            48                  0.557537            
1.170895            1.170986   