Buffer_Pool+Pread	file_size = 32GB	io_size = 4096Bits	#worker = 200	#pool_num = 16	#pool_size = 16385	#io_server_num = 16
IO_Throughput       SSD_Throughput      TLB_shootdown       Memory_usage        Eviction_count      
0.710701            0.703091            3022854             1.275208            
0.802998            0.777977            139770667026117     1.574730            
1.859608            1.802975            5256492             1.576920            
0.750092            0.726276            43334691            1.578068            
1.423168            1.377941            22411137            1.578068            
2.124245            2.057777            57                  1.578068            
2.148361            2.081429            324345              1.578068            
1.933987            1.874771            709218              1.578194            
2.084560            2.018230            10347               1.578194            
2.167816            2.100105            0                   1.578194            
2.162434            2.094032            239364              1.578194            
2.211773            2.141861            52605               1.578194            
2.054432            1.989719            230838              1.578194            
2.014008            1.952244            1605129             1.578194            
1.776817            1.721779            1723194             1.578194            
1.688454            1.634228            3131874             1.578194            
1.945961            1.885181            77883               1.578194            
2.179646            2.112362            0                   1.578194            
2.074467            2.009224            204939              1.578194            
2.095753            2.030701            30582               1.578194            
2.144123            2.077145            459                 1.578194            
2.206154            2.137608            190755              1.578194            
2.022301            1.958611            51909               1.578194            
2.236580            2.167274            168753              1.578194            
2.136330            2.069443            114951              1.578194            
1.996513            1.935658            1088883             1.578194            
1.782700            1.725037            430044              1.578194            
2.017750            1.956017            1060614             1.578194            
1.916580            1.855774            3672870             1.578194            
2.047020            1.982601            45531               1.578194            
2.059879            1.994625            0                   1.578194            
1.975441            1.913605            0                   1.578194            
1.991177            1.928921            210741              1.578194            
2.152969            2.086254            0                   1.578194            
2.051823            1.987015            0                   1.578194            
2.205692            2.136547            72579               1.578194            
2.137131            2.070324            47778               1.578194            
2.059395            1.994671            92166               1.578194            
1.996338            1.932877            61779               1.578194            
2.101852            2.036041            85059               1.578194            
2.109013            2.044247            81141               1.578194            
2.102154            2.036034            0                   1.578194            
1.905052            1.845230            1422675             1.578194            
2.057320            1.993298            13494               1.578194            
1.906082            1.846031            1268100             1.578194            
1.750061            1.695248            3384195             1.578194            
1.985119            1.922932            1585980             1.578194            
2.258541            2.187283            46659               1.578194            
2.059761            1.995193            186048              1.578194            
1.967918            1.906082            474                 1.578194            
2.145149            2.078224            0                   1.578194            
2.036785            1.973454            54                  1.578194            
2.073044            2.008762            37278               1.578194            
1.998482            1.936111            0                   1.578194            
2.137741            2.070366            38043               1.578194            
2.060844            1.996849            0                   1.578194            
2.048679            1.984264            0                   1.578194            
1.920307            1.859722            144567              1.578194            
2.078644            2.013783            0                   1.578194            
2.116806            2.049690            99534               1.578194            
1.999123            1.936520            12504               1.578194            
2.244579            2.174423            0                   1.578194            
2.047390            1.982342            3597                1.578194            
2.070049            2.004566            0                   1.578194            
1.997860            1.936069            60078               1.578194            
2.171425            2.103310            1308                1.578194            
2.032944            1.970100            13506               1.578194            
2.187035            2.118893            411                 1.578194            
2.133850            2.067642            32952               1.578194            
2.093380            2.028034            5790                1.578194            
2.092297            2.027687            453                 1.578194            
2.094353            2.028008            54                  1.578194            
2.038174            1.975529            0                   1.578194            
2.213657            2.144039            160383              1.578194            
2.219364            2.150501            14814               1.578194            
2.121220            2.054905            423                 1.578194            
2.186008            2.117329            0                   1.578194            
2.050274            1.985573            0                   1.578194            
2.023243            1.959297            37236               1.578194            
2.100403            2.035194            0                   1.578194            
2.089859            2.024101            54369               1.578194            
2.066414            2.001816            27396               1.578194            
2.145809            2.078545            0                   1.578194            
1.975990            1.914909            47892               1.578194            
2.218128            2.149097            0                   1.578194            
2.166409            2.097897            86244               1.578194            
2.119534            2.054573            2334                1.578194            
2.130901            2.063644            60                  1.578194            
2.169266            2.100800            101430              1.578194            
2.154701            2.087780            0                   1.578194            
2.182098            2.114758            657372              1.578194            
2.193954            2.126228            508158              1.578194            
2.128529            2.061604            9255                1.578194            
2.014771            1.951660            1224195             1.578194            
2.238255            2.167351            0                   1.578194            
2.045918            1.982327            441198              1.578194            
2.214184            2.146217            189                 1.578194            
1.897202            1.836796            28920               1.578194            
2.186630            2.117710            573                 1.578194            
2.148144            2.081329            36087               1.578194            
2.107243            2.041420            1926                1.578194            
2.276382            2.205376            165                 1.578194            
2.123093            2.056713            0                   1.578194            
2.179985            2.113182            0                   1.578194            
2.204094            2.134949            1671                1.578194            
2.188206            2.119400            0                   1.578194            
2.081657            2.015594            165969              1.578194            
2.096874            2.032433            1869                1.578194            
2.071590            2.005901            54                  1.578194            
2.056091            1.991211            54                  1.578194            
2.181309            2.113594            3                   1.578194            
2.052029            1.986973            35205               1.578194            
2.220726            2.152210            0                   1.578194            
2.251789            2.181515            0                   1.578194            
2.210331            2.134285            0                   1.578194            
2.234093            2.172348            0                   1.578194            
2.103748            2.038597            2433                1.578194            
2.215099            2.144505            2670                1.578194            
2.253384            2.183586            246                 1.578194            
2.126591            2.059849            0                   1.578194            
2.049255            1.986057            48                  1.578194            
2.063522            1.997326            3                   1.578194            
2.073727            2.009010            48                  1.578194            
2.079548            2.014648            1905                1.578194            
2.197628            2.129009            282                 1.578194            
2.166737            2.099373            9                   1.578194            
2.122631            2.055485            6                   1.578194            
2.324848            2.252239            24                  1.578194            
2.242867            2.171513            0                   1.578194            
2.283428            2.212471            22704               1.578194            
2.250450            2.179569            2151                1.578194            
2.184517            2.116020            1212                1.578194            
2.247421            2.176750            23526               1.578194            
2.174805            2.106979            39                  1.578194            
2.188408            2.120964            20724               1.578194            
2.238049            2.167358            321                 1.578194            
2.267021            2.196014            501                 1.578194            
2.218502            2.149345            42543               1.578194            
2.110981            2.044975            102                 1.578194            
2.151173            2.084354            84117               1.578194            
2.143406            2.076771            474                 1.578194            
2.139935            2.073872            77442               1.578194            
2.175594            2.108028            1302                1.578194            
2.121677            2.055305            27                  1.578194            
2.160473            2.092926            74535               1.578194            
2.013752            1.951015            564                 1.578194            
2.195015            2.126205            474                 1.578194            
2.106148            2.041489            216                 1.578194            
2.049980            1.984249            9                   1.578194         