Buffer_Pool+Pread	file_size = 32GB	io_size = 4096Bits	#worker = 400	#pool_num = 16	#pool_size = 16385	#io_server_num = 8
IO_Throughput       SSD_Throughput      TLB_shootdown       Memory_usage        Eviction_count      
1.004524            1.005856            271707              0.558563            
1.054459            1.054173            139897355009507     0.558563            
1.094864            1.095047            45141               0.558563            
1.114101            1.114220            47649               0.558563            
1.092079            1.092068            44670               0.558563            
1.105995            1.106087            39570               0.558563            
1.131863            1.131405            39381               0.558563            
1.190586            1.191269            55158               0.558563            
1.113831            1.113319            48036               0.558563            
1.144920            1.144844            45546               0.558563            
1.203850            1.203773            52293               0.558563            
1.218971            1.215611            130413              0.558563            
1.202442            1.205643            56622               0.558563            
1.196335            1.196259            213987              0.558563            
1.177101            1.177383            0                   0.558563            
1.174187            1.174004            16701               0.558563            
1.195946            1.195786            16410               0.558563            
1.263229            1.263176            32376               0.558563            
1.252834            1.253265            48                  0.558563            
1.301140            1.301655            17760               0.558563            
1.276939            1.276192            0                   0.558563            
1.271000            1.271229            15348               0.558563            
1.268303            1.268536            15888               0.558563            
1.227158            1.226631            0                   0.558563            
1.156418            1.156898            31137               0.558563            
1.115307            1.115322            0                   0.558563            
1.209347            1.209366            17280               0.558563            
1.161854            1.161495            48                  0.558563            
1.181171            1.181309            26391               0.558563            
1.175762            1.175743            0                   0.558563            
1.186676            1.186924            38376               0.558784            
1.218472            1.218533            267804              0.558784            
1.361015            1.360821            0                   0.558784            
1.328144            1.328197            0                   0.558784            
1.307049            1.306850            0                   0.558784            
1.225037            1.225506            15360               0.558784            
1.138374            1.138271            0                   0.558784            
1.255375            1.254978            15408               0.558784            
1.233322            1.233532            15357               0.558784            
1.452087            1.407688            0                   0.558784            
1.352993            1.397312            34551               0.558784            
1.347507            1.329350            35517               0.558784            
1.320717            1.338974            48525               0.558784            
1.271027            1.270817            0                   0.558784            
1.254715            1.255020            0                   0.558784            
1.390694            1.378036            0                   0.558784            
1.301647            1.313721            24054               0.558784            
1.265877            1.266041            21597               0.558784            
1.190033            1.190414            17280               0.558784            
1.143375            1.143162            230364              0.558784            
1.244869            1.245274            0                   0.558784            
1.278744            1.278740            15432               0.558784            
1.274990            1.274803            0                   0.558784            
1.297806            1.297520            32634               0.558784            
1.343838            1.344265            0                   0.558784            
1.245491            1.245583            18240               0.558784            
1.230328            1.229954            16866               0.558784            
1.243362            1.243408            16314               0.558784            
1.341366            1.303230            17277               0.558784            
1.253021            1.291290            480                 0.558784            
1.362019            1.297428            16797               0.558784            
1.295982            1.360241            0                   0.558784            
1.303307            1.303448            15834               0.558784            
1.278484            1.278591            0                   0.558784            
1.172737            1.172520            17760               0.558784            
1.272671            1.232166            0                   0.558784            
1.155430            1.195839            228                 0.558784            
1.217941            1.217850            0                   0.558784            
1.322796            1.322945            0                   0.558784            
1.329849            1.330273            0                   0.558784            
1.200127            1.199783            0                   0.558784            
1.150818            1.150967            0                   0.558784            
1.331161            1.331192            23037               0.558784            
1.215324            1.214878            0                   0.558784            
1.292400            1.292759            24000               0.558784            
1.242607            1.242531            0                   0.558784            
1.233105            1.233292            0                   0.558784            
1.312626            1.312656            239454              0.558784            
1.296200            1.295891            17268               0.558784            
1.290646            1.290562            47991               0.558784            
1.219116            1.219475            19587               0.558784            
1.233555            1.233448            0                   0.558784            
1.315723            1.303387            15840               0.558784            
1.264458            1.277191            33159               0.558784            
1.291355            1.291206            0                   0.558784            
1.189541            1.189045            54                  0.558784            
1.188854            1.188774            32157               0.558784            
1.260937            1.261414            0                   0.558784            
1.271999            1.271805            0                   0.558784            
1.256897            1.257141            102                 0.558784            
1.233700            1.233334            0                   0.558784            
1.335556            1.335609            0                   0.558784            
1.249020            1.249161            42                  0.558784            
1.249615            1.249741            0                   0.558784            
1.252872            1.252586            0                   0.558784            
1.332054            1.332104            48                  0.558784            
1.247883            1.248173            0                   0.558784            
1.299309            1.299183            0                   0.558784            
1.247444            1.247433            0                   0.558784            
1.238224            1.238533            63                  0.558784            
1.262989            1.262623            6                   0.558784            
1.278458            1.247810            0                   0.558784            
1.251781            1.282009            25440               0.558784            
1.237301            1.237717            22551               0.558784            
1.171619            1.171513            18294               0.558819            
1.308422            1.308620            207351              0.558819            
1.152115            1.151909            0                   0.558819            
1.103554            1.103500            6                   0.558819            
1.204617            1.204769            0                   0.558819            
1.185738            1.185806            147                 0.558819            
1.279072            1.279072            15360               0.558819            
1.258099            1.257801            0                   0.558819            
1.224522            1.224762            0                   0.558819            
1.191071            1.191341            30720               0.558819            
1.194298            1.193851            48039               0.558819            
1.240753            1.240868            0                   0.558819            
1.292210            1.292297            51                  0.558819            
1.183590            1.183250            0                   0.558819            
1.202396            1.202759            17808               0.558819            
1.180241            1.179989            0                   0.558819            
1.097233            1.097469            0                   0.558819            
1.175274            1.175224            15360               0.558819            
1.248596            1.248447            0                   0.558819            
1.316292            1.292728            15408               0.558819            
1.407158            1.430714            0                   0.558819            
1.331402            1.331402            0                   0.558819            
1.311043            1.311142            0                   0.558819            
1.294449            1.294445            16800               0.558819            
1.309135            1.308876            48                  0.558819            
1.250969            1.251122            0                   0.558819            
1.202362            1.202332            0                   0.558819            
1.234592            1.234695            0                   0.558819            
1.331902            1.332058            3                   0.558819            
1.340187            1.297684            144                 0.558819            
1.312138            1.354515            0                   0.558819            
1.313618            1.313148            156                 0.558819            
1.237873            1.238377            0                   0.558819            
1.241177            1.241066            96                  0.558819            
1.259399            1.259624            0                   0.558819            
1.269657            1.256836            0                   0.558819            
1.254444            1.267414            0                   0.558819            
1.312954            1.312706            0                   0.558819            
1.280426            1.280640            48                  0.558819            
1.285072            1.285107            0                   0.558819            
1.335140            1.334869            0                   0.558819            
1.294910            1.294991            0                   0.558819            
1.304142            1.303993            23532               0.558819            
1.328575            1.328491            288                 0.558819            
1.287777            1.287998            0                   0.558819          