Buffer_Pool+Pread	file_size = 32GB	io_size = 4096Bits	#worker = 150	#pool_size = 104858	#pool_size = 4
IO_Throughput       SSD_Throughput      TLB_shootdown       Memory_usage        Eviction_count      
2.414261            2.322639            915660              4.419327            
2.383289            2.128017            139686228630496     6.588020            
2.392708            1.982265            1500576             8.624557            
2.792152            2.136444            1671222             10.787884           
2.947678            2.058899            2128860             12.873924           
3.174068            2.014542            2293737             14.918911           
2.799004            1.618484            2113887             16.611366           
3.752712            1.957680            4585533             18.355194           
4.741199            2.367733            14755383            18.355194           
4.683617            2.341743            23086512            18.355194           
4.654320            2.331013            25682427            18.355194           
4.723450            2.361244            18326403            18.355194           
4.735069            2.364185            14077533            18.355194           
4.721958            2.363651            10561617            18.355194           
4.680077            2.342098            16076676            18.355194           
4.679203            2.341183            24077520            18.355194           
4.669510            2.336411            22802901            18.355194           
4.656738            2.327614            24290781            18.355194           
4.682961            2.341652            22147398            18.355194           
4.716301            2.354614            15678705            18.355194           
4.698528            2.347458            11717883            18.355194           
4.723145            2.364838            6427425             18.355194           
4.754269            2.374729            1837983             18.355392           
4.757069            2.379650            1025883             18.355392           
4.764919            2.381081            180003              18.355392           
4.757282            2.379246            85494               18.355392           
4.754711            2.379158            70992               18.355392           
4.763657            2.381081            71655               18.355392           
4.758862            2.380459            70863               18.355392           
4.765308            2.382828            68322               18.355392           
4.763706            2.381992            73965               18.355392           
4.774426            2.386459            76476               18.355392           
4.768402            2.383770            91389               18.355392           
4.753223            2.380898            94446               18.355392           
4.755421            2.380047            87285               18.355392           
4.764797            2.380722            95751               18.355392           
4.765301            2.381496            90018               18.355392           
4.803726            2.401314            108642              18.355392           
4.747032            2.373600            111771              18.355392           
4.762627            2.381142            112812              18.355392           
4.765915            2.382355            115149              18.355392           
4.758057            2.380741            120216              18.355392           
4.761639            2.380753            848238              18.355392           
4.766273            2.381588            700749              18.355392           
4.736626            2.369560            469131              18.355392           
4.758690            2.381031            317376              18.355392           
4.764580            2.380226            208251              18.355392           
4.761074            2.381626            115014              18.355392           
4.764221            2.384205            99726               18.355392           
4.769047            2.383816            66822               18.355392           
4.758888            2.378922            84429               18.355392           
4.769318            2.385872            283908              18.355392           
4.758831            2.382141            429600              18.355392           
4.760429            2.378517            517152              18.355392           
4.759922            2.381729            572367              18.355392           
4.767307            2.380951            635262              18.355392           
4.749340            2.371597            646113              18.355392           
4.761013            2.383961            637671              18.355392           
4.759399            2.377892            725634              18.355392           
4.764057            2.383846            786666              18.355392           
4.748909            2.378559            687936              18.355392           
4.764584            2.381119            709482              18.355392           
4.755596            2.376938            560892              18.355392           
4.752541            2.376625            619281              18.355392           
4.768089            2.379185            592467              18.355392           
4.758648            2.378906            591624              18.355392           
4.752693            2.378788            566304              18.355392           
4.763359            2.380466            614175              18.355392           
4.747513            2.373020            586329              18.355392           
4.762665            2.381203            605292              18.355392           
4.760414            2.379509            614946              18.355392           
4.767242            2.381374            642729              18.355392           
4.760700            2.377296            648513              18.355392           
4.756828            2.378651            536742              18.355392           
4.765144            2.381546            479805              18.355392           
4.770344            2.385670            467724              18.355392           
4.765324            2.384628            305634              18.355392           
4.768955            2.385063            217515              18.355392           
4.771671            2.386036            142530              18.355392           
4.754673            2.377224            84255               18.355392           
4.756611            2.382046            58080               18.355392           
4.754841            2.380146            26661               18.355392           
4.775856            2.387447            3                   18.355392           
4.772686            2.384720            0                   18.355392           
4.770882            2.383770            0                   18.355392           
4.755527            2.381042            63                  18.355392           
4.768150            2.382088            108                 18.355392           
4.771641            2.385464            0                   18.355392           
4.762436            2.383545            0                   18.355392           
4.762676            2.380112            0                   18.355392           
4.766106            2.385719            0                   18.355392           
4.761745            2.378880            60                  18.355392           
4.772945            2.387741            0                   18.355392           
4.767570            2.382427            0                   18.355392           
4.774994            2.386829            0                   18.355392           
4.771198            2.384617            0                   18.355392           
4.766991            2.381554            78                  18.355392           
4.763168            2.379696            162                 18.355392           
4.771080            2.384476            21276     