Performing C SOURCE FILE Test CMAKE_HAVE_LIBC_PTHREAD failed with the following output:
Change Dir: /data/zyc/graphscope_bufferpool/build/CMakeFiles/CMakeTmp

Run Build Command(s):/usr/bin/make cmTC_93421/fast && /usr/bin/make -f CMakeFiles/cmTC_93421.dir/build.make CMakeFiles/cmTC_93421.dir/build
make[1]: Entering directory '/data/zyc/graphscope_bufferpool/build/CMakeFiles/CMakeTmp'
Building C object CMakeFiles/cmTC_93421.dir/src.c.o
/usr/bin/gcc   -g -DCMAKE_HAVE_LIBC_PTHREAD   -o CMakeFiles/cmTC_93421.dir/src.c.o   -c /data/zyc/graphscope_bufferpool/build/CMakeFiles/CMakeTmp/src.c
Linking C executable cmTC_93421
/usr/bin/cmake -E cmake_link_script CMakeFiles/cmTC_93421.dir/link.txt --verbose=1
/usr/bin/gcc -g -DCMAKE_HAVE_LIBC_PTHREAD    CMakeFiles/cmTC_93421.dir/src.c.o  -o cmTC_93421 
/usr/bin/ld: CMakeFiles/cmTC_93421.dir/src.c.o: in function `main':
/data/zyc/graphscope_bufferpool/build/CMakeFiles/CMakeTmp/src.c:11: undefined reference to `pthread_create'
/usr/bin/ld: /data/zyc/graphscope_bufferpool/build/CMakeFiles/CMakeTmp/src.c:12: undefined reference to `pthread_detach'
/usr/bin/ld: /data/zyc/graphscope_bufferpool/build/CMakeFiles/CMakeTmp/src.c:13: undefined reference to `pthread_join'
collect2: error: ld returned 1 exit status
make[1]: *** [CMakeFiles/cmTC_93421.dir/build.make:87: cmTC_93421] Error 1
make[1]: Leaving directory '/data/zyc/graphscope_bufferpool/build/CMakeFiles/CMakeTmp'
make: *** [Makefile:121: cmTC_93421/fast] Error 2


Source file was:
#include <pthread.h>

void* test_func(void* data)
{
  return data;
}

int main(void)
{
  pthread_t thread;
  pthread_create(&thread, NULL, test_func, NULL);
  pthread_detach(thread);
  pthread_join(thread, NULL);
  pthread_atfork(NULL, NULL, NULL);
  pthread_exit(NULL);

  return 0;
}

Determining if the function pthread_create exists in the pthreads failed with the following output:
Change Dir: /data/zyc/graphscope_bufferpool/build/CMakeFiles/CMakeTmp

Run Build Command(s):/usr/bin/make cmTC_55b9a/fast && /usr/bin/make -f CMakeFiles/cmTC_55b9a.dir/build.make CMakeFiles/cmTC_55b9a.dir/build
make[1]: Entering directory '/data/zyc/graphscope_bufferpool/build/CMakeFiles/CMakeTmp'
Building C object CMakeFiles/cmTC_55b9a.dir/CheckFunctionExists.c.o
/usr/bin/gcc   -g -DCHECK_FUNCTION_EXISTS=pthread_create   -o CMakeFiles/cmTC_55b9a.dir/CheckFunctionExists.c.o   -c /usr/share/cmake-3.16/Modules/CheckFunctionExists.c
Linking C executable cmTC_55b9a
/usr/bin/cmake -E cmake_link_script CMakeFiles/cmTC_55b9a.dir/link.txt --verbose=1
/usr/bin/gcc -g -DCHECK_FUNCTION_EXISTS=pthread_create    CMakeFiles/cmTC_55b9a.dir/CheckFunctionExists.c.o  -o cmTC_55b9a  -lpthreads 
/usr/bin/ld: cannot find -lpthreads
collect2: error: ld returned 1 exit status
make[1]: *** [CMakeFiles/cmTC_55b9a.dir/build.make:87: cmTC_55b9a] Error 1
make[1]: Leaving directory '/data/zyc/graphscope_bufferpool/build/CMakeFiles/CMakeTmp'
make: *** [Makefile:121: cmTC_55b9a/fast] Error 2



