Buffer_Pool+Pread	file_size = 32GB	io_size = 4096Bits	#worker = 300	#pool_size = 13108	#pool_size = 4
IO_Throughput       SSD_Throughput      TLB_shootdown       Memory_usage        Eviction_count      
2.358593            2.270226            1006296             13.135654           
1.904346            1.715538            140452234658679     14.882687           
1.943016            1.648506            886395              16.557709           
2.281097            1.810612            1123452             18.409683           
2.285843            1.690498            927495              20.125957           
2.415501            1.657356            881718              21.807350           
2.625484            1.665421            906606              23.515614           
3.499638            2.023140            1274769             25.583588           
3.647560            1.889881            851454              27.091064           
4.985332            2.494534            15699               27.093410           
4.991791            2.496460            22122               27.097389           
4.985256            2.492760            38550               27.105526           
4.958069            2.479618            8763                27.107544           
4.989265            2.497936            6024                27.107544           
4.967258            2.484200            4803                27.108406           
4.982616            2.492821            0                   27.108406           
4.965546            2.483379            4467                27.108406           
4.982964            2.492973            27081               27.113522           
4.964100            2.486832            2416206             27.129848           
4.989227            2.496513            7359564             27.129848           
4.990883            2.496925            5854287             27.129848           
4.998711            2.495708            5001189             27.129848           
4.983646            2.491447            3817632             27.129848           
4.987083            2.495384            4079790             27.129848           
4.940033            2.474644            3298416             27.129848           
4.981632            2.490234            1882809             27.129848           
4.971863            2.488251            1385352             27.129848           
4.991302            2.495029            2028609             27.129848           
4.991966            2.500114            8052726             27.129848           
4.990463            2.495377            18446661            27.129848           
4.955093            2.476082            27865521            27.129848           
4.988518            2.495907            30393033            27.129848           
4.987560            2.493454            22382721            27.129848           
4.996193            2.497234            17873496            27.129848           
4.990383            2.490406            22838367            27.129848           
4.991680            2.495190            16378926            27.129848           
4.982895            2.492191            9442728             27.129848           
4.990158            2.495144            5651631             27.129848           
4.985756            2.489601            3919578             27.129848           
4.983974            2.494740            3156066             27.129848           
4.978188            2.489956            1490919             27.129848           
4.973488            2.487911            413997              27.129848           
4.962250            2.479687            401937              27.129848           
4.992413            2.493496            380382              27.129848           
4.989132            2.491501            267363              27.129848           
4.982727            2.490913            80502               27.129848           
4.980824            2.490986            4494                27.129848           
4.966343            2.486053            435                 27.129848           
4.948177            2.473534            0                   27.129848           
4.974911            2.488018            2322                27.129848           
4.979256            2.488674            13260               27.129848           
4.975723            2.488510            25680               27.129848           
4.993721            2.494591            21063               27.129848           
4.979107            2.488499            20949               27.129848           
4.962883            2.481209            42582               27.129848           
4.988159            2.496304            66087               27.129848           
4.977116            2.486866            79287               27.129848           
4.966812            2.486420            93642               27.129848           
4.986641            2.491005            103749              27.129848           
4.988720            2.490276            112434              27.129848           
4.969856            2.484867            113940              27.129848           
4.987244            2.491177            98835               27.129848           
4.987701            2.492683            79140               27.130142           
4.974892            2.487900            35526               27.130142           
4.986347            2.492180            24063               27.130142           
4.976131            2.489376            12093               27.130142           
4.960926            2.477551            4263                27.130142           
4.975655            2.489799            17025               27.130142           
4.977493            2.491146            54915               27.130142           
4.977676            2.491295            164091              27.130142           
4.987228            2.491428            249390              27.130142           
4.977596            2.489491            202599              27.130142           
4.980667            2.489880            223764              27.130142           
4.978100            2.489704            236880              27.130142           
4.986259            2.490402            194976              27.130142           
4.972912            2.488911            196065              27.130142           
4.977684            2.488289            230328              27.130142           
4.986629            2.493252            274062              27.130142           
4.962929            2.481808            288207              27.130142           
4.983913            2.493870            670014              27.130142           
4.980518            2.490578            1199256             27.130142           
5.000820            2.493530            824907              27.130142           
4.980156            2.492519            506556              27.130142           
4.974941            2.486290            268392              27.130142           
4.967350            2.482227            95805               27.130142           
4.982563            2.492218            24693               27.130142           
4.978363            2.491306            0                   27.130142           
4.977032            2.486633            213                 27.130142           
4.980415            2.494007            0                   27.130142           
4.982559            2.486462            42                  27.130142           
4.952850            2.480721            60                  27.130142           
4.967289            2.486469            0                   27.130142           
4.982513            2.492531            0                   27.130142           
4.975109            2.490311            0                   27.130142           
4.975857            2.489178            0                   27.130142           
4.972214            2.485657            60                  27.130142           
4.957130            2.477207            0                   27.130142           
4.975235            2.487907            0                   27.130142           
4.982327            2.490475            0          