Buffer_Pool+Pread	file_size = 32GB	io_size = 4096Bits	#worker = 100	#pool_num = 16	#pool_size = 16385	#io_server_num = 16
IO_Throughput       SSD_Throughput      TLB_shootdown       Memory_usage        Eviction_count      
2.005798            1.958401            2080962             1.572346            
2.053661            1.989399            139908945456974     1.574471            
1.982105            1.920609            5521722             1.574867            
1.884804            1.826130            11637261            1.575317            
2.117580            2.051346            272736              1.575317            
2.112545            2.046635            861                 1.575317            
2.079449            2.014202            603894              1.575317            
2.084469            2.019051            31578               1.575569            
2.077229            2.012436            12                  1.575569            
2.079296            2.014488            282                 1.575569            
2.078621            2.013969            936                 1.575569            
2.082043            2.017254            50739               1.575569            
2.089989            2.025082            17355               1.575569            
2.090286            2.026279            0                   1.575569            
2.090958            2.025467            0                   1.575569            
2.085957            2.020924            218277              1.575569            
2.087898            2.023598            634344              1.575569            
2.085110            2.020798            623691              1.575569            
2.093231            2.027802            54501               1.575569            
2.096245            2.030964            54                  1.575569            
2.093033            2.028214            57                  1.575569            
2.086262            2.021099            68559               1.575569            
2.077576            2.012386            0                   1.575569            
2.085678            2.020123            0                   1.575569            
2.082973            2.018002            186                 1.575569            
2.086391            2.020695            396                 1.575569            
2.079453            2.013859            0                   1.575569            
2.088142            2.022896            0                   1.575569            
2.078049            2.014275            0                   1.575569            
2.073631            2.008354            94539               1.575569            
2.084465            2.019512            21555               1.575569            
2.083305            2.018524            0                   1.575569            
2.082714            2.018520            0                   1.575569            
2.089470            2.024830            0                   1.575569            
2.086021            2.021400            135                 1.575569            
2.088367            2.022762            108                 1.575569            
2.083660            2.018230            0                   1.575569            
2.087788            2.022324            63822               1.575569            
2.085983            2.021168            25413               1.575569            
2.088867            2.023033            72018               1.575569            
2.085548            2.019958            90741               1.575569            
2.089363            2.023922            30423               1.575569            
2.078720            2.013828            66705               1.575569            
2.081177            2.016125            96                  1.575569            
2.088928            2.022987            213                 1.575569            
2.088142            2.023800            12                  1.575569            
2.086105            2.020409            2073                1.575569            
2.087059            2.021927            684                 1.5755