Buffer_Pool+Pread	file_size = 32GB	io_size = 4096Bits	#worker = 300	#pool_num = 16	#pool_size = 16385	#io_server_num = 10
IO_Throughput       SSD_Throughput      TLB_shootdown       Memory_usage        Eviction_count      
0.000000            0.000000            183678              0.556095            
0.000000            0.000000            140208265865341     0.556095            
0.000000            0.000000            30756               0.556095            
0.000000            0.000000            27927               0.556095            
0.000000            0.000000            29847               0.556095            
0.000000            0.000000            26400               0.556095            
0.000000            0.000000            29754               0.556095            
0.000000            0.000000            32139               0.556095            
0.000000            0.000000            29760               0.556095            
0.000000            0.000000            42276               0.556095            
0.000000            0.000000            480                 0.556095            
0.000000            0.000000            16800               0.556095            
0.000000            0.000000            31620               0.556095            
0.000000            0.000000            477                 0.556095            
0.000000            0.000000            61920               0.556095            
0.000000            0.000000            0                   0.556095            
0.000000            0.000000            20628               0.556095            
0.000000            0.000000            0                   0.556095            
0.000000            0.000000            18759               0.556095            
0.000000            0.000000            48                  0.556095            
0.000000            0.000000            16791               0.556095            
0.000000            0.000000            0                   0.556095            
0.000000            0.000000            18705               0.556095            
0.000000            0.000000            0                   0.556095            
0.000000            0.000000            16797               0.556095            
0.000000            0.000000            0                   0.556095            
0.000000            0.000000            17307               0.556095            
0.000000            0.000000            18240               0.556095            
0.000000            0.000000            48                  0.556095            
0.000000            0.000000            27849               0.556095            
0.000000            0.000000            48                  0.556095            
0.000000            0.000000            24957               0.556225            
0.000000            0.000000            3                   0.556225            
0.000000            0.000000            14457               0.556225            
0.000000            0.000000            48                  0.556225            
0.000000            0.000000            60489               0.556225            
0.000000            0.000000            16800               0.556225            
0.000000            0.000000            17274               0.556225            
0.000000            0.000000            0                   0.556225            
0.000000            0.000000            0                   0.556225            
0.000000            0.000000            0                   0.556225            
0.000000            0.000000            32640               0.556225            
0.000000            0.000000            48                  0.556225            
0.000000            0.000000            0                   0.556225            
0.000000            0.000000            0                   0.556225            
0.000000            0.000000            16317               0.556225            
0.000000            0.000000            0                   0.556225            
0.000000            0.000000            0                   0.5562