Buffer_Pool+Pread	file_size = 32GB	io_size = 4096Bits	#worker = 100	#pool_num = 16	#pool_size = 16385	#io_server_num = 4
IO_Throughput       SSD_Throughput      TLB_shootdown       Memory_usage        Eviction_count      
1.770092            1.770382            64923               0.560379            
1.760788            1.760883            139846139470383     0.560379            
1.735165            1.735271            34707               0.560379            
1.766186            1.765724            14013               0.560379            
1.785480            1.785652            1347                0.560379            
1.811176            1.811329            49605               0.560463            
1.804848            1.804806            7044                0.560493            
1.807819            1.807800            3555                0.560493            
1.834999            1.834984            2712                0.560493            
1.826595            1.826599            15666               0.560493            
1.827393            1.827442            0                   0.560493            
1.622971            1.623085            40272               0.560493            
1.634953            1.634830            15738               0.560493            
1.778355            1.778416            21729               0.560493            
1.766945            1.766918            7440                0.560493            
1.758923            1.759048            0                   0.560493            
1.764355            1.764194            1260                0.560493            
1.691139            1.691105            2952                0.560493            
1.824562            1.824612            5355                0.560650            
1.826847            1.826843            0                   0.560650            
1.820606            1.820614            59712               0.560650            
1.826313            1.826294            12285               0.560650            
1.824924            1.824978            5352                0.560650            
1.818214            1.818192            1260                0.560650            
1.823933            1.823822            0                   0.560650            
1.824833            1.824944            63                  0.560650            
1.823322            1.823360            2520                0.560650            
1.825840            1.825718            7029                0.560650            
1.819145            1.819263            37086               0.560650            
1.813457            1.813393            16350               0.560650            
1.757584            1.757576            57                  0.560650            
1.758488            1.758526            14547               0.560650            
1.756535            1.756527            120                 0.560650            
1.756130            1.756111            0                   0.560650            
1.758888            1.758873            0                   0.560650            
1.767399            1.767353            6762                0.560650            
1.824238            1.824322            1260                0.560650            
1.824207            1.824127            1260                0.560650            
1.826195            1.826290            1260                0.560650            
1.826763            1.826775            5409                0.560650            
1.824615            1.824566            69                  0.560650            
1.833836            1.833885            54558               0.560650            
1.830788            1.830750            60                  0.560650            
1.828014            1.828022            0                   0.560650            
1.826294            1.826286            192                 0.560650            
1.822079            1.822124            12669               0.560650            
1.820744            1.820705            5031                0.560650            
1.823582            1.823559            1260                0.560650            
1.820423            1.820393            1260                0.560650            
1.815483            1.815521            8847                0.560650            
1.815155            1.815212            36807               0.560650            
1.754395            1.754311            156                 0.560650            
1.769138            1.769192            14934               0.560650            
1.822727            1.822651            186                 0.560650            
1.818844            1.818916            12333               0.560650            
1.824448            1.824394            0                   0.560650            
1.822189            1.822163            0                   0.560650            
1.818047            1.818092            0                   0.560650            
1.821369            1.821381            0                   0.560650            
1.814274            1.814232            153                 0.560650            
1.821289            1.821312            0                   0.560650            
1.822876            1.822887            0                   0.560650            
1.822876            1.822937            0                   0.560650            
1.815521            1.815411            0                   0.560650            
1.820007            1.820042            57                  0.560650            
1.824554            1.824512            0                   0.560650            
1.822395            1.822441            0                   0.560650            
1.822811            1.822865            0                   0.560650            
1.821793            1.821728            114                 0.560650            
1.821930            1.821918            60                  0.560650            
1.822273            1.822346            0                   0.560650            
1.820019            1.820015            5421                0.560677            
1.819962            1.820000            0                   0.560677            
1.821327            1.821266            0                   0.560677            
1.820911            1.820953            408                 0.560677            
1.821579            1.821590            0                   0.560677            
1.822777            1.822689            0                   0.560677            
1.821507            1.821541            0                   0.560677            
1.826347            1.826328            1335                0.560677            
1.824276            1.824287            18                  0.560677            
1.820030            1.820107            0                   0.560677            
1.823696            1.823639            3570                0.560677            
1.821419            1.821415            1260                0.560677            
1.826031            1.825989            7389                0.560745            
1.826187            1.826256            0                   0.560745            
1.824184            1.824150            54                  0.560745            
1.822617            1.822636            35859               0.560745            
1.829666            1.829617            13851               0.560745            
1.887383            1.887333            216                 0.560745            
1.893269            1.893398            0                   0.560745            
1.895363            1.895275            0                   0.560745            
1.891262            1.891335            42                  0.560745            
1.892269            1.892181            0                   0.560745            
1.890770            1.890770            210                 0.560745            
1.894756            1.894753            63                  0.560745            
1.891132            1.891098            0                   0.560745            
1.891460            1.891460            0                   0.560745            
1.886021            1.886055            0                   0.560745            
1.848389            1.848370    