Buffer_Pool+Pread	file_size = 32GB	io_size = 4096Bits	#worker = 100	#pool_num = 16	#pool_size = 16385	#io_server_num = 4
IO_Throughput       SSD_Throughput      TLB_shootdown       Memory_usage        Eviction_count      
1.690170            1.690472            39888               0.554565            
1.685764            1.685757            140457789319510     0.554565            
1.661297            1.661354            52176               0.554684            
1.652946            1.653008            16770               0.554684            
1.642838            1.642818            372                 0.554684            
1.645527            1.645535            56385               0.554989            
1.640076            1.640079            14478               0.554989            
1.637226            1.637253            0                   0.554989            
1.628109            1.628170            28881               0.555122            
1.676918            1.676792            5415                0.555122            
1.701656            1.701683            0                   0.555122            
1.647087            1.647152            32988               0.555122            
1.648899            1.648849            39003               0.555122            
1.589581            1.589657            12                  0.555122            
1.773373            1.773163            47349               0.555122            
1.875805            1.875824            858                 0.555122            
1.845356            1.845402            16119               0.555122            
1.798573            1.798569            1701                0.555122            
1.800159            1.800179            54                  0.555122            
1.795101            1.795040            348                 0.555122            
1.794315            1.794300            165                 0.555122            
1.799496            1.799557            225                 0.555122            
1.798912            1.798927            2733                0.555122            
1.797928            1.797867            3582                0.555122            
1.788525            1.788616            26505               0.555122            
1.787426            1.787388            198                 0.555122            
1.784126            1.784157            75                  0.555122            
1.787094            1.787033            5406                0.555122            
1.786903            1.786896            6846                0.555122            
1.787701            1.787735            32319               0.555122            
1.785870            1.785858            17145               0.555122            
1.837666            1.837738            34461               0.555199            
1.853756            1.853703            5991                0.555199            
1.861042            1.860985            255                 0.555199            
1.855801            1.855759            123                 0.555199            
1.849873            1.849884            108                 0.555199            
1.849739            1.849747            54                  0.555199            
1.856133            1.856152            228                 0.555199            
1.850895            1.850880            75                  0.555199            
1.856453            1.856403            408                 0.555199            
1.857075            1.857143            3                   0.555199            
1.857498            1.857513            357                 0.555199            
1.857166            1.857117            0                   0.555199            
1.853210            1.853241            114                 0.555199            
1.860428            1.860416            32076               0.555199            
1.864208            1.864220            0                   0.555199            
1.868645            1.868607            66                  0.555199            
1.743355            1.743534            12915               0.555199            
1.626057            1.626015            20931               0.555225            
1.792809            1.792778            0                   0.555225            
1.798439            1.797901            2040                0.555225            
1.797871            1.798286            0                   0.555225            
1.796398            1.796471            0                   0.555225            
1.795509            1.795498            93                  0.555225            
1.797657            1.797718            0                   0.555225            
1.794895            1.794949            0                   0.555225            
1.796242            1.796112            0                   0.555225            
1.796474            1.796528            0                   0.555225            
1.797020            1.797016            318                 0.555225            
1.794285            1.794296            0                   0.555225            
1.797607            1.797634            0                   0.555225            
1.796112            1.796169            0                   0.555225            
1.794338            1.794243            0                   0.555225            
1.795155            1.795181            198                 0.555225            
1.791107            1.791058            0                   0.555225            
1.797222            1.797260            0                   0.555225            
1.791103            1.791058            0                   0.555225            
1.792164            1.792145            0                   0.555225            
1.797092            1.797211            9309                0.555309            
1.795486            1.795521            0                   0.555309            
1.793949            1.793873            0                   0.555309            
1.794292            1.794266            9                   0.555309            
1.794788            1.794800            57                  0.555309            
1.796322            1.796322            96                  0.555309            
1.797813            1.797810            0                   0.555309            
1.793743            1.793793            0                   0.555309            
1.792248            1.792175            0                   0.555309            
1.795429            1.795422            153                 0.555309            
1.794224            1.794266            0                   0.555309            
1.793015            1.793049            0                   0.555309            
1.793224            1.793159            0                   0.555309            
1.795460            1.795494            0                   0.555309            
1.793308            1.793373            57                  0.555309            
1.792542            1.792473            0                   0.555309            
1.794746            1.794739            0                   0.555309            
1.794807            1.794804            12                  0.555309            
1.796040            1.796051            0                   0.555309            
1.793774            1.793770            1386                0.555309            
1.795025            1.794956            51                  0.555309            
1.791824            1.791847            117                 0.555309            
1.794098            1.794140            573                 0.555309            
1.794827            1.794830            2034                0.555309            
1.793011            1.792980            54                  0.555309            
1.790173            1.790188            28977               0.555443            
1.795738            1.795704            0                   0.555443            
1.792896            1.792923            0                   0.555443            
1.792007            1.791981            0                   0.555443            
1.795914            1.796135            153                 0.555443            
1.796535            1.796406            18                  0.555443            
1.796238            1.796200            0                   0.555443            
1.797001            1.796944            0                   0.555443            
1.795273            1.795345            0                   0.555443            
1.792797            1.792774            0                   0.555443            
1.798000            1.798000            12591               0.555634            
1.793747            1.793701            0                   0.555634            
1.794914            1.794964            0                   0.555634            
1.796894            1.796852            66                  0.555634            
1.796471            1.796528            195                 0.555634            
1.794464            1.794491            0                   0.555634            
1.796474            1.796417            66                  0.555634            
1.799133            1.799129            0                   0.555634            
1.797073            1.797157            0                   0.555634            
1.796963            1.796841            132                 0.555634            
1.795841            1.795959            0                   0.555634            
1.798668            1.798626            0                   0.555634            
1.795536            1.795479            0                   0.555634            
1.795273            1.795307            0                   0.555634            
1.797455            1.797443            54                  0.555634            
1.797638            1.797646            0                   0.555634            
1.797115            1.797066            0                   0.555634            
1.795395            1.795433            54                  0.555634            
1.795303            1.795422            54                  0.555634            
1.795395            1.795307            0                   0.555634            
1.800861            1.800816            6                   0.555634            
1.796349            1.796371            195                 0.555634            
1.799438            1.799484            2388                0.555634            
1.798462            1.798523            372                 0.555634            
1.797394            1.797272            261                 0.555634            
1.805141            1.804878            282                 0.555634            
1.797009            1.797279            696                 0.555634            
1.799961            1.800049            270                 0.555634            
1.793850            1.793858            85554               0.555634            
1.802006            1.801933            24642               0.555748            
1.798737            1.798729            528                 0.555748            
1.802353            1.802299            1896                0.555748            
1.799809            1.799805            1230                0.555748            
1.800156            1.800243            1047                0.555748            
1.799301            1.799202            63                  0.555748            
1.799587            1.799648            105                 0.555748            
1.799492            1.799465            801                 0.555748            
1.797813            1.797859            96                  0.555748            
1.805244            1.805237            255                 0.555748            
1.801086            1.801205            0                   0.555748            
1.802536            1.802406            1236                0.555748            
1.796295            1.795837            15678               0.555748            
1.799751            1.800106            1236                0.555748            
1.803131            1.803131            537                 0.555748            
1.800533            1.800617            291                 0.555748            
1.793926            1.793919            1047                0.555748            
1.803856            1.803448            186                 0.555748            
1.800297            1.800751            60657               0.555748            
1.803135            1.803154            4311                0.555790            
1.802120            1.802048            5382                0.556084            
1.800636            1.800652            231                 0.556084            
1.803383            1.803371            1314                0.556084            
1.797562            1.797592            297                 0.556084            
1.796925            1.796902            201                 0.556084            
1.798283            1.798256            681                 0.556084            
1.800976            1.800968            10905               0.556084            
1.799568            1.799709            321                 0.556084            
1.796024            1.795876            171                 0.556084            
1.798935            1.799019            0                   0.556084            
1.799332            1.799320            54                  0.556084            
1.802921            1.802830            30834               0.556446            
1.801765            1.801792            12903               0.556694            
1.802528            1.802593            0                   0.556694            
1.803158            1.803207            72                  0.556694            
1.800789            1.800678            0                   0.556694            
1.802216            1.802288            0                   0.556694            
1.800652            1.800598            0                   0.556694            
1.802689            1.802715            210                 0.556694            
1.803188            1.803162            0                   0.556694            
1.801609            1.801651            0                   0.556694            
1.796345            1.796375            0                   0.556694            
1.802738            1.802628            0                   0.556694            
1.799213            1.799294            54                  0.556694            
1.801464            1.801479            0                   0.556694            
1.798847            1.798805            0                   0.556694            
1.802624            1.802559            0                   0.556694            
1.802349            1.802376            0                   0.556694            
1.803410            1.803471            1068                0.556694            
1.806171            1.806152            0                   0.556694            
1.800926            1.800880            0                   0.556694            
1.803551            1.803612            0                   0.556694            
1.797749            1.797775            0                   0.556694            
1.798691            1.798641            36                  0.556694            
1.800625            1.800659            0                   0.556694            
1.798424            1.798370            0                   0.556694            
1.799374            1.799393            0                   0.556694            
1.801205            1.801327            0                   0.556694            
1.800171            1.800068            45                  0.556694            
1.802208            1.802246            0                   0.556694            
1.803635            1.803642            60                  0.556694            
1.803604            1.803539            0                   0.556694            
1.802479            1.802551            0                   0.556694            
1.801479            1.801407            63                  0.556694            
1.798065            1.798100            0                   0.556694            
1.800541            1.800518            0                   0.556694            
1.800560            1.800583            0                   0.556694            
1.799553            1.799465            0                   0.556694            
1.802715            1.802856            57                  0.556694            
1.796673            1.796627            0                   0.556694            
1.799946            1.800007            0                   0.556694            
1.800781            1.800743            0                   0.556694            
1.803505            1.803425            0                   0.556694            
1.801998            1.801994            240                 0.556694            
1.804512            1.804520            528                 0.556694            
1.800632            1.800629            0                   0.556694            
1.797318            1.797382            0                   0.556694            
1.799702            1.799698            0                   0.556694            
1.802513            1.802456            54                  0.556694            
1.795792            1.795776            54                  0.556694            
1.801952            1.801983            0                   0.556694            
1.801929            1.802017            0                   0.556694            
1.801834            1.801762            0                   0.556694            
1.799316            1.799313            153                 0.556694            
1.798508            1.798531            1734                0.556694            
1.800468            1.800468            0                   0.556694            
1.800720            1.800800            0                   0.556694            
1.801197            1.801090            219                 0.556694            
1.804241            1.804199            0                   0.556694            
1.800098            1.800159            0                   0.556694            
1.802696            1.802727            21381               0.557041            
1.804276            1.804184            0                   0.557041            
1.798401            1.798447            4197                0.557060            
1.801147            1.801167            177                 0.557060            
1.803547            1.803482            5040                0.557098            
1.801064            1.801105            0                   0.557098            
1.803795            1.803741            0                   0.557098            
1.799900            1.799934            30                  0.557098            
1.799965            1.800091            0                   0.557098            
1.800877            1.800804            0                   0.557098            
1.802116            1.802032            0                   0.557098            
1.802498            1.802528            0                   0.557098            
1.800888            1.800930            378                 0.557098            
1.802654            1.802666            0                   0.557098            
1.797199            1.797199            0                   0.557098            
1.800060            1.800049            72                  0.557098            
1.801239            1.801178            0                   0.557098            
1.800945            1.800953            41406               0.557137            
1.797150            1.797146            0                   0.557137            
1.800270            1.800327            0                   0.557137            
1.798752            1.798733            0                   0.557137            
1.799683            1.799683            0                   0.557137            
1.801056            1.801029            36                  0.557137            
1.801991            1.802013            0                   0.557137            
1.803902            1.803947            0                   0.557137            
1.802895            1.802837            0                   0.557137            
1.797405            1.797466            60                  0.557137            
1.798985            1.798916            234                 0.557137            
1.803173