Buffer_Pool+Pread	file_size = 32GB	io_size = 4096Bits	#worker = 300	#pool_num = 16	#pool_size = 16385	#io_server_num = 5
IO_Throughput       SSD_Throughput      TLB_shootdown       Memory_usage        Eviction_count      
0.810936            0.811852            181494              0.557358            
1.001163            1.000767            139821620045241     0.557358            
1.085819            1.086094            55533               0.557358            
1.150284            1.150066            63711               0.557358            
1.070248            1.070576            67746               0.557358            
1.018486            1.018627            66753               0.557358            
1.020714            1.020340            59982               0.557358            
1.055656            1.042019            51297               0.557358            
0.997143            1.010952            72981               0.557358            
1.234539            1.234375            33531               0.557358            
1.326649            1.326614            480                 0.557358            
1.310600            1.310555            40113               0.557358            
1.443607            1.443760            480                 0.557358            
1.271057            1.271152            176100              0.557358            
1.153427            1.153835            480                 0.557358            
1.095699            1.095142            41754               0.557358            
1.151745            1.151649            84                  0.557358            
1.233421            1.233662            17760               0.557358            
1.211987            1.211697            0                   0.557358            
1.426800            1.386780            15894               0.557358            
1.196636            1.237038            40302               0.557358            
1.194496            1.194248            30717               0.557358            
1.541374            1.499283            19674               0.557358            
1.522438            1.564739            0                   0.557358            
1.389305            1.389088            31674               0.557358            
1.386059            1.386040            26871               0.557549            
1.453793            1.453720            0                   0.557549            
1.381645            1.381817            48                  0.557549            
1.452763            1.420811            0                   0.557549            
1.408047            1.439957            188598              0.557549            
1.329727            1.329582            43674               0.557549            
1.347988            1.347908            17757               0.557549            
1.263393            1.263527            0                   0.557549            
1.360878            1.360962            37863               0.557549            
1.440762            1.404678            40389               0.557549            
1.292049            1.328125            44160               0.557549            
1.348640            1.348644            16320               0.557549            
1.334194            1.334354            10089               0.557549            
1.333469            1.333565            0                   0.557549            
1.387527            1.387577            0                   0.557549            
1.380119            1.379986            0                   0.557549            
1.336060            1.335983            525                 0.557549            
1.359344            1.359299            0                   0.557549            
1.237865            1.238022            0                   0.557549            
1.269291            1.269108            0                   0.557549            
1.320660            1.320343            161274              0.557549            
1.387077            1.387547            9                   0.557549            
1.281757            1.281288            0                   0.557549            
1.371655            1.371979            480                 0.557549            
1.167282            1.167267            0                   0.557549            
1.152794            1.152946            0                   0.557549            
1.106712            1.106594            48                  0.557549            
1.108082            1.108311            0                   0.557549            
1.171864            1.172005            37920               0.557549            
1.059071            1.058876            0                   0.557549            
1.173256            1.172829            0                   0.557549            
1.249386            1.249844            48                  0.557549            
1.282578            1.282265            0                   0.557549            
1.309990            1.310356            0                   0.557549            
1.281502            1.281605            0                   0.557549            
1.265381            1.264900            0                   0.557549            
1.291615            1.291889            36426               0.557549            
1.319122            1.319027            37437               0.557549            
1.397835            1.397835            43662               0.557549            
1.369987            1.369671            48480               0.557549            
1.399166            1.399521            0                   0.557549            
1.317226            1.317093            11508               0.557549            
1.382549            1.382389            0                   0.557549            
1.345146            1.319916            0                   0.557549            
1.375572            1.400993            0                   0.557549            
1.289349            1.289471            150                 0.557549            
1.368366            1.368076            0                   0.557549            
1.350761            1.350929            0                   0.557549            
1.303364            1.303715            87                  0.557549            
1.357124            1.356773            0                   0.557549            
1.340641            1.340443            0                   0.557549            
1.380985            1.381153            0                   0.557549            
1.288265            1.288303            0                   0.557549            
1.327427            1.327171            6                   0.557549            
1.131947            1.132011            0                   0.557549            
1.168484            1.168633            0                   0.557549            
1.148815            1.148785            0                   0.557549            
1.233562            1.233456            169887              0.557549            
1.193775            1.193737            37917               0.557549            
1.208099            1.208237            15360               0.557549            
1.251263            1.251511            18738               0.557549            
1.192455            1.192108            19680               0.557549            
1.171768            1.172199            17280               0.557549            
1.186558            1.186398            0                   0.557549            
1.180721            1.180901            24525               0.557549            
1.227669            1.227135            51315               0.557549            
1.243618            1.243961            20157               0.557549            
1.238155            1.238094            0                   0.557549            
1.162415            1.162205            48                  0.557549            
1.233780            1.233829            10602               0.557549            
1.145844            1.146072            136287              0.557549            
1.127098            1.127445            33120               0.557549            
1.191185            1.190952            0                   0.557549            
1.163601            1.163498            0                   0.557549            
1.192997            1.192684            27                  0.557549            
1.204777            1.205200            0                   0.557549            
1.220039            1.219944            0                   0.557549            
1.177879            1.177666            0                   0.557549            
1.187588            1.188023            0                   0.557549            
1.137653            1.137028            63                  0.557549            
1.110989            1.111465            0                   0.557549            
1.165108            1.164871            0                   0.557549            
1.142353            1.142193            57                  0.557549            
1.153774            1.154205            0                   0.557549            
1.159740            1.159267            48                  0.557549            
1.153812            1.154289            0                   0.557549            
1.164886            1.164524            0                   0.557549            
1.167831            1.168217            0                   0.557549            
1.206394            1.206100            0                   0.557549            
1.192127            1.192173            54                  0.557549            
1.173462            1.173306            15360               0.557549            
1.175102            1.175137            15360               0.557549            
1.183392            1.183517            0                   0.557549            
1.194798            1.194935            54                  0.557549            
1.166557            1.140064            15837               0.557549            
1.085163            1.111248            15840               0.557549            
1.142780            1.142750            0                   0.557549            
1.048546            1.049118            19680               0.557549            
1.051731            1.051228            48                  0.557549            
1.124557            1.125301            0                   0.557549            
1.149086            1.148544            15408               0.557549            
1.179676            1.179665            26880               0.557549            
1.139179            1.139076            0                   0.557549            
1.092232            1.092731            17832               0.557606            
1.163513            1.163063            0                   0.557606            
1.159996            1.160271            0                   0.557606            
1.168667            1.168419            42                  0.557606            
1.178089            1.178242            0                   0.557606            
1.107803            1.107376            150                 0.557606            
1.095554            1.095612            11040               0.557606            
1.129826            1.130470            0                   0.557606            
1.115734            1.115337            169419              0.557606            
1.137920            1.138088            35022               0.557606            
1.115795            1.115707            480                 0.557606            
1.171261            1.171265            600                 0.557606            
1.162354            1.162434            0                   0.557606            
1.144302            1.144207            0                   0.557606            
1.146427            1.146385            48                  0.557606            
1.173557            1.173454            0                   0.557606            
1.190056            1.190136            0                   0.557606            
1.228916            1.229092            0                   0.557606            
1.208393            1.190266            0                   0.557606            
1.170151            1.187927            17274               0.557606            
1.136066            1.136139            16800               0.557606            
1.200146            1.200466            0                   0.557606            
1.107967            1.107559            0                   0.557606            
1.168068            1.168350            0                   0.557606            
1.184631            1.184975            39396               0.557606            
1.122929            1.122246            480                 0.557606            
1.142647            1.142975            0                   0.557606            
1.203655            1.203465            0                   0.557606            
1.126480            1.126305            0                   0.557606            
1.123577            1.123783            48                  0.557606            
1.154186            1.154533            23505               0.557606            
1.173885            1.173679            480                 0.557606            
1.208549            1.208393            0                   0.557606            
1.196556            1.196690            0                   0.557606            
1.144032            1.143902            0                   0.557606            
1.200645            1.175041            16317               0.557606            
1.161221            1.186916            0                   0.557606            
1.152191            1.152225            0                   0.557606            
1.121635            1.121506            0                   0.557606            
1.092575            1.093098            28794               0.557606            
1.152027            1.151756            0                   0.557606            
1.176933            1.177116            18237               0.557606            
1.159279            1.158882            0                   0.557606            
1.173332            1.173275            48                  0.557606            
1.165245            1.165527            0                   0.557606            
1.170025            1.169933            0                   0.557606            
1.122799            1.122650            0                   0.557606            
1.151550            1.151558            0                   0.557606            
1.172276            1.172325            48                  0.557606            
1.112965            1.112919            0                   0.557606            
1.125923            1.125637            0                   0.557606            
1.144058            1.144382            48                  0.557606            
1.158562            1.158749            0                   0.557606            
1.180618            1.180264            54                  0.557606            
1.156765            1.157146            0                   0.557606            
1.126408            1.126259            10077               0.557606            
1.130398            1.130543            0                   0.557606            
1.193775            1.193726            0                   0.557606            
1.156708            1.156593            138273              0.557625            
1.086727            1.087048            0                   0.557625            
1.070641            1.070091            0                   0.557625            
1.081188            1.081539            0                   0.557625            
1.018932            1.018860            48                  0.557625            
1.092739            1.092552            0                   0.557625            
1.063103            1.063221            0                   0.557625            
1.103443            1.103394            33108               0.557625            
1.200981            1.201027            0                   0.557625            
1.016270            1.016171            48                  0.557625            
1.105484            1.105762            399                 0.557625            
1.205681            1.205463            0                   0.557625            
1.282505            1.282433            0                   0.557625            
1.245132            1.245522            0                   0.557625            
1.160866            1.161003            123                 0.557625            
1.125679            1.125458            0                   0.557625            
1.167114            1.167007            0                   0.557625            
1.159637            1.159840            0                   0.557625            
1.148979            1.148735            0                   0.557625            
1.128910            1.128792            141                 0.557625            
1.119019            1.118790            0                   0.557625            
1.128475            1.129147            0                   0.557625            
1.235371            1.197990            0                   0.557625            
1.194744            1.231804            0                   0.557625            
1.184841            1.184708            0                   0.557625            
1.172901            1.173153            0                   0.557625            
1.138721            1.138649            20160               0.557663            
1.159519            1.159370            480                 0.557682            
1.161579            1.162010            0                   0.557682            
1.184055            1.183994            0                   0.557682            
1.217697            1.217594            0                   0.557682            
1.211845            1.211922            0                   0.557682            
1.170944            1.170692            15360               0.557720            
1.210293            1.210430            17856               0.557758            
1.216713            1.216469            16314               0.557777            
1.233208            1.233284            22560               0.557835            
1.263550            1.263580            0                   0.557835            
1.276299            1.276253            0                   0.557835            
1.260529            1.260349            48                  0.557835            
1.200775            1.201038            45                  0.557835            
1.199848            1.199459            0                   0.557835            
1.144600            1.145241            0                   0.557835            
1.229603            1.229588            0                   0.557835            
1.233280            1.232731            54                  0.557835            
1.185780            1.186356            0                   0.557835            
1.163479            1.163010            15360               0.557873            
1.207546            1.207970            0                   0.557873            
1.229721            1.229759            0                   0.557873            
1.217125            1.216702            25551               0.557911            
1.197857            1.197964            0                   0.557911            
1.248482            1.248428            0                   0.557911            
1.243313            1.243126            0                   0.557911            
1.229317            1.229546            69                  0.557911            
1.291504            1.291725            15840               0.558041            
1.214039            1.214226            0                   0.558041            
1.238155            1.237877            66                  0.558041            
1.226261            1.226082            0                   0.558041            
1.162109            1.162388            54                  0.558041            
1.197208            1.196781            0                   0.558041            
1.144131            1.144360            0                   0.558041            
1.125542            1.125484            0                   0.558041            
1.034939            1.034603            0                   0.558041            
1.163139            1.163830            48                  0.558041            
1.181808            1.181664            0                   0.558041            
1.069756            1.069740            0                   0.558041            
1.032520            1.032284            0                   0.558041            
1.053932            1.054516            0                   0.558041            
1.079067            1.078655            102                 0.558041            
1.088318            1.088020            24                  0.558041            
1.132057            1.132416            0                   0.558041            
1.090797            1.090599            108                 0.558041            
1.195667            1.195820            0                   0.558041            
1.168205            1.167801            11520               0.558212            
1.141441            1.141399            0                   0.558212            
1.164158            1.164623            0                   0.558212            
1.202591            1.202446            0                   0.558212            
1.148441            1.148392            0                   0.558212            
1.174950            1.174961            0                   0.558212            
1.135811            1.135830            138609              0.558956            
1.195011            1.195030            0                   0.558956            
1.071957            1.072048            0                   0.558956            
1.084579            1.084988            54                  0.558956            
1.149025            1.148502            0                   0.558956            
1.147118            1.147324            0                   0.558956            
1.193157            1.193317            51                  0.558956            
1.199944            1.199505            0                   0.558956            
1.281303            1.281487            156                 0.558956            
1.083473            1.083607            0                   0.558956            
1.106426            1.106064            35034               0.559341            
1.159306            1.143707            480                 0.559341            
1.120651            1.136593            0                   0.559341            
1.077877            1.065830            48                  0.559341            
1.039955            1.051899            0                   0.559341            
1.070724            1.070461            0                   0.559341            
1.158249            1.158123            0                   0.559341            
1.152519            1.152916            0                   0.559341            
1.109032            1.109303            60                  0.559341            
1.154125            1.153702            0                   0.559341            
1.228104            1.228230            0                   0.559341            
1.101250            1.101570            0                   0.559341            
1.001659            1.001213            0                   0.559341            
1.171612            1.171627            2505                0.559341            
1.126556            1.126781            0                   0.559341            
1.100113            1.100025            0                   0.559341            
1.171295            1.171124            0                   0.559341            
1.133141            1.133244            0                   0.559341            
1.148575            1.148735            168                 0.559341            
1.171055            1.171127            18477               0.559628            
1.165638            1.165237            480                 0.559647            
1.098019            1.098194            32064               0.560200            
1.093323            1.093384            19725               0.560562            
1.014626            1.014568            22440               0.560928            
1.104176            1.088573            753                 0.560947            
1.043922            1.059387            48                  0.560947            
1.113270            1.113842            48            