Buffer_Pool+Pread	file_size = 32GB	io_size = 4096Bits	#worker = 300	#pool_size = 4194305	#pool_size = 4
IO_Throughput       SSD_Throughput      TLB_shootdown       Memory_usage        Eviction_count      
1.017265            1.000721            137961              1.815983            
1.006374            0.960236            140263241623974     2.795391            
0.812363            0.753868            279777              3.570393            
0.630604            0.571362            429036              4.147163            
0.776951            0.688908            304776              4.846077            
0.840233            0.725479            364947              5.583549            
0.670677            0.565376            401985              6.156940            
0.412952            0.342743            400200              6.517040            
0.586735            0.479176            669915              7.004894            
0.695553            0.556644            877479              7.572269            
0.671806            0.526360            862470              8.104729            
0.593517            0.456806            756306              8.570042            
0.555851            0.419018            770328              8.997704            
0.554878            0.411976            920490              9.416386            
0.609802            0.445076            1024173             9.867828            
0.607540            0.434669            1032837             10.308304           
0.551243            0.388668            947790              10.706188           
0.555786            0.383644            1014792             11.093513           
0.588650            0.398224            1082562             11.498425           
0.584103            0.388741            955140              11.890194           
0.473076            0.308578            781470              12.251743           
0.312035            0.201565            667959              12.434082           
0.576565            0.368080            884082              12.807701           
0.518394            0.325344            753693              13.138493           
0.547180            0.336967            787953              13.480328           
0.585602            0.355152            838824              13.840923           
0.617958            0.365242            882099              14.213768           
0.645756            0.376541            889851              14.594471           
0.641933            0.366890            880083              14.968834           
0.636089            0.356739            902064              15.330639           
0.608250            0.334423            1048203             15.671997           
0.542614            0.292149            1139286             15.971367           
0.549118            0.290936            1234533             16.266129           
0.582115            0.302212            1306593             16.572338           
0.606262            0.308887            1399923             16.896236           
0.472607            0.236565            1114095             17.117020           
0.245052            0.123131            786843              17.119167           
0.241985            0.121689            769074              17.119167           
0.238796            0.119190            742914              17.119167           
0.239792            0.120590            742767              17.119167           
0.243977            0.121635            747864              17.119167           
0.243221            0.121330            743817              17.119167           
0.249489            0.124279            759417              17.119167           
0.244850            0.122112            743160              17.119167           
0.245495            0.122253            730611              17.119167           
0.243649            0.121723            719709              17.119167           
0.248455            0.124435            722310              17.119167           
0.251041            0.124973            723303              17.119167           
0.246250            0.123703            701061              17.119167           
0.245365            0.122440            720999              17.119167           
0.250767            0.125698            748164              17.119167           
0.245743            0.122406            731844              17.119167           
0.236027            0.118034            700359              17.119167           
0.224148            0.112305            712476              17.119167           
0.248623            0.123596            732972              17.119167           
0.245853            0.123352            724959              17.119167           
0.251015            0.125568            734376              17.119167           
0.245148            0.122375            725226              17.119167           
0.247807            0.125107            727101              17.119167           
0.245361            0.121948            693834              17.119167           
0.249321            0.123913            700296              17.119167           
0.244659            0.121422            685833              17.119167           
0.249123            0.124851            701166              17.119167           
0.243431            0.122498            660597              17.119167           
0.254856            0.126923            700467              17.119167           
0.247669            0.124096            666627              17.119167           
0.257568            0.129089            683049              17.119167           
0.251545            0.126064            665307              17.119167           
0.252609            0.126354            656490              17.119167           
0.253315            0.126339            651054              17.119167           
0.230129            0.115101            646785              17.119167           
0.249817            0.124527            641868              17.119167           
0.255627            0.128269            648141              17.119167           
0.252300            0.126530            633759              17.119167           
0.253910            0.126358            636246              17.119167           
0.256062            0.128162            636222              17.119167           
0.264099            0.130924            655947              17.119167           
0.258682            0.127190            637215              17.119167           
0.258797            0.129089            622842              17.119167           
0.252010            0.126160            602664              17.119167           
0.251125            0.125523            593943              17.119167           
0.252796            0.125858            594297              17.119167           
0.259350            0.129646            585252              17.119167           
0.257427            0.128506            555312              17.119167           
0.257072            0.129646            544785              17.119167           
0.256207            0.128876            536124              17.119167           
0.264763            0.131069            539361              17.119167           
0.264160            0.132328            535278              17.119167           
0.259228            0.130402            516768              17.119167           
0.260128            0.130280            499581              17.119167           
0.238895            0.118668            493737              17.119167           
0.258144            0.128765            490791              17.119167           
0.267723            0.133770            496038              17.119167           
0.263527            0.131996            484629              17.119167           
0.259407            0.130764            477612              17.119167           
0.260704            0.130619            484524              17.119167           
0.269897            0.134594            489846              17.119167           
0.261398            0.131355            476754              17.119167           
0.265915            0.132519            456903   