Buffer_Pool+Pread	file_size = 32GB	io_size = 4096Bits	#worker = 300	#pool_num = 8	#pool_size = 32769	#io_server_num = 8
IO_Throughput       SSD_Throughput      TLB_shootdown       Memory_usage        Eviction_count      
0.563889            0.559479            48                  0.866497            
1.582630            1.535870            140083058037766     1.308510            
1.724442            1.669167            375921              1.308510            
1.792057            1.736336            1868988             1.320793            
1.299679            1.260162            5159676             1.330872            
1.835079            1.775658            783654              1.331005            
1.734066            1.680843            294081              1.331005            
1.620129            1.569847            592476              1.331192            
1.858131            1.800808            107010              1.331192            
1.792839            1.736431            270519              1.331192            
1.895641            1.837372            278553              1.331192            
1.718189            1.663979            1191075             1.331192            
1.700912            1.647587            12195               1.331192            
1.736851            1.683285            3348                1.331192            
1.599941            1.549858            577074              1.331192            
1.788040            1.732018            113418              1.331192            
1.750652            1.696465            198339              1.331192            
1.798294            1.742870            0                   1.331192            
1.739407            1.683380            0                   1.331192            
1.839447            1.783447            0                   1.331192            
1.722710            1.668442            0                   1.331192            
1.769688            1.714478            0                   1.331192            
1.704460            1.650913            468                 1.331192            
1.706547            1.652798            0                   1.331192            
1.668182            1.616436            0                   1.331192            
1.702179            1.649445            0                   1.331192            
1.665245            1.613068            480                 1.331192            
1.754253            1.699558            54                  1.331192            
1.642139            1.591141            0                   1.331192            
1.677498            1.625095            0                   1.331192            
1.696945            1.643726            201090              1.331192            
1.637894            1.586918            0                   1.331192            
1.682648            1.629852            0                   1.331192            
1.815876            1.759705            0                   1.331192            
1.706844            1.652233            0                   1.331192            
1.831585            1.773827            0                   1.331192            
1.690067            1.638004            0                   1.331192            
1.701916            1.649189            0                   1.331192            
1.829723            1.772343            70656               1.331192            
1.613823            1.563496            0                   1.331192            
1.828457            1.770412            0                   1.331192            
1.779556            1.724934            47163               1.331192            
1.616428            1.564892            0                   1.331192            
1.715744            1.662018            49479               1.331192            
1.619053            1.568565            4005                1.331192            
1.802811            1.746899            6                   1.331192            
1.722870            1.669651            36930               1.331192            
1.776608            1.720753            3                   1.331192            
1.818356            1.761650            0                   1.331192            
1.810421            1.753540            0                   1.331192            
1.878578            1.820560            44547               1.331192            
1.767712            1.714024            0                   1.331192            
1.764324            1.708866            0                   1.331192            
1.706509            1.652576            0                   1.331192            
1.773907            1.717987            0                   1.331192            
1.895420            1.835892            73254               1.331192            
1.763268            1.708122            1389                1.331192            
1.820560            1.763443            73371               1.331192            
1.773251            1.718853            82017               1.331192            
1.786346            1.729404            166560              1.331192            
1.825928            1.769596            0                   1.331192            
1.842167            1.784286            450                 1.331192            
1.612545            1.561516            27333               1.331192            
1.642498            1.590401            740637              1.331192            
1.774284            1.719524            474                 1.331192            
1.608456            1.558464            461685              1.331192            
1.709747            1.656559            0                   1.331192            
1.792881            1.737286            0                   1.331192            
1.805569            1.749012            37263               1.331192            
1.617580            1.567520            14220               1.331192            
1.709934            1.657032            0                   1.331192            
1.757820            1.703094            168099              1.331192            
1.697289            1.644295            12186               1.331192            
1.687790            1.634842            0                   1.331192            
1.715981            1.661785            0                   1.331192            
1.717663            1.664639            0                   1.331192            
1.714561            1.660213            0                   1.331192            
1.737007            1.682705            0                   1.331192            
1.809002            1.752762            0                   1.331192            
1.781303            1.725754            153354              1.331192            
1.743000            1.688892            4455                1.331192            
1.780010            1.724178            0                   1.331192            
1.650753            1.598804            0                   1.331192            
1.790138            1.734249            0                   1.331192            
1.814499            1.757473            387                 1.331192            
1.839649            1.782352            0                   1.331192            
1.730221            1.675556            0                   1.331192            
1.918228            1.857616            115278              1.331192            
1.850925            1.794357            45876               1.331192            
1.904152            1.843628            0                   1.331192            
1.942642            1.880901            0                   1.331192            
1.912968            1.853939            43698               1.331192            
1.816021            1.758625            852                 1.331192            
1.778049            1.723053            0                   1.331192            
1.753941            1.698036            0                   1.331192            
1.832462            1.775967            95415               1.331192            
1.967419            1.906712            4911                1.331192            
1.780087            1.724594            6                   1.331192            
2.001789            1.939880     