Buffer_Pool+Pread	file_size = 32GB	io_size = 4096Bits	#worker = 300	#pool_num = 16	#pool_size = 16385	#io_server_num = 10
IO_Throughput       SSD_Throughput      TLB_shootdown       Memory_usage        Eviction_count      
2.556126            2.719204            10881               1.094551            
2.430450            2.518742            140563725375331     1.094551            
2.442337            2.573597            190068              1.116619            
2.480637            2.552258            5793                1.116657            
2.494339            2.612007            417366              1.134758            
2.488365            2.546478            9573                1.134758            
2.537891            2.603752            701622              1.147404            
2.564796            2.639046            5562                1.147652            
2.517567            2.592125            318039              1.153603            
2.571121            2.617279            4002                1.153603            
2.526581            2.589951            13707               1.153603            
2.529015            2.561386            88578               1.154099            
2.645775            2.689903            0                   1.154099            
2.585537            2.609993            516129              1.158314            
2.549706            2.644920            0                   1.158314            
2.551968            2.599373            23817               1.158459            
2.554283            2.555759            0                   1.158459            
2.519535            2.624672            44073               1.158459            
2.542725            2.535450            7134                1.158653            
2.529438            2.638924            0                   1.158653            
2.563118            2.624893            123927              1.158653            
2.580097            2.644485            0                   1.158653            
2.549194            2.612972            0                   1.158653            
2.580307            2.637287            71898               1.158653            
2.577225            2.629845            0                   1.158653            
2.558064            2.612003            0                   1.158653            
2.541622            2.606907            0                   1.158653            
2.569786            2.588104            18228               1.158653            
2.545906            2.594524            0                   1.158653            
2.549564            2.585430            10269               1.158653            
2.529575            2.570450            0                   1.158653            
2.567516            2.605331            15639               1.158653            
2.508423            2.577415            195                 1.158653            
2.462746            2.519196            0                   1.158653            
2.531189            2.574242            0                   1.158653            
2.481441            2.548836            8298                1.158653            
2.528194            2.579575            9426                1.158653            
2.488918            2.544559            80112               1.158653            
2.464539            2.517441            441                 1.158653            
2.463112            2.521690            48                  1.158653            
2.487354            2.539742            60                  1.158653            
2.494267            2.564388            19278               1.158653            
2.489922            2.542145            11988               1.158653            
2.523739            2.579323            123564              1.158653            
2.490990            2.568859            94512               1.158653            
2.488815            2.547089            12948               1.158653            
2.495659            2.561455            156                 1.158653            
2.471706            2.525074            0                   1.1586