Buffer_Pool+Pread	file_size = 32GB	io_size = 4096Bits	#worker = 4	#pool_num = 16	#pool_size = 16385	#io_server_num = 16
IO_Throughput       SSD_Throughput      TLB_shootdown       Memory_usage        Eviction_count      
2.514553            2.514687            14274               0.020538            
2.500401            2.500530            139933572805899     0.020538            
2.504864            2.504761            6315                0.020672            
2.510189            2.510269            240                 0.020672            
2.506268            2.506180            16107               0.020672            
2.505024            2.505043            2748                0.020672            
2.503693            2.503738            6516                0.020672            
2.504822            2.504704            156                 0.020672            
2.507805            2.507717            135                 0.020672            
2.499840            2.500118            0                   0.020672            
2.512241            2.512173            0                   0.020672            
2.501175            2.501289            0                   0.020672            
2.505245            2.505051            264                 0.020672            
2.501110            2.501125            0                   0.020672            
2.502590            2.502731            1587                0.020672            
2.505421            2.505440            198                 0.020672            
2.499992            2.499943            0                   0.020672            
2.496124            2.496128            141                 0.020672            
2.496605            2.496593            0                   0.020672            
2.504650            2.504681            0                   0.020672            
2.499763            2.499870            0                   0.020672            
2.500813            2.500813            0                   0.020672            
2.492920            2.492653            63                  0.020672            
2.492504            2.492615            0                   0.020672            
2.506348            2.506554            0                   0.020672            
2.504852            2.504707            48                  0.020672            
2.499535            2.499599            0                   0.020672            
2.496937            2.496712            0                   0.020672            
2.495983            2.496063            0                   0.020672            
2.503952            2.504135            0                   0.020672            
2.507385            2.507412            2151                0.020672            
2.507206            2.507038            99                  0.020672            
2.502758            2.502716            0                   0.020672            
2.498074            2.498138            0                   0.020672            
2.491520            2.491520            159                 0.020672            
2.501286            2.501347            0                   0.020672            
2.501560            2.501575            0                   0.020672            
2.501785            2.501564            51                  0.020672            
2.498077            2.498245            0                   0.020672            
2.501762            2.501759            0                   0.020672            
2.501610            2.501606            0                   0.020672            
2.497410            2.497448            33                  0.020672            
2.504032            2.503918            54                  0.020672            
2.508228            2.508247            0                   0.020672            
2.498859            2.498947            372                 0.020672            
2.505054            2.505001            48                  0.020672            
2.501785            2.501720            7887                0.020672            
2.506699            2.506603            2967                0.020672            
2.504311            2.504299            429                 0.020672            
2.505878            2.505814            357                 0.020672            
2.497791            2.497982            0                   0.020672            
2.508018            2.507866            729                 0.020672            
2.497425            2.497349            111                 0.020672            
2.497768            2.497879            159                 0.020672            
2.498222            2.498348            0                   0.020672            
2.504978            2.504848            69                  0.020672            
2.500748            2.500767            147                 0.020672            
2.507572            2.507504            387                 0.020672            
2.503372            2.503345            318                 0.020672            
2.508980            2.509029            141                 0.020672            
2.502495            2.502739            0                   0.020672            
2.510441            2.510246            1617                0.020672            
2.497875            2.497761            378                 0.020672            
2.499744            2.499825            0                   0.020672            
2.496155            2.496227            426                 0.020672            
2.500530            2.500622            993                 0.020672            
2.506058            2.505985            339                 0.020672            
2.502140            2.502178            0                   0.020672            
2.499088            2.499214            0                   0.020672            
2.498631            2.498608            0                   0.020672            
2.496067            2.496037            0                   0.020672            
2.500011            2.499912            3                   0.020672            
2.499874            2.499920            3                   0.020672            
2.505539            2.505577            0                   0.020672            
2.501240            2.501183            15                  0.020672            
2.497799            2.497925            0                   0.020672            
2.491840            2.491611            153                 0.020672            
2.503437            2.503540            2946                0.020672            
2.503136            2.503239            207                 0.020672            
2.502155            2.502003            114                 0.020672            
2.500916            2.500984            54                  0.020672            
2.498623            2.498524            213                 0.020672            
2.504467            2.504581            0                   0.020672            
2.501026            2.501144            0                   0.020672            
2.506828            2.506733            48                  0.020672            
2.503681            2.503658            0                   0.020672            
2.504963            2.504890            57                  0.020672            
2.495914            2.496044            0                   0.020672            
2.503944            2.503891            0                   0.020672            
2.493446            2.493530            3                   0.020672            
2.498787            2.498753            3                   0.020672            
2.501003            2.500793            162                 0.020672            
2.496773            2.496925            0                   0.020672            
2.500557            2.500576            0                   0.020672            
2.503117            2.503117            99                  0.020672            
2.500473            2.500477            0                   0.020672            
2.502327            2.502201            213                 0.020672            
2.496990            2.496933            0                   0.020672            
2.504349            2.504608     