Buffer_Pool+Pread	file_size = 32GB	io_size = 4096Bits	#worker = 200	#pool_num = 16	#pool_size = 16385	#io_server_num = 8
IO_Throughput       SSD_Throughput      TLB_shootdown       Memory_usage        Eviction_count      
1.601055            1.601612            221817              0.555820            
1.576180            1.548561            140458433282467     0.555820            
1.470375            1.497902            64167               0.555820            
1.404949            1.405659            70557               0.555820            
1.554310            1.553928            86433               0.555820            
1.667271            1.667011            61881               0.556034            
1.749165            1.749168            53271               0.556351            
1.779385            1.779549            504                 0.556351            
1.738884            1.738552            39855               0.556351            
1.946041            1.946186            11169               0.556458            
1.942257            1.942352            128097              0.556671            
1.877892            1.877789            31188               0.556671            
1.929104            1.929146            15360               0.556671            
1.859875            1.860252            525                 0.556671            
1.794853            1.794289            59019               0.556671            
1.858536            1.858616            13968               0.556671            
1.955215            1.955147            0                   0.556671            
2.028069            2.028168            14400               0.556835            
1.879459            1.879768            147558              0.556835            
1.898922            1.898762            0                   0.556835            
1.978683            1.963982            0                   0.556835            
2.024616            2.039070            36456               0.556835            
2.049911            2.049942            492                 0.556835            
1.992607            1.992744            32202               0.556835            
2.013412            2.013287            35508               0.556835            
2.074196            2.074299            0                   0.556835            
1.957184            1.956993            18240               0.556835            
1.885670            1.886120            0                   0.556835            
1.847675            1.847366            48                  0.556835            
1.931633            1.931465            0                   0.556835            
2.018749            2.019123            122871              0.556835            
1.771992            1.771839            0                   0.556835            
1.883472            1.883301            0                   0.556835            
1.950222            1.950230            48                  0.556835            
1.857727            1.857933            0                   0.556835            
1.933865            1.933685            0                   0.556835            
1.812778            1.812954            0                   0.556835            
2.003845            2.003696            17277               0.556835            
1.890121            1.890163            48                  0.556835            
1.913090            1.913105            0                   0.556835            
1.896793            1.896908            17280               0.556835            
1.981205            1.981163            21594               0.556835            
2.020760            2.020668            28803               0.556835            
2.003853            2.003929            22557               0.556835            
2.000713            2.000584            0                   0.556835            
1.969997            1.970085            15357               0.556835            
2.005268            2.005352            0                   0.556835            
1.901131            1.901073            126324              0.55683