Buffer_Pool+Pread	file_size = 32GB	io_size = 4096Bits	#worker = 150	#pool_size = 98305	#pool_size = 4
IO_Throughput       SSD_Throughput      TLB_shootdown       Memory_usage        Eviction_count      
2.188915            2.113453            747765              2.569691            
2.138611            1.950314            140694348690051     3.450851            
2.628532            2.382046            98607               3.459637            
2.630032            2.383198            124275              3.465500            
2.631062            2.385220            110412              3.467693            
2.582779            2.340458            224664              3.468338            
1.562328            1.416367            18020952            3.468338            
0.905998            0.819927            63460134            3.468338            
0.904610            0.819294            63892236            3.468338            
0.920757            0.833736            60678597            3.468338            
1.622887            1.469418            25354665            3.468338            
2.615891            2.370590            145626              3.468338            
2.628532            2.380325            25086               3.468338            
2.584297            2.341476            74472               3.468571            
2.633503            2.386196            125301              3.468571            
2.624729            2.379261            77676               3.468571            
2.626045            2.379177            34398               3.468571            
2.621181            2.374302            39525               3.468571            
2.614887            2.371082            167568              3.468571            
2.622936            2.377285            57546               3.468571            
2.628986            2.382038            0                   3.468571            
2.628441            2.381741            0                   3.468571            
2.627850            2.381443            0                   3.468571            
2.626312            2.380344            0                   3.468571            
2.631264            2.383217            150                 3.468571            
2.622070            2.376919            0                   3.468571            
2.631645            2.385372            0                   3.468571            
2.624371            2.377075            0                   3.468571            
2.631950            2.385292            57                  3.468571            
2.617958            2.372334            0                   3.468571            
2.632149            2.385494            0                   3.468571            
2.626289            2.379906            0                   3.468571            
2.637348            2.389217            57447               3.468571            
2.642902            2.394192            78558               3.468571            
2.625057            2.378853            152352              3.468571            
2.624302            2.378586            48039               3.468571            
2.629616            2.381348            112077              3.468571            
2.625225            2.378632            53841               3.468571            
2.628395            2.382725            744                 3.468571            
2.635704            2.389530            123                 3.468571            
2.625145            2.379642            57                  3.468571            
2.626858            2.381279            0                   3.468571            
2.628437            2.382141            0                   3.468571            
2.628319            2.382320            0                   3.468571            
2.632042            2.385452            0                   3.468571            
2.633633            2.386002            114                 3.468571            
2.622398            2.377457            6                   3.468571            
2.623055            2.377316            69                  3.468571            
2.624992            2.379463            78                  3.468571            
2.632870            2.385506            57                  3.468571            
2.625221            2.379734            423                 3.468571            
2.623245            2.378723            0                   3.468571            
2.621483            2.376369            0                   3.468571            
2.624523            2.379684            0                   3.468571            
2.629215            2.383869            0                   3.468571            
2.632210            2.386238            0                   3.468571            
2.620903            2.375057            54                  3.468571            
2.624004            2.378799            0                   3.468571            
2.626419            2.381371            255                 3.468571            
2.623047            2.376884            44418               3.468571            
2.624413            2.377289            78672               3.468571            
2.623135            2.379089            146304              3.468571            
2.624710            2.379078            128619              3.468571            
2.626152            2.379364            71061               3.468571            
2.619961            2.373627            174                 3.468571            
2.629330            2.380764            0                   3.468571            
2.623749            2.377914            0                   3.468571            
2.619999            2.377483            0                   3.468571            
2.627583            2.381149            0                   3.468571            
2.627274            2.380257            0                   3.468571            
2.616955            2.372620            0                   3.468571            
2.632263            2.383842            0                   3.468571            
2.624512            2.377285            0                   3.468571            
2.625813            2.379932            0                   3.468571            
2.623631            2.376141            0                   3.468571            
2.623478            2.376896            0                   3.468571            
2.629013            2.381927            0                   3.468571            
2.627998            2.381290            0                   3.468571            
2.622608            2.375679            0                   3.468571            
2.626816            2.379822            69                  3.468571            
2.630352            2.383060            54                  3.468571            
2.620056            2.374142            0                   3.468571            
2.622501            2.377842            0                   3.468571            
2.628082            2.381241            0                   3.468571            
2.635887            2.387623            21                  3.468571            
2.628948            2.382858            1749                3.468571            
2.631454            2.385681            330                 3.468571            
2.621845            2.376614            351                 3.468571            
2.627201            2.380894            63                  3.468571            
2.625114            2.380623            0                   3.468571            
2.625404            2.380703            0                   3.468571            
2.628757            2.382118            10800               3.468571            
2.626076            2.380775            6630                3.468571            
2.622124            2.375992            15831               3.468571            
2.631096            2.382286            18363               3.468571            
2.625637            2.379395            20013               3.468571            
2.622566            2.376381            4368                3.468571            
2.622833            2.377895            15                  3.468571            
2.622597            2.377071            3063       