Buffer_Pool+Pread	file_size = 32GB	io_size = 4096Bits	#worker = 100	#pool_num = 16	#pool_size = 16385	#io_server_num = 4
IO_Throughput       SSD_Throughput      TLB_shootdown       Memory_usage        Eviction_count      
1.870331            1.826344            1461378             1.573002            
2.009357            1.946308            139865159544531     1.574413            
1.993088            1.931042            75081               1.574562            
1.990837            1.928520            597147              1.574982            
1.953964            1.892796            1980555             1.575134            
1.983215            1.921112            605334              1.575134            
1.941998            1.882450            31128               1.575264            
1.898388            1.839752            630                 1.575264            
1.851463            1.793152            54                  1.575264            
1.789356            1.733707            0                   1.575264            
1.782734            1.727142            681                 1.575264            
1.875172            1.816296            142275              1.575264            
1.878548            1.820004            113880              1.575264            
1.867256            1.808926            166539              1.575264            
1.833961            1.776951            484218              1.575264            
1.769947            1.714417            513294              1.575264            
1.725388            1.672661            4080                1.575264            
1.756050            1.701576            0                   1.575264            
1.698528            1.645195            0                   1.575264            
1.724983            1.670464            0                   1.575264            
1.650764            1.599213            105                 1.575264            
1.691216            1.638180            0                   1.575264            
1.752754            1.697895            0                   1.575264            
1.709236            1.655602            50385               1.575264            
1.758572            1.704819            45090               1.575264            
1.765610            1.711823            57                  1.575264            
1.765976            1.710548            66                  1.575264            
1.764099            1.709545            60                  1.575264            
1.760769            1.706226            0                   1.575264            
1.760658            1.705284            0                   1.575264            
1.764790            1.709480            147                 1.575264            
1.760441            1.705608            60516               1.575264            
1.749538            1.694855            33957               1.575264            
1.750847            1.695808            76815               1.575264            
1.803715            1.747684            83493               1.575264            
1.773716            1.717449            5322                1.575264            
1.861385            1.803333            8460                1.575264            
1.868702            1.810215            8436                1.575264            
1.849335            1.791634            38223               1.575264            
1.823860            1.766018            966                 1.575264            
1.879929            1.820774            56760               1.575264            
1.820431            1.763042            37272               1.575264            
1.822300            1.765553            0                   1.575264            
1.829414            1.772808            252633              1.575264            
1.877811            1.819073            7251                1.575264            
1.882561            1.823627            1305                1.575264            
1.883675            1.825172            1557                1.575264            
1.841076            1.782867            29955               1.575264            
1.887474            1.828835            51                  1.575264            
1.828411            1.771473            27555               1.575264            
1.822857            1.766335            45                  1.575264            
1.817020            1.759724            0                   1.575264            
1.819653            1.763149            0                   1.575264            
1.815765            1.758888            100923              1.575264            
1.833481            1.776852            702                 1.575264            
1.889717            1.831234            0                   1.575264            
1.891987            1.833187            0                   1.575264            
1.889294            1.830452            0                   1.575264            
1.892986            1.834278            0                   1.575264            
1.890953            1.831852            1050                1.575264            
1.888561            1.829998            0                   1.575264            
1.893066            1.834927            0                   1.575264            
1.892910            1.833851            0                   1.575264            
1.890724            1.831409            0                   1.575264            
1.893642            1.834671            183                 1.575264            
1.896519            1.837025            1884                1.575264            
1.894840            1.835690            0                   1.575264            
1.893585            1.835281            0                   1.575264            
1.886227            1.827663            0                   1.575264            
1.892483            1.833736            114                 1.575264            
1.892838            1.833996            0                   1.575264            
1.895321            1.835815            57                  1.575264            
1.892666            1.833477            0                   1.575264            
1.893967            1.834934            0                   1.575264            
1.889854            1.831139            60                  1.575264            
1.891575            1.832386            0                   1.575264            
1.891846            1.833881            66                  1.575264            
1.895172            1.835072            0                   1.575264            
1.894203            1.835632            0                   1.575264            
1.893829            1.834835            150                 1.575264            
1.890625            1.831890            0                   1.575264            
1.892151            1.832336            0                   1.575264            
1.890587            1.831520            0                   1.575264            
1.893349            1.834976            54                  1.575264            
1.881432            1.823128            77145               1.575264            
1.868019            1.809402            18609               1.575264            
1.873856            1.814133            3744                1.575264            
1.874187            1.814991            0                   1.575264            
1.871086            1.813122            86922               1.575264            
1.868740            1.809982            101082              1.575264            
1.823544            1.767796            9393                1.575264            
1.865562            1.807423            14439               1.575264            
1.858326            1.799896            1569                1.575264            
1.870899            1.811745            23103               1.575264            
1.770885            1.715988            0                   1.575264            
1.749008            1.694427            0                   1.575264            
1.763798            1.708115            67035               1.575264            
1.812527            1.755707            19602               1.575264            
1.815933            1.759987            39                  1.575264            
1.815128            1.758110            42                  1.575264            
1.816387            1.759514            52365               1.575264            
1.815914            1.759289            37686               1.575264            
1.815544            1.758598            3756                1.575264            
1.814590            1.757767            92460               1.575264            
1.793381            1.737663            92637               1.575264            
1.814323            1.757507            0                   1.575264            
1.815010            1.757961            0                   1.575264            
1.817417            1.760258            651                 1.575264            
1.812710            1.756443            60                  1.575264            
1.815487            1.759136            12                  1.575264            
1.817169            1.760101            0                   1.575264            
1.790680            1.734779            4971                1.575264            
1.791531            1.735645            4713                1.575264            
1.795765            1.740440            11142               1.575264            
1.816437            1.759739            19929               1.575264            
1.820137            1.762711            36                  1.575264            
1.817577            1.760700            0                   1.575264            
1.815670            1.759167            0                   1.575264            
1.814564            1.758003            66                  1.575264            
1.813519            1.757233            0                   1.575264            
1.814266            1.757313            0                   1.575264            
1.817501            1.760700            0                   1.575264            
1.817039            1.760010            0                   1.575264            
1.816303            1.759323            48042               1.575264            
1.815792            1.758472            12165               1.575264            
1.817474            1.759960            0                   1.575264            
1.816570            1.759624            0                   1.575264            
1.819767            1.762993            198                 1.575264            
1.814907            1.758621            54                  1.575264            
1.817493            1.760483            0                   1.575264            
1.818386            1.760319            0                   1.575264            
1.817318            1.759579            33330               1.575264            
1.823994            1.766651            11889               1.575264            
1.817291            1.760845            138                 1.575264            
1.818485            1.761932            17163               1.575264            
1.819946            1.762398            41865               1.575264            
1.817730            1.761040            42270               1.575264            
1.811100            1.754807            1989                1.575264            
1.775311            1.719624            3441                1.575264            
1.818508            1.761089            0                   1.575264            
1.819920            1.762878            0                   1.575264            
1.817356            1.759926            0                   1.575264            
1.792603            1.737186            3906                1.575264            
1.791588            1.736111            9684                1.575264            
1.816818            1.760170            0                   1.575264            
1.808689            1.751423            15639               1.575264            
1.819912            1.762939            315                 1.575264            
1.814980            1.758293            57                  1.575264            
1.820496            1.763035            59871               1.575264            
1.821144            1.763496            78                  1.575264            
1.818756            1.761963            804                 1.575264            
1.818031            1.761734            0                   1.575264            
1.815155            1.759682            75                  1.575264            
1.816360            1.759899            69                  1.575264            
1.816277            1.758942            69                  1.575264            
1.813152            1.757156            0                   1.575264            
1.812359            1.756367            0                   1.575264            
1.813656            1.756813            41421               1.575264            
1.814304            1.758286            0                   1.575264            
1.817966            1.760590            0                   1.575264            
1.814938            1.758221            0                   1.575264            
1.817024            1.760712            0                   1.575264            
1.818810            1.761978            51                  1.575264            
1.815807            1.760254            0                   1.575264            
1.814846            1.758495            0                   1.575264            
1.816730            1.760349            0                   1.575264            
1.813217            1.756790            0                   1.575264            
1.816826            1.759312            54                  1.575264            
1.812973            1.756699            0                   1.575264            
1.815285            1.759018            0                   1.575264            
1.814739            1.758430            0                   1.575264            
1.818695            1.761398            0                   1.575264            
1.816551            1.758717            135                 1.575264            
1.813049            1.756973            0                   1.575264            
1.817562            1.760506            0                   1.575264            
1.817051            1.760380            0                   1.575264            
1.819225            1.761707            57                  1.575264            
1.813213            1.757168            0                   1.575264            
1.813915            1.757385            0                   1.575264            
1.816738            1.760105            0                   1.575264            
1.818741            1.761436            0                   1.575264            
1.813557            1.757671            60                  1.575264            
1.815243            1.758888            0                   1.575264            
1.814190            1.757401            0                   1.575264            
1.813782            1.756664            0                   1.575264            
1.814781            1.757515            18024               1.575264            
1.819412            1.762562            195                 1.575264            
1.816246            1.759315            0                   1.575264            
1.815613            1.758873            0                   1.575264            
1.814598            1.758453            0                   1.575264            
1.815918            1.758900            37164               1.575264            
1.815319            1.758949            57                  1.575264            
1.817104            1.760517            0                   1.575264            
1.815723            1.759052            144                 1.575264            
1.812950            1.756046            40611               1.575264            
1.815899            1.758781            0                   1.575264            
1.808853            1.751808            2250                1.575264            
1.801575            1.744694            2193                1.575264            
1.817654            1.761734            0                   1.575264            
1.818455            1.761566            0                   1.575264            
1.813141            1.756023            618                 1.575264            
1.817108            1.760193            702                 1.575264            
1.814552            1.757427            0                   1.575264            
1.788612            1.733433            2823                1.575264            
1.816475            1.759747            48                  1.575264            
1.795727            1.739632            3141                1.575264            
1.795525            1.740196            11319               1.575264            
1.793808            1.738239            14022               1.575264            
1.737492            1.683495            945                 1.575264            
1.710384            1.657326            63                  1.575264            
1.731503            1.677868            249                 1.575264            
1.732143            1.677723            45                  1.575264            
1.805584            1.748901            48003               1.575264            
1.810951            1.755302            105                 1.575264            
1.811882            1.754456            156                 1.575264            
1.813000            1.756771            57                  1.575264            
1.813271            1.757019            37572               1.575264            
1.812119            1.755894            18                  1.575264            
1.813686            1.756432            13413               1.575264            
1.813225            1.756809            42102               1.575264            
1.814964            1.758373            0                   1.575264            
1.812996            1.756031            0                   1.575264            
1.813534            1.756821            213                 1.575264            
1.812023            1.755867            0                   1.575264            
1.814480            1.758095            0                   1.575264            
1.816265            1.759869            54                  1.575264            
1.812855            1.756313            0                   1.575264            
1.812054            1.755890            177                 1.575264            
1.798813            1.742138            1371                1.575264            
1.803776            1.748066            360                 1.575264            
1.810806            1.754112            192                 1.575264            
1.815948            1.759037            0                   1.575264            
1.814388            1.757057            69                  1.575264            
1.797531            1.740559            1884                1.575264            
1.786346            1.731480            3753                1.575264            
1.795944            1.739216            5847                1.575264            
1.764416            1.708893            11721               1.575264            
1.799686            1.743843            0                   1.575264            
1.813522            1.757317            63                  1.575264            
1.813732            1.757618            447                 1.575264            
1.812641            1.756378            111                 1.575264            
1.816311            1.759529            0                   1.575264            
1.812687            1.756016            0                   1.575264            
1.813877            1.756882            150                 1.575264            
1.815174            1.758678            0                   1.575264            
1.813713            1.757671            54                  1.575264            
1.777596            1.721413            44214               1.575264            
1.764400            1.708717            3                   1.575264            
1.815681            1.759007            30678               1.575264            
1.813202            1.756321            17523               1.575264            
1.814545            1.757774            18465               1.575264            
1.812290            1.756271            0                   1.575264            
1.817719            1.759914            15843               1.575264            
1.816467            1.759716            0                   1.575264            
1.813808            1.758041            315                 1.575264            
1.819248            1.762329            366                 1.575264            
1.797100            1.740150            3129                1.575264            
1.802246            1.745827            630                 1.575264            
1.813526            1.756577            2730                1.575264            
1.798328            1.741783            1626                1.575264            
1.790195            1.734215            3861                1.575264            
1.790726            1.733803            6957                1.575264            
1.812702            1.755596            0                   1.575264            
1.810669            1.754265            0                   1.575264            
1.813450            1.755875            0                   1.575264            
1.812958            1.756351            933                 1.575264            
1.813690            1.757336            174                 1.575264            
1.813793            1.757889            0                   1.575264            
1.815025            1.758327            207                 1.575264            
1.812305            1.755573            0                   1.575264            
1.812794            1.756535            10653               1.575264            
1.816971            1.759964            1041                1.575264            
1.814682            1.759117            39408               1.575264            
1.818821            1.761429            4383                1.575264            
1.817265            1.760509            774                 1.575264            
1.818581            1.761936            0                   1.575264            
1.816006            1.759060            0                   1.575264            
1.818455            1.761471            30114               1.575264            
1.816578            1.759800            32700               1.575264            
1.812508            1.755787            15315               1.575264            
1.797272            1.741547            2799                1.575264            
1.807419            1.751232            0                   1.575264            
1.813240            1.756729            1914                1.575264            
1.790642            1.735188            1608                1.575264            
1.815899            1.758659            0                   1.575264            
1.787201            1.731339            4545                1.575264            
1.811821            1.755222            1413                1.575264            
1.796535            1.740776            6225                1.575264            
1.789391            1.733696            11388               1.575264            
1.759369            1.704063            2076                1.575264            
1.755981            1.701450            105168              1.575264            
1.764103            1.708534            38523               1.575264            
1.763691            1.708771            630                 1.575264            
1.813889            1.757210            32007               1.575264            
1.820351            1.763336            16212               1.575264            
1.819298            1.762436            1044                1.575264            
1.815342            1.757984            15279               1.575264            
1.812183            1.755760            13986               1.575264            
1.795807            1.739571            2874                1.575264            
1.811661            1.755116            129                 1.575264            
1.807999            1.751839            2052                1.575264            
1.797157            1.740620            1311                1.575264            
1.790569            1.734554            4080                1.575264            
1.789337            1.733219            5517                1.575264            
1.815392            1.758450            10557               1.575264            
1.815655            1.758091            312                 1.575264            
1.814552            1.757915            0                   1.575264            
1.812485            1.755451            0                   1.575264            
1.815228            1.759758            360                 1.575264            
1.815681            1.758545            66                  1.575264            
1.815952            1.759129            0                   1.575264            
1.815132            1.758163            114                 1.575264            
1.812523            1.756218            294                 1.575264            
1.811813            1.756073            51                  1.575264            
1.816036            1.759277            93                  1.575264            
1.814449            1.757645            78                  1.575264            
1.815815            1.759117            0                   1.575264            
1.816387            1.759327            525                 1.575264            
1.805214            1.749821            45873               1.575264            
1.820660            1.764278            204                 1.575264            
1.887859            1.829277            0                   1.575264            
1.889824            1.830093            36                  1.575264            
1.890209            1.831238            0                   1.575264            
1.886856            1.828026            48                  1.575264            
1.886623            1.827564            255                 1.575264            
1.885368            1.827015            642                 1.575264            
1.885529            1.827324            48                  1.575264            
1.885670            1.827515            0                   1.575264            
1.884968            1.826481            60                  1.575264            
1.886486            1.827759            36                  1.575264            
1.887043            1.828487            261                 1.575264            
1.885212            1.826004            81                  1.575264            
1.883869            1.824654            0                   1.575264            
1.885059            1.826012            198                 1.575264            
1.887650            1.828465            0                   1.575264            
1.886513            1.827366            0                   1.575264            
1.888496            1.830006            32271               1.575264            
1.886642            1.828167            0                   1.575264            
1.888786            1.829296            54                  1.575264            
1.888470            1.829403            0                   1.575264            
1.888519            1.829647            0                   1.575264            
1.888855            1.829021            0                   1.575264            
1.887901            1.828331            0                   1.575264            
1.889442            1.829929            378                 1.575264            
1.888500            1.829617            240                 1.575264            
1.889244            1.829765            57                  1.575264            
1.885422            1.826374            57                  1.575264            
1.889587            1.830051            69                  1.575264            
1.887329            1.829075            240                 1.575264            
1.887436            1.828827            51                  1.575264            
1.890400            1.831333            51                  1.575264            
1.884201            1.824974            72                  1.575264            
1.888981            1.830109            51                  1.575264            
1.888020            1.829071            207                 1.575264            
1.888409            1.829147            0                   1.575264            
1.889629            1.830418            0                   1.575264            
1.889034            1.829601            0                   1.575264            
1.889339            1.831509            0                   1.575264            
1.888695            1.829861            36                  1.575264            
1.891956            1.832741            1776                1.575264            
1.887993            1.829315            0                   1.575264            
1.889339            1.829899            108                 1.575264            
1.889805            1.830685            108                 1.575264            
1.888309            1.829369            252                 1.575264            
1.887455            1.828640            48                  1.575264            
1.888855            1.829979            54                  1.575264            
1.885712            1.827686            48                  1.575264            
1.889008            1.829819            0                   1.575264            
1.885582            1.826897            102                 1.575264            
1.861637            1.803902            16941               1.575264            
1.820385            1.762360            0                   1.575264            
1.818336            1.761261            48                  1.575264            
1.813179            1.755936            108                 1.575264            
1.814171            1.757034            81                  1.575264            
1.813236            1.756371            51                  1.575264            
1.814796            1.757900            54                  1.575264            
1.814526            1.758289            0                   1.575264            
1.814777            1.757416            270                 1.575264            
1.814121            1.757206            0                   1.575264            
1.813568            1.756702            0                   1.575264            
1.815338            1.758812            0                   1.575264            
1.815216            1.758224            0                   1.575264            
1.814224            1.756115            60                  1.575264            
1.814758            1.758438            0                   1.575264            
1.813648            1.757084            0                   1.575264            
1.816105            1.759369            0                   1.575264            
1.814171            1.758171            0                   1.575264            
1.814991            1.758575            60                  1.575264            
1.815037            1.757774            16821               1.575264            
1.813049            1.756195            17127               1.575264            
1.795124            1.738556            6282                1.575264            
1.813553            1.757370            0                   1.575264            
1.807838            1.750965            4179                1.575264            
1.800354            1.744041            3420                1.575264            
1.797375            1.740562            2175                1.575264            
1.818977            1.761852            0                   1.575264            
1.816769            1.760197            2082                1.575264            
1.816456            1.760181            174                 1.575264            
1.800575            1.744518            5904                1.575264            
1.818192            1.761551            0                   1.575264            
1.817814            1.761173            15270               1.575264            
1.823433            1.766361            1158                1.575264            
1.821476            1.765247            0                   1.575264            
1.820431            1.763111            897                 1.575264            
1.822296            1.765152            0                   1.575264            
1.820522            1.763611            0                   1.575264            
1.819023            1.762096            0                   1.575264            
1.818604            1.762196            60                  1.575264            
1.821857            1.764301            0                   1.575264            
1.818024            1.761005            0                   1.575264            
1.818504            1.761292            60                  1.575264            
1.819214            1.762192            0                   1.575264            
1.823330            1.765327            0                   1.575264            
1.820724            1.763393            372                 1.575264            
1.816326            1.759716            48                  1.575264            
1.818054            1.761192            144                 1.575264            
1.817230            1.760300            54                  1.575264            
1.815140            1.758865            84                  1.575264            
1.818035            1.760902            153                 1.575264            
1.816681            1.760429            147                 1.575264            
1.819252            1.763042            57                  1.575264            
1.816334            1.759514            240                 1.575264            
1.820862            1.764622            159                 1.575264            
1.819611            1.762066            99                  1.575264            
1.821766            1.764439            0                   1.575264            
1.824829            1.767399            465                 1.575264            
1.816895            1.760609            192                 1.575264            
1.818600            1.761284            144                 1.575264            
1.815937            1.759087            0                   1.575264            
1.813305            1.756603            0                   1.575264            
1.821865            1.764023            0                   1.575264            
1.817703            1.761002            57                  1.575264            
1.822269            1.764408            0                   1.575264            
1.817135            1.760670            0                   1.575264            
1.816647            1.760231            0                   1.575264            
1.820217            1.763405            285                 1.575264            
1.819096            1.762337            276                 1.575264            
1.817539            1.760185            186                 1.575264            
1.818691            1.762333            192                 1.575264            
1.821190            1.764065            192                 1.575264            
1.819130            1.761440            78                  1.575264            
1.819366            1.762760            189                 1.575264            
1.819717            1.763470            510                 1.575264            
1.822086            1.764641            2229                1.575264            
1.815273            1.758858            84696               1.575264            
1.817871            1.760708            3759                1.575264            
1.818592            1.762379            447                 1.575264            
1.819168            1.762192            1131                1.575264            
1.817280            1.760952            264                 1.575264            
1.822826            1.765545            849                 1.575264            
1.792553            1.735455            36231               1.575264            
1.764988            1.709629            165                 1.575264            
1.766205            1.710804            7722                1.575264            
1.765331            1.710480            7950                1.575264            
1.768730            1.713245            69                  1.575264            
1.768692            1.713093            81                  1.575264            
1.765694            1.711205            0                   1.575264            
1.817265            1.760075            1056                1.575264            
1.818596            1.761456            66                  1.575264            
1.821659            1.764297            1608                1.575264            
1.820564            1.764256            882                 1.575264            
1.824905            1.768993            519                 1.575264            
1.819679            1.761955            102                 1.575264            
1.822372            1.765099            498                 1.575264            
1.822784            1.766548            12                  1.575264            
1.819809            1.763329            18                  1.575264            
1.821712            1.765450            729                 1.575264            
1.819378            1.763039            69                  1.575264            
1.824287            1.766663            24                  1.575264            
1.811974            1.755802            6                   1.575264            
1.822956            1.765488            3102                1.575264            
1.817253            1.759628            1689                1.575264            
1.818813            1.762638            303                 1.575264            
1.817463            1.760960            75                  1.575264            
1.816238            1.760231            39759               1.575264            
1.819046            1.762917            585                 1.575264            
1.816513            1.760250            72                  1.575264            
1.815620            1.758411            0                   1.575264            
1.818745            1.761684            93                  1.575264            
1.814972            1.757896            213                 1.575264            
1.812965            1.756092            0                   1.575264            
1.822899            1.765396            198                 1.575264            
1.823235            1.766277            59415               1.575264            
1.819736            1.762611            759                 1.575264            
1.819324            1.762714            237                 1.575264            
1.822338            1.764412            333                 1.575264            
1.815033            1.758121            504                 1.575264            
1.815147            1.758659            255                 1.575264            
1.824512            1.766766            387                 1.575264            
1.819138            1.762703            30                  1.575264            
1.817200            1.760052            63                  1.575264            
1.818081            1.761017            12                  1.575264            
1.815643            1.759613            84                  1.575264            
1.816887            1.760105            216                 1.575264            
1.815178            1.759510            258                 1.575264            
1.817924            1.760986            126                 1.575264            
1.817497            1.761971            78                  1.575264            
1.817677            1.761417            12                  1.575264            
1.818882            1.761738            333                 1.575264            
1.813705            1.757797            0                   1.575264            
1.816898            1.760391            219                 1.575264            
1.815403            1.758923            58797               1.575264            
1.819492            1.762909            171                 1.575264        