Buffer_Pool+Pread	file_size = 32GB	io_size = 4096Bits	#worker = 200	#pool_num = 16	#pool_size = 16385	#io_server_num = 4
IO_Throughput       SSD_Throughput      TLB_shootdown       Memory_usage        Eviction_count      
0.377708            0.378586            46608               0.555996            
0.240021            0.239979            140081280970336     0.556377            
0.259682            0.259682            56238               0.556377            
0.383778            0.383869            67761               0.556377            
0.541084            0.540981            48513               0.556377            
0.204662            0.204735            48960               0.556377            
0.331081            0.330975            9042                0.556377            
0.681568            0.681400            29346               0.556377            
0.922817            0.899307            36450               0.556377            
0.594593            0.618088            48                  0.556377            
0.809807            0.810219            79128               0.556377            
0.398983            0.398884            47544               0.556377            
0.456264            0.456192            1155                0.556377            
0.658821            0.659130            34071               0.556377            
0.841576            0.841221            117                 0.556377            
0.664940            0.664978            36477               0.556377            
0.448387            0.448177            16920               0.556515            
0.541313            0.541512            36066               0.556515            
0.736790            0.737057            75258               0.556515            
0.732372            0.731674            17274               0.556515            
0.980568            0.980644            24567               0.556515            
0.660580            0.661095            1581                0.556515            
1.152988            1.152802            34137               0.556515            
0.854229            0.854275            165                 0.556515            
1.132786            1.132385            60                  0.556515            
1.005070            1.004993            37896               0.556515            
0.760891            0.761414            192                 0.556515            
0.826935            0.826439            8652                0.556515            
1.434013            1.434052            0                   0.556515            
1.120144            1.120129            15054               0.556515            
0.633541            0.633972            143496              0.556515            
1.049286            1.049023            17760               0.556515            
1.408630            1.408566            22071               0.556515            
1.038422            1.038876            48                  0.556515            
1.463230            1.462719            0                   0.556515            
1.223705            1.224102            47142               0.556515            
0.602535            0.602612            0                   0.556515            
0.632542            0.632652            246                 0.556515            
0.572811            0.572262            40797               0.556515            
0.665024            0.665398            36                  0.556515            
0.272831            0.272724            48                  0.556515            
0.393074            0.392941            8469                0.556515            
0.643658            0.644035            8784                0.556515            
0.714890            0.714645            38397               0.556515            
0.461102            0.461121            297                 0.556515            
0.421906            0.422245            0                   0.556515            
0.609684            0.609394            0                   0.556515            
0.979553            0.979088            0                   0.556515            
0.847088            0.847668            65784               0.556515            
0.294163            0.293873            0                   0.556515            
0.283073            0.283260            17280               0.556515            
0.703365            0.703476            26874               0.556515            
0.634674            0.634777            0                   0.556515            
0.471035            0.470440            0                   0.556515            
0.445919            0.445843            31680               0.556515            
0.281677            0.282436            0                   0.556515            
0.554455            0.554131            0                   0.556515            
0.471066            0.471340            31680               0.556515            
0.580139            0.579685            0                   0.556515            
0.825340            0.825111            0                   0.556515            
0.839523            0.840000            0                   0.556515            
0.495049            0.494976            0                   0.556515            
0.344830            0.344841            0                   0.556515            
0.298096            0.298050            0                   0.556515            
0.260651            0.260899            8259                0.556561            
0.291454            0.291248            0                   0.556561            
0.398102            0.398144            8160                0.556599            
0.487957            0.487846            0                   0.556599            
0.927841            0.927982            0                   0.556599            
1.064968            1.064789            144                 0.556599            
0.869984            0.869740            0                   0.556599            
0.619408            0.619869            33111               0.556599            
0.443523            0.443047            480                 0.556599            
0.597378            0.597679            0                   0.556599            
0.477100            0.477142            48                  0.556599            
0.407310            0.406921            12                  0.556599            
0.348652            0.349091            0                   0.556599            
1.137619            1.137230            0                   0.556599            
1.289841            1.289822            0                   0.556599            
1.181786            1.181820            54                  0.556599            
0.192993            0.193325            0                   0.556599            
0.191475            0.191471            59988               0.556599            
0.182579            0.182545            0                   0.556599            
0.180561            0.180370            165                 0.556599            
0.177170            0.177299            0                   0.556599            
0.180191            0.180275            0                   0.556599            
0.179836            0.179813            15357               0.556599            
0.176315            0.176342            0                   0.556599            
0.174065            0.174042            12                  0.556599            
0.169548            0.169651            20160               0.556599            
0.174759            0.174675            0                   0.556599            
1.322247            1.322025            0                   0.556599            
1.055752            1.056114            24                  0.556599            
0.664177            0.663975            0                   0.556599            
0.430729            0.430847            48                  0.556599            
0.399128            0.399231            0                   0.556599            
0.334091            0.334164            0                   0.556599            
0.781712            0.781521            31662               0.556599            
0.890301            0.889893            0                   0.556599            
0.786659            0.786606            0                   0.556599            
1.766220            1.766235            0                   0.556599            
0.836674            0.836697            32637               0.556599            
0.512165            0.512829            0                   0.556599            
0.562607            0.561867            48                  0.556599            
0.714989            0.715065            0                   0.556599            
0.783581            0.784122            0                   0.556599            
0.382774            0.382442            0                   0.556599            
0.557045            0.557453            18                  0.556599            
0.427208            0.426659            48                  0.556599            
0.444965            0.445423            51                  0.556599            
0.589695            0.589687            258                 0.556599            
0.579922            0.579784            0                   0.556599            
0.321369            0.321369            0                   0.556599            
0.304127            0.304344            0                   0.556599            
0.381485            0.380898            8160                0.556599            
0.948509            0.949039            0                   0.556599            
1.131870            1.131912            8145                0.556599            
0.443390            0.443275            0                   0.556599            
0.818581            0.818436            0                   0.556599            
0.999657            0.999763            0                   0.556599            
0.467262            0.467182            34080               0.556625            
0.360920            0.360832            510                 0.556625            
0.457466            0.457199            0                   0.556625            
0.542267            0.542271            48                  0.556625            
0.809063            0.808964            0                   0.556625            
1.287300            1.287746            0                   0.556625            
0.753834            0.754047            0                   0.556625            
0.645630            0.644833            660                 0.556625            
0.333061            0.333202            642                 0.556625            
0.889618            0.890255            108                 0.556625            
0.863503            0.862923            61911               0.556702            
0.769745            0.769783            0                   0.556702            
1.234650            1.234650            78                  0.556702            
1.319550            1.319870            675                 0.556702            
1.102215            1.102005            36                  0.556702            
1.200737            1.200714            0                   0.556702            
0.396667            0.396755            0                   0.556702            
0.280849            0.281113            90                  0.556702            
0.462826            0.462845            711                 0.556702            
0.497055            0.496952            0                   0.556702            
0.501854            0.501846            0                   0.556702            
0.671688            0.641338            156                 0.556702            
1.035973            1.066151            0                   0.556702            
1.045135            1.045227            0                   0.556702            
1.320477            1.320171            51                  0.556702            
0.757748            0.758183            0                   0.556702            
1.120888            1.120663            57                  0.556702            
1.239838            1.239689            0                   0.556702            
0.707588            0.707550            0                   0.556702          