Buffer_Pool+Pread	file_size = 32GB	io_size = 4096Bits	#worker = 150	#pool_size = 419431	#pool_size = 4
IO_Throughput       SSD_Throughput      TLB_shootdown       Memory_usage        Eviction_count      
2.187294            2.113220            816258              3.264030            
2.037762            1.843117            139709737743820     5.146538            
2.535004            2.136227            1424094             7.312912            
2.038109            1.598072            1138161             8.959454            
2.937931            2.132381            1468551             11.121941           
3.206421            2.112038            1487511             13.264801           
2.374702            1.434128            1431483             14.750591           
2.658161            1.480412            1776990             16.274906           
3.916965            1.996021            7928904             17.433132           
3.075176            1.537273            34882452            17.433132           
2.417038            1.209755            57519324            17.433132           
2.261520            1.127735            72793089            17.433132           
2.117233            1.058464            87685992            17.433132           
2.056843            1.026882            99454545            17.433132           
1.977409            0.989166            107261991           17.433132           
2.175945            1.089424            104052198           17.433132           
2.378994            1.187744            97842843            17.433132           
2.680725            1.340633            93333363            17.433132           
3.024811            1.510555            82045926            17.433132           
3.688713            1.844151            66135840            17.433132           
4.315228            2.159252            36355350            17.433132           
4.603725            2.303165            15599304            17.433132           
4.630951            2.311199            6351564             17.433132           
4.681927            2.337807            1257579             17.433132           
4.742256            2.370712            248955              17.433132           
4.737747            2.371815            260718              17.433365           
4.731602            2.363525            194703              17.433365           
4.733799            2.364323            130809              17.433365           
4.732399            2.366989            111417              17.433365           
4.731724            2.364094            111981              17.433365           
4.733097            2.368992            111507              17.433365           
4.745041            2.371414            102702              17.433365           
4.744198            2.372757            121482              17.433365           
4.734127            2.369350            114198              17.433365           
4.757759            2.377163            145134              17.433365           
4.740860            2.370274            145485              17.433365           
4.722553            2.367012            157488              17.433365           
4.741695            2.370319            139413              17.433365           
4.739281            2.371986            156153              17.433365           
4.728420            2.362602            144843              17.433365           
4.750080            2.374233            158385              17.433365           
4.744755            2.368748            138237              17.433365           
4.742657            2.374226            141045              17.433365           
4.745132            2.374222            144660              17.433365           
4.749580            2.374828            113631              17.433365           
4.748268            2.370605            75891               17.433365           
4.741604            2.372292            60897               17.433365           
4.720741            2.362885            30693               17.433365           
4.754204            2.376949            13296               17.433365           
4.745907            2.373657            2130                17.433365           
4.754898            2.374859            399                 17.433365           
4.758324            2.374985            0                   17.433365           
4.749165            2.375771            57                  17.433365           
4.742569            2.371517            6                   17.433365           
4.756584            2.374043            0                   17.433365           
4.756538            2.376907            300                 17.433365           
4.741451            2.372223            279                 17.433365           
4.737442            2.371914            19533               17.433365           
4.736595            2.367397            20673               17.433365           
4.746128            2.375809            22509               17.433365           
4.730553            2.367386            10176               17.433365           
4.752243            2.372208            39774               17.433365           
4.748741            2.377224            64716               17.433365           
4.737907            2.370205            92211               17.433365           
4.740589            2.371033            92415               17.433365           
4.735050            2.367336            87861               17.433365           
4.730820            2.368320            113100              17.433365           
4.734718            2.367992            120465              17.433365           
4.736588            2.369263            144801              17.433365           
4.731316            2.368698            127278              17.433365           
4.732388            2.364933            125193              17.433365           
4.742931            2.370453            120876              17.433365           
4.738289            2.369488            123372              17.433365           
4.739681            2.366776            140490              17.433365           
4.739742            2.373356            129828              17.433365           
4.737740            2.368576            108066              17.433365           
4.722118            2.361916            127614              17.433365           
4.734398            2.369381            108627              17.433365           
4.740074            2.369766            128709              17.433365           
4.722225            2.363392            135783              17.433365           
4.745399            2.372322            95067               17.433365           
4.739700            2.372269            55068               17.433365           
4.743340            2.369270            33906               17.433365           
4.750961            2.379585            17415               17.433365           
4.754189            2.373676            14655               17.433365           
4.750069            2.375134            2919                17.433365           
4.747601            2.373596            0                   17.433365           
4.739937            2.370121            57                  17.433365           
4.740673            2.368401            3                   17.433365           
4.754124            2.376488            0                   17.433365           
4.744808            2.373413            0                   17.433365           
4.744209            2.371830            0                   17.433365           
4.757858            2.381866            66                  17.433365           
4.758419            2.379822            6                   17.433365           
4.731102            2.368141            0                   17.433365           
4.752796            2.377251            0                   17.433365           
4.748203            2.372528            6                   17.433365           
4.760468            2.379032            69                  17.433365           
4.743416            2.370888            6         