Buffer_Pool+Pread	file_size = 32GB	io_size = 4096Bits	#worker = 300	#pool_size = 52429	#pool_size = 4
IO_Throughput       SSD_Throughput      TLB_shootdown       Memory_usage        Eviction_count      
2.510796            2.411816            1016820             5.749790            
1.998566            1.790577            140458108491779     7.576668            
2.114643            1.775745            1401309             9.378288            
2.236500            1.754852            1538799             11.180378           
2.435841            1.776901            1540914             12.980068           
2.581192            1.740215            1449777             14.744991           
2.626076            1.634323            1353975             16.449650           
3.089359            1.752476            1733031             18.228935           
3.735985            1.919514            2276124             19.607365           
5.004337            2.500107            8626992             19.608650           
4.992012            2.491070            17800644            19.608654           
5.004070            2.502193            22560027            19.608658           
4.999382            2.505314            17328840            19.608658           
4.991447            2.491531            13489218            19.608658           
5.007481            2.501816            14913972            19.608658           
4.988884            2.496429            22992846            19.608658           
4.970142            2.486618            31536771            19.608658           
5.003220            2.499699            33938427            19.608658           
5.001572            2.499432            24062460            19.608658           
5.009460            2.503403            20049528            19.608658           
5.000092            2.498116            14662626            19.608658           
4.985466            2.493340            8855229             19.608658           
4.960041            2.477993            4956087             19.608658           
4.984985            2.493530            3413991             19.608658           
4.985218            2.489101            3150843             19.608658           
4.998016            2.496479            2247582             19.608658           
4.992691            2.494102            1479495             19.608658           
4.982357            2.493618            1346754             19.608658           
4.956783            2.480064            253683              19.608658           
4.976788            2.489082            371745              19.608658           
4.986835            2.491039            183651              19.608658           
4.991283            2.493122            133149              19.608829           
4.974510            2.488934            65502               19.608829           
4.991264            2.496979            56880               19.608829           
4.970154            2.486626            91536               19.608829           
5.002003            2.498447            110625              19.608829           
4.990738            2.493656            109980              19.608829           
4.981960            2.489975            125604              19.608829           
4.983582            2.491127            143073              19.608829           
4.990776            2.492466            150333              19.608829           
4.965424            2.484127            145614              19.608829           
4.986759            2.492691            142578              19.608829           
4.992592            2.495621            630081              19.608829           
4.988533            2.494167            1190637             19.608829           
4.991482            2.495903            772887              19.608829           
4.986504            2.495277            476361              19.608829           
4.958187            2.482899            251574              19.608829           
4.974819            2.491161            103332              19.608829           
4.986519            2.492374            11313               19.608829           
4.982826            2.491554            0                   19.608829           
4.986004            2.491398            288                 19.608829           
5.000938            2.498528            0                   19.608829           
4.974197            2.487225            57                  19.608829           
4.992088            2.494633            186                 19.608829           
4.983208            2.492275            0                   19.608829           
4.974415            2.488125            0                   19.608829           
4.976170            2.488770            48                  19.608829           
4.985100            2.493423            57                  19.608829           
4.960808            2.481785            216                 19.608829           
4.992855            2.493221            0                   19.608829           
5.002655            2.496998            33                  19.608829           
4.974106            2.490963            3                   19.608829           
4.993675            2.496662            102                 19.608829           
4.973469            2.485222            0                   19.608829           
4.955490            2.481167            171                 19.608829           
4.980072            2.491058            0                   19.608829           
4.979946            2.489529            231                 19.608829           
4.980976            2.491810            90                  19.608829           
4.983746            2.488895            0                   19.608829           
4.999428            2.496380            0                   19.608829           
4.955147            2.480545            0                   19.608829           
4.975811            2.488750            0                   19.608829           
4.983013            2.490891            27378               19.608829           
4.983536            2.491379            76728               19.608829           
4.982021            2.493328            60864               19.608829           
4.984936            2.490726            52158               19.608829           
4.975243            2.482128            233325              19.608829           
4.990292            2.496376            493317              19.608829           
5.004974            2.504955            686925              19.608829           
5.002407            2.500565            866340              19.608829           
4.979839            2.487095            976677              19.608829           
4.993454            2.498192            1061289             19.608829           
5.001137            2.497662            1178187             19.608829           
4.999702            2.500484            1173555             19.608829           
5.018818            2.508289            1101687             19.608829           
4.986095            2.496964            1096443             19.608829           
5.002056            2.498821            1125819             19.608829           
4.992744            2.495975            1068795             19.608829           
4.965988            2.482983            995172              19.608829           
4.980614            2.492340            968463              19.608829           
4.987125            2.490700            974580              19.608829           
4.988674            2.494457            998625              19.608829           
4.977352            2.488998            626364              19.608829           
4.986336            2.493927            392454              19.608829           
4.958317            2.481873            185445              19.608829           
4.993931            2.495968            53625               19.608829           
4.980511            2.491737            0                   19.608829           
4.982761            2.494213            102                 19.608829           
4.980221            2.487591            54         