Buffer_Pool+Pread	file_size = 32GB	io_size = 4096Bits	#worker = 300	#pool_num = 16	#pool_size = 16385	#io_server_num = 8
IO_Throughput       SSD_Throughput      TLB_shootdown       Memory_usage        Eviction_count      
1.071655            1.071041            193452              0.557083            
1.205326            1.205204            140227526703549     0.557232            
1.288105            1.288139            55113               0.557232            
1.440475            1.440048            56298               0.557232            
1.451519            1.452026            41862               0.557232            
1.342022            1.341732            53691               0.557232            
1.376755            1.377102            58077               0.557232            
1.295830            1.295788            36471               0.557232            
1.314236            1.314526            75831               0.557232            
1.321735            1.321510            51822               0.557232            
1.354816            1.354618            534                 0.557232            
1.345554            1.345432            45114               0.557232            
1.323059            1.323147            480                 0.557232            
1.423508            1.391418            0                   0.557232            
1.472382            1.504627            132906              0.557232            
1.330750            1.330704            216                 0.557232            
1.341434            1.302914            74376               0.557232            
1.224007            1.262531            0                   0.557232            
1.270660            1.270721            42720               0.557232            
1.269707            1.269592            0                   0.557232            
1.310696            1.310795            42759               0.557232            
1.303246            1.303276            1440                0.557232            
1.331169            1.331177            44631               0.557232            
1.264645            1.264668            44634               0.557232            
1.338840            1.338802            1968                0.557232            
1.317471            1.317520            28299               0.557232            
1.283920            1.283859            0                   0.557232            
1.267025            1.266842            150171              0.557423            
1.266335            1.266487            93564               0.557423            
1.264000            1.263859            20679               0.557423            
1.240738            1.240891            36471               0.557423            
1.239613            1.239552            0                   0.557423            
1.293015            1.292961            0                   0.557423            
1.259148            1.259281            17277               0.557423            
1.288372            1.288208            33162               0.557423            
1.267658            1.267803            0                   0.557423            
1.282940            1.282757            34071               0.557423            
1.278465            1.278618            18714               0.557423            
1.203758            1.203796            170340              0.557423            
1.253365            1.253250            1968                0.557423            
1.283127            1.283253            66453               0.557423            
1.251148            1.251087            17754               0.557423            
1.269356            1.269566            18240               0.557423            
1.335564            1.310520            480                 0.557423            
1.308262            1.333355            72                  0.557423            
1.296116            1.296116            19197               0.557423            
1.305290            1.305195            15837               0.557423            
1.271091            1.271019            0                   0.557423            
1.236565            1.236233            17829               0.557423            
1.267967            1.268284            0                   0.557423            
1.229626            1.229332            0                   0.557423            
1.240196            1.240715            17586               0.557423            
1.324184            1.324036            28800               0.557423            
1.301331            1.301414            480                 0.557423            
1.280582            1.280682            19083               0.557423            
1.247829            1.247379            15471               0.557423            
1.252632            1.252792            0                   0.557423            
1.236351            1.236698            0                   0.557423            
1.262596            1.262043            146844              0.557423            
1.229664            1.210117            276                 0.557423            
1.286728            1.306396            0                   0.557423            
1.347851            1.347946            72453               0.557423            
1.272560            1.272564            1440                0.557423            
1.333965            1.333939            36519               0.557423            
1.365993            1.366199            0                   0.557423            
1.319645            1.319397            0                   0.557423            
1.309208            1.309052            40800               0.557423            
1.359631            1.360249            291                 0.557423            
1.283100            1.268188            72                  0.557423            
1.265507            1.279884            18285               0.557423            
1.275265            1.275295            20202               0.557423            
1.259544            1.259800            1440                0.557423            
1.271984            1.271793            29313               0.557423            
1.283947            1.284161            96                  0.557423            
1.295300            1.295029            48                  0.557423            
1.302742            1.302528            12                  0.557423            
1.237083            1.237782            20160               0.557423            
1.148167            1.147797            14487               0.557423            
1.229610            1.229542            122502              0.557423            
1.247925            1.247921            42                  0.557423            
1.266079            1.266239            62043               0.557423            
1.283398            1.283295            0                   0.557423            
1.278595            1.278393            48                  0.557423            
1.258343            1.258572            32148               0.557423            
1.199490            1.199535            15360               0.557423            
1.245514            1.245560            18                  0.557423            
1.302048            1.301964            30711               0.557423            
1.210632            1.210438            72                  0.557423            
1.318134            1.318157            12                  0.557423            
1.259499            1.259636            0                   0.557423            
1.248322            1.248653            0                   0.557423            
1.268494            1.267986            21                  0.557423            
1.249508            1.249683            15885               0.557423            
1.226376            1.226486            0                   0.557423            
1.297451            1.297260            0                   0.557423            
1.345161            1.345318            26874               0.557423            
1.295498            1.295364            0                   0.557423            
1.204514            1.204788            17916               0.557465            
1.227287            1.227085            0                   0.557465            
1.266891            1.266827            0                   0.557465            
1.319019            1.318829            14574               0.557487            
1.368332            1.368664            117135              0.557507            
1.357109            1.357174            0                   0.557507            
1.314739            1.314770            0                   0.557507            
1.240139            1.240021            0                   0.557507            
1.281631            1.281704            0                   0.557507            
1.339138            1.339046            48                  0.557507            
1.371201            1.370720            348                 0.557507            
1.303642            1.303799            78                  0.557507            
1.282902            1.283180            228                 0.557507            
1.275219            1.274754            0                   0.557507            
1.306145            1.306503            63                  0.557507            
1.255470            1.255390            0                   0.557507            
1.271381            1.271488            15                  0.557507            
1.264542            1.264618            60378               0.557507            
1.324669            1.324657            17721               0.557507            
1.297478            1.297428            16725               0.557507            
1.266003            1.266045            15738               0.557507            
1.241699            1.241547            16869               0.557507            
1.263714            1.264038            33501               0.557526            
1.271427            1.271221            48                  0.557526            
1.308506            1.308502            108                 0.557526            
1.279537            1.279751            48                  0.557526            
1.298695            1.298672            54                  0.557526            
1.302654            1.302486            30318               0.557526            
1.274044            1.274136            0                   0.557526            
1.251671            1.251442            0                   0.557526            
1.222065            1.222416            0                   0.557526            
1.279213            1.279003            0                   0.557526            
1.310448            1.310532            0                   0.557526            
1.280140            1.280064            75                  0.557526            
1.268177            1.268410            54                  0.557526            
1.288036            1.287964            0                   0.557526            
1.254204            1.253605            840                 0.557526            
1.271412            1.271576            120                 0.557526            
1.282558            1.282593            570                 0.557526            
1.253674            1.253883            360                 0.557526            
1.222561            1.222713            19992               0.557583            
1.259266            1.259022            282                 0.557610            
1.281788            1.282059            48                  0.557610            
1.274204            1.274158            51                  0.557610            
1.294163            1.294090            0                   0.557610            
1.303253            1.303185            12                  0.557610            
1.275719            1.275715            12879               0.557686            
1.248283            1.248596            0                   0.557686            
1.200344            1.199818            132486              0.557838            
1.225994            1.226208            321                 0.557838            
1.230968            1.231174            30                  0.557838            
1.275211            1.257030            0                   0.557838          