Buffer_Pool+Pread	file_size = 32GB	io_size = 4096Bits	#worker = 200	#pool_num = 16	#pool_size = 262145	#io_server_num = 8
IO_Throughput       SSD_Throughput      TLB_shootdown       Memory_usage        Eviction_count      
0.819481            0.808876            3448374             2.115379            
0.334927            0.325310            139939847832009     2.445396            
0.288074            0.276672            1308912             2.730682            
0.129639            0.123821            3046578             2.856861            
0.049450            0.046951            368430              2.904305            
0.042625            0.040604            204198              2.945354            
0.035419            0.033314            156900              2.978615            
0.040676            0.038567            178206              3.017868            
0.031780            0.030327            133122              3.048630            
0.040432            0.038143            161946              3.086945            
0.036629            0.034752            147975              3.122349            
0.037945            0.035564            157830              3.158440            
0.032425            0.030750            135276              3.189777            
0.034523            0.032047            142503              3.222366            
0.040546            0.038486            168612              3.261169            
0.033978            0.031914            137418              3.293568            
0.038807            0.035965            151599              3.330444            
0.041080            0.038918            169836              3.369450            
0.035919            0.033623            138666              3.403519            
0.036373            0.033813            146328              3.437725            
0.043453            0.040470            178737              3.478798            
0.043839            0.041058            174513              3.520321            
0.035419            0.033272            138876              3.553917            
0.035351            0.032555            142632              3.587494            
0.033085            0.030899            134247              3.618828            
0.037361            0.034618            153435              3.653759            
0.032234            0.029881            142380              3.684078            
0.038719            0.035690            154341              3.719963            
0.039303            0.036499            154977              3.756912            
0.039070            0.035770            153651              3.793377            
0.032902            0.030544            136818              3.824406            
0.039482            0.036186            171612              3.861271            
0.074711            0.068771            257619              3.939754            
0.046227            0.042484            226665              3.983425            
0.035904            0.032902            173520              4.016815            
0.038872            0.035172            195522              4.052776            
0.044224            0.040764            233847              4.094189            
0.042465            0.038734            215556              4.133991            
0.041889            0.038200            196668              4.172920            
0.039940            0.036221            193323              4.209476            
0.042480            0.038521            204708              4.248466            
0.034874            0.031715            167763              4.280827            
0.040985            0.037365            198027              4.318584            
0.033993            0.030403            162009              4.349564            
0.037865            0.034683            190593              4.384624            
0.039963            0.036366            197232              4.421310            
0.039131            0.035294            194763              4.456867            
0.041199            0.036930            197793              4.494183            
0.043892            0.039616            220827              4.534309            
0.044178            0.039001            200403              4.575146            
0.041851            0.038403            208917              4.613129            
0.034618            0.031013            170232              4.644516            
0.038780            0.034801            178335              4.680058            
0.033871            0.030388            161508              4.710526            
0.036064            0.032616            169002              4.743256            
0.037399            0.033398            175305              4.777714            
0.038273            0.033962            194310              4.812119            
0.040302            0.036201            191229              4.848202            
0.032032            0.028915            156657              4.878059            
0.036331            0.032364            172278              4.911003            
0.036747            0.032597            176100              4.944122            
0.042709            0.038158            209904              4.982903            
0.035400            0.031456            171300              5.014450            
0.040791            0.036125            190815              5.051144            
0.044655            0.039490            212646              5.090790            
0.042534            0.037670            195969              5.129364            
0.041439            0.036385            202299              5.166260            
0.044624            0.039150            206703              5.205650            
0.040066            0.035339            188412              5.241890            
0.037910            0.033527            175989              5.275879            
0.039299            0.034546            179328              5.311104            
0.040440            0.035446            187209              5.346741            
0.042351            0.036366            193794              5.384365            
0.036293            0.032322            182997              5.416183            
0.041023            0.035732            189978              5.452301            
0.037292            0.032490            175068              5.485497            
0.035072            0.030582            161673              5.516640            
0.037689            0.032833            168393              5.550163            
0.039593            0.034000            193767              5.584801            
0.039627            0.034760            189537              5.619263            
0.039474            0.034107            194745              5.654423            
0.041164            0.035805            176751              5.690224            
0.038090            0.032871            178119              5.724049            
0.038071            0.033241            169992              5.758198            
0.041878            0.036072            187263              5.794258            
0.040142            0.034687            198432              5.829472            
0.040604            0.035255            220581              5.865318            
0.037983            0.032791            197283              5.898628            
0.041348            0.034767            207891              5.934128            
0.039806            0.034470            241641              5.968822            
0.042770            0.036297            237132              6.005974            
0.037693            0.032097            201351              6.038124            
0.037811            0.032326            205752              6.071068            
0.040451            0.034245            220926              6.105984            
0.039074            0.033222            204426              6.139366            
0.040577            0.034210            220299              6.174290            
0.037586            0.031815            199836              6.206150            
0.034153            0.029015            182493              6.235844            
0.045090            0.038342   