Buffer_Pool+Pread	file_size = 32GB	io_size = 4096Bits	#worker = 450	#pool_size = 104858	#pool_size = 4
IO_Throughput       SSD_Throughput      TLB_shootdown       Memory_usage        Eviction_count      
2.511551            2.412945            1031694             4.486931            
2.211727            1.974670            140283337347812     6.503338            
2.031971            1.697414            1148361             8.227478            
2.050774            1.608089            1197408             9.880962            
2.299294            1.682171            1277217             11.587337           
2.477047            1.680965            1265154             13.293381           
2.682907            1.680935            1237842             14.995533           
2.505638            1.449371            1400049             16.517643           
3.065247            1.624260            1665723             18.164146           
4.828300            2.413776            4606263             18.371296           
4.983372            2.493912            10173561            18.371296           
4.979118            2.491772            21642801            18.371296           
4.992058            2.496758            35951793            18.371296           
4.969929            2.485580            53298726            18.371296           
4.976143            2.489918            30118593            18.371296           
4.967091            2.478611            19703850            18.371296           
4.978962            2.490204            12892968            18.371296           
4.978378            2.493168            14849568            18.371296           
5.030094            2.516975            23189589            18.371296           
4.972618            2.487827            29460771            18.371296           
4.989803            2.494652            22166637            18.371296           
4.978294            2.485931            15979146            18.371296           
4.992775            2.494839            9962544             18.371296           
4.973804            2.490952            6700347             18.371296           
4.979710            2.490898            3385827             18.371296           
4.973366            2.488144            1105974             18.371517           
4.974144            2.490406            77457               18.371517           
4.924248            2.460518            65754               18.371517           
4.972641            2.486427            90687               18.371517           
4.963089            2.482418            97452               18.371517           
4.980232            2.490379            114111              18.371517           
4.964180            2.481243            173589              18.371517           
4.975231            2.485165            194451              18.371517           
4.958576            2.482323            257586              18.371517           
4.981373            2.489525            262824              18.371517           
4.980190            2.489319            232761              18.371517           
4.962929            2.481030            199920              18.371517           
4.975327            2.488892            137223              18.371517           
4.973846            2.483734            92451               18.371517           
4.941658            2.476257            57765               18.371517           
4.977219            2.487793            39276               18.371517           
4.965946            2.484169            19257               18.371517           
4.971798            2.487038            6981                18.371517           
4.969341            2.484905            180                 18.371517           
4.964516            2.480785            18                  18.371517           
4.957333            2.478374            54                  18.371517           
4.962334            2.484867            0                   18.371517           
4.971443            2.485691            0                   18.371517           
4.961914            2.483192            0                   18.371517           
4.963085            2.484055            105                 18.371517           
4.972198            2.487217            498                 18.371517           
4.961670            2.479805            0                   18.371517           
4.970390            2.481003            0                   18.371517           
4.973263            2.485023            0                   18.371517           
4.957649            2.477833            60                  18.371517           
4.969578            2.484188            228                 18.371517           
4.958736            2.482067            0                   18.371517           
4.962704            2.480495            0                   18.371517           
4.974968            2.489632            75                  18.371517           
4.976494            2.491375            41553               18.371517           
4.962292            2.483829            61791               18.371517           
4.959637            2.484856            32469               18.371517           
4.973331            2.484779            15045               18.371517           
4.967834            2.482651            55431               18.371517           
4.972923            2.485416            86271               18.371517           
4.964203            2.483894            119070              18.371517           
4.977413            2.486839            128271              18.371517           
4.977856            2.484486            128292              18.371517           
4.975677            2.485661            139125              18.371517           
4.942036            2.471325            139656              18.371517           
4.979446            2.487789            143082              18.371517           
4.966015            2.481110            131742              18.371517           
4.981098            2.490490            123681              18.371517           
4.970917            2.485832            114066              18.371517           
4.978344            2.489120            112020              18.371517           
4.940117            2.473522            317892              18.371517           
4.962334            2.481255            372207              18.371517           
4.966621            2.481987            245085              18.371517           
4.956902            2.480659            154170              18.371517           
4.958584            2.481804            73998               18.371517           
4.975616            2.486507            13170               18.371517           
4.935165            2.469746            0                   18.371517           
4.979137            2.489742            0                   18.371517           
4.976318            2.485466            0                   18.371517           
4.973110            2.486099            0                   18.371517           
4.960922            2.483471            57                  18.371517           
4.964443            2.484455            0                   18.371517           
4.967644            2.480301            0                   18.371517           
4.964115            2.481075            0                   18.371517           
4.975712            2.490158            63                  18.371517           
4.954029            2.482372            3                   18.371517           
4.959419            2.483574            0                   18.371517           
4.958046            2.480808            0                   18.371517           
4.947693            2.476353            0                   18.371517           
4.962769            2.481453            63                  18.371517           
4.975475            2.487263            6                   18.371517           
4.968998            2.488003            45                  18.371517           
4.963631            2.483360            63                  18.371517           
4.961792            2.483624            0         