Buffer_Pool+Pread	file_size = 32GB	io_size = 4096Bits	#worker = 4	#pool_num = 16	#pool_size = 16385	#io_server_num = 16
IO_Throughput       SSD_Throughput      TLB_shootdown       Memory_usage        Eviction_count      
0.159580            0.159252            99174               0.718216            
0.159657            0.158443            140413691334231     0.879841            
0.163139            0.161022            84444               1.043758            
0.160160            0.157417            86856               1.205700            
0.164150            0.160465            100881              1.367329            
0.164955            0.160267            101820              1.530678            
0.155704            0.150902            1199856             1.572502            
0.153690            0.149147            1360866             1.572502            
0.156345            0.151436            980160              1.572502            
0.163593            0.158394            442005              1.572502            
0.165939            0.160892            230265              1.572632            
0.166821            0.161606            205833              1.572632            
0.167374            0.162067            170046              1.572632            
0.167702            0.162281            162477              1.572632            
0.166584            0.161568            121350              1.572632            
0.167381            0.162380            52053               1.572632            
0.167839            0.162544            133998              1.572632            
0.169041            0.163975            63                  1.572632            
0.168732            0.163696            14367               1.572632            
0.169220            0.163727            18171               1.572632            
0.168133            0.163143            66933               1.572632            
0.165115            0.160107            253560              1.572632            
0.166779            0.161465            205386              1.572632            
0.167248            0.162033            164016              1.572632            
0.167580            0.162182            158724              1.572632            
0.167809            0.162441            181680              1.572632            
0.167152            0.161999            187392              1.572632            
0.169029            0.163563            77376               1.572632            
0.169701            0.164265            51                  1.572632            
0.168560            0.163227            44943               1.572632            
0.167713            0.162254            64932               1.572632            
0.165501            0.160461            210015              1.572632            
0.164467            0.159512            355575              1.572632            
0.163883            0.158756            405834              1.572632            
0.165001            0.159737            339117              1.572632            
0.164707            0.159843            339876              1.572632            
0.166859            0.161705            173289              1.572632            
0.169430            0.164066            4032                1.572632            
0.169621            0.164349            195                 1.572632            
0.169601            0.164356            0                   1.572632            
0.170246            0.164661            0                   1.572632            
0.168251            0.163181            59277               1.572632            
0.168003            0.162720            73608               1.572632            
0.169117            0.163712            11517               1.572632            
0.167973            0.162804            12162               1.572632            
0.168098            0.162697            38358               1.572632            
0.168434            0.163147            12663               1.572632            
0.168854            0.163479            8682                1.572632